[ 2019-02-02T01:04:05+08:00 ] 37.49.231.59 /
INFO: [ app_init ] --START--
INFO: Run Behavior\BuildLiteBehavior [ RunTime:0.000014s ]
INFO: [ app_init ] --END-- [ RunTime:0.000263s ]
NOTIC: [8] Undefined index: HTTP_USER_AGENT /phpstudy/www/game/#DFrame/Library/Think/App.class.php 第 75 行.
INFO: [ app_begin ] --START--
INFO: Run Behavior\ReadHtmlCacheBehavior [ RunTime:0.000299s ]
INFO: [ app_begin ] --END-- [ RunTime:0.000332s ]
NOTIC: [8] Undefined index: nuid /phpstudy/www/game/Application/Home/Controller/HomeController.class.php 第 10 行.
SQL: SHOW COLUMNS FROM `dd_config` [ RunTime:0.0006s ]
SQL: SELECT * FROM `dd_config`  [ RunTime:0.0002s ]
SQL: SHOW COLUMNS FROM `dd_zhuan` [ RunTime:0.0007s ]
SQL: SELECT * FROM `dd_zhuan` WHERE ( ying>money ) AND `money` > 5 ORDER BY id desc LIMIT 5   [ RunTime:0.0004s ]
SQL: SHOW COLUMNS FROM `dd_charge_log` [ RunTime:0.0005s ]
SQL: SELECT * FROM `dd_charge_log` WHERE `user_id` = null AND `chou` = 0 LIMIT 1   [ RunTime:0.0003s ]
INFO: [ view_parse ] --START--
INFO: [ template_filter ] --START--
INFO: Run Behavior\ContentReplaceBehavior [ RunTime:0.000114s ]
INFO: [ template_filter ] --END-- [ RunTime:0.000165s ]
NOTIC: [8] Undefined variable: user /phpstudy/www/game/Application/Runtime/Cache/Home/2a94b8bda04ff446dcedd42276fc99ee.php 第 61 行.
NOTIC: [8] Undefined variable: user /phpstudy/www/game/Application/Runtime/Cache/Home/2a94b8bda04ff446dcedd42276fc99ee.php 第 62 行.
NOTIC: [8] Undefined variable: user /phpstudy/www/game/Application/Runtime/Cache/Home/2a94b8bda04ff446dcedd42276fc99ee.php 第 76 行.
INFO: Run Behavior\ParseTemplateBehavior [ RunTime:0.010510s ]
INFO: [ view_parse ] --END-- [ RunTime:0.010544s ]
INFO: [ view_filter ] --START--
INFO: Run Behavior\WriteHtmlCacheBehavior [ RunTime:0.000132s ]
INFO: [ view_filter ] --END-- [ RunTime:0.000156s ]
INFO: [ app_end ] --START--
INFO: Run Behavior\ShowPageTraceBehavior [ RunTime:0.000376s ]
INFO: [ app_end ] --END-- [ RunTime:0.000416s ]

[ 2019-02-02T01:04:07+08:00 ] 37.49.231.59 /
INFO: [ app_init ] --START--
INFO: Run Behavior\BuildLiteBehavior [ RunTime:0.000014s ]
INFO: [ app_init ] --END-- [ RunTime:0.000270s ]
NOTIC: [8] Undefined index: HTTP_USER_AGENT /phpstudy/www/game/#DFrame/Library/Think/App.class.php 第 75 行.
INFO: [ app_begin ] --START--
INFO: Run Behavior\ReadHtmlCacheBehavior [ RunTime:0.000337s ]
INFO: [ app_begin ] --END-- [ RunTime:0.000378s ]
NOTIC: [8] Undefined index: nuid /phpstudy/www/game/Application/Home/Controller/HomeController.class.php 第 10 行.
SQL: SHOW COLUMNS FROM `dd_config` [ RunTime:0.0006s ]
SQL: SELECT * FROM `dd_config`  [ RunTime:0.0002s ]
SQL: SHOW COLUMNS FROM `dd_zhuan` [ RunTime:0.0008s ]
SQL: SELECT * FROM `dd_zhuan` WHERE ( ying>money ) AND `money` > 5 ORDER BY id desc LIMIT 5   [ RunTime:0.0003s ]
SQL: SHOW COLUMNS FROM `dd_charge_log` [ RunTime:0.0006s ]
SQL: SELECT * FROM `dd_charge_log` WHERE `user_id` = null AND `chou` = 0 LIMIT 1   [ RunTime:0.0003s ]
INFO: [ view_parse ] --START--
INFO: [ template_filter ] --START--
INFO: Run Behavior\ContentReplaceBehavior [ RunTime:0.000094s ]
INFO: [ template_filter ] --END-- [ RunTime:0.000145s ]
NOTIC: [8] Undefined variable: user /phpstudy/www/game/Application/Runtime/Cache/Home/2a94b8bda04ff446dcedd42276fc99ee.php 第 61 行.
NOTIC: [8] Undefined variable: user /phpstudy/www/game/Application/Runtime/Cache/Home/2a94b8bda04ff446dcedd42276fc99ee.php 第 62 行.
NOTIC: [8] Undefined variable: user /phpstudy/www/game/Application/Runtime/Cache/Home/2a94b8bda04ff446dcedd42276fc99ee.php 第 76 行.
INFO: Run Behavior\ParseTemplateBehavior [ RunTime:0.010556s ]
INFO: [ view_parse ] --END-- [ RunTime:0.010619s ]
INFO: [ view_filter ] --START--
INFO: Run Behavior\WriteHtmlCacheBehavior [ RunTime:0.000164s ]
INFO: [ view_filter ] --END-- [ RunTime:0.000200s ]
INFO: [ app_end ] --START--
INFO: Run Behavior\ShowPageTraceBehavior [ RunTime:0.000400s ]
INFO: [ app_end ] --END-- [ RunTime:0.000458s ]

[ 2019-02-02T01:33:02+08:00 ] 109.111.142.199 /
INFO: [ app_init ] --START--
INFO: Run Behavior\BuildLiteBehavior [ RunTime:0.000015s ]
INFO: [ app_init ] --END-- [ RunTime:0.000241s ]
INFO: [ app_begin ] --START--
INFO: Run Behavior\ReadHtmlCacheBehavior [ RunTime:0.000311s ]
INFO: [ app_begin ] --END-- [ RunTime:0.000345s ]
NOTIC: [8] Undefined index: nuid /phpstudy/www/game/Application/Home/Controller/HomeController.class.php 第 10 行.
SQL: SHOW COLUMNS FROM `dd_config` [ RunTime:0.0005s ]
SQL: SELECT * FROM `dd_config`  [ RunTime:0.0002s ]
SQL: SHOW COLUMNS FROM `dd_zhuan` [ RunTime:0.0008s ]
SQL: SELECT * FROM `dd_zhuan` WHERE ( ying>money ) AND `money` > 5 ORDER BY id desc LIMIT 5   [ RunTime:0.0003s ]
SQL: SHOW COLUMNS FROM `dd_charge_log` [ RunTime:0.0005s ]
SQL: SELECT * FROM `dd_charge_log` WHERE `user_id` = null AND `chou` = 0 LIMIT 1   [ RunTime:0.0002s ]
INFO: [ view_parse ] --START--
INFO: [ template_filter ] --START--
INFO: Run Behavior\ContentReplaceBehavior [ RunTime:0.000090s ]
INFO: [ template_filter ] --END-- [ RunTime:0.000135s ]
NOTIC: [8] Undefined variable: user /phpstudy/www/game/Application/Runtime/Cache/Home/2a94b8bda04ff446dcedd42276fc99ee.php 第 61 行.
NOTIC: [8] Undefined variable: user /phpstudy/www/game/Application/Runtime/Cache/Home/2a94b8bda04ff446dcedd42276fc99ee.php 第 62 行.
NOTIC: [8] Undefined variable: user /phpstudy/www/game/Application/Runtime/Cache/Home/2a94b8bda04ff446dcedd42276fc99ee.php 第 76 行.
INFO: Run Behavior\ParseTemplateBehavior [ RunTime:0.009288s ]
INFO: [ view_parse ] --END-- [ RunTime:0.009324s ]
INFO: [ view_filter ] --START--
INFO: Run Behavior\WriteHtmlCacheBehavior [ RunTime:0.000132s ]
INFO: [ view_filter ] --END-- [ RunTime:0.000170s ]
INFO: [ app_end ] --START--
INFO: Run Behavior\ShowPageTraceBehavior [ RunTime:0.000382s ]
INFO: [ app_end ] --END-- [ RunTime:0.000419s ]

[ 2019-02-02T01:34:31+08:00 ] 78.183.135.179 /
INFO: [ app_init ] --START--
INFO: Run Behavior\BuildLiteBehavior [ RunTime:0.000013s ]
INFO: [ app_init ] --END-- [ RunTime:0.000267s ]
INFO: [ app_begin ] --START--
INFO: Run Behavior\ReadHtmlCacheBehavior [ RunTime:0.000320s ]
INFO: [ app_begin ] --END-- [ RunTime:0.000356s ]
NOTIC: [8] Undefined index: nuid /phpstudy/www/game/Application/Home/Controller/HomeController.class.php 第 10 行.
SQL: SHOW COLUMNS FROM `dd_config` [ RunTime:0.0007s ]
SQL: SELECT * FROM `dd_config`  [ RunTime:0.0002s ]
SQL: SHOW COLUMNS FROM `dd_zhuan` [ RunTime:0.0006s ]
SQL: SELECT * FROM `dd_zhuan` WHERE ( ying>money ) AND `money` > 5 ORDER BY id desc LIMIT 5   [ RunTime:0.0003s ]
SQL: SHOW COLUMNS FROM `dd_charge_log` [ RunTime:0.0004s ]
SQL: SELECT * FROM `dd_charge_log` WHERE `user_id` = null AND `chou` = 0 LIMIT 1   [ RunTime:0.0002s ]
INFO: [ view_parse ] --START--
INFO: [ template_filter ] --START--
INFO: Run Behavior\ContentReplaceBehavior [ RunTime:0.000090s ]
INFO: [ template_filter ] --END-- [ RunTime:0.000138s ]
NOTIC: [8] Undefined variable: user /phpstudy/www/game/Application/Runtime/Cache/Home/2a94b8bda04ff446dcedd42276fc99ee.php 第 61 行.
NOTIC: [8] Undefined variable: user /phpstudy/www/game/Application/Runtime/Cache/Home/2a94b8bda04ff446dcedd42276fc99ee.php 第 62 行.
NOTIC: [8] Undefined variable: user /phpstudy/www/game/Application/Runtime/Cache/Home/2a94b8bda04ff446dcedd42276fc99ee.php 第 76 行.
INFO: Run Behavior\ParseTemplateBehavior [ RunTime:0.010175s ]
INFO: [ view_parse ] --END-- [ RunTime:0.010214s ]
INFO: [ view_filter ] --START--
INFO: Run Behavior\WriteHtmlCacheBehavior [ RunTime:0.000118s ]
INFO: [ view_filter ] --END-- [ RunTime:0.000142s ]
INFO: [ app_end ] --START--
INFO: Run Behavior\ShowPageTraceBehavior [ RunTime:0.000358s ]
INFO: [ app_end ] --END-- [ RunTime:0.000391s ]

[ 2019-02-02T01:43:20+08:00 ] 139.162.119.197 /
INFO: [ app_init ] --START--
INFO: Run Behavior\BuildLiteBehavior [ RunTime:0.000014s ]
INFO: [ app_init ] --END-- [ RunTime:0.000237s ]
INFO: [ app_begin ] --START--
INFO: Run Behavior\ReadHtmlCacheBehavior [ RunTime:0.000296s ]
INFO: [ app_begin ] --END-- [ RunTime:0.000328s ]
NOTIC: [8] Undefined index: nuid /phpstudy/www/game/Application/Home/Controller/HomeController.class.php 第 10 行.
SQL: SHOW COLUMNS FROM `dd_config` [ RunTime:0.0006s ]
SQL: SELECT * FROM `dd_config`  [ RunTime:0.0002s ]
SQL: SHOW COLUMNS FROM `dd_zhuan` [ RunTime:0.0007s ]
SQL: SELECT * FROM `dd_zhuan` WHERE ( ying>money ) AND `money` > 5 ORDER BY id desc LIMIT 5   [ RunTime:0.0003s ]
SQL: SHOW COLUMNS FROM `dd_charge_log` [ RunTime:0.0005s ]
SQL: SELECT * FROM `dd_charge_log` WHERE `user_id` = null AND `chou` = 0 LIMIT 1   [ RunTime:0.0002s ]
INFO: [ view_parse ] --START--
INFO: [ template_filter ] --START--
INFO: Run Behavior\ContentReplaceBehavior [ RunTime:0.000088s ]
INFO: [ template_filter ] --END-- [ RunTime:0.000125s ]
NOTIC: [8] Undefined variable: user /phpstudy/www/game/Application/Runtime/Cache/Home/2a94b8bda04ff446dcedd42276fc99ee.php 第 61 行.
NOTIC: [8] Undefined variable: user /phpstudy/www/game/Application/Runtime/Cache/Home/2a94b8bda04ff446dcedd42276fc99ee.php 第 62 行.
NOTIC: [8] Undefined variable: user /phpstudy/www/game/Application/Runtime/Cache/Home/2a94b8bda04ff446dcedd42276fc99ee.php 第 76 行.
INFO: Run Behavior\ParseTemplateBehavior [ RunTime:0.009201s ]
INFO: [ view_parse ] --END-- [ RunTime:0.009233s ]
INFO: [ view_filter ] --START--
INFO: Run Behavior\WriteHtmlCacheBehavior [ RunTime:0.000110s ]
INFO: [ view_filter ] --END-- [ RunTime:0.000147s ]
INFO: [ app_end ] --START--
INFO: Run Behavior\ShowPageTraceBehavior [ RunTime:0.000338s ]
INFO: [ app_end ] --END-- [ RunTime:0.000374s ]

[ 2019-02-02T03:19:03+08:00 ] 115.186.155.169 /
INFO: [ app_init ] --START--
INFO: Run Behavior\BuildLiteBehavior [ RunTime:0.000020s ]
INFO: [ app_init ] --END-- [ RunTime:0.000301s ]
INFO: [ app_begin ] --START--
INFO: Run Behavior\ReadHtmlCacheBehavior [ RunTime:0.000329s ]
INFO: [ app_begin ] --END-- [ RunTime:0.000368s ]
NOTIC: [8] Undefined index: nuid /phpstudy/www/game/Application/Home/Controller/HomeController.class.php 第 10 行.
SQL: SHOW COLUMNS FROM `dd_config` [ RunTime:0.0005s ]
SQL: SELECT * FROM `dd_config`  [ RunTime:0.0002s ]
SQL: SHOW COLUMNS FROM `dd_zhuan` [ RunTime:0.0007s ]
SQL: SELECT * FROM `dd_zhuan` WHERE ( ying>money ) AND `money` > 5 ORDER BY id desc LIMIT 5   [ RunTime:0.0003s ]
SQL: SHOW COLUMNS FROM `dd_charge_log` [ RunTime:0.0005s ]
SQL: SELECT * FROM `dd_charge_log` WHERE `user_id` = null AND `chou` = 0 LIMIT 1   [ RunTime:0.0002s ]
INFO: [ view_parse ] --START--
INFO: [ template_filter ] --START--
INFO: Run Behavior\ContentReplaceBehavior [ RunTime:0.000091s ]
INFO: [ template_filter ] --END-- [ RunTime:0.000135s ]
NOTIC: [8] Undefined variable: user /phpstudy/www/game/Application/Runtime/Cache/Home/2a94b8bda04ff446dcedd42276fc99ee.php 第 61 行.
NOTIC: [8] Undefined variable: user /phpstudy/www/game/Application/Runtime/Cache/Home/2a94b8bda04ff446dcedd42276fc99ee.php 第 62 行.
NOTIC: [8] Undefined variable: user /phpstudy/www/game/Application/Runtime/Cache/Home/2a94b8bda04ff446dcedd42276fc99ee.php 第 76 行.
INFO: Run Behavior\ParseTemplateBehavior [ RunTime:0.010377s ]
INFO: [ view_parse ] --END-- [ RunTime:0.010416s ]
INFO: [ view_filter ] --START--
INFO: Run Behavior\WriteHtmlCacheBehavior [ RunTime:0.000119s ]
INFO: [ view_filter ] --END-- [ RunTime:0.000142s ]
INFO: [ app_end ] --START--
INFO: Run Behavior\ShowPageTraceBehavior [ RunTime:0.000369s ]
INFO: [ app_end ] --END-- [ RunTime:0.000408s ]

[ 2019-02-02T03:48:12+08:00 ] 189.18.154.62 /
INFO: [ app_init ] --START--
INFO: Run Behavior\BuildLiteBehavior [ RunTime:0.000013s ]
INFO: [ app_init ] --END-- [ RunTime:0.000229s ]
INFO: [ app_begin ] --START--
INFO: Run Behavior\ReadHtmlCacheBehavior [ RunTime:0.000345s ]
INFO: [ app_begin ] --END-- [ RunTime:0.000380s ]
NOTIC: [8] Undefined index: nuid /phpstudy/www/game/Application/Home/Controller/HomeController.class.php 第 10 行.
SQL: SHOW COLUMNS FROM `dd_config` [ RunTime:0.0005s ]
SQL: SELECT * FROM `dd_config`  [ RunTime:0.0002s ]
SQL: SHOW COLUMNS FROM `dd_zhuan` [ RunTime:0.0007s ]
SQL: SELECT * FROM `dd_zhuan` WHERE ( ying>money ) AND `money` > 5 ORDER BY id desc LIMIT 5   [ RunTime:0.0003s ]
SQL: SHOW COLUMNS FROM `dd_charge_log` [ RunTime:0.0005s ]
SQL: SELECT * FROM `dd_charge_log` WHERE `user_id` = null AND `chou` = 0 LIMIT 1   [ RunTime:0.0002s ]
INFO: [ view_parse ] --START--
INFO: [ template_filter ] --START--
INFO: Run Behavior\ContentReplaceBehavior [ RunTime:0.000088s ]
INFO: [ template_filter ] --END-- [ RunTime:0.000131s ]
NOTIC: [8] Undefined variable: user /phpstudy/www/game/Application/Runtime/Cache/Home/2a94b8bda04ff446dcedd42276fc99ee.php 第 61 行.
NOTIC: [8] Undefined variable: user /phpstudy/www/game/Application/Runtime/Cache/Home/2a94b8bda04ff446dcedd42276fc99ee.php 第 62 行.
NOTIC: [8] Undefined variable: user /phpstudy/www/game/Application/Runtime/Cache/Home/2a94b8bda04ff446dcedd42276fc99ee.php 第 76 行.
INFO: Run Behavior\ParseTemplateBehavior [ RunTime:0.009516s ]
INFO: [ view_parse ] --END-- [ RunTime:0.009548s ]
INFO: [ view_filter ] --START--
INFO: Run Behavior\WriteHtmlCacheBehavior [ RunTime:0.000112s ]
INFO: [ view_filter ] --END-- [ RunTime:0.000135s ]
INFO: [ app_end ] --START--
INFO: Run Behavior\ShowPageTraceBehavior [ RunTime:0.000367s ]
INFO: [ app_end ] --END-- [ RunTime:0.000399s ]

[ 2019-02-02T03:50:57+08:00 ] 47.96.254.10 /
INFO: [ app_init ] --START--
INFO: Run Behavior\BuildLiteBehavior [ RunTime:0.000012s ]
INFO: [ app_init ] --END-- [ RunTime:0.000257s ]
NOTIC: [8] Undefined index: HTTP_USER_AGENT /phpstudy/www/game/#DFrame/Library/Think/App.class.php 第 75 行.
INFO: [ app_begin ] --START--
INFO: Run Behavior\ReadHtmlCacheBehavior [ RunTime:0.000388s ]
INFO: [ app_begin ] --END-- [ RunTime:0.000424s ]
NOTIC: [8] Undefined index: nuid /phpstudy/www/game/Application/Home/Controller/HomeController.class.php 第 10 行.
SQL: SHOW COLUMNS FROM `dd_config` [ RunTime:0.0005s ]
SQL: SELECT * FROM `dd_config`  [ RunTime:0.0002s ]
NOTIC: [8] Undefined index: HTTP_HOST /phpstudy/www/game/Application/Common/Util/ddwechat.class.php 第 1297 行.
SQL: SHOW COLUMNS FROM `dd_zhuan` [ RunTime:0.0006s ]
SQL: SELECT * FROM `dd_zhuan` WHERE ( ying>money ) AND `money` > 5 ORDER BY id desc LIMIT 5   [ RunTime:0.0003s ]
SQL: SHOW COLUMNS FROM `dd_charge_log` [ RunTime:0.0005s ]
SQL: SELECT * FROM `dd_charge_log` WHERE `user_id` = null AND `chou` = 0 LIMIT 1   [ RunTime:0.0002s ]
INFO: [ view_parse ] --START--
INFO: [ template_filter ] --START--
INFO: Run Behavior\ContentReplaceBehavior [ RunTime:0.000087s ]
INFO: [ template_filter ] --END-- [ RunTime:0.000126s ]
NOTIC: [8] Undefined variable: user /phpstudy/www/game/Application/Runtime/Cache/Home/2a94b8bda04ff446dcedd42276fc99ee.php 第 61 行.
NOTIC: [8] Undefined variable: user /phpstudy/www/game/Application/Runtime/Cache/Home/2a94b8bda04ff446dcedd42276fc99ee.php 第 62 行.
NOTIC: [8] Undefined variable: user /phpstudy/www/game/Application/Runtime/Cache/Home/2a94b8bda04ff446dcedd42276fc99ee.php 第 76 行.
INFO: Run Behavior\ParseTemplateBehavior [ RunTime:0.009936s ]
INFO: [ view_parse ] --END-- [ RunTime:0.009969s ]
INFO: [ view_filter ] --START--
INFO: Run Behavior\WriteHtmlCacheBehavior [ RunTime:0.000111s ]
INFO: [ view_filter ] --END-- [ RunTime:0.000141s ]
INFO: [ app_end ] --START--
INFO: Run Behavior\ShowPageTraceBehavior [ RunTime:0.000390s ]
INFO: [ app_end ] --END-- [ RunTime:0.000424s ]

[ 2019-02-02T05:58:11+08:00 ] 47.52.210.94 /
INFO: [ app_init ] --START--
INFO: Run Behavior\BuildLiteBehavior [ RunTime:0.000013s ]
INFO: [ app_init ] --END-- [ RunTime:0.000230s ]
NOTIC: [8] Undefined index: HTTP_USER_AGENT /phpstudy/www/game/#DFrame/Library/Think/App.class.php 第 75 行.
INFO: [ app_begin ] --START--
INFO: Run Behavior\ReadHtmlCacheBehavior [ RunTime:0.000297s ]
INFO: [ app_begin ] --END-- [ RunTime:0.000336s ]
NOTIC: [8] Undefined index: nuid /phpstudy/www/game/Application/Home/Controller/HomeController.class.php 第 10 行.
SQL: SHOW COLUMNS FROM `dd_config` [ RunTime:0.0006s ]
SQL: SELECT * FROM `dd_config`  [ RunTime:0.0002s ]
NOTIC: [8] Undefined index: HTTP_HOST /phpstudy/www/game/Application/Common/Util/ddwechat.class.php 第 1297 行.
SQL: SHOW COLUMNS FROM `dd_zhuan` [ RunTime:0.0006s ]
SQL: SELECT * FROM `dd_zhuan` WHERE ( ying>money ) AND `money` > 5 ORDER BY id desc LIMIT 5   [ RunTime:0.0003s ]
SQL: SHOW COLUMNS FROM `dd_charge_log` [ RunTime:0.0005s ]
SQL: SELECT * FROM `dd_charge_log` WHERE `user_id` = null AND `chou` = 0 LIMIT 1   [ RunTime:0.0002s ]
INFO: [ view_parse ] --START--
INFO: [ template_filter ] --START--
INFO: Run Behavior\ContentReplaceBehavior [ RunTime:0.000098s ]
INFO: [ template_filter ] --END-- [ RunTime:0.000147s ]
NOTIC: [8] Undefined variable: user /phpstudy/www/game/Application/Runtime/Cache/Home/2a94b8bda04ff446dcedd42276fc99ee.php 第 61 行.
NOTIC: [8] Undefined variable: user /phpstudy/www/game/Application/Runtime/Cache/Home/2a94b8bda04ff446dcedd42276fc99ee.php 第 62 行.
NOTIC: [8] Undefined variable: user /phpstudy/www/game/Application/Runtime/Cache/Home/2a94b8bda04ff446dcedd42276fc99ee.php 第 76 行.
INFO: Run Behavior\ParseTemplateBehavior [ RunTime:0.009466s ]
INFO: [ view_parse ] --END-- [ RunTime:0.009499s ]
INFO: [ view_filter ] --START--
INFO: Run Behavior\WriteHtmlCacheBehavior [ RunTime:0.000153s ]
INFO: [ view_filter ] --END-- [ RunTime:0.000183s ]
INFO: [ app_end ] --START--
INFO: Run Behavior\ShowPageTraceBehavior [ RunTime:0.000357s ]
INFO: [ app_end ] --END-- [ RunTime:0.000397s ]

[ 2019-02-02T06:00:05+08:00 ] 179.228.104.205 /
INFO: [ app_init ] --START--
INFO: Run Behavior\BuildLiteBehavior [ RunTime:0.000012s ]
INFO: [ app_init ] --END-- [ RunTime:0.000262s ]
INFO: [ app_begin ] --START--
INFO: Run Behavior\ReadHtmlCacheBehavior [ RunTime:0.000333s ]
INFO: [ app_begin ] --END-- [ RunTime:0.000369s ]
NOTIC: [8] Undefined index: nuid /phpstudy/www/game/Application/Home/Controller/HomeController.class.php 第 10 行.
SQL: SHOW COLUMNS FROM `dd_config` [ RunTime:0.0005s ]
SQL: SELECT * FROM `dd_config`  [ RunTime:0.0002s ]
SQL: SHOW COLUMNS FROM `dd_zhuan` [ RunTime:0.0007s ]
SQL: SELECT * FROM `dd_zhuan` WHERE ( ying>money ) AND `money` > 5 ORDER BY id desc LIMIT 5   [ RunTime:0.0003s ]
SQL: SHOW COLUMNS FROM `dd_charge_log` [ RunTime:0.0005s ]
SQL: SELECT * FROM `dd_charge_log` WHERE `user_id` = null AND `chou` = 0 LIMIT 1   [ RunTime:0.0002s ]
INFO: [ view_parse ] --START--
INFO: [ template_filter ] --START--
INFO: Run Behavior\ContentReplaceBehavior [ RunTime:0.000088s ]
INFO: [ template_filter ] --END-- [ RunTime:0.000129s ]
NOTIC: [8] Undefined variable: user /phpstudy/www/game/Application/Runtime/Cache/Home/2a94b8bda04ff446dcedd42276fc99ee.php 第 61 行.
NOTIC: [8] Undefined variable: user /phpstudy/www/game/Application/Runtime/Cache/Home/2a94b8bda04ff446dcedd42276fc99ee.php 第 62 行.
NOTIC: [8] Undefined variable: user /phpstudy/www/game/Application/Runtime/Cache/Home/2a94b8bda04ff446dcedd42276fc99ee.php 第 76 行.
INFO: Run Behavior\ParseTemplateBehavior [ RunTime:0.009761s ]
INFO: [ view_parse ] --END-- [ RunTime:0.009797s ]
INFO: [ view_filter ] --START--
INFO: Run Behavior\WriteHtmlCacheBehavior [ RunTime:0.000111s ]
INFO: [ view_filter ] --END-- [ RunTime:0.000135s ]
INFO: [ app_end ] --START--
INFO: Run Behavior\ShowPageTraceBehavior [ RunTime:0.000358s ]
INFO: [ app_end ] --END-- [ RunTime:0.000391s ]

[ 2019-02-02T06:49:18+08:00 ] 125.64.94.201 /
INFO: [ app_init ] --START--
INFO: Run Behavior\BuildLiteBehavior [ RunTime:0.000013s ]
INFO: [ app_init ] --END-- [ RunTime:0.000240s ]
NOTIC: [8] Undefined index: HTTP_USER_AGENT /phpstudy/www/game/#DFrame/Library/Think/App.class.php 第 75 行.
INFO: [ app_begin ] --START--
INFO: Run Behavior\ReadHtmlCacheBehavior [ RunTime:0.000298s ]
INFO: [ app_begin ] --END-- [ RunTime:0.000328s ]
NOTIC: [8] Undefined index: nuid /phpstudy/www/game/Application/Home/Controller/HomeController.class.php 第 10 行.
SQL: SHOW COLUMNS FROM `dd_config` [ RunTime:0.0006s ]
SQL: SELECT * FROM `dd_config`  [ RunTime:0.0002s ]
NOTIC: [8] Undefined index: HTTP_HOST /phpstudy/www/game/Application/Common/Util/ddwechat.class.php 第 1297 行.
SQL: SHOW COLUMNS FROM `dd_zhuan` [ RunTime:0.0007s ]
SQL: SELECT * FROM `dd_zhuan` WHERE ( ying>money ) AND `money` > 5 ORDER BY id desc LIMIT 5   [ RunTime:0.0003s ]
SQL: SHOW COLUMNS FROM `dd_charge_log` [ RunTime:0.0005s ]
SQL: SELECT * FROM `dd_charge_log` WHERE `user_id` = null AND `chou` = 0 LIMIT 1   [ RunTime:0.0002s ]
INFO: [ view_parse ] --START--
INFO: [ template_filter ] --START--
INFO: Run Behavior\ContentReplaceBehavior [ RunTime:0.000089s ]
INFO: [ template_filter ] --END-- [ RunTime:0.000135s ]
NOTIC: [8] Undefined variable: user /phpstudy/www/game/Application/Runtime/Cache/Home/2a94b8bda04ff446dcedd42276fc99ee.php 第 61 行.
NOTIC: [8] Undefined variable: user /phpstudy/www/game/Application/Runtime/Cache/Home/2a94b8bda04ff446dcedd42276fc99ee.php 第 62 行.
NOTIC: [8] Undefined variable: user /phpstudy/www/game/Application/Runtime/Cache/Home/2a94b8bda04ff446dcedd42276fc99ee.php 第 76 行.
INFO: Run Behavior\ParseTemplateBehavior [ RunTime:0.009125s ]
INFO: [ view_parse ] --END-- [ RunTime:0.009158s ]
INFO: [ view_filter ] --START--
INFO: Run Behavior\WriteHtmlCacheBehavior [ RunTime:0.000116s ]
INFO: [ view_filter ] --END-- [ RunTime:0.000140s ]
INFO: [ app_end ] --START--
INFO: Run Behavior\ShowPageTraceBehavior [ RunTime:0.000353s ]
INFO: [ app_end ] --END-- [ RunTime:0.000386s ]

[ 2019-02-02T07:10:21+08:00 ] 170.244.188.7 /
INFO: [ app_init ] --START--
INFO: Run Behavior\BuildLiteBehavior [ RunTime:0.000013s ]
INFO: [ app_init ] --END-- [ RunTime:0.000297s ]
INFO: [ app_begin ] --START--
INFO: Run Behavior\ReadHtmlCacheBehavior [ RunTime:0.000417s ]
INFO: [ app_begin ] --END-- [ RunTime:0.000462s ]
NOTIC: [8] Undefined index: nuid /phpstudy/www/game/Application/Home/Controller/HomeController.class.php 第 10 行.
SQL: SHOW COLUMNS FROM `dd_config` [ RunTime:0.0005s ]
SQL: SELECT * FROM `dd_config`  [ RunTime:0.0002s ]
SQL: SHOW COLUMNS FROM `dd_zhuan` [ RunTime:0.0007s ]
SQL: SELECT * FROM `dd_zhuan` WHERE ( ying>money ) AND `money` > 5 ORDER BY id desc LIMIT 5   [ RunTime:0.0003s ]
SQL: SHOW COLUMNS FROM `dd_charge_log` [ RunTime:0.0005s ]
SQL: SELECT * FROM `dd_charge_log` WHERE `user_id` = null AND `chou` = 0 LIMIT 1   [ RunTime:0.0002s ]
INFO: [ view_parse ] --START--
INFO: [ template_filter ] --START--
INFO: Run Behavior\ContentReplaceBehavior [ RunTime:0.000116s ]
INFO: [ template_filter ] --END-- [ RunTime:0.000169s ]
NOTIC: [8] Undefined variable: user /phpstudy/www/game/Application/Runtime/Cache/Home/2a94b8bda04ff446dcedd42276fc99ee.php 第 61 行.
NOTIC: [8] Undefined variable: user /phpstudy/www/game/Application/Runtime/Cache/Home/2a94b8bda04ff446dcedd42276fc99ee.php 第 62 行.
NOTIC: [8] Undefined variable: user /phpstudy/www/game/Application/Runtime/Cache/Home/2a94b8bda04ff446dcedd42276fc99ee.php 第 76 行.
INFO: Run Behavior\ParseTemplateBehavior [ RunTime:0.010750s ]
INFO: [ view_parse ] --END-- [ RunTime:0.010786s ]
INFO: [ view_filter ] --START--
INFO: Run Behavior\WriteHtmlCacheBehavior [ RunTime:0.000118s ]
INFO: [ view_filter ] --END-- [ RunTime:0.000142s ]
INFO: [ app_end ] --START--
INFO: Run Behavior\ShowPageTraceBehavior [ RunTime:0.000391s ]
INFO: [ app_end ] --END-- [ RunTime:0.000428s ]

[ 2019-02-02T08:30:38+08:00 ] 202.74.241.252 /
INFO: [ app_init ] --START--
INFO: Run Behavior\BuildLiteBehavior [ RunTime:0.000015s ]
INFO: [ app_init ] --END-- [ RunTime:0.000259s ]
INFO: [ app_begin ] --START--
INFO: Run Behavior\ReadHtmlCacheBehavior [ RunTime:0.000330s ]
INFO: [ app_begin ] --END-- [ RunTime:0.000373s ]
NOTIC: [8] Undefined index: nuid /phpstudy/www/game/Application/Home/Controller/HomeController.class.php 第 10 行.
SQL: SHOW COLUMNS FROM `dd_config` [ RunTime:0.0008s ]
SQL: SELECT * FROM `dd_config`  [ RunTime:0.0003s ]
SQL: SHOW COLUMNS FROM `dd_zhuan` [ RunTime:0.0007s ]
SQL: SELECT * FROM `dd_zhuan` WHERE ( ying>money ) AND `money` > 5 ORDER BY id desc LIMIT 5   [ RunTime:0.0003s ]
SQL: SHOW COLUMNS FROM `dd_charge_log` [ RunTime:0.0005s ]
SQL: SELECT * FROM `dd_charge_log` WHERE `user_id` = null AND `chou` = 0 LIMIT 1   [ RunTime:0.0002s ]
INFO: [ view_parse ] --START--
INFO: [ template_filter ] --START--
INFO: Run Behavior\ContentReplaceBehavior [ RunTime:0.000094s ]
INFO: [ template_filter ] --END-- [ RunTime:0.000148s ]
NOTIC: [8] Undefined variable: user /phpstudy/www/game/Application/Runtime/Cache/Home/2a94b8bda04ff446dcedd42276fc99ee.php 第 61 行.
NOTIC: [8] Undefined variable: user /phpstudy/www/game/Application/Runtime/Cache/Home/2a94b8bda04ff446dcedd42276fc99ee.php 第 62 行.
NOTIC: [8] Undefined variable: user /phpstudy/www/game/Application/Runtime/Cache/Home/2a94b8bda04ff446dcedd42276fc99ee.php 第 76 行.
INFO: Run Behavior\ParseTemplateBehavior [ RunTime:0.009715s ]
INFO: [ view_parse ] --END-- [ RunTime:0.009749s ]
INFO: [ view_filter ] --START--
INFO: Run Behavior\WriteHtmlCacheBehavior [ RunTime:0.000123s ]
INFO: [ view_filter ] --END-- [ RunTime:0.000146s ]
INFO: [ app_end ] --START--
INFO: Run Behavior\ShowPageTraceBehavior [ RunTime:0.000371s ]
INFO: [ app_end ] --END-- [ RunTime:0.000403s ]

[ 2019-02-02T10:07:31+08:00 ] 191.97.43.137 /
INFO: [ app_init ] --START--
INFO: Run Behavior\BuildLiteBehavior [ RunTime:0.000013s ]
INFO: [ app_init ] --END-- [ RunTime:0.000272s ]
INFO: [ app_begin ] --START--
INFO: Run Behavior\ReadHtmlCacheBehavior [ RunTime:0.000486s ]
INFO: [ app_begin ] --END-- [ RunTime:0.000547s ]
NOTIC: [8] Undefined index: nuid /phpstudy/www/game/Application/Home/Controller/HomeController.class.php 第 10 行.
SQL: SHOW COLUMNS FROM `dd_config` [ RunTime:0.0008s ]
SQL: SELECT * FROM `dd_config`  [ RunTime:0.0002s ]
SQL: SHOW COLUMNS FROM `dd_zhuan` [ RunTime:0.0007s ]
SQL: SELECT * FROM `dd_zhuan` WHERE ( ying>money ) AND `money` > 5 ORDER BY id desc LIMIT 5   [ RunTime:0.0003s ]
SQL: SHOW COLUMNS FROM `dd_charge_log` [ RunTime:0.0005s ]
SQL: SELECT * FROM `dd_charge_log` WHERE `user_id` = null AND `chou` = 0 LIMIT 1   [ RunTime:0.0002s ]
INFO: [ view_parse ] --START--
INFO: [ template_filter ] --START--
INFO: Run Behavior\ContentReplaceBehavior [ RunTime:0.000091s ]
INFO: [ template_filter ] --END-- [ RunTime:0.000146s ]
NOTIC: [8] Undefined variable: user /phpstudy/www/game/Application/Runtime/Cache/Home/2a94b8bda04ff446dcedd42276fc99ee.php 第 61 行.
NOTIC: [8] Undefined variable: user /phpstudy/www/game/Application/Runtime/Cache/Home/2a94b8bda04ff446dcedd42276fc99ee.php 第 62 行.
NOTIC: [8] Undefined variable: user /phpstudy/www/game/Application/Runtime/Cache/Home/2a94b8bda04ff446dcedd42276fc99ee.php 第 76 行.
INFO: Run Behavior\ParseTemplateBehavior [ RunTime:0.011041s ]
INFO: [ view_parse ] --END-- [ RunTime:0.011097s ]
INFO: [ view_filter ] --START--
INFO: Run Behavior\WriteHtmlCacheBehavior [ RunTime:0.000128s ]
INFO: [ view_filter ] --END-- [ RunTime:0.000154s ]
INFO: [ app_end ] --START--
INFO: Run Behavior\ShowPageTraceBehavior [ RunTime:0.000398s ]
INFO: [ app_end ] --END-- [ RunTime:0.000435s ]

