[ 2019-01-27T00:26:35+08:00 ] 106.15.76.92 /
INFO: [ app_init ] --START--
INFO: Run Behavior\BuildLiteBehavior [ RunTime:0.000018s ]
INFO: [ app_init ] --END-- [ RunTime:0.000318s ]
NOTIC: [8] Undefined index: HTTP_USER_AGENT /phpstudy/www/game/#DFrame/Library/Think/App.class.php 第 75 行.
INFO: [ app_begin ] --START--
INFO: Run Behavior\ReadHtmlCacheBehavior [ RunTime:0.000398s ]
INFO: [ app_begin ] --END-- [ RunTime:0.000442s ]
NOTIC: [8] Undefined index: nuid /phpstudy/www/game/Application/Home/Controller/HomeController.class.php 第 10 行.
SQL: SHOW COLUMNS FROM `dd_config` [ RunTime:0.0006s ]
SQL: SELECT * FROM `dd_config`  [ RunTime:0.0002s ]
NOTIC: [8] Undefined index: HTTP_HOST /phpstudy/www/game/Application/Common/Util/ddwechat.class.php 第 1297 行.
SQL: SHOW COLUMNS FROM `dd_zhuan` [ RunTime:0.0007s ]
SQL: SELECT * FROM `dd_zhuan` WHERE ( ying>money ) AND `money` > 5 ORDER BY id desc LIMIT 5   [ RunTime:0.0003s ]
SQL: SHOW COLUMNS FROM `dd_charge_log` [ RunTime:0.0005s ]
SQL: SELECT * FROM `dd_charge_log` WHERE `user_id` = null AND `chou` = 0 LIMIT 1   [ RunTime:0.0002s ]
INFO: [ view_parse ] --START--
INFO: [ template_filter ] --START--
INFO: Run Behavior\ContentReplaceBehavior [ RunTime:0.000107s ]
INFO: [ template_filter ] --END-- [ RunTime:0.000157s ]
NOTIC: [8] Undefined variable: user /phpstudy/www/game/Application/Runtime/Cache/Home/2a94b8bda04ff446dcedd42276fc99ee.php 第 61 行.
NOTIC: [8] Undefined variable: user /phpstudy/www/game/Application/Runtime/Cache/Home/2a94b8bda04ff446dcedd42276fc99ee.php 第 62 行.
NOTIC: [8] Undefined variable: user /phpstudy/www/game/Application/Runtime/Cache/Home/2a94b8bda04ff446dcedd42276fc99ee.php 第 76 行.
INFO: Run Behavior\ParseTemplateBehavior [ RunTime:0.010666s ]
INFO: [ view_parse ] --END-- [ RunTime:0.010702s ]
INFO: [ view_filter ] --START--
INFO: Run Behavior\WriteHtmlCacheBehavior [ RunTime:0.000122s ]
INFO: [ view_filter ] --END-- [ RunTime:0.000146s ]
INFO: [ app_end ] --START--
INFO: Run Behavior\ShowPageTraceBehavior [ RunTime:0.000367s ]
INFO: [ app_end ] --END-- [ RunTime:0.000406s ]

[ 2019-01-27T01:33:07+08:00 ] 187.74.95.191 /
INFO: [ app_init ] --START--
INFO: Run Behavior\BuildLiteBehavior [ RunTime:0.000015s ]
INFO: [ app_init ] --END-- [ RunTime:0.000257s ]
INFO: [ app_begin ] --START--
INFO: Run Behavior\ReadHtmlCacheBehavior [ RunTime:0.000337s ]
INFO: [ app_begin ] --END-- [ RunTime:0.000374s ]
NOTIC: [8] Undefined index: nuid /phpstudy/www/game/Application/Home/Controller/HomeController.class.php 第 10 行.
SQL: SHOW COLUMNS FROM `dd_config` [ RunTime:0.0006s ]
SQL: SELECT * FROM `dd_config`  [ RunTime:0.0002s ]
SQL: SHOW COLUMNS FROM `dd_zhuan` [ RunTime:0.0007s ]
SQL: SELECT * FROM `dd_zhuan` WHERE ( ying>money ) AND `money` > 5 ORDER BY id desc LIMIT 5   [ RunTime:0.0003s ]
SQL: SHOW COLUMNS FROM `dd_charge_log` [ RunTime:0.0005s ]
SQL: SELECT * FROM `dd_charge_log` WHERE `user_id` = null AND `chou` = 0 LIMIT 1   [ RunTime:0.0002s ]
INFO: [ view_parse ] --START--
INFO: [ template_filter ] --START--
INFO: Run Behavior\ContentReplaceBehavior [ RunTime:0.000115s ]
INFO: [ template_filter ] --END-- [ RunTime:0.000177s ]
NOTIC: [8] Undefined variable: user /phpstudy/www/game/Application/Runtime/Cache/Home/2a94b8bda04ff446dcedd42276fc99ee.php 第 61 行.
NOTIC: [8] Undefined variable: user /phpstudy/www/game/Application/Runtime/Cache/Home/2a94b8bda04ff446dcedd42276fc99ee.php 第 62 行.
NOTIC: [8] Undefined variable: user /phpstudy/www/game/Application/Runtime/Cache/Home/2a94b8bda04ff446dcedd42276fc99ee.php 第 76 行.
INFO: Run Behavior\ParseTemplateBehavior [ RunTime:0.009701s ]
INFO: [ view_parse ] --END-- [ RunTime:0.009739s ]
INFO: [ view_filter ] --START--
INFO: Run Behavior\WriteHtmlCacheBehavior [ RunTime:0.000129s ]
INFO: [ view_filter ] --END-- [ RunTime:0.000154s ]
INFO: [ app_end ] --START--
INFO: Run Behavior\ShowPageTraceBehavior [ RunTime:0.000397s ]
INFO: [ app_end ] --END-- [ RunTime:0.000433s ]

[ 2019-01-27T02:18:53+08:00 ] 47.52.210.105 /
INFO: [ app_init ] --START--
INFO: Run Behavior\BuildLiteBehavior [ RunTime:0.000012s ]
INFO: [ app_init ] --END-- [ RunTime:0.000260s ]
NOTIC: [8] Undefined index: HTTP_USER_AGENT /phpstudy/www/game/#DFrame/Library/Think/App.class.php 第 75 行.
INFO: [ app_begin ] --START--
INFO: Run Behavior\ReadHtmlCacheBehavior [ RunTime:0.000333s ]
INFO: [ app_begin ] --END-- [ RunTime:0.000372s ]
NOTIC: [8] Undefined index: nuid /phpstudy/www/game/Application/Home/Controller/HomeController.class.php 第 10 行.
SQL: SHOW COLUMNS FROM `dd_config` [ RunTime:0.0006s ]
SQL: SELECT * FROM `dd_config`  [ RunTime:0.0002s ]
NOTIC: [8] Undefined index: HTTP_HOST /phpstudy/www/game/Application/Common/Util/ddwechat.class.php 第 1297 行.
SQL: SHOW COLUMNS FROM `dd_zhuan` [ RunTime:0.0007s ]
SQL: SELECT * FROM `dd_zhuan` WHERE ( ying>money ) AND `money` > 5 ORDER BY id desc LIMIT 5   [ RunTime:0.0003s ]
SQL: SHOW COLUMNS FROM `dd_charge_log` [ RunTime:0.0005s ]
SQL: SELECT * FROM `dd_charge_log` WHERE `user_id` = null AND `chou` = 0 LIMIT 1   [ RunTime:0.0002s ]
INFO: [ view_parse ] --START--
INFO: [ template_filter ] --START--
INFO: Run Behavior\ContentReplaceBehavior [ RunTime:0.000089s ]
INFO: [ template_filter ] --END-- [ RunTime:0.000128s ]
NOTIC: [8] Undefined variable: user /phpstudy/www/game/Application/Runtime/Cache/Home/2a94b8bda04ff446dcedd42276fc99ee.php 第 61 行.
NOTIC: [8] Undefined variable: user /phpstudy/www/game/Application/Runtime/Cache/Home/2a94b8bda04ff446dcedd42276fc99ee.php 第 62 行.
NOTIC: [8] Undefined variable: user /phpstudy/www/game/Application/Runtime/Cache/Home/2a94b8bda04ff446dcedd42276fc99ee.php 第 76 行.
INFO: Run Behavior\ParseTemplateBehavior [ RunTime:0.009997s ]
INFO: [ view_parse ] --END-- [ RunTime:0.010031s ]
INFO: [ view_filter ] --START--
INFO: Run Behavior\WriteHtmlCacheBehavior [ RunTime:0.000123s ]
INFO: [ view_filter ] --END-- [ RunTime:0.000152s ]
INFO: [ app_end ] --START--
INFO: Run Behavior\ShowPageTraceBehavior [ RunTime:0.000344s ]
INFO: [ app_end ] --END-- [ RunTime:0.000376s ]

[ 2019-01-27T02:35:23+08:00 ] 213.204.76.26 /
INFO: [ app_init ] --START--
INFO: Run Behavior\BuildLiteBehavior [ RunTime:0.000014s ]
INFO: [ app_init ] --END-- [ RunTime:0.000234s ]
INFO: [ app_begin ] --START--
INFO: Run Behavior\ReadHtmlCacheBehavior [ RunTime:0.000384s ]
INFO: [ app_begin ] --END-- [ RunTime:0.000424s ]
NOTIC: [8] Undefined index: nuid /phpstudy/www/game/Application/Home/Controller/HomeController.class.php 第 10 行.
SQL: SHOW COLUMNS FROM `dd_config` [ RunTime:0.0006s ]
SQL: SELECT * FROM `dd_config`  [ RunTime:0.0002s ]
SQL: SHOW COLUMNS FROM `dd_zhuan` [ RunTime:0.0007s ]
SQL: SELECT * FROM `dd_zhuan` WHERE ( ying>money ) AND `money` > 5 ORDER BY id desc LIMIT 5   [ RunTime:0.0003s ]
SQL: SHOW COLUMNS FROM `dd_charge_log` [ RunTime:0.0005s ]
SQL: SELECT * FROM `dd_charge_log` WHERE `user_id` = null AND `chou` = 0 LIMIT 1   [ RunTime:0.0002s ]
INFO: [ view_parse ] --START--
INFO: [ template_filter ] --START--
INFO: Run Behavior\ContentReplaceBehavior [ RunTime:0.000105s ]
INFO: [ template_filter ] --END-- [ RunTime:0.000155s ]
NOTIC: [8] Undefined variable: user /phpstudy/www/game/Application/Runtime/Cache/Home/2a94b8bda04ff446dcedd42276fc99ee.php 第 61 行.
NOTIC: [8] Undefined variable: user /phpstudy/www/game/Application/Runtime/Cache/Home/2a94b8bda04ff446dcedd42276fc99ee.php 第 62 行.
NOTIC: [8] Undefined variable: user /phpstudy/www/game/Application/Runtime/Cache/Home/2a94b8bda04ff446dcedd42276fc99ee.php 第 76 行.
INFO: Run Behavior\ParseTemplateBehavior [ RunTime:0.009972s ]
INFO: [ view_parse ] --END-- [ RunTime:0.010008s ]
INFO: [ view_filter ] --START--
INFO: Run Behavior\WriteHtmlCacheBehavior [ RunTime:0.000116s ]
INFO: [ view_filter ] --END-- [ RunTime:0.000139s ]
INFO: [ app_end ] --START--
INFO: Run Behavior\ShowPageTraceBehavior [ RunTime:0.000351s ]
INFO: [ app_end ] --END-- [ RunTime:0.000397s ]

[ 2019-01-27T03:09:41+08:00 ] 177.189.132.174 /
INFO: [ app_init ] --START--
INFO: Run Behavior\BuildLiteBehavior [ RunTime:0.000013s ]
INFO: [ app_init ] --END-- [ RunTime:0.000265s ]
INFO: [ app_begin ] --START--
INFO: Run Behavior\ReadHtmlCacheBehavior [ RunTime:0.000317s ]
INFO: [ app_begin ] --END-- [ RunTime:0.000353s ]
NOTIC: [8] Undefined index: nuid /phpstudy/www/game/Application/Home/Controller/HomeController.class.php 第 10 行.
SQL: SHOW COLUMNS FROM `dd_config` [ RunTime:0.0006s ]
SQL: SELECT * FROM `dd_config`  [ RunTime:0.0002s ]
SQL: SHOW COLUMNS FROM `dd_zhuan` [ RunTime:0.0007s ]
SQL: SELECT * FROM `dd_zhuan` WHERE ( ying>money ) AND `money` > 5 ORDER BY id desc LIMIT 5   [ RunTime:0.0003s ]
SQL: SHOW COLUMNS FROM `dd_charge_log` [ RunTime:0.0005s ]
SQL: SELECT * FROM `dd_charge_log` WHERE `user_id` = null AND `chou` = 0 LIMIT 1   [ RunTime:0.0002s ]
INFO: [ view_parse ] --START--
INFO: [ template_filter ] --START--
INFO: Run Behavior\ContentReplaceBehavior [ RunTime:0.000111s ]
INFO: [ template_filter ] --END-- [ RunTime:0.000149s ]
NOTIC: [8] Undefined variable: user /phpstudy/www/game/Application/Runtime/Cache/Home/2a94b8bda04ff446dcedd42276fc99ee.php 第 61 行.
NOTIC: [8] Undefined variable: user /phpstudy/www/game/Application/Runtime/Cache/Home/2a94b8bda04ff446dcedd42276fc99ee.php 第 62 行.
NOTIC: [8] Undefined variable: user /phpstudy/www/game/Application/Runtime/Cache/Home/2a94b8bda04ff446dcedd42276fc99ee.php 第 76 行.
INFO: Run Behavior\ParseTemplateBehavior [ RunTime:0.010146s ]
INFO: [ view_parse ] --END-- [ RunTime:0.010182s ]
INFO: [ view_filter ] --START--
INFO: Run Behavior\WriteHtmlCacheBehavior [ RunTime:0.000109s ]
INFO: [ view_filter ] --END-- [ RunTime:0.000133s ]
INFO: [ app_end ] --START--
INFO: Run Behavior\ShowPageTraceBehavior [ RunTime:0.000346s ]
INFO: [ app_end ] --END-- [ RunTime:0.000379s ]

[ 2019-01-27T03:35:57+08:00 ] 49.116.88.128 /
INFO: [ app_init ] --START--
INFO: Run Behavior\BuildLiteBehavior [ RunTime:0.000013s ]
INFO: [ app_init ] --END-- [ RunTime:0.000231s ]
NOTIC: [8] Undefined index: HTTP_USER_AGENT /phpstudy/www/game/#DFrame/Library/Think/App.class.php 第 75 行.
INFO: [ app_begin ] --START--
INFO: Run Behavior\ReadHtmlCacheBehavior [ RunTime:0.000291s ]
INFO: [ app_begin ] --END-- [ RunTime:0.000330s ]
NOTIC: [8] Undefined index: nuid /phpstudy/www/game/Application/Home/Controller/HomeController.class.php 第 10 行.
SQL: SHOW COLUMNS FROM `dd_config` [ RunTime:0.0006s ]
SQL: SELECT * FROM `dd_config`  [ RunTime:0.0002s ]
NOTIC: [8] Undefined index: HTTP_HOST /phpstudy/www/game/Application/Common/Util/ddwechat.class.php 第 1297 行.
SQL: SHOW COLUMNS FROM `dd_zhuan` [ RunTime:0.0007s ]
SQL: SELECT * FROM `dd_zhuan` WHERE ( ying>money ) AND `money` > 5 ORDER BY id desc LIMIT 5   [ RunTime:0.0003s ]
SQL: SHOW COLUMNS FROM `dd_charge_log` [ RunTime:0.0005s ]
SQL: SELECT * FROM `dd_charge_log` WHERE `user_id` = null AND `chou` = 0 LIMIT 1   [ RunTime:0.0002s ]
INFO: [ view_parse ] --START--
INFO: [ template_filter ] --START--
INFO: Run Behavior\ContentReplaceBehavior [ RunTime:0.000091s ]
INFO: [ template_filter ] --END-- [ RunTime:0.000140s ]
NOTIC: [8] Undefined variable: user /phpstudy/www/game/Application/Runtime/Cache/Home/2a94b8bda04ff446dcedd42276fc99ee.php 第 61 行.
NOTIC: [8] Undefined variable: user /phpstudy/www/game/Application/Runtime/Cache/Home/2a94b8bda04ff446dcedd42276fc99ee.php 第 62 行.
NOTIC: [8] Undefined variable: user /phpstudy/www/game/Application/Runtime/Cache/Home/2a94b8bda04ff446dcedd42276fc99ee.php 第 76 行.
INFO: Run Behavior\ParseTemplateBehavior [ RunTime:0.009371s ]
INFO: [ view_parse ] --END-- [ RunTime:0.009402s ]
INFO: [ view_filter ] --START--
INFO: Run Behavior\WriteHtmlCacheBehavior [ RunTime:0.000113s ]
INFO: [ view_filter ] --END-- [ RunTime:0.000137s ]
INFO: 
INFO: 
INFO: 

[ 2019-01-27T05:02:57+08:00 ] 45.4.252.250 /
INFO: [ app_init ] --START--
INFO: Run Behavior\BuildLiteBehavior [ RunTime:0.000012s ]
INFO: [ app_init ] --END-- [ RunTime:0.000268s ]
INFO: [ app_begin ] --START--
INFO: Run Behavior\ReadHtmlCacheBehavior [ RunTime:0.000327s ]
INFO: [ app_begin ] --END-- [ RunTime:0.000366s ]
NOTIC: [8] Undefined index: nuid /phpstudy/www/game/Application/Home/Controller/HomeController.class.php 第 10 行.
SQL: SHOW COLUMNS FROM `dd_config` [ RunTime:0.0006s ]
SQL: SELECT * FROM `dd_config`  [ RunTime:0.0002s ]
SQL: SHOW COLUMNS FROM `dd_zhuan` [ RunTime:0.0006s ]
SQL: SELECT * FROM `dd_zhuan` WHERE ( ying>money ) AND `money` > 5 ORDER BY id desc LIMIT 5   [ RunTime:0.0003s ]
SQL: SHOW COLUMNS FROM `dd_charge_log` [ RunTime:0.0005s ]
SQL: SELECT * FROM `dd_charge_log` WHERE `user_id` = null AND `chou` = 0 LIMIT 1   [ RunTime:0.0002s ]
INFO: [ view_parse ] --START--
INFO: [ template_filter ] --START--
INFO: Run Behavior\ContentReplaceBehavior [ RunTime:0.000111s ]
INFO: [ template_filter ] --END-- [ RunTime:0.000155s ]
NOTIC: [8] Undefined variable: user /phpstudy/www/game/Application/Runtime/Cache/Home/2a94b8bda04ff446dcedd42276fc99ee.php 第 61 行.
NOTIC: [8] Undefined variable: user /phpstudy/www/game/Application/Runtime/Cache/Home/2a94b8bda04ff446dcedd42276fc99ee.php 第 62 行.
NOTIC: [8] Undefined variable: user /phpstudy/www/game/Application/Runtime/Cache/Home/2a94b8bda04ff446dcedd42276fc99ee.php 第 76 行.
INFO: Run Behavior\ParseTemplateBehavior [ RunTime:0.009804s ]
INFO: [ view_parse ] --END-- [ RunTime:0.009840s ]
INFO: [ view_filter ] --START--
INFO: Run Behavior\WriteHtmlCacheBehavior [ RunTime:0.000113s ]
INFO: [ view_filter ] --END-- [ RunTime:0.000136s ]
INFO: [ app_end ] --START--
INFO: Run Behavior\ShowPageTraceBehavior [ RunTime:0.000356s ]
INFO: [ app_end ] --END-- [ RunTime:0.000391s ]

[ 2019-01-27T05:35:18+08:00 ] 60.191.52.254 /
INFO: [ app_init ] --START--
INFO: Run Behavior\BuildLiteBehavior [ RunTime:0.000014s ]
INFO: [ app_init ] --END-- [ RunTime:0.000252s ]
INFO: [ app_begin ] --START--
INFO: Run Behavior\ReadHtmlCacheBehavior [ RunTime:0.000285s ]
INFO: [ app_begin ] --END-- [ RunTime:0.000317s ]
NOTIC: [8] Undefined index: nuid /phpstudy/www/game/Application/Home/Controller/HomeController.class.php 第 10 行.
SQL: SHOW COLUMNS FROM `dd_config` [ RunTime:0.0006s ]
SQL: SELECT * FROM `dd_config`  [ RunTime:0.0002s ]
SQL: SHOW COLUMNS FROM `dd_zhuan` [ RunTime:0.0006s ]
SQL: SELECT * FROM `dd_zhuan` WHERE ( ying>money ) AND `money` > 5 ORDER BY id desc LIMIT 5   [ RunTime:0.0003s ]
SQL: SHOW COLUMNS FROM `dd_charge_log` [ RunTime:0.0005s ]
SQL: SELECT * FROM `dd_charge_log` WHERE `user_id` = null AND `chou` = 0 LIMIT 1   [ RunTime:0.0002s ]
INFO: [ view_parse ] --START--
INFO: [ template_filter ] --START--
INFO: Run Behavior\ContentReplaceBehavior [ RunTime:0.000089s ]
INFO: [ template_filter ] --END-- [ RunTime:0.000124s ]
NOTIC: [8] Undefined variable: user /phpstudy/www/game/Application/Runtime/Cache/Home/2a94b8bda04ff446dcedd42276fc99ee.php 第 61 行.
NOTIC: [8] Undefined variable: user /phpstudy/www/game/Application/Runtime/Cache/Home/2a94b8bda04ff446dcedd42276fc99ee.php 第 62 行.
NOTIC: [8] Undefined variable: user /phpstudy/www/game/Application/Runtime/Cache/Home/2a94b8bda04ff446dcedd42276fc99ee.php 第 76 行.
INFO: Run Behavior\ParseTemplateBehavior [ RunTime:0.009207s ]
INFO: [ view_parse ] --END-- [ RunTime:0.009238s ]
INFO: [ view_filter ] --START--
INFO: Run Behavior\WriteHtmlCacheBehavior [ RunTime:0.000108s ]
INFO: [ view_filter ] --END-- [ RunTime:0.000139s ]
INFO: 
INFO: 
INFO: 

[ 2019-01-27T05:43:30+08:00 ] 191.101.128.13 /
INFO: [ app_init ] --START--
INFO: Run Behavior\BuildLiteBehavior [ RunTime:0.000013s ]
INFO: [ app_init ] --END-- [ RunTime:0.000272s ]
INFO: [ app_begin ] --START--
INFO: Run Behavior\ReadHtmlCacheBehavior [ RunTime:0.000366s ]
INFO: [ app_begin ] --END-- [ RunTime:0.000404s ]
NOTIC: [8] Undefined index: nuid /phpstudy/www/game/Application/Home/Controller/HomeController.class.php 第 10 行.
SQL: SHOW COLUMNS FROM `dd_config` [ RunTime:0.0005s ]
SQL: SELECT * FROM `dd_config`  [ RunTime:0.0002s ]
NOTIC: [8] Undefined index: HTTP_HOST /phpstudy/www/game/Application/Common/Util/ddwechat.class.php 第 1297 行.
SQL: SHOW COLUMNS FROM `dd_zhuan` [ RunTime:0.0006s ]
SQL: SELECT * FROM `dd_zhuan` WHERE ( ying>money ) AND `money` > 5 ORDER BY id desc LIMIT 5   [ RunTime:0.0003s ]
SQL: SHOW COLUMNS FROM `dd_charge_log` [ RunTime:0.0004s ]
SQL: SELECT * FROM `dd_charge_log` WHERE `user_id` = null AND `chou` = 0 LIMIT 1   [ RunTime:0.0002s ]
INFO: [ view_parse ] --START--
INFO: [ template_filter ] --START--
INFO: Run Behavior\ContentReplaceBehavior [ RunTime:0.000088s ]
INFO: [ template_filter ] --END-- [ RunTime:0.000134s ]
NOTIC: [8] Undefined variable: user /phpstudy/www/game/Application/Runtime/Cache/Home/2a94b8bda04ff446dcedd42276fc99ee.php 第 61 行.
NOTIC: [8] Undefined variable: user /phpstudy/www/game/Application/Runtime/Cache/Home/2a94b8bda04ff446dcedd42276fc99ee.php 第 62 行.
NOTIC: [8] Undefined variable: user /phpstudy/www/game/Application/Runtime/Cache/Home/2a94b8bda04ff446dcedd42276fc99ee.php 第 76 行.
INFO: Run Behavior\ParseTemplateBehavior [ RunTime:0.009583s ]
INFO: [ view_parse ] --END-- [ RunTime:0.009618s ]
INFO: [ view_filter ] --START--
INFO: Run Behavior\WriteHtmlCacheBehavior [ RunTime:0.000148s ]
INFO: [ view_filter ] --END-- [ RunTime:0.000172s ]
INFO: [ app_end ] --START--
INFO: Run Behavior\ShowPageTraceBehavior [ RunTime:0.000338s ]
INFO: [ app_end ] --END-- [ RunTime:0.000370s ]

[ 2019-01-27T05:52:11+08:00 ] 212.124.175.19 /
INFO: [ app_init ] --START--
INFO: Run Behavior\BuildLiteBehavior [ RunTime:0.000013s ]
INFO: [ app_init ] --END-- [ RunTime:0.000252s ]
INFO: [ app_begin ] --START--
INFO: Run Behavior\ReadHtmlCacheBehavior [ RunTime:0.000334s ]
INFO: [ app_begin ] --END-- [ RunTime:0.000369s ]
NOTIC: [8] Undefined index: nuid /phpstudy/www/game/Application/Home/Controller/HomeController.class.php 第 10 行.
SQL: SHOW COLUMNS FROM `dd_config` [ RunTime:0.0006s ]
SQL: SELECT * FROM `dd_config`  [ RunTime:0.0002s ]
SQL: SHOW COLUMNS FROM `dd_zhuan` [ RunTime:0.0007s ]
SQL: SELECT * FROM `dd_zhuan` WHERE ( ying>money ) AND `money` > 5 ORDER BY id desc LIMIT 5   [ RunTime:0.0003s ]
SQL: SHOW COLUMNS FROM `dd_charge_log` [ RunTime:0.0005s ]
SQL: SELECT * FROM `dd_charge_log` WHERE `user_id` = null AND `chou` = 0 LIMIT 1   [ RunTime:0.0002s ]
INFO: [ view_parse ] --START--
INFO: [ template_filter ] --START--
INFO: Run Behavior\ContentReplaceBehavior [ RunTime:0.000093s ]
INFO: [ template_filter ] --END-- [ RunTime:0.000133s ]
NOTIC: [8] Undefined variable: user /phpstudy/www/game/Application/Runtime/Cache/Home/2a94b8bda04ff446dcedd42276fc99ee.php 第 61 行.
NOTIC: [8] Undefined variable: user /phpstudy/www/game/Application/Runtime/Cache/Home/2a94b8bda04ff446dcedd42276fc99ee.php 第 62 行.
NOTIC: [8] Undefined variable: user /phpstudy/www/game/Application/Runtime/Cache/Home/2a94b8bda04ff446dcedd42276fc99ee.php 第 76 行.
INFO: Run Behavior\ParseTemplateBehavior [ RunTime:0.010045s ]
INFO: [ view_parse ] --END-- [ RunTime:0.010078s ]
INFO: [ view_filter ] --START--
INFO: Run Behavior\WriteHtmlCacheBehavior [ RunTime:0.000130s ]
INFO: [ view_filter ] --END-- [ RunTime:0.000160s ]
INFO: [ app_end ] --START--
INFO: Run Behavior\ShowPageTraceBehavior [ RunTime:0.000378s ]
INFO: [ app_end ] --END-- [ RunTime:0.000411s ]

[ 2019-01-27T06:37:14+08:00 ] 45.235.11.180 /
INFO: [ app_init ] --START--
INFO: Run Behavior\BuildLiteBehavior [ RunTime:0.000015s ]
INFO: [ app_init ] --END-- [ RunTime:0.000340s ]
INFO: [ app_begin ] --START--
INFO: Run Behavior\ReadHtmlCacheBehavior [ RunTime:0.000351s ]
INFO: [ app_begin ] --END-- [ RunTime:0.000391s ]
NOTIC: [8] Undefined index: nuid /phpstudy/www/game/Application/Home/Controller/HomeController.class.php 第 10 行.
SQL: SHOW COLUMNS FROM `dd_config` [ RunTime:0.0006s ]
SQL: SELECT * FROM `dd_config`  [ RunTime:0.0002s ]
SQL: SHOW COLUMNS FROM `dd_zhuan` [ RunTime:0.0007s ]
SQL: SELECT * FROM `dd_zhuan` WHERE ( ying>money ) AND `money` > 5 ORDER BY id desc LIMIT 5   [ RunTime:0.0003s ]
SQL: SHOW COLUMNS FROM `dd_charge_log` [ RunTime:0.0005s ]
SQL: SELECT * FROM `dd_charge_log` WHERE `user_id` = null AND `chou` = 0 LIMIT 1   [ RunTime:0.0002s ]
INFO: [ view_parse ] --START--
INFO: [ template_filter ] --START--
INFO: Run Behavior\ContentReplaceBehavior [ RunTime:0.000113s ]
INFO: [ template_filter ] --END-- [ RunTime:0.000158s ]
NOTIC: [8] Undefined variable: user /phpstudy/www/game/Application/Runtime/Cache/Home/2a94b8bda04ff446dcedd42276fc99ee.php 第 61 行.
NOTIC: [8] Undefined variable: user /phpstudy/www/game/Application/Runtime/Cache/Home/2a94b8bda04ff446dcedd42276fc99ee.php 第 62 行.
NOTIC: [8] Undefined variable: user /phpstudy/www/game/Application/Runtime/Cache/Home/2a94b8bda04ff446dcedd42276fc99ee.php 第 76 行.
INFO: Run Behavior\ParseTemplateBehavior [ RunTime:0.010431s ]
INFO: [ view_parse ] --END-- [ RunTime:0.010470s ]
INFO: [ view_filter ] --START--
INFO: Run Behavior\WriteHtmlCacheBehavior [ RunTime:0.000114s ]
INFO: [ view_filter ] --END-- [ RunTime:0.000139s ]
INFO: [ app_end ] --START--
INFO: Run Behavior\ShowPageTraceBehavior [ RunTime:0.000366s ]
INFO: [ app_end ] --END-- [ RunTime:0.000400s ]

[ 2019-01-27T07:10:01+08:00 ] 165.16.42.3 /
INFO: [ app_init ] --START--
INFO: Run Behavior\BuildLiteBehavior [ RunTime:0.000013s ]
INFO: [ app_init ] --END-- [ RunTime:0.000242s ]
INFO: [ app_begin ] --START--
INFO: Run Behavior\ReadHtmlCacheBehavior [ RunTime:0.000342s ]
INFO: [ app_begin ] --END-- [ RunTime:0.000376s ]
NOTIC: [8] Undefined index: nuid /phpstudy/www/game/Application/Home/Controller/HomeController.class.php 第 10 行.
SQL: SHOW COLUMNS FROM `dd_config` [ RunTime:0.0005s ]
SQL: SELECT * FROM `dd_config`  [ RunTime:0.0002s ]
SQL: SHOW COLUMNS FROM `dd_zhuan` [ RunTime:0.0007s ]
SQL: SELECT * FROM `dd_zhuan` WHERE ( ying>money ) AND `money` > 5 ORDER BY id desc LIMIT 5   [ RunTime:0.0003s ]
SQL: SHOW COLUMNS FROM `dd_charge_log` [ RunTime:0.0005s ]
SQL: SELECT * FROM `dd_charge_log` WHERE `user_id` = null AND `chou` = 0 LIMIT 1   [ RunTime:0.0002s ]
INFO: [ view_parse ] --START--
INFO: [ template_filter ] --START--
INFO: Run Behavior\ContentReplaceBehavior [ RunTime:0.000109s ]
INFO: [ template_filter ] --END-- [ RunTime:0.000165s ]
NOTIC: [8] Undefined variable: user /phpstudy/www/game/Application/Runtime/Cache/Home/2a94b8bda04ff446dcedd42276fc99ee.php 第 61 行.
NOTIC: [8] Undefined variable: user /phpstudy/www/game/Application/Runtime/Cache/Home/2a94b8bda04ff446dcedd42276fc99ee.php 第 62 行.
NOTIC: [8] Undefined variable: user /phpstudy/www/game/Application/Runtime/Cache/Home/2a94b8bda04ff446dcedd42276fc99ee.php 第 76 行.
INFO: Run Behavior\ParseTemplateBehavior [ RunTime:0.009730s ]
INFO: [ view_parse ] --END-- [ RunTime:0.009773s ]
INFO: [ view_filter ] --START--
INFO: Run Behavior\WriteHtmlCacheBehavior [ RunTime:0.000126s ]
INFO: [ view_filter ] --END-- [ RunTime:0.000154s ]
INFO: [ app_end ] --START--
INFO: Run Behavior\ShowPageTraceBehavior [ RunTime:0.000350s ]
INFO: [ app_end ] --END-- [ RunTime:0.000382s ]

[ 2019-01-27T07:23:39+08:00 ] 207.183.169.120 /
INFO: [ app_init ] --START--
INFO: Run Behavior\BuildLiteBehavior [ RunTime:0.000013s ]
INFO: [ app_init ] --END-- [ RunTime:0.000302s ]
NOTIC: [8] Undefined index: HTTP_USER_AGENT /phpstudy/www/game/#DFrame/Library/Think/App.class.php 第 75 行.
INFO: [ app_begin ] --START--
INFO: Run Behavior\ReadHtmlCacheBehavior [ RunTime:0.000356s ]
INFO: [ app_begin ] --END-- [ RunTime:0.000395s ]
NOTIC: [8] Undefined index: nuid /phpstudy/www/game/Application/Home/Controller/HomeController.class.php 第 10 行.
SQL: SHOW COLUMNS FROM `dd_config` [ RunTime:0.0007s ]
SQL: SELECT * FROM `dd_config`  [ RunTime:0.0002s ]
NOTIC: [8] Undefined index: HTTP_HOST /phpstudy/www/game/Application/Common/Util/ddwechat.class.php 第 1297 行.
SQL: SHOW COLUMNS FROM `dd_zhuan` [ RunTime:0.0007s ]
SQL: SELECT * FROM `dd_zhuan` WHERE ( ying>money ) AND `money` > 5 ORDER BY id desc LIMIT 5   [ RunTime:0.0003s ]
SQL: SHOW COLUMNS FROM `dd_charge_log` [ RunTime:0.0005s ]
SQL: SELECT * FROM `dd_charge_log` WHERE `user_id` = null AND `chou` = 0 LIMIT 1   [ RunTime:0.0002s ]
INFO: [ view_parse ] --START--
INFO: [ template_filter ] --START--
INFO: Run Behavior\ContentReplaceBehavior [ RunTime:0.000089s ]
INFO: [ template_filter ] --END-- [ RunTime:0.000132s ]
NOTIC: [8] Undefined variable: user /phpstudy/www/game/Application/Runtime/Cache/Home/2a94b8bda04ff446dcedd42276fc99ee.php 第 61 行.
NOTIC: [8] Undefined variable: user /phpstudy/www/game/Application/Runtime/Cache/Home/2a94b8bda04ff446dcedd42276fc99ee.php 第 62 行.
NOTIC: [8] Undefined variable: user /phpstudy/www/game/Application/Runtime/Cache/Home/2a94b8bda04ff446dcedd42276fc99ee.php 第 76 行.
INFO: Run Behavior\ParseTemplateBehavior [ RunTime:0.010412s ]
INFO: [ view_parse ] --END-- [ RunTime:0.010453s ]
INFO: [ view_filter ] --START--
INFO: Run Behavior\WriteHtmlCacheBehavior [ RunTime:0.000136s ]
INFO: [ view_filter ] --END-- [ RunTime:0.000171s ]
INFO: [ app_end ] --START--
INFO: Run Behavior\ShowPageTraceBehavior [ RunTime:0.000340s ]
INFO: [ app_end ] --END-- [ RunTime:0.000373s ]

[ 2019-01-27T08:05:58+08:00 ] 80.82.77.139 /
INFO: [ app_init ] --START--
INFO: Run Behavior\BuildLiteBehavior [ RunTime:0.000014s ]
INFO: [ app_init ] --END-- [ RunTime:0.000242s ]
INFO: [ app_begin ] --START--
INFO: Run Behavior\ReadHtmlCacheBehavior [ RunTime:0.000291s ]
INFO: [ app_begin ] --END-- [ RunTime:0.000322s ]
NOTIC: [8] Undefined index: nuid /phpstudy/www/game/Application/Home/Controller/HomeController.class.php 第 10 行.
SQL: SHOW COLUMNS FROM `dd_config` [ RunTime:0.0006s ]
SQL: SELECT * FROM `dd_config`  [ RunTime:0.0002s ]
SQL: SHOW COLUMNS FROM `dd_zhuan` [ RunTime:0.0007s ]
SQL: SELECT * FROM `dd_zhuan` WHERE ( ying>money ) AND `money` > 5 ORDER BY id desc LIMIT 5   [ RunTime:0.0003s ]
SQL: SHOW COLUMNS FROM `dd_charge_log` [ RunTime:0.0005s ]
SQL: SELECT * FROM `dd_charge_log` WHERE `user_id` = null AND `chou` = 0 LIMIT 1   [ RunTime:0.0002s ]
INFO: [ view_parse ] --START--
INFO: [ template_filter ] --START--
INFO: Run Behavior\ContentReplaceBehavior [ RunTime:0.000091s ]
INFO: [ template_filter ] --END-- [ RunTime:0.000126s ]
NOTIC: [8] Undefined variable: user /phpstudy/www/game/Application/Runtime/Cache/Home/2a94b8bda04ff446dcedd42276fc99ee.php 第 61 行.
NOTIC: [8] Undefined variable: user /phpstudy/www/game/Application/Runtime/Cache/Home/2a94b8bda04ff446dcedd42276fc99ee.php 第 62 行.
NOTIC: [8] Undefined variable: user /phpstudy/www/game/Application/Runtime/Cache/Home/2a94b8bda04ff446dcedd42276fc99ee.php 第 76 行.
INFO: Run Behavior\ParseTemplateBehavior [ RunTime:0.009027s ]
INFO: [ view_parse ] --END-- [ RunTime:0.009057s ]
INFO: [ view_filter ] --START--
INFO: Run Behavior\WriteHtmlCacheBehavior [ RunTime:0.000110s ]
INFO: [ view_filter ] --END-- [ RunTime:0.000133s ]
INFO: [ app_end ] --START--
INFO: Run Behavior\ShowPageTraceBehavior [ RunTime:0.000332s ]
INFO: [ app_end ] --END-- [ RunTime:0.000363s ]

[ 2019-01-27T08:12:46+08:00 ] 106.15.191.180 /
INFO: [ app_init ] --START--
INFO: Run Behavior\BuildLiteBehavior [ RunTime:0.000013s ]
INFO: [ app_init ] --END-- [ RunTime:0.000283s ]
INFO: [ app_begin ] --START--
INFO: Run Behavior\ReadHtmlCacheBehavior [ RunTime:0.000327s ]
INFO: [ app_begin ] --END-- [ RunTime:0.000365s ]
NOTIC: [8] Undefined index: nuid /phpstudy/www/game/Application/Home/Controller/HomeController.class.php 第 10 行.
SQL: SHOW COLUMNS FROM `dd_config` [ RunTime:0.0005s ]
SQL: SELECT * FROM `dd_config`  [ RunTime:0.0002s ]
SQL: SHOW COLUMNS FROM `dd_zhuan` [ RunTime:0.0007s ]
SQL: SELECT * FROM `dd_zhuan` WHERE ( ying>money ) AND `money` > 5 ORDER BY id desc LIMIT 5   [ RunTime:0.0003s ]
SQL: SHOW COLUMNS FROM `dd_charge_log` [ RunTime:0.0005s ]
SQL: SELECT * FROM `dd_charge_log` WHERE `user_id` = null AND `chou` = 0 LIMIT 1   [ RunTime:0.0002s ]
INFO: [ view_parse ] --START--
INFO: [ template_filter ] --START--
INFO: Run Behavior\ContentReplaceBehavior [ RunTime:0.000090s ]
INFO: [ template_filter ] --END-- [ RunTime:0.000130s ]
NOTIC: [8] Undefined variable: user /phpstudy/www/game/Application/Runtime/Cache/Home/2a94b8bda04ff446dcedd42276fc99ee.php 第 61 行.
NOTIC: [8] Undefined variable: user /phpstudy/www/game/Application/Runtime/Cache/Home/2a94b8bda04ff446dcedd42276fc99ee.php 第 62 行.
NOTIC: [8] Undefined variable: user /phpstudy/www/game/Application/Runtime/Cache/Home/2a94b8bda04ff446dcedd42276fc99ee.php 第 76 行.
INFO: Run Behavior\ParseTemplateBehavior [ RunTime:0.010278s ]
INFO: [ view_parse ] --END-- [ RunTime:0.010313s ]
INFO: [ view_filter ] --START--
INFO: Run Behavior\WriteHtmlCacheBehavior [ RunTime:0.000114s ]
INFO: [ view_filter ] --END-- [ RunTime:0.000138s ]
INFO: [ app_end ] --START--
INFO: Run Behavior\ShowPageTraceBehavior [ RunTime:0.000350s ]
INFO: [ app_end ] --END-- [ RunTime:0.000387s ]

[ 2019-01-27T09:25:06+08:00 ] 42.236.10.84 /
INFO: [ app_init ] --START--
INFO: Run Behavior\BuildLiteBehavior [ RunTime:0.000013s ]
INFO: [ app_init ] --END-- [ RunTime:0.000241s ]
INFO: [ app_begin ] --START--
INFO: Run Behavior\ReadHtmlCacheBehavior [ RunTime:0.000289s ]
INFO: [ app_begin ] --END-- [ RunTime:0.000323s ]
NOTIC: [8] Undefined index: nuid /phpstudy/www/game/Application/Home/Controller/HomeController.class.php 第 10 行.
SQL: SHOW COLUMNS FROM `dd_config` [ RunTime:0.0005s ]
SQL: SELECT * FROM `dd_config`  [ RunTime:0.0002s ]
SQL: SHOW COLUMNS FROM `dd_zhuan` [ RunTime:0.0006s ]
SQL: SELECT * FROM `dd_zhuan` WHERE ( ying>money ) AND `money` > 5 ORDER BY id desc LIMIT 5   [ RunTime:0.0003s ]
SQL: SHOW COLUMNS FROM `dd_charge_log` [ RunTime:0.0004s ]
SQL: SELECT * FROM `dd_charge_log` WHERE `user_id` = null AND `chou` = 0 LIMIT 1   [ RunTime:0.0002s ]
INFO: [ view_parse ] --START--
INFO: [ template_filter ] --START--
INFO: Run Behavior\ContentReplaceBehavior [ RunTime:0.000092s ]
INFO: [ template_filter ] --END-- [ RunTime:0.000133s ]
NOTIC: [8] Undefined variable: user /phpstudy/www/game/Application/Runtime/Cache/Home/2a94b8bda04ff446dcedd42276fc99ee.php 第 61 行.
NOTIC: [8] Undefined variable: user /phpstudy/www/game/Application/Runtime/Cache/Home/2a94b8bda04ff446dcedd42276fc99ee.php 第 62 行.
NOTIC: [8] Undefined variable: user /phpstudy/www/game/Application/Runtime/Cache/Home/2a94b8bda04ff446dcedd42276fc99ee.php 第 76 行.
INFO: Run Behavior\ParseTemplateBehavior [ RunTime:0.009701s ]
INFO: [ view_parse ] --END-- [ RunTime:0.009732s ]
INFO: [ view_filter ] --START--
INFO: Run Behavior\WriteHtmlCacheBehavior [ RunTime:0.000110s ]
INFO: [ view_filter ] --END-- [ RunTime:0.000133s ]
INFO: [ app_end ] --START--
INFO: Run Behavior\ShowPageTraceBehavior [ RunTime:0.000336s ]
INFO: [ app_end ] --END-- [ RunTime:0.000367s ]

[ 2019-01-27T10:48:28+08:00 ] 49.116.88.128 /
INFO: [ app_init ] --START--
INFO: Run Behavior\BuildLiteBehavior [ RunTime:0.000013s ]
INFO: [ app_init ] --END-- [ RunTime:0.000252s ]
NOTIC: [8] Undefined index: HTTP_USER_AGENT /phpstudy/www/game/#DFrame/Library/Think/App.class.php 第 75 行.
INFO: [ app_begin ] --START--
INFO: Run Behavior\ReadHtmlCacheBehavior [ RunTime:0.000357s ]
INFO: [ app_begin ] --END-- [ RunTime:0.000400s ]
NOTIC: [8] Undefined index: nuid /phpstudy/www/game/Application/Home/Controller/HomeController.class.php 第 10 行.
SQL: SHOW COLUMNS FROM `dd_config` [ RunTime:0.0006s ]
SQL: SELECT * FROM `dd_config`  [ RunTime:0.0002s ]
NOTIC: [8] Undefined index: HTTP_HOST /phpstudy/www/game/Application/Common/Util/ddwechat.class.php 第 1297 行.
SQL: SHOW COLUMNS FROM `dd_zhuan` [ RunTime:0.0006s ]
SQL: SELECT * FROM `dd_zhuan` WHERE ( ying>money ) AND `money` > 5 ORDER BY id desc LIMIT 5   [ RunTime:0.0003s ]
SQL: SHOW COLUMNS FROM `dd_charge_log` [ RunTime:0.0005s ]
SQL: SELECT * FROM `dd_charge_log` WHERE `user_id` = null AND `chou` = 0 LIMIT 1   [ RunTime:0.0002s ]
INFO: [ view_parse ] --START--
INFO: [ template_filter ] --START--
INFO: Run Behavior\ContentReplaceBehavior [ RunTime:0.000087s ]
INFO: [ template_filter ] --END-- [ RunTime:0.000124s ]
NOTIC: [8] Undefined variable: user /phpstudy/www/game/Application/Runtime/Cache/Home/2a94b8bda04ff446dcedd42276fc99ee.php 第 61 行.
NOTIC: [8] Undefined variable: user /phpstudy/www/game/Application/Runtime/Cache/Home/2a94b8bda04ff446dcedd42276fc99ee.php 第 62 行.
NOTIC: [8] Undefined variable: user /phpstudy/www/game/Application/Runtime/Cache/Home/2a94b8bda04ff446dcedd42276fc99ee.php 第 76 行.
INFO: Run Behavior\ParseTemplateBehavior [ RunTime:0.009672s ]
INFO: [ view_parse ] --END-- [ RunTime:0.009705s ]
INFO: [ view_filter ] --START--
INFO: Run Behavior\WriteHtmlCacheBehavior [ RunTime:0.000123s ]
INFO: [ view_filter ] --END-- [ RunTime:0.000148s ]
INFO: 
INFO: 
INFO: 

[ 2019-01-27T11:02:55+08:00 ] 42.236.10.106 /index.php?m=Index&c=Index&a=addChallenge
INFO: [ app_init ] --START--
INFO: Run Behavior\BuildLiteBehavior [ RunTime:0.000013s ]
INFO: [ app_init ] --END-- [ RunTime:0.000233s ]
INFO: [ app_begin ] --START--
INFO: Run Behavior\ReadHtmlCacheBehavior [ RunTime:0.000356s ]
INFO: [ app_begin ] --END-- [ RunTime:0.000392s ]
NOTIC: [8] Undefined index: nuid /phpstudy/www/game/Application/Home/Controller/HomeController.class.php 第 10 行.
SQL: SHOW COLUMNS FROM `dd_config` [ RunTime:0.0006s ]
SQL: SELECT * FROM `dd_config`  [ RunTime:0.0002s ]
SQL: SHOW COLUMNS FROM `dd_user` [ RunTime:0.0013s ]
SQL: SELECT `money` FROM `dd_user` WHERE `id` = 76 LIMIT 1   [ RunTime:0.0002s ]
INFO: [ app_end ] --START--
INFO: Run Behavior\ShowPageTraceBehavior [ RunTime:0.000388s ]
INFO: [ app_end ] --END-- [ RunTime:0.000420s ]

[ 2019-01-27T11:02:57+08:00 ] 14.20.38.55 /index.php?m=Index&c=index&a=record
INFO: [ app_init ] --START--
INFO: Run Behavior\BuildLiteBehavior [ RunTime:0.000013s ]
INFO: [ app_init ] --END-- [ RunTime:0.000271s ]
INFO: [ app_begin ] --START--
INFO: Run Behavior\ReadHtmlCacheBehavior [ RunTime:0.000350s ]
INFO: [ app_begin ] --END-- [ RunTime:0.000392s ]
NOTIC: [8] Undefined index: nuid /phpstudy/www/game/Application/Home/Controller/HomeController.class.php 第 10 行.
SQL: SHOW COLUMNS FROM `dd_config` [ RunTime:0.0005s ]
SQL: SELECT * FROM `dd_config`  [ RunTime:0.0002s ]
SQL: SHOW COLUMNS FROM `dd_play_log` [ RunTime:0.0008s ]
SQL: SELECT * FROM `dd_play_log` WHERE `user_id` = 76  [ RunTime:0.0002s ]
SQL: SELECT * FROM `dd_play_log` WHERE `game_id` = '123'  [ RunTime:0.0002s ]
SQL: SELECT * FROM `dd_play_log` WHERE `game_id` = '111'  [ RunTime:0.0002s ]
SQL: SELECT * FROM `dd_play_log` WHERE `game_id` = '456'  [ RunTime:0.0001s ]
INFO: [ app_end ] --START--
INFO: Run Behavior\ShowPageTraceBehavior [ RunTime:0.000423s ]
INFO: [ app_end ] --END-- [ RunTime:0.000459s ]

[ 2019-01-27T11:02:59+08:00 ] 42.236.10.124 /index.php?m=Index&c=Index&a=addChallenge
INFO: [ app_init ] --START--
INFO: Run Behavior\BuildLiteBehavior [ RunTime:0.000024s ]
INFO: [ app_init ] --END-- [ RunTime:0.000238s ]
INFO: [ app_begin ] --START--
INFO: Run Behavior\ReadHtmlCacheBehavior [ RunTime:0.000295s ]
INFO: [ app_begin ] --END-- [ RunTime:0.000327s ]
NOTIC: [8] Undefined index: nuid /phpstudy/www/game/Application/Home/Controller/HomeController.class.php 第 10 行.
SQL: SHOW COLUMNS FROM `dd_config` [ RunTime:0.0005s ]
SQL: SELECT * FROM `dd_config`  [ RunTime:0.0002s ]
SQL: SHOW COLUMNS FROM `dd_user` [ RunTime:0.0013s ]
SQL: SELECT `money` FROM `dd_user` WHERE `id` = 76 LIMIT 1   [ RunTime:0.0003s ]
INFO: [ app_end ] --START--
INFO: Run Behavior\ShowPageTraceBehavior [ RunTime:0.000428s ]
INFO: [ app_end ] --END-- [ RunTime:0.000461s ]

[ 2019-01-27T11:03:01+08:00 ] 14.20.38.55 /index.php?m=Index&c=index&a=record
INFO: [ app_init ] --START--
INFO: Run Behavior\BuildLiteBehavior [ RunTime:0.000012s ]
INFO: [ app_init ] --END-- [ RunTime:0.000265s ]
INFO: [ app_begin ] --START--
INFO: Run Behavior\ReadHtmlCacheBehavior [ RunTime:0.000326s ]
INFO: [ app_begin ] --END-- [ RunTime:0.000365s ]
NOTIC: [8] Undefined index: nuid /phpstudy/www/game/Application/Home/Controller/HomeController.class.php 第 10 行.
SQL: SHOW COLUMNS FROM `dd_config` [ RunTime:0.0006s ]
SQL: SELECT * FROM `dd_config`  [ RunTime:0.0002s ]
SQL: SHOW COLUMNS FROM `dd_play_log` [ RunTime:0.0008s ]
SQL: SELECT * FROM `dd_play_log` WHERE `user_id` = 76  [ RunTime:0.0002s ]
SQL: SELECT * FROM `dd_play_log` WHERE `game_id` = '123'  [ RunTime:0.0002s ]
SQL: SELECT * FROM `dd_play_log` WHERE `game_id` = '111'  [ RunTime:0.0001s ]
SQL: SELECT * FROM `dd_play_log` WHERE `game_id` = '456'  [ RunTime:0.0002s ]
INFO: [ app_end ] --START--
INFO: Run Behavior\ShowPageTraceBehavior [ RunTime:0.000425s ]
INFO: [ app_end ] --END-- [ RunTime:0.000463s ]

[ 2019-01-27T12:06:02+08:00 ] 80.121.241.170 /
INFO: [ app_init ] --START--
INFO: Run Behavior\BuildLiteBehavior [ RunTime:0.000012s ]
INFO: [ app_init ] --END-- [ RunTime:0.000229s ]
NOTIC: [8] Undefined index: HTTP_USER_AGENT /phpstudy/www/game/#DFrame/Library/Think/App.class.php 第 75 行.
INFO: [ app_begin ] --START--
INFO: Run Behavior\ReadHtmlCacheBehavior [ RunTime:0.000300s ]
INFO: [ app_begin ] --END-- [ RunTime:0.000331s ]
NOTIC: [8] Undefined index: nuid /phpstudy/www/game/Application/Home/Controller/HomeController.class.php 第 10 行.
SQL: SHOW COLUMNS FROM `dd_config` [ RunTime:0.0005s ]
SQL: SELECT * FROM `dd_config`  [ RunTime:0.0002s ]
NOTIC: [8] Undefined index: HTTP_HOST /phpstudy/www/game/Application/Common/Util/ddwechat.class.php 第 1297 行.
SQL: SHOW COLUMNS FROM `dd_zhuan` [ RunTime:0.0007s ]
SQL: SELECT * FROM `dd_zhuan` WHERE ( ying>money ) AND `money` > 5 ORDER BY id desc LIMIT 5   [ RunTime:0.0003s ]
SQL: SHOW COLUMNS FROM `dd_charge_log` [ RunTime:0.0004s ]
SQL: SELECT * FROM `dd_charge_log` WHERE `user_id` = null AND `chou` = 0 LIMIT 1   [ RunTime:0.0002s ]
INFO: [ view_parse ] --START--
INFO: [ template_filter ] --START--
INFO: Run Behavior\ContentReplaceBehavior [ RunTime:0.000092s ]
INFO: [ template_filter ] --END-- [ RunTime:0.000129s ]
NOTIC: [8] Undefined variable: user /phpstudy/www/game/Application/Runtime/Cache/Home/2a94b8bda04ff446dcedd42276fc99ee.php 第 61 行.
NOTIC: [8] Undefined variable: user /phpstudy/www/game/Application/Runtime/Cache/Home/2a94b8bda04ff446dcedd42276fc99ee.php 第 62 行.
NOTIC: [8] Undefined variable: user /phpstudy/www/game/Application/Runtime/Cache/Home/2a94b8bda04ff446dcedd42276fc99ee.php 第 76 行.
INFO: Run Behavior\ParseTemplateBehavior [ RunTime:0.009042s ]
INFO: [ view_parse ] --END-- [ RunTime:0.009081s ]
INFO: [ view_filter ] --START--
INFO: Run Behavior\WriteHtmlCacheBehavior [ RunTime:0.000111s ]
INFO: [ view_filter ] --END-- [ RunTime:0.000133s ]
INFO: [ app_end ] --START--
INFO: Run Behavior\ShowPageTraceBehavior [ RunTime:0.000343s ]
INFO: [ app_end ] --END-- [ RunTime:0.000376s ]

