[ 2019-05-05T00:02:01+08:00 ] 200.161.189.234 /
INFO: [ app_init ] --START--
INFO: Run Behavior\BuildLiteBehavior [ RunTime:0.000017s ]
INFO: [ app_init ] --END-- [ RunTime:0.000253s ]
INFO: [ app_begin ] --START--
INFO: Run Behavior\ReadHtmlCacheBehavior [ RunTime:0.000293s ]
INFO: [ app_begin ] --END-- [ RunTime:0.000331s ]
NOTIC: [8] Undefined index: nuid /phpstudy/www/Gittext/game/Application/Home/Controller/HomeController.class.php 第 10 行.
SQL: SHOW COLUMNS FROM `dd_config` [ RunTime:0.0029s ]
SQL: SELECT * FROM `dd_config`  [ RunTime:0.0026s ]
SQL: SHOW COLUMNS FROM `dd_zhuan` [ RunTime:0.0029s ]
SQL: SELECT * FROM `dd_zhuan` WHERE ( ying>money ) AND `money` > 5 ORDER BY id desc LIMIT 5   [ RunTime:0.0025s ]
SQL: SHOW COLUMNS FROM `dd_charge_log` [ RunTime:0.0028s ]
SQL: SELECT * FROM `dd_charge_log` WHERE `user_id` = null AND `chou` = 0 LIMIT 1   [ RunTime:0.0025s ]
INFO: [ view_parse ] --START--
INFO: [ template_filter ] --START--
INFO: Run Behavior\ContentReplaceBehavior [ RunTime:0.000092s ]
INFO: [ template_filter ] --END-- [ RunTime:0.000136s ]
NOTIC: [8] Undefined variable: user /phpstudy/www/Gittext/game/Application/Runtime/Cache/Home/2a94b8bda04ff446dcedd42276fc99ee.php 第 61 行.
NOTIC: [8] Undefined variable: user /phpstudy/www/Gittext/game/Application/Runtime/Cache/Home/2a94b8bda04ff446dcedd42276fc99ee.php 第 62 行.
NOTIC: [8] Undefined variable: user /phpstudy/www/Gittext/game/Application/Runtime/Cache/Home/2a94b8bda04ff446dcedd42276fc99ee.php 第 76 行.
INFO: Run Behavior\ParseTemplateBehavior [ RunTime:0.009607s ]
INFO: [ view_parse ] --END-- [ RunTime:0.009642s ]
INFO: [ view_filter ] --START--
INFO: Run Behavior\WriteHtmlCacheBehavior [ RunTime:0.000120s ]
INFO: [ view_filter ] --END-- [ RunTime:0.000144s ]
INFO: [ app_end ] --START--
INFO: Run Behavior\ShowPageTraceBehavior [ RunTime:0.000364s ]
INFO: [ app_end ] --END-- [ RunTime:0.000397s ]

[ 2019-05-05T01:57:35+08:00 ] 183.129.154.154 /
INFO: [ app_init ] --START--
INFO: Run Behavior\BuildLiteBehavior [ RunTime:0.000013s ]
INFO: [ app_init ] --END-- [ RunTime:0.000223s ]
NOTIC: [8] Undefined index: HTTP_USER_AGENT /phpstudy/www/Gittext/game/#DFrame/Library/Think/App.class.php 第 75 行.
INFO: [ app_begin ] --START--
INFO: Run Behavior\ReadHtmlCacheBehavior [ RunTime:0.000284s ]
INFO: [ app_begin ] --END-- [ RunTime:0.000315s ]
NOTIC: [8] Undefined index: nuid /phpstudy/www/Gittext/game/Application/Home/Controller/HomeController.class.php 第 10 行.
SQL: SHOW COLUMNS FROM `dd_config` [ RunTime:0.0028s ]
SQL: SELECT * FROM `dd_config`  [ RunTime:0.0024s ]
NOTIC: [8] Undefined index: HTTP_HOST /phpstudy/www/Gittext/game/Application/Common/Util/ddwechat.class.php 第 1297 行.
SQL: SHOW COLUMNS FROM `dd_zhuan` [ RunTime:0.0027s ]
SQL: SELECT * FROM `dd_zhuan` WHERE ( ying>money ) AND `money` > 5 ORDER BY id desc LIMIT 5   [ RunTime:0.0025s ]
SQL: SHOW COLUMNS FROM `dd_charge_log` [ RunTime:0.0026s ]
SQL: SELECT * FROM `dd_charge_log` WHERE `user_id` = null AND `chou` = 0 LIMIT 1   [ RunTime:0.0025s ]
INFO: [ view_parse ] --START--
INFO: [ template_filter ] --START--
INFO: Run Behavior\ContentReplaceBehavior [ RunTime:0.000104s ]
INFO: [ template_filter ] --END-- [ RunTime:0.000151s ]
NOTIC: [8] Undefined variable: user /phpstudy/www/Gittext/game/Application/Runtime/Cache/Home/2a94b8bda04ff446dcedd42276fc99ee.php 第 61 行.
NOTIC: [8] Undefined variable: user /phpstudy/www/Gittext/game/Application/Runtime/Cache/Home/2a94b8bda04ff446dcedd42276fc99ee.php 第 62 行.
NOTIC: [8] Undefined variable: user /phpstudy/www/Gittext/game/Application/Runtime/Cache/Home/2a94b8bda04ff446dcedd42276fc99ee.php 第 76 行.
INFO: Run Behavior\ParseTemplateBehavior [ RunTime:0.009372s ]
INFO: [ view_parse ] --END-- [ RunTime:0.009403s ]
INFO: [ view_filter ] --START--
INFO: Run Behavior\WriteHtmlCacheBehavior [ RunTime:0.000115s ]
INFO: [ view_filter ] --END-- [ RunTime:0.000138s ]
INFO: [ app_end ] --START--
INFO: Run Behavior\ShowPageTraceBehavior [ RunTime:0.000338s ]
INFO: [ app_end ] --END-- [ RunTime:0.000369s ]

[ 2019-05-05T04:40:55+08:00 ] 177.27.222.13 /
INFO: [ app_init ] --START--
INFO: Run Behavior\BuildLiteBehavior [ RunTime:0.000014s ]
INFO: [ app_init ] --END-- [ RunTime:0.000263s ]
INFO: [ app_begin ] --START--
INFO: Run Behavior\ReadHtmlCacheBehavior [ RunTime:0.000341s ]
INFO: [ app_begin ] --END-- [ RunTime:0.000387s ]
NOTIC: [8] Undefined index: nuid /phpstudy/www/Gittext/game/Application/Home/Controller/HomeController.class.php 第 10 行.
SQL: SHOW COLUMNS FROM `dd_config` [ RunTime:0.0020s ]
SQL: SELECT * FROM `dd_config`  [ RunTime:0.0016s ]
SQL: SHOW COLUMNS FROM `dd_zhuan` [ RunTime:0.0020s ]
SQL: SELECT * FROM `dd_zhuan` WHERE ( ying>money ) AND `money` > 5 ORDER BY id desc LIMIT 5   [ RunTime:0.0017s ]
SQL: SHOW COLUMNS FROM `dd_charge_log` [ RunTime:0.0026s ]
SQL: SELECT * FROM `dd_charge_log` WHERE `user_id` = null AND `chou` = 0 LIMIT 1   [ RunTime:0.0017s ]
INFO: [ view_parse ] --START--
INFO: [ template_filter ] --START--
INFO: Run Behavior\ContentReplaceBehavior [ RunTime:0.000113s ]
INFO: [ template_filter ] --END-- [ RunTime:0.006029s ]
NOTIC: [8] Undefined variable: user /phpstudy/www/Gittext/game/Application/Runtime/Cache/Home/2a94b8bda04ff446dcedd42276fc99ee.php 第 61 行.
NOTIC: [8] Undefined variable: user /phpstudy/www/Gittext/game/Application/Runtime/Cache/Home/2a94b8bda04ff446dcedd42276fc99ee.php 第 62 行.
NOTIC: [8] Undefined variable: user /phpstudy/www/Gittext/game/Application/Runtime/Cache/Home/2a94b8bda04ff446dcedd42276fc99ee.php 第 76 行.
INFO: Run Behavior\ParseTemplateBehavior [ RunTime:0.019098s ]
INFO: [ view_parse ] --END-- [ RunTime:0.019131s ]
INFO: [ view_filter ] --START--
INFO: Run Behavior\WriteHtmlCacheBehavior [ RunTime:0.000139s ]
INFO: [ view_filter ] --END-- [ RunTime:0.000169s ]
INFO: [ app_end ] --START--
INFO: Run Behavior\ShowPageTraceBehavior [ RunTime:0.000407s ]
INFO: [ app_end ] --END-- [ RunTime:0.000448s ]

[ 2019-05-05T04:40:55+08:00 ] 177.27.222.13 /
INFO: [ app_init ] --START--
INFO: Run Behavior\BuildLiteBehavior [ RunTime:0.000012s ]
INFO: [ app_init ] --END-- [ RunTime:0.000233s ]
INFO: [ app_begin ] --START--
INFO: Run Behavior\ReadHtmlCacheBehavior [ RunTime:0.000302s ]
INFO: [ app_begin ] --END-- [ RunTime:0.000340s ]
NOTIC: [8] Undefined index: nuid /phpstudy/www/Gittext/game/Application/Home/Controller/HomeController.class.php 第 10 行.
SQL: SHOW COLUMNS FROM `dd_config` [ RunTime:0.0027s ]
SQL: SELECT * FROM `dd_config`  [ RunTime:0.0024s ]
SQL: SHOW COLUMNS FROM `dd_zhuan` [ RunTime:0.0052s ]
SQL: SELECT * FROM `dd_zhuan` WHERE ( ying>money ) AND `money` > 5 ORDER BY id desc LIMIT 5   [ RunTime:0.0024s ]
SQL: SHOW COLUMNS FROM `dd_charge_log` [ RunTime:0.0027s ]
SQL: SELECT * FROM `dd_charge_log` WHERE `user_id` = null AND `chou` = 0 LIMIT 1   [ RunTime:0.0024s ]
INFO: [ view_parse ] --START--
INFO: [ template_filter ] --START--
INFO: Run Behavior\ContentReplaceBehavior [ RunTime:0.000094s ]
INFO: [ template_filter ] --END-- [ RunTime:0.000138s ]
NOTIC: [8] Undefined variable: user /phpstudy/www/Gittext/game/Application/Runtime/Cache/Home/2a94b8bda04ff446dcedd42276fc99ee.php 第 61 行.
NOTIC: [8] Undefined variable: user /phpstudy/www/Gittext/game/Application/Runtime/Cache/Home/2a94b8bda04ff446dcedd42276fc99ee.php 第 62 行.
NOTIC: [8] Undefined variable: user /phpstudy/www/Gittext/game/Application/Runtime/Cache/Home/2a94b8bda04ff446dcedd42276fc99ee.php 第 76 行.
INFO: Run Behavior\ParseTemplateBehavior [ RunTime:0.014941s ]
INFO: [ view_parse ] --END-- [ RunTime:0.014980s ]
INFO: [ view_filter ] --START--
INFO: Run Behavior\WriteHtmlCacheBehavior [ RunTime:0.000122s ]
INFO: [ view_filter ] --END-- [ RunTime:0.000146s ]
INFO: [ app_end ] --START--
INFO: Run Behavior\ShowPageTraceBehavior [ RunTime:0.000412s ]
INFO: [ app_end ] --END-- [ RunTime:0.000453s ]

[ 2019-05-05T05:40:30+08:00 ] 201.27.57.212 /
INFO: [ app_init ] --START--
INFO: Run Behavior\BuildLiteBehavior [ RunTime:0.000017s ]
INFO: [ app_init ] --END-- [ RunTime:0.000278s ]
INFO: [ app_begin ] --START--
INFO: Run Behavior\ReadHtmlCacheBehavior [ RunTime:0.000350s ]
INFO: [ app_begin ] --END-- [ RunTime:0.000386s ]
NOTIC: [8] Undefined index: nuid /phpstudy/www/Gittext/game/Application/Home/Controller/HomeController.class.php 第 10 行.
SQL: SHOW COLUMNS FROM `dd_config` [ RunTime:0.0024s ]
SQL: SELECT * FROM `dd_config`  [ RunTime:0.0020s ]
SQL: SHOW COLUMNS FROM `dd_zhuan` [ RunTime:0.0023s ]
SQL: SELECT * FROM `dd_zhuan` WHERE ( ying>money ) AND `money` > 5 ORDER BY id desc LIMIT 5   [ RunTime:0.0021s ]
SQL: SHOW COLUMNS FROM `dd_charge_log` [ RunTime:0.0023s ]
SQL: SELECT * FROM `dd_charge_log` WHERE `user_id` = null AND `chou` = 0 LIMIT 1   [ RunTime:0.0021s ]
INFO: [ view_parse ] --START--
INFO: [ template_filter ] --START--
INFO: Run Behavior\ContentReplaceBehavior [ RunTime:0.000094s ]
INFO: [ template_filter ] --END-- [ RunTime:0.000143s ]
NOTIC: [8] Undefined variable: user /phpstudy/www/Gittext/game/Application/Runtime/Cache/Home/2a94b8bda04ff446dcedd42276fc99ee.php 第 61 行.
NOTIC: [8] Undefined variable: user /phpstudy/www/Gittext/game/Application/Runtime/Cache/Home/2a94b8bda04ff446dcedd42276fc99ee.php 第 62 行.
NOTIC: [8] Undefined variable: user /phpstudy/www/Gittext/game/Application/Runtime/Cache/Home/2a94b8bda04ff446dcedd42276fc99ee.php 第 76 行.
INFO: Run Behavior\ParseTemplateBehavior [ RunTime:0.011358s ]
INFO: [ view_parse ] --END-- [ RunTime:0.011392s ]
INFO: [ view_filter ] --START--
INFO: Run Behavior\WriteHtmlCacheBehavior [ RunTime:0.000122s ]
INFO: [ view_filter ] --END-- [ RunTime:0.000149s ]
INFO: [ app_end ] --START--
INFO: Run Behavior\ShowPageTraceBehavior [ RunTime:0.000359s ]
INFO: [ app_end ] --END-- [ RunTime:0.000412s ]

[ 2019-05-05T05:46:16+08:00 ] 95.249.115.105 /
INFO: [ app_init ] --START--
INFO: Run Behavior\BuildLiteBehavior [ RunTime:0.000014s ]
INFO: [ app_init ] --END-- [ RunTime:0.000247s ]
INFO: [ app_begin ] --START--
INFO: Run Behavior\ReadHtmlCacheBehavior [ RunTime:0.000308s ]
INFO: [ app_begin ] --END-- [ RunTime:0.000346s ]
NOTIC: [8] Undefined index: nuid /phpstudy/www/Gittext/game/Application/Home/Controller/HomeController.class.php 第 10 行.
SQL: SHOW COLUMNS FROM `dd_config` [ RunTime:0.0020s ]
SQL: SELECT * FROM `dd_config`  [ RunTime:0.0017s ]
SQL: SHOW COLUMNS FROM `dd_zhuan` [ RunTime:0.0019s ]
SQL: SELECT * FROM `dd_zhuan` WHERE ( ying>money ) AND `money` > 5 ORDER BY id desc LIMIT 5   [ RunTime:0.0017s ]
SQL: SHOW COLUMNS FROM `dd_charge_log` [ RunTime:0.0020s ]
SQL: SELECT * FROM `dd_charge_log` WHERE `user_id` = null AND `chou` = 0 LIMIT 1   [ RunTime:0.0018s ]
INFO: [ view_parse ] --START--
INFO: [ template_filter ] --START--
INFO: Run Behavior\ContentReplaceBehavior [ RunTime:0.000101s ]
INFO: [ template_filter ] --END-- [ RunTime:0.000145s ]
NOTIC: [8] Undefined variable: user /phpstudy/www/Gittext/game/Application/Runtime/Cache/Home/2a94b8bda04ff446dcedd42276fc99ee.php 第 61 行.
NOTIC: [8] Undefined variable: user /phpstudy/www/Gittext/game/Application/Runtime/Cache/Home/2a94b8bda04ff446dcedd42276fc99ee.php 第 62 行.
NOTIC: [8] Undefined variable: user /phpstudy/www/Gittext/game/Application/Runtime/Cache/Home/2a94b8bda04ff446dcedd42276fc99ee.php 第 76 行.
INFO: Run Behavior\ParseTemplateBehavior [ RunTime:0.009749s ]
INFO: [ view_parse ] --END-- [ RunTime:0.009782s ]
INFO: [ view_filter ] --START--
INFO: Run Behavior\WriteHtmlCacheBehavior [ RunTime:0.000134s ]
INFO: [ view_filter ] --END-- [ RunTime:0.000160s ]
INFO: [ app_end ] --START--
INFO: Run Behavior\ShowPageTraceBehavior [ RunTime:0.000347s ]
INFO: [ app_end ] --END-- [ RunTime:0.000377s ]

[ 2019-05-05T05:50:19+08:00 ] 5.200.69.126 /
INFO: [ app_init ] --START--
INFO: Run Behavior\BuildLiteBehavior [ RunTime:0.000017s ]
INFO: [ app_init ] --END-- [ RunTime:0.000337s ]
INFO: [ app_begin ] --START--
INFO: Run Behavior\ReadHtmlCacheBehavior [ RunTime:0.000324s ]
INFO: [ app_begin ] --END-- [ RunTime:0.000364s ]
NOTIC: [8] Undefined index: nuid /phpstudy/www/Gittext/game/Application/Home/Controller/HomeController.class.php 第 10 行.
SQL: SHOW COLUMNS FROM `dd_config` [ RunTime:0.0027s ]
SQL: SELECT * FROM `dd_config`  [ RunTime:0.0024s ]
SQL: SHOW COLUMNS FROM `dd_zhuan` [ RunTime:0.0027s ]
SQL: SELECT * FROM `dd_zhuan` WHERE ( ying>money ) AND `money` > 5 ORDER BY id desc LIMIT 5   [ RunTime:0.0025s ]
SQL: SHOW COLUMNS FROM `dd_charge_log` [ RunTime:0.0026s ]
SQL: SELECT * FROM `dd_charge_log` WHERE `user_id` = null AND `chou` = 0 LIMIT 1   [ RunTime:0.0024s ]
INFO: [ view_parse ] --START--
INFO: [ template_filter ] --START--
INFO: Run Behavior\ContentReplaceBehavior [ RunTime:0.000089s ]
INFO: [ template_filter ] --END-- [ RunTime:0.000130s ]
NOTIC: [8] Undefined variable: user /phpstudy/www/Gittext/game/Application/Runtime/Cache/Home/2a94b8bda04ff446dcedd42276fc99ee.php 第 61 行.
NOTIC: [8] Undefined variable: user /phpstudy/www/Gittext/game/Application/Runtime/Cache/Home/2a94b8bda04ff446dcedd42276fc99ee.php 第 62 行.
NOTIC: [8] Undefined variable: user /phpstudy/www/Gittext/game/Application/Runtime/Cache/Home/2a94b8bda04ff446dcedd42276fc99ee.php 第 76 行.
INFO: Run Behavior\ParseTemplateBehavior [ RunTime:0.009727s ]
INFO: [ view_parse ] --END-- [ RunTime:0.009763s ]
INFO: [ view_filter ] --START--
INFO: Run Behavior\WriteHtmlCacheBehavior [ RunTime:0.000110s ]
INFO: [ view_filter ] --END-- [ RunTime:0.000134s ]
INFO: [ app_end ] --START--
INFO: Run Behavior\ShowPageTraceBehavior [ RunTime:0.000398s ]
INFO: [ app_end ] --END-- [ RunTime:0.000431s ]

[ 2019-05-05T06:02:05+08:00 ] 101.132.177.14 /
INFO: [ app_init ] --START--
INFO: Run Behavior\BuildLiteBehavior [ RunTime:0.000017s ]
INFO: [ app_init ] --END-- [ RunTime:0.000258s ]
INFO: [ app_begin ] --START--
INFO: Run Behavior\ReadHtmlCacheBehavior [ RunTime:0.000309s ]
INFO: [ app_begin ] --END-- [ RunTime:0.000343s ]
NOTIC: [8] Undefined index: nuid /phpstudy/www/Gittext/game/Application/Home/Controller/HomeController.class.php 第 10 行.
SQL: SHOW COLUMNS FROM `dd_config` [ RunTime:0.0024s ]
SQL: SELECT * FROM `dd_config`  [ RunTime:0.0020s ]
SQL: SHOW COLUMNS FROM `dd_zhuan` [ RunTime:0.0023s ]
SQL: SELECT * FROM `dd_zhuan` WHERE ( ying>money ) AND `money` > 5 ORDER BY id desc LIMIT 5   [ RunTime:0.0020s ]
SQL: SHOW COLUMNS FROM `dd_charge_log` [ RunTime:0.0023s ]
SQL: SELECT * FROM `dd_charge_log` WHERE `user_id` = null AND `chou` = 0 LIMIT 1   [ RunTime:0.0020s ]
INFO: [ view_parse ] --START--
INFO: [ template_filter ] --START--
INFO: Run Behavior\ContentReplaceBehavior [ RunTime:0.000092s ]
INFO: [ template_filter ] --END-- [ RunTime:0.000137s ]
NOTIC: [8] Undefined variable: user /phpstudy/www/Gittext/game/Application/Runtime/Cache/Home/2a94b8bda04ff446dcedd42276fc99ee.php 第 61 行.
NOTIC: [8] Undefined variable: user /phpstudy/www/Gittext/game/Application/Runtime/Cache/Home/2a94b8bda04ff446dcedd42276fc99ee.php 第 62 行.
NOTIC: [8] Undefined variable: user /phpstudy/www/Gittext/game/Application/Runtime/Cache/Home/2a94b8bda04ff446dcedd42276fc99ee.php 第 76 行.
INFO: Run Behavior\ParseTemplateBehavior [ RunTime:0.009818s ]
INFO: [ view_parse ] --END-- [ RunTime:0.009852s ]
INFO: [ view_filter ] --START--
INFO: Run Behavior\WriteHtmlCacheBehavior [ RunTime:0.000123s ]
INFO: [ view_filter ] --END-- [ RunTime:0.000148s ]
INFO: [ app_end ] --START--
INFO: Run Behavior\ShowPageTraceBehavior [ RunTime:0.000387s ]
INFO: [ app_end ] --END-- [ RunTime:0.000428s ]

[ 2019-05-05T06:18:49+08:00 ] 120.78.236.15 /index.php
INFO: [ app_init ] --START--
INFO: Run Behavior\BuildLiteBehavior [ RunTime:0.000015s ]
INFO: [ app_init ] --END-- [ RunTime:0.000262s ]
INFO: [ app_begin ] --START--
INFO: Run Behavior\ReadHtmlCacheBehavior [ RunTime:0.000317s ]
INFO: [ app_begin ] --END-- [ RunTime:0.000352s ]
NOTIC: [8] Undefined index: nuid /phpstudy/www/Gittext/game/Application/Home/Controller/HomeController.class.php 第 10 行.
SQL: SHOW COLUMNS FROM `dd_config` [ RunTime:0.0022s ]
SQL: SELECT * FROM `dd_config`  [ RunTime:0.0019s ]
SQL: SHOW COLUMNS FROM `dd_zhuan` [ RunTime:0.0023s ]
SQL: SELECT * FROM `dd_zhuan` WHERE ( ying>money ) AND `money` > 5 ORDER BY id desc LIMIT 5   [ RunTime:0.0019s ]
SQL: SHOW COLUMNS FROM `dd_charge_log` [ RunTime:0.0021s ]
SQL: SELECT * FROM `dd_charge_log` WHERE `user_id` = null AND `chou` = 0 LIMIT 1   [ RunTime:0.0019s ]
INFO: [ view_parse ] --START--
INFO: [ template_filter ] --START--
INFO: Run Behavior\ContentReplaceBehavior [ RunTime:0.000091s ]
INFO: [ template_filter ] --END-- [ RunTime:0.000136s ]
NOTIC: [8] Undefined variable: user /phpstudy/www/Gittext/game/Application/Runtime/Cache/Home/2a94b8bda04ff446dcedd42276fc99ee.php 第 61 行.
NOTIC: [8] Undefined variable: user /phpstudy/www/Gittext/game/Application/Runtime/Cache/Home/2a94b8bda04ff446dcedd42276fc99ee.php 第 62 行.
NOTIC: [8] Undefined variable: user /phpstudy/www/Gittext/game/Application/Runtime/Cache/Home/2a94b8bda04ff446dcedd42276fc99ee.php 第 76 行.
INFO: Run Behavior\ParseTemplateBehavior [ RunTime:0.009635s ]
INFO: [ view_parse ] --END-- [ RunTime:0.009666s ]
INFO: [ view_filter ] --START--
INFO: Run Behavior\WriteHtmlCacheBehavior [ RunTime:0.000119s ]
INFO: [ view_filter ] --END-- [ RunTime:0.000141s ]
INFO: [ app_end ] --START--
INFO: Run Behavior\ShowPageTraceBehavior [ RunTime:0.000378s ]
INFO: [ app_end ] --END-- [ RunTime:0.000418s ]

[ 2019-05-05T06:22:33+08:00 ] 36.90.33.142 /
INFO: [ app_init ] --START--
INFO: Run Behavior\BuildLiteBehavior [ RunTime:0.000013s ]
INFO: [ app_init ] --END-- [ RunTime:0.000223s ]
INFO: [ app_begin ] --START--
INFO: Run Behavior\ReadHtmlCacheBehavior [ RunTime:0.000424s ]
INFO: [ app_begin ] --END-- [ RunTime:0.000457s ]
NOTIC: [8] Undefined index: nuid /phpstudy/www/Gittext/game/Application/Home/Controller/HomeController.class.php 第 10 行.
SQL: SHOW COLUMNS FROM `dd_config` [ RunTime:0.0026s ]
SQL: SELECT * FROM `dd_config`  [ RunTime:0.0023s ]
SQL: SHOW COLUMNS FROM `dd_zhuan` [ RunTime:0.0026s ]
SQL: SELECT * FROM `dd_zhuan` WHERE ( ying>money ) AND `money` > 5 ORDER BY id desc LIMIT 5   [ RunTime:0.0023s ]
SQL: SHOW COLUMNS FROM `dd_charge_log` [ RunTime:0.0026s ]
SQL: SELECT * FROM `dd_charge_log` WHERE `user_id` = null AND `chou` = 0 LIMIT 1   [ RunTime:0.0023s ]
INFO: [ view_parse ] --START--
INFO: [ template_filter ] --START--
INFO: Run Behavior\ContentReplaceBehavior [ RunTime:0.000091s ]
INFO: [ template_filter ] --END-- [ RunTime:0.000134s ]
NOTIC: [8] Undefined variable: user /phpstudy/www/Gittext/game/Application/Runtime/Cache/Home/2a94b8bda04ff446dcedd42276fc99ee.php 第 61 行.
NOTIC: [8] Undefined variable: user /phpstudy/www/Gittext/game/Application/Runtime/Cache/Home/2a94b8bda04ff446dcedd42276fc99ee.php 第 62 行.
NOTIC: [8] Undefined variable: user /phpstudy/www/Gittext/game/Application/Runtime/Cache/Home/2a94b8bda04ff446dcedd42276fc99ee.php 第 76 行.
INFO: Run Behavior\ParseTemplateBehavior [ RunTime:0.009636s ]
INFO: [ view_parse ] --END-- [ RunTime:0.009669s ]
INFO: [ view_filter ] --START--
INFO: Run Behavior\WriteHtmlCacheBehavior [ RunTime:0.000114s ]
INFO: [ view_filter ] --END-- [ RunTime:0.000138s ]
INFO: [ app_end ] --START--
INFO: Run Behavior\ShowPageTraceBehavior [ RunTime:0.000394s ]
INFO: [ app_end ] --END-- [ RunTime:0.000428s ]

[ 2019-05-05T07:09:06+08:00 ] 106.15.76.92 /
INFO: [ app_init ] --START--
INFO: Run Behavior\BuildLiteBehavior [ RunTime:0.000013s ]
INFO: [ app_init ] --END-- [ RunTime:0.000231s ]
NOTIC: [8] Undefined index: HTTP_USER_AGENT /phpstudy/www/Gittext/game/#DFrame/Library/Think/App.class.php 第 75 行.
INFO: [ app_begin ] --START--
INFO: Run Behavior\ReadHtmlCacheBehavior [ RunTime:0.000333s ]
INFO: [ app_begin ] --END-- [ RunTime:0.000368s ]
NOTIC: [8] Undefined index: nuid /phpstudy/www/Gittext/game/Application/Home/Controller/HomeController.class.php 第 10 行.
SQL: SHOW COLUMNS FROM `dd_config` [ RunTime:0.0024s ]
SQL: SELECT * FROM `dd_config`  [ RunTime:0.0022s ]
NOTIC: [8] Undefined index: HTTP_HOST /phpstudy/www/Gittext/game/Application/Common/Util/ddwechat.class.php 第 1297 行.
SQL: SHOW COLUMNS FROM `dd_zhuan` [ RunTime:0.0024s ]
SQL: SELECT * FROM `dd_zhuan` WHERE ( ying>money ) AND `money` > 5 ORDER BY id desc LIMIT 5   [ RunTime:0.0021s ]
SQL: SHOW COLUMNS FROM `dd_charge_log` [ RunTime:0.0024s ]
SQL: SELECT * FROM `dd_charge_log` WHERE `user_id` = null AND `chou` = 0 LIMIT 1   [ RunTime:0.0020s ]
INFO: [ view_parse ] --START--
INFO: [ template_filter ] --START--
INFO: Run Behavior\ContentReplaceBehavior [ RunTime:0.000099s ]
INFO: [ template_filter ] --END-- [ RunTime:0.000147s ]
NOTIC: [8] Undefined variable: user /phpstudy/www/Gittext/game/Application/Runtime/Cache/Home/2a94b8bda04ff446dcedd42276fc99ee.php 第 61 行.
NOTIC: [8] Undefined variable: user /phpstudy/www/Gittext/game/Application/Runtime/Cache/Home/2a94b8bda04ff446dcedd42276fc99ee.php 第 62 行.
NOTIC: [8] Undefined variable: user /phpstudy/www/Gittext/game/Application/Runtime/Cache/Home/2a94b8bda04ff446dcedd42276fc99ee.php 第 76 行.
INFO: Run Behavior\ParseTemplateBehavior [ RunTime:0.009330s ]
INFO: [ view_parse ] --END-- [ RunTime:0.009365s ]
INFO: [ view_filter ] --START--
INFO: Run Behavior\WriteHtmlCacheBehavior [ RunTime:0.000117s ]
INFO: [ view_filter ] --END-- [ RunTime:0.000142s ]
INFO: [ app_end ] --START--
INFO: Run Behavior\ShowPageTraceBehavior [ RunTime:0.000346s ]
INFO: [ app_end ] --END-- [ RunTime:0.000387s ]

[ 2019-05-05T07:14:57+08:00 ] 59.110.226.202 /index.php
INFO: [ app_init ] --START--
INFO: Run Behavior\BuildLiteBehavior [ RunTime:0.000015s ]
INFO: [ app_init ] --END-- [ RunTime:0.000229s ]
INFO: [ app_begin ] --START--
INFO: Run Behavior\ReadHtmlCacheBehavior [ RunTime:0.000290s ]
INFO: [ app_begin ] --END-- [ RunTime:0.000322s ]
NOTIC: [8] Undefined index: nuid /phpstudy/www/Gittext/game/Application/Home/Controller/HomeController.class.php 第 10 行.
SQL: SHOW COLUMNS FROM `dd_config` [ RunTime:0.0032s ]
SQL: SELECT * FROM `dd_config`  [ RunTime:0.0028s ]
SQL: SHOW COLUMNS FROM `dd_zhuan` [ RunTime:0.0031s ]
SQL: SELECT * FROM `dd_zhuan` WHERE ( ying>money ) AND `money` > 5 ORDER BY id desc LIMIT 5   [ RunTime:0.0029s ]
SQL: SHOW COLUMNS FROM `dd_charge_log` [ RunTime:0.0032s ]
SQL: SELECT * FROM `dd_charge_log` WHERE `user_id` = null AND `chou` = 0 LIMIT 1   [ RunTime:0.0030s ]
INFO: [ view_parse ] --START--
INFO: [ template_filter ] --START--
INFO: Run Behavior\ContentReplaceBehavior [ RunTime:0.000089s ]
INFO: [ template_filter ] --END-- [ RunTime:0.000133s ]
NOTIC: [8] Undefined variable: user /phpstudy/www/Gittext/game/Application/Runtime/Cache/Home/2a94b8bda04ff446dcedd42276fc99ee.php 第 61 行.
NOTIC: [8] Undefined variable: user /phpstudy/www/Gittext/game/Application/Runtime/Cache/Home/2a94b8bda04ff446dcedd42276fc99ee.php 第 62 行.
NOTIC: [8] Undefined variable: user /phpstudy/www/Gittext/game/Application/Runtime/Cache/Home/2a94b8bda04ff446dcedd42276fc99ee.php 第 76 行.
INFO: Run Behavior\ParseTemplateBehavior [ RunTime:0.009348s ]
INFO: [ view_parse ] --END-- [ RunTime:0.009382s ]
INFO: [ view_filter ] --START--
INFO: Run Behavior\WriteHtmlCacheBehavior [ RunTime:0.000116s ]
INFO: [ view_filter ] --END-- [ RunTime:0.000152s ]
INFO: [ app_end ] --START--
INFO: Run Behavior\ShowPageTraceBehavior [ RunTime:0.000336s ]
INFO: [ app_end ] --END-- [ RunTime:0.000366s ]

[ 2019-05-05T08:01:30+08:00 ] 203.189.151.7 /
INFO: [ app_init ] --START--
INFO: Run Behavior\BuildLiteBehavior [ RunTime:0.000014s ]
INFO: [ app_init ] --END-- [ RunTime:0.000255s ]
INFO: [ app_begin ] --START--
INFO: Run Behavior\ReadHtmlCacheBehavior [ RunTime:0.000286s ]
INFO: [ app_begin ] --END-- [ RunTime:0.000318s ]
NOTIC: [8] Undefined index: nuid /phpstudy/www/Gittext/game/Application/Home/Controller/HomeController.class.php 第 10 行.
SQL: SHOW COLUMNS FROM `dd_config` [ RunTime:0.0023s ]
SQL: SELECT * FROM `dd_config`  [ RunTime:0.0020s ]
SQL: SHOW COLUMNS FROM `dd_zhuan` [ RunTime:0.0022s ]
SQL: SELECT * FROM `dd_zhuan` WHERE ( ying>money ) AND `money` > 5 ORDER BY id desc LIMIT 5   [ RunTime:0.0020s ]
SQL: SHOW COLUMNS FROM `dd_charge_log` [ RunTime:0.0022s ]
SQL: SELECT * FROM `dd_charge_log` WHERE `user_id` = null AND `chou` = 0 LIMIT 1   [ RunTime:0.0020s ]
INFO: [ view_parse ] --START--
INFO: [ template_filter ] --START--
INFO: Run Behavior\ContentReplaceBehavior [ RunTime:0.000088s ]
INFO: [ template_filter ] --END-- [ RunTime:0.000130s ]
NOTIC: [8] Undefined variable: user /phpstudy/www/Gittext/game/Application/Runtime/Cache/Home/2a94b8bda04ff446dcedd42276fc99ee.php 第 61 行.
NOTIC: [8] Undefined variable: user /phpstudy/www/Gittext/game/Application/Runtime/Cache/Home/2a94b8bda04ff446dcedd42276fc99ee.php 第 62 行.
NOTIC: [8] Undefined variable: user /phpstudy/www/Gittext/game/Application/Runtime/Cache/Home/2a94b8bda04ff446dcedd42276fc99ee.php 第 76 行.
INFO: Run Behavior\ParseTemplateBehavior [ RunTime:0.009391s ]
INFO: [ view_parse ] --END-- [ RunTime:0.009423s ]
INFO: [ view_filter ] --START--
INFO: Run Behavior\WriteHtmlCacheBehavior [ RunTime:0.000116s ]
INFO: [ view_filter ] --END-- [ RunTime:0.000141s ]
INFO: [ app_end ] --START--
INFO: Run Behavior\ShowPageTraceBehavior [ RunTime:0.000458s ]
INFO: [ app_end ] --END-- [ RunTime:0.000492s ]

[ 2019-05-05T09:02:05+08:00 ] 119.23.174.205 /
INFO: [ app_init ] --START--
INFO: Run Behavior\BuildLiteBehavior [ RunTime:0.000013s ]
INFO: [ app_init ] --END-- [ RunTime:0.000246s ]
NOTIC: [8] Undefined index: HTTP_USER_AGENT /phpstudy/www/Gittext/game/#DFrame/Library/Think/App.class.php 第 75 行.
INFO: [ app_begin ] --START--
INFO: Run Behavior\ReadHtmlCacheBehavior [ RunTime:0.000284s ]
INFO: [ app_begin ] --END-- [ RunTime:0.000315s ]
NOTIC: [8] Undefined index: nuid /phpstudy/www/Gittext/game/Application/Home/Controller/HomeController.class.php 第 10 行.
SQL: SHOW COLUMNS FROM `dd_config` [ RunTime:0.0025s ]
SQL: SELECT * FROM `dd_config`  [ RunTime:0.0021s ]
NOTIC: [8] Undefined index: HTTP_HOST /phpstudy/www/Gittext/game/Application/Common/Util/ddwechat.class.php 第 1297 行.
SQL: SHOW COLUMNS FROM `dd_zhuan` [ RunTime:0.0024s ]
SQL: SELECT * FROM `dd_zhuan` WHERE ( ying>money ) AND `money` > 5 ORDER BY id desc LIMIT 5   [ RunTime:0.0022s ]
SQL: SHOW COLUMNS FROM `dd_charge_log` [ RunTime:0.0023s ]
SQL: SELECT * FROM `dd_charge_log` WHERE `user_id` = null AND `chou` = 0 LIMIT 1   [ RunTime:0.0022s ]
INFO: [ view_parse ] --START--
INFO: [ template_filter ] --START--
INFO: Run Behavior\ContentReplaceBehavior [ RunTime:0.000096s ]
INFO: [ template_filter ] --END-- [ RunTime:0.000135s ]
NOTIC: [8] Undefined variable: user /phpstudy/www/Gittext/game/Application/Runtime/Cache/Home/2a94b8bda04ff446dcedd42276fc99ee.php 第 61 行.
NOTIC: [8] Undefined variable: user /phpstudy/www/Gittext/game/Application/Runtime/Cache/Home/2a94b8bda04ff446dcedd42276fc99ee.php 第 62 行.
NOTIC: [8] Undefined variable: user /phpstudy/www/Gittext/game/Application/Runtime/Cache/Home/2a94b8bda04ff446dcedd42276fc99ee.php 第 76 行.
INFO: Run Behavior\ParseTemplateBehavior [ RunTime:0.009029s ]
INFO: [ view_parse ] --END-- [ RunTime:0.009061s ]
INFO: [ view_filter ] --START--
INFO: Run Behavior\WriteHtmlCacheBehavior [ RunTime:0.000111s ]
INFO: [ view_filter ] --END-- [ RunTime:0.000134s ]
INFO: [ app_end ] --START--
INFO: Run Behavior\ShowPageTraceBehavior [ RunTime:0.000359s ]
INFO: [ app_end ] --END-- [ RunTime:0.000400s ]

[ 2019-05-05T09:14:47+08:00 ] 42.236.10.78 /
INFO: [ app_init ] --START--
INFO: Run Behavior\BuildLiteBehavior [ RunTime:0.000013s ]
INFO: [ app_init ] --END-- [ RunTime:0.000226s ]
INFO: [ app_begin ] --START--
INFO: Run Behavior\ReadHtmlCacheBehavior [ RunTime:0.000301s ]
INFO: [ app_begin ] --END-- [ RunTime:0.000334s ]
NOTIC: [8] Undefined index: nuid /phpstudy/www/Gittext/game/Application/Home/Controller/HomeController.class.php 第 10 行.
SQL: SHOW COLUMNS FROM `dd_config` [ RunTime:0.0023s ]
SQL: SELECT * FROM `dd_config`  [ RunTime:0.0019s ]
SQL: SHOW COLUMNS FROM `dd_zhuan` [ RunTime:0.0025s ]
SQL: SELECT * FROM `dd_zhuan` WHERE ( ying>money ) AND `money` > 5 ORDER BY id desc LIMIT 5   [ RunTime:0.0021s ]
SQL: SHOW COLUMNS FROM `dd_charge_log` [ RunTime:0.0022s ]
SQL: SELECT * FROM `dd_charge_log` WHERE `user_id` = null AND `chou` = 0 LIMIT 1   [ RunTime:0.0018s ]
INFO: [ view_parse ] --START--
INFO: [ template_filter ] --START--
INFO: Run Behavior\ContentReplaceBehavior [ RunTime:0.000088s ]
INFO: [ template_filter ] --END-- [ RunTime:0.000123s ]
NOTIC: [8] Undefined variable: user /phpstudy/www/Gittext/game/Application/Runtime/Cache/Home/2a94b8bda04ff446dcedd42276fc99ee.php 第 61 行.
NOTIC: [8] Undefined variable: user /phpstudy/www/Gittext/game/Application/Runtime/Cache/Home/2a94b8bda04ff446dcedd42276fc99ee.php 第 62 行.
NOTIC: [8] Undefined variable: user /phpstudy/www/Gittext/game/Application/Runtime/Cache/Home/2a94b8bda04ff446dcedd42276fc99ee.php 第 76 行.
INFO: Run Behavior\ParseTemplateBehavior [ RunTime:0.009205s ]
INFO: [ view_parse ] --END-- [ RunTime:0.009236s ]
INFO: [ view_filter ] --START--
INFO: Run Behavior\WriteHtmlCacheBehavior [ RunTime:0.000120s ]
INFO: [ view_filter ] --END-- [ RunTime:0.000142s ]
INFO: [ app_end ] --START--
INFO: Run Behavior\ShowPageTraceBehavior [ RunTime:0.000330s ]
INFO: [ app_end ] --END-- [ RunTime:0.000361s ]

[ 2019-05-05T11:24:45+08:00 ] 217.113.146.46 /
INFO: [ app_init ] --START--
INFO: Run Behavior\BuildLiteBehavior [ RunTime:0.000012s ]
INFO: [ app_init ] --END-- [ RunTime:0.000226s ]
INFO: [ app_begin ] --START--
INFO: Run Behavior\ReadHtmlCacheBehavior [ RunTime:0.000305s ]
INFO: [ app_begin ] --END-- [ RunTime:0.000337s ]
NOTIC: [8] Undefined index: nuid /phpstudy/www/Gittext/game/Application/Home/Controller/HomeController.class.php 第 10 行.
SQL: SHOW COLUMNS FROM `dd_config` [ RunTime:0.0032s ]
SQL: SELECT * FROM `dd_config`  [ RunTime:0.0028s ]
SQL: SHOW COLUMNS FROM `dd_zhuan` [ RunTime:0.0033s ]
SQL: SELECT * FROM `dd_zhuan` WHERE ( ying>money ) AND `money` > 5 ORDER BY id desc LIMIT 5   [ RunTime:0.0029s ]
SQL: SHOW COLUMNS FROM `dd_charge_log` [ RunTime:0.0031s ]
SQL: SELECT * FROM `dd_charge_log` WHERE `user_id` = null AND `chou` = 0 LIMIT 1   [ RunTime:0.0028s ]
INFO: [ view_parse ] --START--
INFO: [ template_filter ] --START--
INFO: Run Behavior\ContentReplaceBehavior [ RunTime:0.000094s ]
INFO: [ template_filter ] --END-- [ RunTime:0.000139s ]
NOTIC: [8] Undefined variable: user /phpstudy/www/Gittext/game/Application/Runtime/Cache/Home/2a94b8bda04ff446dcedd42276fc99ee.php 第 61 行.
NOTIC: [8] Undefined variable: user /phpstudy/www/Gittext/game/Application/Runtime/Cache/Home/2a94b8bda04ff446dcedd42276fc99ee.php 第 62 行.
NOTIC: [8] Undefined variable: user /phpstudy/www/Gittext/game/Application/Runtime/Cache/Home/2a94b8bda04ff446dcedd42276fc99ee.php 第 76 行.
INFO: Run Behavior\ParseTemplateBehavior [ RunTime:0.010474s ]
INFO: [ view_parse ] --END-- [ RunTime:0.010507s ]
INFO: [ view_filter ] --START--
INFO: Run Behavior\WriteHtmlCacheBehavior [ RunTime:0.000129s ]
INFO: [ view_filter ] --END-- [ RunTime:0.000153s ]
INFO: [ app_end ] --START--
INFO: Run Behavior\ShowPageTraceBehavior [ RunTime:0.000378s ]
INFO: [ app_end ] --END-- [ RunTime:0.000411s ]

[ 2019-05-05T11:30:08+08:00 ] 107.170.198.246 /
INFO: [ app_init ] --START--
INFO: Run Behavior\BuildLiteBehavior [ RunTime:0.000013s ]
INFO: [ app_init ] --END-- [ RunTime:0.000232s ]
INFO: [ app_begin ] --START--
INFO: Run Behavior\ReadHtmlCacheBehavior [ RunTime:0.000319s ]
INFO: [ app_begin ] --END-- [ RunTime:0.000353s ]
NOTIC: [8] Undefined index: nuid /phpstudy/www/Gittext/game/Application/Home/Controller/HomeController.class.php 第 10 行.
SQL: SHOW COLUMNS FROM `dd_config` [ RunTime:0.0021s ]
SQL: SELECT * FROM `dd_config`  [ RunTime:0.0018s ]
SQL: SHOW COLUMNS FROM `dd_zhuan` [ RunTime:0.0020s ]
SQL: SELECT * FROM `dd_zhuan` WHERE ( ying>money ) AND `money` > 5 ORDER BY id desc LIMIT 5   [ RunTime:0.0018s ]
SQL: SHOW COLUMNS FROM `dd_charge_log` [ RunTime:0.0020s ]
SQL: SELECT * FROM `dd_charge_log` WHERE `user_id` = null AND `chou` = 0 LIMIT 1   [ RunTime:0.0018s ]
INFO: [ view_parse ] --START--
INFO: [ template_filter ] --START--
INFO: Run Behavior\ContentReplaceBehavior [ RunTime:0.000091s ]
INFO: [ template_filter ] --END-- [ RunTime:0.000132s ]
NOTIC: [8] Undefined variable: user /phpstudy/www/Gittext/game/Application/Runtime/Cache/Home/2a94b8bda04ff446dcedd42276fc99ee.php 第 61 行.
NOTIC: [8] Undefined variable: user /phpstudy/www/Gittext/game/Application/Runtime/Cache/Home/2a94b8bda04ff446dcedd42276fc99ee.php 第 62 行.
NOTIC: [8] Undefined variable: user /phpstudy/www/Gittext/game/Application/Runtime/Cache/Home/2a94b8bda04ff446dcedd42276fc99ee.php 第 76 行.
INFO: Run Behavior\ParseTemplateBehavior [ RunTime:0.011093s ]
INFO: [ view_parse ] --END-- [ RunTime:0.011128s ]
INFO: [ view_filter ] --START--
INFO: Run Behavior\WriteHtmlCacheBehavior [ RunTime:0.000135s ]
INFO: [ view_filter ] --END-- [ RunTime:0.000177s ]
INFO: [ app_end ] --START--
INFO: Run Behavior\ShowPageTraceBehavior [ RunTime:0.000353s ]
INFO: [ app_end ] --END-- [ RunTime:0.000388s ]

[ 2019-05-05T12:04:36+08:00 ] 138.204.180.218 /
INFO: [ app_init ] --START--
INFO: Run Behavior\BuildLiteBehavior [ RunTime:0.000013s ]
INFO: [ app_init ] --END-- [ RunTime:0.000242s ]
INFO: [ app_begin ] --START--
INFO: Run Behavior\ReadHtmlCacheBehavior [ RunTime:0.000301s ]
INFO: [ app_begin ] --END-- [ RunTime:0.000332s ]
NOTIC: [8] Undefined index: nuid /phpstudy/www/Gittext/game/Application/Home/Controller/HomeController.class.php 第 10 行.
SQL: SHOW COLUMNS FROM `dd_config` [ RunTime:0.0026s ]
SQL: SELECT * FROM `dd_config`  [ RunTime:0.0021s ]
SQL: SHOW COLUMNS FROM `dd_zhuan` [ RunTime:0.0024s ]
SQL: SELECT * FROM `dd_zhuan` WHERE ( ying>money ) AND `money` > 5 ORDER BY id desc LIMIT 5   [ RunTime:0.0022s ]
SQL: SHOW COLUMNS FROM `dd_charge_log` [ RunTime:0.0024s ]
SQL: SELECT * FROM `dd_charge_log` WHERE `user_id` = null AND `chou` = 0 LIMIT 1   [ RunTime:0.0022s ]
INFO: [ view_parse ] --START--
INFO: [ template_filter ] --START--
INFO: Run Behavior\ContentReplaceBehavior [ RunTime:0.000096s ]
INFO: [ template_filter ] --END-- [ RunTime:0.000140s ]
NOTIC: [8] Undefined variable: user /phpstudy/www/Gittext/game/Application/Runtime/Cache/Home/2a94b8bda04ff446dcedd42276fc99ee.php 第 61 行.
NOTIC: [8] Undefined variable: user /phpstudy/www/Gittext/game/Application/Runtime/Cache/Home/2a94b8bda04ff446dcedd42276fc99ee.php 第 62 行.
NOTIC: [8] Undefined variable: user /phpstudy/www/Gittext/game/Application/Runtime/Cache/Home/2a94b8bda04ff446dcedd42276fc99ee.php 第 76 行.
INFO: Run Behavior\ParseTemplateBehavior [ RunTime:0.010881s ]
INFO: [ view_parse ] --END-- [ RunTime:0.010919s ]
INFO: [ view_filter ] --START--
INFO: Run Behavior\WriteHtmlCacheBehavior [ RunTime:0.000127s ]
INFO: [ view_filter ] --END-- [ RunTime:0.000150s ]
INFO: [ app_end ] --START--
INFO: Run Behavior\ShowPageTraceBehavior [ RunTime:0.000396s ]
INFO: [ app_end ] --END-- [ RunTime:0.000437s ]

[ 2019-05-05T12:37:15+08:00 ] 36.90.0.90 /
INFO: [ app_init ] --START--
INFO: Run Behavior\BuildLiteBehavior [ RunTime:0.000013s ]
INFO: [ app_init ] --END-- [ RunTime:0.000240s ]
INFO: [ app_begin ] --START--
INFO: Run Behavior\ReadHtmlCacheBehavior [ RunTime:0.000296s ]
INFO: [ app_begin ] --END-- [ RunTime:0.000327s ]
NOTIC: [8] Undefined index: nuid /phpstudy/www/Gittext/game/Application/Home/Controller/HomeController.class.php 第 10 行.
SQL: SHOW COLUMNS FROM `dd_config` [ RunTime:0.0022s ]
SQL: SELECT * FROM `dd_config`  [ RunTime:0.0018s ]
SQL: SHOW COLUMNS FROM `dd_zhuan` [ RunTime:0.0022s ]
SQL: SELECT * FROM `dd_zhuan` WHERE ( ying>money ) AND `money` > 5 ORDER BY id desc LIMIT 5   [ RunTime:0.0019s ]
SQL: SHOW COLUMNS FROM `dd_charge_log` [ RunTime:0.0021s ]
SQL: SELECT * FROM `dd_charge_log` WHERE `user_id` = null AND `chou` = 0 LIMIT 1   [ RunTime:0.0019s ]
INFO: [ view_parse ] --START--
INFO: [ template_filter ] --START--
INFO: Run Behavior\ContentReplaceBehavior [ RunTime:0.000087s ]
INFO: [ template_filter ] --END-- [ RunTime:0.000134s ]
NOTIC: [8] Undefined variable: user /phpstudy/www/Gittext/game/Application/Runtime/Cache/Home/2a94b8bda04ff446dcedd42276fc99ee.php 第 61 行.
NOTIC: [8] Undefined variable: user /phpstudy/www/Gittext/game/Application/Runtime/Cache/Home/2a94b8bda04ff446dcedd42276fc99ee.php 第 62 行.
NOTIC: [8] Undefined variable: user /phpstudy/www/Gittext/game/Application/Runtime/Cache/Home/2a94b8bda04ff446dcedd42276fc99ee.php 第 76 行.
INFO: Run Behavior\ParseTemplateBehavior [ RunTime:0.009573s ]
INFO: [ view_parse ] --END-- [ RunTime:0.009606s ]
INFO: [ view_filter ] --START--
INFO: Run Behavior\WriteHtmlCacheBehavior [ RunTime:0.000112s ]
INFO: [ view_filter ] --END-- [ RunTime:0.000135s ]
INFO: [ app_end ] --START--
INFO: Run Behavior\ShowPageTraceBehavior [ RunTime:0.000399s ]
INFO: [ app_end ] --END-- [ RunTime:0.000438s ]

[ 2019-05-05T13:11:18+08:00 ] 196.234.242.48 /
INFO: [ app_init ] --START--
INFO: Run Behavior\BuildLiteBehavior [ RunTime:0.000013s ]
INFO: [ app_init ] --END-- [ RunTime:0.000323s ]
NOTIC: [8] Undefined index: HTTP_USER_AGENT /phpstudy/www/Gittext/game/#DFrame/Library/Think/App.class.php 第 75 行.
INFO: [ app_begin ] --START--
INFO: Run Behavior\ReadHtmlCacheBehavior [ RunTime:0.000288s ]
INFO: [ app_begin ] --END-- [ RunTime:0.000319s ]
NOTIC: [8] Undefined index: nuid /phpstudy/www/Gittext/game/Application/Home/Controller/HomeController.class.php 第 10 行.
SQL: SHOW COLUMNS FROM `dd_config` [ RunTime:0.0020s ]
SQL: SELECT * FROM `dd_config`  [ RunTime:0.0016s ]
NOTIC: [8] Undefined index: HTTP_HOST /phpstudy/www/Gittext/game/Application/Common/Util/ddwechat.class.php 第 1297 行.
SQL: SHOW COLUMNS FROM `dd_zhuan` [ RunTime:0.0019s ]
SQL: SELECT * FROM `dd_zhuan` WHERE ( ying>money ) AND `money` > 5 ORDER BY id desc LIMIT 5   [ RunTime:0.0016s ]
SQL: SHOW COLUMNS FROM `dd_charge_log` [ RunTime:0.0091s ]
SQL: SELECT * FROM `dd_charge_log` WHERE `user_id` = null AND `chou` = 0 LIMIT 1   [ RunTime:0.0016s ]
INFO: [ view_parse ] --START--
INFO: [ template_filter ] --START--
INFO: Run Behavior\ContentReplaceBehavior [ RunTime:0.000099s ]
INFO: [ template_filter ] --END-- [ RunTime:0.000141s ]
NOTIC: [8] Undefined variable: user /phpstudy/www/Gittext/game/Application/Runtime/Cache/Home/2a94b8bda04ff446dcedd42276fc99ee.php 第 61 行.
NOTIC: [8] Undefined variable: user /phpstudy/www/Gittext/game/Application/Runtime/Cache/Home/2a94b8bda04ff446dcedd42276fc99ee.php 第 62 行.
NOTIC: [8] Undefined variable: user /phpstudy/www/Gittext/game/Application/Runtime/Cache/Home/2a94b8bda04ff446dcedd42276fc99ee.php 第 76 行.
INFO: Run Behavior\ParseTemplateBehavior [ RunTime:0.009387s ]
INFO: [ view_parse ] --END-- [ RunTime:0.009420s ]
INFO: [ view_filter ] --START--
INFO: Run Behavior\WriteHtmlCacheBehavior [ RunTime:0.000113s ]
INFO: [ view_filter ] --END-- [ RunTime:0.000137s ]
INFO: [ app_end ] --START--
INFO: Run Behavior\ShowPageTraceBehavior [ RunTime:0.000344s ]
INFO: [ app_end ] --END-- [ RunTime:0.000377s ]

[ 2019-05-05T14:26:07+08:00 ] 139.162.119.197 /
INFO: [ app_init ] --START--
INFO: Run Behavior\BuildLiteBehavior [ RunTime:0.000013s ]
INFO: [ app_init ] --END-- [ RunTime:0.000240s ]
INFO: [ app_begin ] --START--
INFO: Run Behavior\ReadHtmlCacheBehavior [ RunTime:0.000325s ]
INFO: [ app_begin ] --END-- [ RunTime:0.000360s ]
NOTIC: [8] Undefined index: nuid /phpstudy/www/Gittext/game/Application/Home/Controller/HomeController.class.php 第 10 行.
SQL: SHOW COLUMNS FROM `dd_config` [ RunTime:0.0025s ]
SQL: SELECT * FROM `dd_config`  [ RunTime:0.0021s ]
SQL: SHOW COLUMNS FROM `dd_zhuan` [ RunTime:0.0026s ]
SQL: SELECT * FROM `dd_zhuan` WHERE ( ying>money ) AND `money` > 5 ORDER BY id desc LIMIT 5   [ RunTime:0.0022s ]
SQL: SHOW COLUMNS FROM `dd_charge_log` [ RunTime:0.0024s ]
SQL: SELECT * FROM `dd_charge_log` WHERE `user_id` = null AND `chou` = 0 LIMIT 1   [ RunTime:0.0021s ]
INFO: [ view_parse ] --START--
INFO: [ template_filter ] --START--
INFO: Run Behavior\ContentReplaceBehavior [ RunTime:0.000088s ]
INFO: [ template_filter ] --END-- [ RunTime:0.000127s ]
NOTIC: [8] Undefined variable: user /phpstudy/www/Gittext/game/Application/Runtime/Cache/Home/2a94b8bda04ff446dcedd42276fc99ee.php 第 61 行.
NOTIC: [8] Undefined variable: user /phpstudy/www/Gittext/game/Application/Runtime/Cache/Home/2a94b8bda04ff446dcedd42276fc99ee.php 第 62 行.
NOTIC: [8] Undefined variable: user /phpstudy/www/Gittext/game/Application/Runtime/Cache/Home/2a94b8bda04ff446dcedd42276fc99ee.php 第 76 行.
INFO: Run Behavior\ParseTemplateBehavior [ RunTime:0.009907s ]
INFO: [ view_parse ] --END-- [ RunTime:0.009938s ]
INFO: [ view_filter ] --START--
INFO: Run Behavior\WriteHtmlCacheBehavior [ RunTime:0.000137s ]
INFO: [ view_filter ] --END-- [ RunTime:0.000173s ]
INFO: [ app_end ] --START--
INFO: Run Behavior\ShowPageTraceBehavior [ RunTime:0.000328s ]
INFO: [ app_end ] --END-- [ RunTime:0.000361s ]

[ 2019-05-05T14:33:48+08:00 ] 59.36.132.222 /
INFO: [ app_init ] --START--
INFO: Run Behavior\BuildLiteBehavior [ RunTime:0.000013s ]
INFO: [ app_init ] --END-- [ RunTime:0.000229s ]
INFO: [ app_begin ] --START--
INFO: Run Behavior\ReadHtmlCacheBehavior [ RunTime:0.000326s ]
INFO: [ app_begin ] --END-- [ RunTime:0.000362s ]
NOTIC: [8] Undefined index: nuid /phpstudy/www/Gittext/game/Application/Home/Controller/HomeController.class.php 第 10 行.
SQL: SHOW COLUMNS FROM `dd_config` [ RunTime:0.0032s ]
SQL: SELECT * FROM `dd_config`  [ RunTime:0.0028s ]
SQL: SHOW COLUMNS FROM `dd_zhuan` [ RunTime:0.0034s ]
SQL: SELECT * FROM `dd_zhuan` WHERE ( ying>money ) AND `money` > 5 ORDER BY id desc LIMIT 5   [ RunTime:0.0036s ]
SQL: SHOW COLUMNS FROM `dd_charge_log` [ RunTime:0.0033s ]
SQL: SELECT * FROM `dd_charge_log` WHERE `user_id` = null AND `chou` = 0 LIMIT 1   [ RunTime:0.0030s ]
INFO: [ view_parse ] --START--
INFO: [ template_filter ] --START--
INFO: Run Behavior\ContentReplaceBehavior [ RunTime:0.000091s ]
INFO: [ template_filter ] --END-- [ RunTime:0.000135s ]
NOTIC: [8] Undefined variable: user /phpstudy/www/Gittext/game/Application/Runtime/Cache/Home/2a94b8bda04ff446dcedd42276fc99ee.php 第 61 行.
NOTIC: [8] Undefined variable: user /phpstudy/www/Gittext/game/Application/Runtime/Cache/Home/2a94b8bda04ff446dcedd42276fc99ee.php 第 62 行.
NOTIC: [8] Undefined variable: user /phpstudy/www/Gittext/game/Application/Runtime/Cache/Home/2a94b8bda04ff446dcedd42276fc99ee.php 第 76 行.
INFO: Run Behavior\ParseTemplateBehavior [ RunTime:0.010187s ]
INFO: [ view_parse ] --END-- [ RunTime:0.010220s ]
INFO: [ view_filter ] --START--
INFO: Run Behavior\WriteHtmlCacheBehavior [ RunTime:0.000118s ]
INFO: [ view_filter ] --END-- [ RunTime:0.000142s ]
INFO: [ app_end ] --START--
INFO: Run Behavior\ShowPageTraceBehavior [ RunTime:0.000438s ]
INFO: [ app_end ] --END-- [ RunTime:0.000483s ]

[ 2019-05-05T16:18:44+08:00 ] 191.241.228.94 /
INFO: [ app_init ] --START--
INFO: Run Behavior\BuildLiteBehavior [ RunTime:0.000014s ]
INFO: [ app_init ] --END-- [ RunTime:0.000300s ]
INFO: [ app_begin ] --START--
INFO: Run Behavior\ReadHtmlCacheBehavior [ RunTime:0.000402s ]
INFO: [ app_begin ] --END-- [ RunTime:0.000451s ]
NOTIC: [8] Undefined index: nuid /phpstudy/www/Gittext/game/Application/Home/Controller/HomeController.class.php 第 10 行.
SQL: SHOW COLUMNS FROM `dd_config` [ RunTime:0.0022s ]
SQL: SELECT * FROM `dd_config`  [ RunTime:0.0018s ]
SQL: SHOW COLUMNS FROM `dd_zhuan` [ RunTime:0.0021s ]
SQL: SELECT * FROM `dd_zhuan` WHERE ( ying>money ) AND `money` > 5 ORDER BY id desc LIMIT 5   [ RunTime:0.0018s ]
SQL: SHOW COLUMNS FROM `dd_charge_log` [ RunTime:0.0027s ]
SQL: SELECT * FROM `dd_charge_log` WHERE `user_id` = null AND `chou` = 0 LIMIT 1   [ RunTime:0.0018s ]
INFO: [ view_parse ] --START--
INFO: [ template_filter ] --START--
INFO: Run Behavior\ContentReplaceBehavior [ RunTime:0.000100s ]
INFO: [ template_filter ] --END-- [ RunTime:0.000143s ]
NOTIC: [8] Undefined variable: user /phpstudy/www/Gittext/game/Application/Runtime/Cache/Home/2a94b8bda04ff446dcedd42276fc99ee.php 第 61 行.
NOTIC: [8] Undefined variable: user /phpstudy/www/Gittext/game/Application/Runtime/Cache/Home/2a94b8bda04ff446dcedd42276fc99ee.php 第 62 行.
NOTIC: [8] Undefined variable: user /phpstudy/www/Gittext/game/Application/Runtime/Cache/Home/2a94b8bda04ff446dcedd42276fc99ee.php 第 76 行.
INFO: Run Behavior\ParseTemplateBehavior [ RunTime:0.010444s ]
INFO: [ view_parse ] --END-- [ RunTime:0.010483s ]
INFO: [ view_filter ] --START--
INFO: Run Behavior\WriteHtmlCacheBehavior [ RunTime:0.000143s ]
INFO: [ view_filter ] --END-- [ RunTime:0.000169s ]
INFO: [ app_end ] --START--
INFO: Run Behavior\ShowPageTraceBehavior [ RunTime:0.000386s ]
INFO: [ app_end ] --END-- [ RunTime:0.000419s ]

[ 2019-05-05T18:02:42+08:00 ] 116.62.215.53 /
INFO: [ app_init ] --START--
INFO: Run Behavior\BuildLiteBehavior [ RunTime:0.000013s ]
INFO: [ app_init ] --END-- [ RunTime:0.000239s ]
INFO: [ app_begin ] --START--
INFO: Run Behavior\ReadHtmlCacheBehavior [ RunTime:0.000296s ]
INFO: [ app_begin ] --END-- [ RunTime:0.000326s ]
NOTIC: [8] Undefined index: nuid /phpstudy/www/Gittext/game/Application/Home/Controller/HomeController.class.php 第 10 行.
SQL: SHOW COLUMNS FROM `dd_config` [ RunTime:0.0027s ]
SQL: SELECT * FROM `dd_config`  [ RunTime:0.0024s ]
SQL: SHOW COLUMNS FROM `dd_zhuan` [ RunTime:0.0028s ]
SQL: SELECT * FROM `dd_zhuan` WHERE ( ying>money ) AND `money` > 5 ORDER BY id desc LIMIT 5   [ RunTime:0.0024s ]
SQL: SHOW COLUMNS FROM `dd_charge_log` [ RunTime:0.0027s ]
SQL: SELECT * FROM `dd_charge_log` WHERE `user_id` = null AND `chou` = 0 LIMIT 1   [ RunTime:0.0024s ]
INFO: [ view_parse ] --START--
INFO: [ template_filter ] --START--
INFO: Run Behavior\ContentReplaceBehavior [ RunTime:0.000088s ]
INFO: [ template_filter ] --END-- [ RunTime:0.000134s ]
NOTIC: [8] Undefined variable: user /phpstudy/www/Gittext/game/Application/Runtime/Cache/Home/2a94b8bda04ff446dcedd42276fc99ee.php 第 61 行.
NOTIC: [8] Undefined variable: user /phpstudy/www/Gittext/game/Application/Runtime/Cache/Home/2a94b8bda04ff446dcedd42276fc99ee.php 第 62 行.
NOTIC: [8] Undefined variable: user /phpstudy/www/Gittext/game/Application/Runtime/Cache/Home/2a94b8bda04ff446dcedd42276fc99ee.php 第 76 行.
INFO: Run Behavior\ParseTemplateBehavior [ RunTime:0.009366s ]
INFO: [ view_parse ] --END-- [ RunTime:0.009401s ]
INFO: [ view_filter ] --START--
INFO: Run Behavior\WriteHtmlCacheBehavior [ RunTime:0.000120s ]
INFO: [ view_filter ] --END-- [ RunTime:0.000151s ]
INFO: [ app_end ] --START--
INFO: Run Behavior\ShowPageTraceBehavior [ RunTime:0.000372s ]
INFO: [ app_end ] --END-- [ RunTime:0.000409s ]

[ 2019-05-05T18:43:23+08:00 ] 101.128.64.127 /
INFO: [ app_init ] --START--
INFO: Run Behavior\BuildLiteBehavior [ RunTime:0.000014s ]
INFO: [ app_init ] --END-- [ RunTime:0.000246s ]
INFO: [ app_begin ] --START--
INFO: Run Behavior\ReadHtmlCacheBehavior [ RunTime:0.000360s ]
INFO: [ app_begin ] --END-- [ RunTime:0.000402s ]
NOTIC: [8] Undefined index: nuid /phpstudy/www/Gittext/game/Application/Home/Controller/HomeController.class.php 第 10 行.
SQL: SHOW COLUMNS FROM `dd_config` [ RunTime:0.0020s ]
SQL: SELECT * FROM `dd_config`  [ RunTime:0.0016s ]
SQL: SHOW COLUMNS FROM `dd_zhuan` [ RunTime:0.0019s ]
SQL: SELECT * FROM `dd_zhuan` WHERE ( ying>money ) AND `money` > 5 ORDER BY id desc LIMIT 5   [ RunTime:0.0017s ]
SQL: SHOW COLUMNS FROM `dd_charge_log` [ RunTime:0.0019s ]
SQL: SELECT * FROM `dd_charge_log` WHERE `user_id` = null AND `chou` = 0 LIMIT 1   [ RunTime:0.0017s ]
INFO: [ view_parse ] --START--
INFO: [ template_filter ] --START--
INFO: Run Behavior\ContentReplaceBehavior [ RunTime:0.000090s ]
INFO: [ template_filter ] --END-- [ RunTime:0.000140s ]
NOTIC: [8] Undefined variable: user /phpstudy/www/Gittext/game/Application/Runtime/Cache/Home/2a94b8bda04ff446dcedd42276fc99ee.php 第 61 行.
NOTIC: [8] Undefined variable: user /phpstudy/www/Gittext/game/Application/Runtime/Cache/Home/2a94b8bda04ff446dcedd42276fc99ee.php 第 62 行.
NOTIC: [8] Undefined variable: user /phpstudy/www/Gittext/game/Application/Runtime/Cache/Home/2a94b8bda04ff446dcedd42276fc99ee.php 第 76 行.
INFO: Run Behavior\ParseTemplateBehavior [ RunTime:0.009390s ]
INFO: [ view_parse ] --END-- [ RunTime:0.009423s ]
INFO: [ view_filter ] --START--
INFO: Run Behavior\WriteHtmlCacheBehavior [ RunTime:0.000135s ]
INFO: [ view_filter ] --END-- [ RunTime:0.000161s ]
INFO: [ app_end ] --START--
INFO: Run Behavior\ShowPageTraceBehavior [ RunTime:0.000352s ]
INFO: [ app_end ] --END-- [ RunTime:0.000385s ]

[ 2019-05-05T18:58:08+08:00 ] 59.36.132.222 /
INFO: [ app_init ] --START--
INFO: Run Behavior\BuildLiteBehavior [ RunTime:0.000013s ]
INFO: [ app_init ] --END-- [ RunTime:0.000232s ]
INFO: [ app_begin ] --START--
INFO: Run Behavior\ReadHtmlCacheBehavior [ RunTime:0.000294s ]
INFO: [ app_begin ] --END-- [ RunTime:0.000353s ]
NOTIC: [8] Undefined index: nuid /phpstudy/www/Gittext/game/Application/Home/Controller/HomeController.class.php 第 10 行.
SQL: SHOW COLUMNS FROM `dd_config` [ RunTime:0.0020s ]
SQL: SELECT * FROM `dd_config`  [ RunTime:0.0016s ]
SQL: SHOW COLUMNS FROM `dd_zhuan` [ RunTime:0.0019s ]
SQL: SELECT * FROM `dd_zhuan` WHERE ( ying>money ) AND `money` > 5 ORDER BY id desc LIMIT 5   [ RunTime:0.0017s ]
SQL: SHOW COLUMNS FROM `dd_charge_log` [ RunTime:0.0020s ]
SQL: SELECT * FROM `dd_charge_log` WHERE `user_id` = null AND `chou` = 0 LIMIT 1   [ RunTime:0.0017s ]
INFO: [ view_parse ] --START--
INFO: [ template_filter ] --START--
INFO: Run Behavior\ContentReplaceBehavior [ RunTime:0.000093s ]
INFO: [ template_filter ] --END-- [ RunTime:0.000141s ]
NOTIC: [8] Undefined variable: user /phpstudy/www/Gittext/game/Application/Runtime/Cache/Home/2a94b8bda04ff446dcedd42276fc99ee.php 第 61 行.
NOTIC: [8] Undefined variable: user /phpstudy/www/Gittext/game/Application/Runtime/Cache/Home/2a94b8bda04ff446dcedd42276fc99ee.php 第 62 行.
NOTIC: [8] Undefined variable: user /phpstudy/www/Gittext/game/Application/Runtime/Cache/Home/2a94b8bda04ff446dcedd42276fc99ee.php 第 76 行.
INFO: Run Behavior\ParseTemplateBehavior [ RunTime:0.009768s ]
INFO: [ view_parse ] --END-- [ RunTime:0.009800s ]
INFO: [ view_filter ] --START--
INFO: Run Behavior\WriteHtmlCacheBehavior [ RunTime:0.000131s ]
INFO: [ view_filter ] --END-- [ RunTime:0.000154s ]
INFO: [ app_end ] --START--
INFO: Run Behavior\ShowPageTraceBehavior [ RunTime:0.000463s ]
INFO: [ app_end ] --END-- [ RunTime:0.000510s ]

[ 2019-05-05T19:39:24+08:00 ] 124.248.202.190 /
INFO: [ app_init ] --START--
INFO: Run Behavior\BuildLiteBehavior [ RunTime:0.000013s ]
INFO: [ app_init ] --END-- [ RunTime:0.000241s ]
INFO: [ app_begin ] --START--
INFO: Run Behavior\ReadHtmlCacheBehavior [ RunTime:0.000300s ]
INFO: [ app_begin ] --END-- [ RunTime:0.000333s ]
NOTIC: [8] Undefined index: nuid /phpstudy/www/Gittext/game/Application/Home/Controller/HomeController.class.php 第 10 行.
SQL: SHOW COLUMNS FROM `dd_config` [ RunTime:0.0032s ]
SQL: SELECT * FROM `dd_config`  [ RunTime:0.0026s ]
SQL: SHOW COLUMNS FROM `dd_zhuan` [ RunTime:0.0029s ]
SQL: SELECT * FROM `dd_zhuan` WHERE ( ying>money ) AND `money` > 5 ORDER BY id desc LIMIT 5   [ RunTime:0.0026s ]
SQL: SHOW COLUMNS FROM `dd_charge_log` [ RunTime:0.0028s ]
SQL: SELECT * FROM `dd_charge_log` WHERE `user_id` = null AND `chou` = 0 LIMIT 1   [ RunTime:0.0027s ]
INFO: [ view_parse ] --START--
INFO: [ template_filter ] --START--
INFO: Run Behavior\ContentReplaceBehavior [ RunTime:0.000088s ]
INFO: [ template_filter ] --END-- [ RunTime:0.000132s ]
NOTIC: [8] Undefined variable: user /phpstudy/www/Gittext/game/Application/Runtime/Cache/Home/2a94b8bda04ff446dcedd42276fc99ee.php 第 61 行.
NOTIC: [8] Undefined variable: user /phpstudy/www/Gittext/game/Application/Runtime/Cache/Home/2a94b8bda04ff446dcedd42276fc99ee.php 第 62 行.
NOTIC: [8] Undefined variable: user /phpstudy/www/Gittext/game/Application/Runtime/Cache/Home/2a94b8bda04ff446dcedd42276fc99ee.php 第 76 行.
INFO: Run Behavior\ParseTemplateBehavior [ RunTime:0.009538s ]
INFO: [ view_parse ] --END-- [ RunTime:0.009572s ]
INFO: [ view_filter ] --START--
INFO: Run Behavior\WriteHtmlCacheBehavior [ RunTime:0.000137s ]
INFO: [ view_filter ] --END-- [ RunTime:0.000165s ]
INFO: [ app_end ] --START--
INFO: Run Behavior\ShowPageTraceBehavior [ RunTime:0.000360s ]
INFO: [ app_end ] --END-- [ RunTime:0.000394s ]

[ 2019-05-05T20:11:21+08:00 ] 176.15.13.186 /
INFO: [ app_init ] --START--
INFO: Run Behavior\BuildLiteBehavior [ RunTime:0.000017s ]
INFO: [ app_init ] --END-- [ RunTime:0.000254s ]
INFO: [ app_begin ] --START--
INFO: Run Behavior\ReadHtmlCacheBehavior [ RunTime:0.000327s ]
INFO: [ app_begin ] --END-- [ RunTime:0.000361s ]
NOTIC: [8] Undefined index: nuid /phpstudy/www/Gittext/game/Application/Home/Controller/HomeController.class.php 第 10 行.
SQL: SHOW COLUMNS FROM `dd_config` [ RunTime:0.0032s ]
SQL: SELECT * FROM `dd_config`  [ RunTime:0.0028s ]
SQL: SHOW COLUMNS FROM `dd_zhuan` [ RunTime:0.0035s ]
SQL: SELECT * FROM `dd_zhuan` WHERE ( ying>money ) AND `money` > 5 ORDER BY id desc LIMIT 5   [ RunTime:0.0029s ]
SQL: SHOW COLUMNS FROM `dd_charge_log` [ RunTime:0.0031s ]
SQL: SELECT * FROM `dd_charge_log` WHERE `user_id` = null AND `chou` = 0 LIMIT 1   [ RunTime:0.0028s ]
INFO: [ view_parse ] --START--
INFO: [ template_filter ] --START--
INFO: Run Behavior\ContentReplaceBehavior [ RunTime:0.000098s ]
INFO: [ template_filter ] --END-- [ RunTime:0.000147s ]
NOTIC: [8] Undefined variable: user /phpstudy/www/Gittext/game/Application/Runtime/Cache/Home/2a94b8bda04ff446dcedd42276fc99ee.php 第 61 行.
NOTIC: [8] Undefined variable: user /phpstudy/www/Gittext/game/Application/Runtime/Cache/Home/2a94b8bda04ff446dcedd42276fc99ee.php 第 62 行.
NOTIC: [8] Undefined variable: user /phpstudy/www/Gittext/game/Application/Runtime/Cache/Home/2a94b8bda04ff446dcedd42276fc99ee.php 第 76 行.
INFO: Run Behavior\ParseTemplateBehavior [ RunTime:0.010222s ]
INFO: [ view_parse ] --END-- [ RunTime:0.010255s ]
INFO: [ view_filter ] --START--
INFO: Run Behavior\WriteHtmlCacheBehavior [ RunTime:0.000116s ]
INFO: [ view_filter ] --END-- [ RunTime:0.000139s ]
INFO: [ app_end ] --START--
INFO: Run Behavior\ShowPageTraceBehavior [ RunTime:0.000394s ]
INFO: [ app_end ] --END-- [ RunTime:0.000431s ]

[ 2019-05-05T20:41:41+08:00 ] 46.242.32.245 /
INFO: [ app_init ] --START--
INFO: Run Behavior\BuildLiteBehavior [ RunTime:0.000013s ]
INFO: [ app_init ] --END-- [ RunTime:0.000232s ]
INFO: [ app_begin ] --START--
INFO: Run Behavior\ReadHtmlCacheBehavior [ RunTime:0.000286s ]
INFO: [ app_begin ] --END-- [ RunTime:0.000318s ]
NOTIC: [8] Undefined index: nuid /phpstudy/www/Gittext/game/Application/Home/Controller/HomeController.class.php 第 10 行.
SQL: SHOW COLUMNS FROM `dd_config` [ RunTime:0.0025s ]
SQL: SELECT * FROM `dd_config`  [ RunTime:0.0021s ]
SQL: SHOW COLUMNS FROM `dd_zhuan` [ RunTime:0.0025s ]
SQL: SELECT * FROM `dd_zhuan` WHERE ( ying>money ) AND `money` > 5 ORDER BY id desc LIMIT 5   [ RunTime:0.0022s ]
SQL: SHOW COLUMNS FROM `dd_charge_log` [ RunTime:0.0025s ]
SQL: SELECT * FROM `dd_charge_log` WHERE `user_id` = null AND `chou` = 0 LIMIT 1   [ RunTime:0.0022s ]
INFO: [ view_parse ] --START--
INFO: [ template_filter ] --START--
INFO: Run Behavior\ContentReplaceBehavior [ RunTime:0.000093s ]
INFO: [ template_filter ] --END-- [ RunTime:0.000144s ]
NOTIC: [8] Undefined variable: user /phpstudy/www/Gittext/game/Application/Runtime/Cache/Home/2a94b8bda04ff446dcedd42276fc99ee.php 第 61 行.
NOTIC: [8] Undefined variable: user /phpstudy/www/Gittext/game/Application/Runtime/Cache/Home/2a94b8bda04ff446dcedd42276fc99ee.php 第 62 行.
NOTIC: [8] Undefined variable: user /phpstudy/www/Gittext/game/Application/Runtime/Cache/Home/2a94b8bda04ff446dcedd42276fc99ee.php 第 76 行.
INFO: Run Behavior\ParseTemplateBehavior [ RunTime:0.010608s ]
INFO: [ view_parse ] --END-- [ RunTime:0.010640s ]
INFO: [ view_filter ] --START--
INFO: Run Behavior\WriteHtmlCacheBehavior [ RunTime:0.001110s ]
INFO: [ view_filter ] --END-- [ RunTime:0.001141s ]
INFO: [ app_end ] --START--
INFO: Run Behavior\ShowPageTraceBehavior [ RunTime:0.000454s ]
INFO: [ app_end ] --END-- [ RunTime:0.000489s ]

[ 2019-05-05T22:16:49+08:00 ] 60.191.38.78 /
INFO: [ app_init ] --START--
INFO: Run Behavior\BuildLiteBehavior [ RunTime:0.000013s ]
INFO: [ app_init ] --END-- [ RunTime:0.000234s ]
INFO: [ app_begin ] --START--
INFO: Run Behavior\ReadHtmlCacheBehavior [ RunTime:0.000321s ]
INFO: [ app_begin ] --END-- [ RunTime:0.000374s ]
NOTIC: [8] Undefined index: nuid /phpstudy/www/Gittext/game/Application/Home/Controller/HomeController.class.php 第 10 行.
SQL: SHOW COLUMNS FROM `dd_config` [ RunTime:0.0023s ]
SQL: SELECT * FROM `dd_config`  [ RunTime:0.0019s ]
SQL: SHOW COLUMNS FROM `dd_zhuan` [ RunTime:0.0024s ]
SQL: SELECT * FROM `dd_zhuan` WHERE ( ying>money ) AND `money` > 5 ORDER BY id desc LIMIT 5   [ RunTime:0.0020s ]
SQL: SHOW COLUMNS FROM `dd_charge_log` [ RunTime:0.0022s ]
SQL: SELECT * FROM `dd_charge_log` WHERE `user_id` = null AND `chou` = 0 LIMIT 1   [ RunTime:0.0019s ]
INFO: [ view_parse ] --START--
INFO: [ template_filter ] --START--
INFO: Run Behavior\ContentReplaceBehavior [ RunTime:0.000095s ]
INFO: [ template_filter ] --END-- [ RunTime:0.000153s ]
NOTIC: [8] Undefined variable: user /phpstudy/www/Gittext/game/Application/Runtime/Cache/Home/2a94b8bda04ff446dcedd42276fc99ee.php 第 61 行.
NOTIC: [8] Undefined variable: user /phpstudy/www/Gittext/game/Application/Runtime/Cache/Home/2a94b8bda04ff446dcedd42276fc99ee.php 第 62 行.
NOTIC: [8] Undefined variable: user /phpstudy/www/Gittext/game/Application/Runtime/Cache/Home/2a94b8bda04ff446dcedd42276fc99ee.php 第 76 行.
INFO: Run Behavior\ParseTemplateBehavior [ RunTime:0.010014s ]
INFO: [ view_parse ] --END-- [ RunTime:0.010049s ]
INFO: [ view_filter ] --START--
INFO: Run Behavior\WriteHtmlCacheBehavior [ RunTime:0.000144s ]
INFO: [ view_filter ] --END-- [ RunTime:0.000170s ]
INFO: [ app_end ] --START--
INFO: Run Behavior\ShowPageTraceBehavior [ RunTime:0.000396s ]
INFO: [ app_end ] --END-- [ RunTime:0.000437s ]

