[ 2019-05-04T00:45:31+08:00 ] 51.158.112.186 /
INFO: [ app_init ] --START--
INFO: Run Behavior\BuildLiteBehavior [ RunTime:0.000014s ]
INFO: [ app_init ] --END-- [ RunTime:0.000233s ]
NOTIC: [8] Undefined index: HTTP_USER_AGENT /phpstudy/www/Gittext/game/#DFrame/Library/Think/App.class.php 第 75 行.
INFO: [ app_begin ] --START--
INFO: Run Behavior\ReadHtmlCacheBehavior [ RunTime:0.000299s ]
INFO: [ app_begin ] --END-- [ RunTime:0.000332s ]
NOTIC: [8] Undefined index: nuid /phpstudy/www/Gittext/game/Application/Home/Controller/HomeController.class.php 第 10 行.
SQL: SHOW COLUMNS FROM `dd_config` [ RunTime:0.0024s ]
SQL: SELECT * FROM `dd_config`  [ RunTime:0.0020s ]
SQL: SHOW COLUMNS FROM `dd_zhuan` [ RunTime:0.0025s ]
SQL: SELECT * FROM `dd_zhuan` WHERE ( ying>money ) AND `money` > 5 ORDER BY id desc LIMIT 5   [ RunTime:0.0021s ]
SQL: SHOW COLUMNS FROM `dd_charge_log` [ RunTime:0.0023s ]
SQL: SELECT * FROM `dd_charge_log` WHERE `user_id` = null AND `chou` = 0 LIMIT 1   [ RunTime:0.0020s ]
INFO: [ view_parse ] --START--
INFO: [ template_filter ] --START--
INFO: Run Behavior\ContentReplaceBehavior [ RunTime:0.000103s ]
INFO: [ template_filter ] --END-- [ RunTime:0.000156s ]
NOTIC: [8] Undefined variable: user /phpstudy/www/Gittext/game/Application/Runtime/Cache/Home/2a94b8bda04ff446dcedd42276fc99ee.php 第 61 行.
NOTIC: [8] Undefined variable: user /phpstudy/www/Gittext/game/Application/Runtime/Cache/Home/2a94b8bda04ff446dcedd42276fc99ee.php 第 62 行.
NOTIC: [8] Undefined variable: user /phpstudy/www/Gittext/game/Application/Runtime/Cache/Home/2a94b8bda04ff446dcedd42276fc99ee.php 第 76 行.
INFO: Run Behavior\ParseTemplateBehavior [ RunTime:0.010166s ]
INFO: [ view_parse ] --END-- [ RunTime:0.010206s ]
INFO: [ view_filter ] --START--
INFO: Run Behavior\WriteHtmlCacheBehavior [ RunTime:0.000159s ]
INFO: [ view_filter ] --END-- [ RunTime:0.000192s ]
INFO: [ app_end ] --START--
INFO: Run Behavior\ShowPageTraceBehavior [ RunTime:0.000503s ]
INFO: [ app_end ] --END-- [ RunTime:0.000550s ]

[ 2019-05-04T01:38:01+08:00 ] 192.241.226.35 /
INFO: [ app_init ] --START--
INFO: Run Behavior\BuildLiteBehavior [ RunTime:0.000017s ]
INFO: [ app_init ] --END-- [ RunTime:0.000252s ]
INFO: [ app_begin ] --START--
INFO: Run Behavior\ReadHtmlCacheBehavior [ RunTime:0.000297s ]
INFO: [ app_begin ] --END-- [ RunTime:0.000333s ]
NOTIC: [8] Undefined index: nuid /phpstudy/www/Gittext/game/Application/Home/Controller/HomeController.class.php 第 10 行.
SQL: SHOW COLUMNS FROM `dd_config` [ RunTime:0.0024s ]
SQL: SELECT * FROM `dd_config`  [ RunTime:0.0020s ]
SQL: SHOW COLUMNS FROM `dd_zhuan` [ RunTime:0.0023s ]
SQL: SELECT * FROM `dd_zhuan` WHERE ( ying>money ) AND `money` > 5 ORDER BY id desc LIMIT 5   [ RunTime:0.0021s ]
SQL: SHOW COLUMNS FROM `dd_charge_log` [ RunTime:0.0034s ]
SQL: SELECT * FROM `dd_charge_log` WHERE `user_id` = null AND `chou` = 0 LIMIT 1   [ RunTime:0.0020s ]
INFO: [ view_parse ] --START--
INFO: [ template_filter ] --START--
INFO: Run Behavior\ContentReplaceBehavior [ RunTime:0.000092s ]
INFO: [ template_filter ] --END-- [ RunTime:0.000142s ]
NOTIC: [8] Undefined variable: user /phpstudy/www/Gittext/game/Application/Runtime/Cache/Home/2a94b8bda04ff446dcedd42276fc99ee.php 第 61 行.
NOTIC: [8] Undefined variable: user /phpstudy/www/Gittext/game/Application/Runtime/Cache/Home/2a94b8bda04ff446dcedd42276fc99ee.php 第 62 行.
NOTIC: [8] Undefined variable: user /phpstudy/www/Gittext/game/Application/Runtime/Cache/Home/2a94b8bda04ff446dcedd42276fc99ee.php 第 76 行.
INFO: Run Behavior\ParseTemplateBehavior [ RunTime:0.011248s ]
INFO: [ view_parse ] --END-- [ RunTime:0.011286s ]
INFO: [ view_filter ] --START--
INFO: Run Behavior\WriteHtmlCacheBehavior [ RunTime:0.000149s ]
INFO: [ view_filter ] --END-- [ RunTime:0.000175s ]
INFO: [ app_end ] --START--
INFO: Run Behavior\ShowPageTraceBehavior [ RunTime:0.000356s ]
INFO: [ app_end ] --END-- [ RunTime:0.000397s ]

[ 2019-05-04T03:35:24+08:00 ] 119.23.138.247 /
INFO: [ app_init ] --START--
INFO: Run Behavior\BuildLiteBehavior [ RunTime:0.000019s ]
INFO: [ app_init ] --END-- [ RunTime:0.000336s ]
NOTIC: [8] Undefined index: HTTP_USER_AGENT /phpstudy/www/Gittext/game/#DFrame/Library/Think/App.class.php 第 75 行.
INFO: [ app_begin ] --START--
INFO: Run Behavior\ReadHtmlCacheBehavior [ RunTime:0.000340s ]
INFO: [ app_begin ] --END-- [ RunTime:0.000374s ]
NOTIC: [8] Undefined index: nuid /phpstudy/www/Gittext/game/Application/Home/Controller/HomeController.class.php 第 10 行.
SQL: SHOW COLUMNS FROM `dd_config` [ RunTime:0.0028s ]
SQL: SELECT * FROM `dd_config`  [ RunTime:0.0024s ]
NOTIC: [8] Undefined index: HTTP_HOST /phpstudy/www/Gittext/game/Application/Common/Util/ddwechat.class.php 第 1297 行.
SQL: SHOW COLUMNS FROM `dd_zhuan` [ RunTime:0.0028s ]
SQL: SELECT * FROM `dd_zhuan` WHERE ( ying>money ) AND `money` > 5 ORDER BY id desc LIMIT 5   [ RunTime:0.0025s ]
SQL: SHOW COLUMNS FROM `dd_charge_log` [ RunTime:0.0027s ]
SQL: SELECT * FROM `dd_charge_log` WHERE `user_id` = null AND `chou` = 0 LIMIT 1   [ RunTime:0.0024s ]
INFO: [ view_parse ] --START--
INFO: [ template_filter ] --START--
INFO: Run Behavior\ContentReplaceBehavior [ RunTime:0.000091s ]
INFO: [ template_filter ] --END-- [ RunTime:0.000139s ]
NOTIC: [8] Undefined variable: user /phpstudy/www/Gittext/game/Application/Runtime/Cache/Home/2a94b8bda04ff446dcedd42276fc99ee.php 第 61 行.
NOTIC: [8] Undefined variable: user /phpstudy/www/Gittext/game/Application/Runtime/Cache/Home/2a94b8bda04ff446dcedd42276fc99ee.php 第 62 行.
NOTIC: [8] Undefined variable: user /phpstudy/www/Gittext/game/Application/Runtime/Cache/Home/2a94b8bda04ff446dcedd42276fc99ee.php 第 76 行.
INFO: Run Behavior\ParseTemplateBehavior [ RunTime:0.010508s ]
INFO: [ view_parse ] --END-- [ RunTime:0.010544s ]
INFO: [ view_filter ] --START--
INFO: Run Behavior\WriteHtmlCacheBehavior [ RunTime:0.000124s ]
INFO: [ view_filter ] --END-- [ RunTime:0.000152s ]
INFO: [ app_end ] --START--
INFO: Run Behavior\ShowPageTraceBehavior [ RunTime:0.000361s ]
INFO: [ app_end ] --END-- [ RunTime:0.000403s ]

[ 2019-05-04T04:02:39+08:00 ] 59.111.30.195 /
INFO: [ app_init ] --START--
INFO: Run Behavior\BuildLiteBehavior [ RunTime:0.000015s ]
INFO: [ app_init ] --END-- [ RunTime:0.000291s ]
INFO: [ app_begin ] --START--
INFO: Run Behavior\ReadHtmlCacheBehavior [ RunTime:0.000294s ]
INFO: [ app_begin ] --END-- [ RunTime:0.000326s ]
NOTIC: [8] Undefined index: nuid /phpstudy/www/Gittext/game/Application/Home/Controller/HomeController.class.php 第 10 行.
SQL: SHOW COLUMNS FROM `dd_config` [ RunTime:0.0030s ]
SQL: SELECT * FROM `dd_config`  [ RunTime:0.0026s ]
SQL: SHOW COLUMNS FROM `dd_zhuan` [ RunTime:0.0030s ]
SQL: SELECT * FROM `dd_zhuan` WHERE ( ying>money ) AND `money` > 5 ORDER BY id desc LIMIT 5   [ RunTime:0.0026s ]
SQL: SHOW COLUMNS FROM `dd_charge_log` [ RunTime:0.0028s ]
SQL: SELECT * FROM `dd_charge_log` WHERE `user_id` = null AND `chou` = 0 LIMIT 1   [ RunTime:0.0026s ]
INFO: [ view_parse ] --START--
INFO: [ template_filter ] --START--
INFO: Run Behavior\ContentReplaceBehavior [ RunTime:0.000096s ]
INFO: [ template_filter ] --END-- [ RunTime:0.000148s ]
NOTIC: [8] Undefined variable: user /phpstudy/www/Gittext/game/Application/Runtime/Cache/Home/2a94b8bda04ff446dcedd42276fc99ee.php 第 61 行.
NOTIC: [8] Undefined variable: user /phpstudy/www/Gittext/game/Application/Runtime/Cache/Home/2a94b8bda04ff446dcedd42276fc99ee.php 第 62 行.
NOTIC: [8] Undefined variable: user /phpstudy/www/Gittext/game/Application/Runtime/Cache/Home/2a94b8bda04ff446dcedd42276fc99ee.php 第 76 行.
INFO: Run Behavior\ParseTemplateBehavior [ RunTime:0.010237s ]
INFO: [ view_parse ] --END-- [ RunTime:0.010294s ]
INFO: [ view_filter ] --START--
INFO: Run Behavior\WriteHtmlCacheBehavior [ RunTime:0.000136s ]
INFO: [ view_filter ] --END-- [ RunTime:0.000160s ]
INFO: [ app_end ] --START--
INFO: Run Behavior\ShowPageTraceBehavior [ RunTime:0.000351s ]
INFO: [ app_end ] --END-- [ RunTime:0.000383s ]

[ 2019-05-04T04:35:05+08:00 ] 51.15.178.211 /
INFO: [ app_init ] --START--
INFO: Run Behavior\BuildLiteBehavior [ RunTime:0.000015s ]
INFO: [ app_init ] --END-- [ RunTime:0.000268s ]
INFO: [ app_begin ] --START--
INFO: Run Behavior\ReadHtmlCacheBehavior [ RunTime:0.000290s ]
INFO: [ app_begin ] --END-- [ RunTime:0.000322s ]
NOTIC: [8] Undefined index: nuid /phpstudy/www/Gittext/game/Application/Home/Controller/HomeController.class.php 第 10 行.
SQL: SHOW COLUMNS FROM `dd_config` [ RunTime:0.0035s ]
SQL: SELECT * FROM `dd_config`  [ RunTime:0.0031s ]
SQL: SHOW COLUMNS FROM `dd_zhuan` [ RunTime:0.0035s ]
SQL: SELECT * FROM `dd_zhuan` WHERE ( ying>money ) AND `money` > 5 ORDER BY id desc LIMIT 5   [ RunTime:0.0031s ]
SQL: SHOW COLUMNS FROM `dd_charge_log` [ RunTime:0.0033s ]
SQL: SELECT * FROM `dd_charge_log` WHERE `user_id` = null AND `chou` = 0 LIMIT 1   [ RunTime:0.0031s ]
INFO: [ view_parse ] --START--
INFO: [ template_filter ] --START--
INFO: Run Behavior\ContentReplaceBehavior [ RunTime:0.000091s ]
INFO: [ template_filter ] --END-- [ RunTime:0.000139s ]
NOTIC: [8] Undefined variable: user /phpstudy/www/Gittext/game/Application/Runtime/Cache/Home/2a94b8bda04ff446dcedd42276fc99ee.php 第 61 行.
NOTIC: [8] Undefined variable: user /phpstudy/www/Gittext/game/Application/Runtime/Cache/Home/2a94b8bda04ff446dcedd42276fc99ee.php 第 62 行.
NOTIC: [8] Undefined variable: user /phpstudy/www/Gittext/game/Application/Runtime/Cache/Home/2a94b8bda04ff446dcedd42276fc99ee.php 第 76 行.
INFO: Run Behavior\ParseTemplateBehavior [ RunTime:0.010107s ]
INFO: [ view_parse ] --END-- [ RunTime:0.010149s ]
INFO: [ view_filter ] --START--
INFO: Run Behavior\WriteHtmlCacheBehavior [ RunTime:0.000131s ]
INFO: [ view_filter ] --END-- [ RunTime:0.000159s ]
INFO: [ app_end ] --START--
INFO: Run Behavior\ShowPageTraceBehavior [ RunTime:0.000349s ]
INFO: [ app_end ] --END-- [ RunTime:0.000383s ]

[ 2019-05-04T04:38:23+08:00 ] 51.15.178.211 /
INFO: [ app_init ] --START--
INFO: Run Behavior\BuildLiteBehavior [ RunTime:0.000013s ]
INFO: [ app_init ] --END-- [ RunTime:0.000233s ]
INFO: [ app_begin ] --START--
INFO: Run Behavior\ReadHtmlCacheBehavior [ RunTime:0.000286s ]
INFO: [ app_begin ] --END-- [ RunTime:0.000318s ]
NOTIC: [8] Undefined index: nuid /phpstudy/www/Gittext/game/Application/Home/Controller/HomeController.class.php 第 10 行.
SQL: SHOW COLUMNS FROM `dd_config` [ RunTime:0.0023s ]
SQL: SELECT * FROM `dd_config`  [ RunTime:0.0019s ]
SQL: SHOW COLUMNS FROM `dd_zhuan` [ RunTime:0.0022s ]
SQL: SELECT * FROM `dd_zhuan` WHERE ( ying>money ) AND `money` > 5 ORDER BY id desc LIMIT 5   [ RunTime:0.0020s ]
SQL: SHOW COLUMNS FROM `dd_charge_log` [ RunTime:0.0022s ]
SQL: SELECT * FROM `dd_charge_log` WHERE `user_id` = null AND `chou` = 0 LIMIT 1   [ RunTime:0.0020s ]
INFO: [ view_parse ] --START--
INFO: [ template_filter ] --START--
INFO: Run Behavior\ContentReplaceBehavior [ RunTime:0.000090s ]
INFO: [ template_filter ] --END-- [ RunTime:0.000135s ]
NOTIC: [8] Undefined variable: user /phpstudy/www/Gittext/game/Application/Runtime/Cache/Home/2a94b8bda04ff446dcedd42276fc99ee.php 第 61 行.
NOTIC: [8] Undefined variable: user /phpstudy/www/Gittext/game/Application/Runtime/Cache/Home/2a94b8bda04ff446dcedd42276fc99ee.php 第 62 行.
NOTIC: [8] Undefined variable: user /phpstudy/www/Gittext/game/Application/Runtime/Cache/Home/2a94b8bda04ff446dcedd42276fc99ee.php 第 76 行.
INFO: Run Behavior\ParseTemplateBehavior [ RunTime:0.010164s ]
INFO: [ view_parse ] --END-- [ RunTime:0.010198s ]
INFO: [ view_filter ] --START--
INFO: Run Behavior\WriteHtmlCacheBehavior [ RunTime:0.000119s ]
INFO: [ view_filter ] --END-- [ RunTime:0.000141s ]
INFO: [ app_end ] --START--
INFO: Run Behavior\ShowPageTraceBehavior [ RunTime:0.000393s ]
INFO: [ app_end ] --END-- [ RunTime:0.000427s ]

[ 2019-05-04T05:26:46+08:00 ] 45.237.105.3 /
INFO: [ app_init ] --START--
INFO: Run Behavior\BuildLiteBehavior [ RunTime:0.000014s ]
INFO: [ app_init ] --END-- [ RunTime:0.000231s ]
INFO: [ app_begin ] --START--
INFO: Run Behavior\ReadHtmlCacheBehavior [ RunTime:0.000313s ]
INFO: [ app_begin ] --END-- [ RunTime:0.000348s ]
NOTIC: [8] Undefined index: nuid /phpstudy/www/Gittext/game/Application/Home/Controller/HomeController.class.php 第 10 行.
SQL: SHOW COLUMNS FROM `dd_config` [ RunTime:0.0016s ]
SQL: SELECT * FROM `dd_config`  [ RunTime:0.0012s ]
SQL: SHOW COLUMNS FROM `dd_zhuan` [ RunTime:0.0015s ]
SQL: SELECT * FROM `dd_zhuan` WHERE ( ying>money ) AND `money` > 5 ORDER BY id desc LIMIT 5   [ RunTime:0.0013s ]
SQL: SHOW COLUMNS FROM `dd_charge_log` [ RunTime:0.0015s ]
SQL: SELECT * FROM `dd_charge_log` WHERE `user_id` = null AND `chou` = 0 LIMIT 1   [ RunTime:0.0014s ]
INFO: [ view_parse ] --START--
INFO: [ template_filter ] --START--
INFO: Run Behavior\ContentReplaceBehavior [ RunTime:0.000093s ]
INFO: [ template_filter ] --END-- [ RunTime:0.000135s ]
NOTIC: [8] Undefined variable: user /phpstudy/www/Gittext/game/Application/Runtime/Cache/Home/2a94b8bda04ff446dcedd42276fc99ee.php 第 61 行.
NOTIC: [8] Undefined variable: user /phpstudy/www/Gittext/game/Application/Runtime/Cache/Home/2a94b8bda04ff446dcedd42276fc99ee.php 第 62 行.
NOTIC: [8] Undefined variable: user /phpstudy/www/Gittext/game/Application/Runtime/Cache/Home/2a94b8bda04ff446dcedd42276fc99ee.php 第 76 行.
INFO: Run Behavior\ParseTemplateBehavior [ RunTime:0.010029s ]
INFO: [ view_parse ] --END-- [ RunTime:0.010063s ]
INFO: [ view_filter ] --START--
INFO: Run Behavior\WriteHtmlCacheBehavior [ RunTime:0.000119s ]
INFO: [ view_filter ] --END-- [ RunTime:0.000142s ]
INFO: [ app_end ] --START--
INFO: Run Behavior\ShowPageTraceBehavior [ RunTime:0.000362s ]
INFO: [ app_end ] --END-- [ RunTime:0.000399s ]

[ 2019-05-04T05:52:20+08:00 ] 120.78.231.236 /
INFO: [ app_init ] --START--
INFO: Run Behavior\BuildLiteBehavior [ RunTime:0.000014s ]
INFO: [ app_init ] --END-- [ RunTime:0.000230s ]
NOTIC: [8] Undefined index: HTTP_USER_AGENT /phpstudy/www/Gittext/game/#DFrame/Library/Think/App.class.php 第 75 行.
INFO: [ app_begin ] --START--
INFO: Run Behavior\ReadHtmlCacheBehavior [ RunTime:0.000305s ]
INFO: [ app_begin ] --END-- [ RunTime:0.000338s ]
NOTIC: [8] Undefined index: nuid /phpstudy/www/Gittext/game/Application/Home/Controller/HomeController.class.php 第 10 行.
SQL: SHOW COLUMNS FROM `dd_config` [ RunTime:0.0028s ]
SQL: SELECT * FROM `dd_config`  [ RunTime:0.0024s ]
NOTIC: [8] Undefined index: HTTP_HOST /phpstudy/www/Gittext/game/Application/Common/Util/ddwechat.class.php 第 1297 行.
SQL: SHOW COLUMNS FROM `dd_zhuan` [ RunTime:0.0028s ]
SQL: SELECT * FROM `dd_zhuan` WHERE ( ying>money ) AND `money` > 5 ORDER BY id desc LIMIT 5   [ RunTime:0.0024s ]
SQL: SHOW COLUMNS FROM `dd_charge_log` [ RunTime:0.0026s ]
SQL: SELECT * FROM `dd_charge_log` WHERE `user_id` = null AND `chou` = 0 LIMIT 1   [ RunTime:0.0023s ]
INFO: [ view_parse ] --START--
INFO: [ template_filter ] --START--
INFO: Run Behavior\ContentReplaceBehavior [ RunTime:0.000103s ]
INFO: [ template_filter ] --END-- [ RunTime:0.000152s ]
NOTIC: [8] Undefined variable: user /phpstudy/www/Gittext/game/Application/Runtime/Cache/Home/2a94b8bda04ff446dcedd42276fc99ee.php 第 61 行.
NOTIC: [8] Undefined variable: user /phpstudy/www/Gittext/game/Application/Runtime/Cache/Home/2a94b8bda04ff446dcedd42276fc99ee.php 第 62 行.
NOTIC: [8] Undefined variable: user /phpstudy/www/Gittext/game/Application/Runtime/Cache/Home/2a94b8bda04ff446dcedd42276fc99ee.php 第 76 行.
INFO: Run Behavior\ParseTemplateBehavior [ RunTime:0.009463s ]
INFO: [ view_parse ] --END-- [ RunTime:0.009504s ]
INFO: [ view_filter ] --START--
INFO: Run Behavior\WriteHtmlCacheBehavior [ RunTime:0.000121s ]
INFO: [ view_filter ] --END-- [ RunTime:0.000144s ]
INFO: [ app_end ] --START--
INFO: Run Behavior\ShowPageTraceBehavior [ RunTime:0.000347s ]
INFO: [ app_end ] --END-- [ RunTime:0.000381s ]

[ 2019-05-04T05:56:46+08:00 ] 36.85.56.26 /
INFO: [ app_init ] --START--
INFO: Run Behavior\BuildLiteBehavior [ RunTime:0.000014s ]
INFO: [ app_init ] --END-- [ RunTime:0.000263s ]
INFO: [ app_begin ] --START--
INFO: Run Behavior\ReadHtmlCacheBehavior [ RunTime:0.000311s ]
INFO: [ app_begin ] --END-- [ RunTime:0.000343s ]
NOTIC: [8] Undefined index: nuid /phpstudy/www/Gittext/game/Application/Home/Controller/HomeController.class.php 第 10 行.
SQL: SHOW COLUMNS FROM `dd_config` [ RunTime:0.0022s ]
SQL: SELECT * FROM `dd_config`  [ RunTime:0.0018s ]
SQL: SHOW COLUMNS FROM `dd_zhuan` [ RunTime:0.0021s ]
SQL: SELECT * FROM `dd_zhuan` WHERE ( ying>money ) AND `money` > 5 ORDER BY id desc LIMIT 5   [ RunTime:0.0019s ]
SQL: SHOW COLUMNS FROM `dd_charge_log` [ RunTime:0.0021s ]
SQL: SELECT * FROM `dd_charge_log` WHERE `user_id` = null AND `chou` = 0 LIMIT 1   [ RunTime:0.0019s ]
INFO: [ view_parse ] --START--
INFO: [ template_filter ] --START--
INFO: Run Behavior\ContentReplaceBehavior [ RunTime:0.000093s ]
INFO: [ template_filter ] --END-- [ RunTime:0.000138s ]
NOTIC: [8] Undefined variable: user /phpstudy/www/Gittext/game/Application/Runtime/Cache/Home/2a94b8bda04ff446dcedd42276fc99ee.php 第 61 行.
NOTIC: [8] Undefined variable: user /phpstudy/www/Gittext/game/Application/Runtime/Cache/Home/2a94b8bda04ff446dcedd42276fc99ee.php 第 62 行.
NOTIC: [8] Undefined variable: user /phpstudy/www/Gittext/game/Application/Runtime/Cache/Home/2a94b8bda04ff446dcedd42276fc99ee.php 第 76 行.
INFO: Run Behavior\ParseTemplateBehavior [ RunTime:0.009727s ]
INFO: [ view_parse ] --END-- [ RunTime:0.009760s ]
INFO: [ view_filter ] --START--
INFO: Run Behavior\WriteHtmlCacheBehavior [ RunTime:0.000128s ]
INFO: [ view_filter ] --END-- [ RunTime:0.000153s ]
INFO: [ app_end ] --START--
INFO: Run Behavior\ShowPageTraceBehavior [ RunTime:0.000368s ]
INFO: [ app_end ] --END-- [ RunTime:0.000404s ]

[ 2019-05-04T06:12:55+08:00 ] 46.176.196.2 /
INFO: [ app_init ] --START--
INFO: Run Behavior\BuildLiteBehavior [ RunTime:0.000024s ]
INFO: [ app_init ] --END-- [ RunTime:0.000239s ]
INFO: [ app_begin ] --START--
INFO: Run Behavior\ReadHtmlCacheBehavior [ RunTime:0.000282s ]
INFO: [ app_begin ] --END-- [ RunTime:0.000312s ]
NOTIC: [8] Undefined index: nuid /phpstudy/www/Gittext/game/Application/Home/Controller/HomeController.class.php 第 10 行.
SQL: SHOW COLUMNS FROM `dd_config` [ RunTime:0.0024s ]
SQL: SELECT * FROM `dd_config`  [ RunTime:0.0021s ]
SQL: SHOW COLUMNS FROM `dd_zhuan` [ RunTime:0.0024s ]
SQL: SELECT * FROM `dd_zhuan` WHERE ( ying>money ) AND `money` > 5 ORDER BY id desc LIMIT 5   [ RunTime:0.0021s ]
SQL: SHOW COLUMNS FROM `dd_charge_log` [ RunTime:0.0024s ]
SQL: SELECT * FROM `dd_charge_log` WHERE `user_id` = null AND `chou` = 0 LIMIT 1   [ RunTime:0.0021s ]
INFO: [ view_parse ] --START--
INFO: [ template_filter ] --START--
INFO: Run Behavior\ContentReplaceBehavior [ RunTime:0.000090s ]
INFO: [ template_filter ] --END-- [ RunTime:0.000140s ]
NOTIC: [8] Undefined variable: user /phpstudy/www/Gittext/game/Application/Runtime/Cache/Home/2a94b8bda04ff446dcedd42276fc99ee.php 第 61 行.
NOTIC: [8] Undefined variable: user /phpstudy/www/Gittext/game/Application/Runtime/Cache/Home/2a94b8bda04ff446dcedd42276fc99ee.php 第 62 行.
NOTIC: [8] Undefined variable: user /phpstudy/www/Gittext/game/Application/Runtime/Cache/Home/2a94b8bda04ff446dcedd42276fc99ee.php 第 76 行.
INFO: Run Behavior\ParseTemplateBehavior [ RunTime:0.009379s ]
INFO: [ view_parse ] --END-- [ RunTime:0.009410s ]
INFO: [ view_filter ] --START--
INFO: Run Behavior\WriteHtmlCacheBehavior [ RunTime:0.000113s ]
INFO: [ view_filter ] --END-- [ RunTime:0.000136s ]
INFO: [ app_end ] --START--
INFO: Run Behavior\ShowPageTraceBehavior [ RunTime:0.000331s ]
INFO: [ app_end ] --END-- [ RunTime:0.000363s ]

[ 2019-05-04T06:20:03+08:00 ] 68.115.188.98 /
INFO: [ app_init ] --START--
INFO: Run Behavior\BuildLiteBehavior [ RunTime:0.000015s ]
INFO: [ app_init ] --END-- [ RunTime:0.000273s ]
INFO: [ app_begin ] --START--
INFO: Run Behavior\ReadHtmlCacheBehavior [ RunTime:0.000308s ]
INFO: [ app_begin ] --END-- [ RunTime:0.000343s ]
NOTIC: [8] Undefined index: nuid /phpstudy/www/Gittext/game/Application/Home/Controller/HomeController.class.php 第 10 行.
SQL: SHOW COLUMNS FROM `dd_config` [ RunTime:0.0029s ]
SQL: SELECT * FROM `dd_config`  [ RunTime:0.0024s ]
SQL: SHOW COLUMNS FROM `dd_zhuan` [ RunTime:0.0028s ]
SQL: SELECT * FROM `dd_zhuan` WHERE ( ying>money ) AND `money` > 5 ORDER BY id desc LIMIT 5   [ RunTime:0.0024s ]
SQL: SHOW COLUMNS FROM `dd_charge_log` [ RunTime:0.0027s ]
SQL: SELECT * FROM `dd_charge_log` WHERE `user_id` = null AND `chou` = 0 LIMIT 1   [ RunTime:0.0025s ]
INFO: [ view_parse ] --START--
INFO: [ template_filter ] --START--
INFO: Run Behavior\ContentReplaceBehavior [ RunTime:0.000095s ]
INFO: [ template_filter ] --END-- [ RunTime:0.000146s ]
NOTIC: [8] Undefined variable: user /phpstudy/www/Gittext/game/Application/Runtime/Cache/Home/2a94b8bda04ff446dcedd42276fc99ee.php 第 61 行.
NOTIC: [8] Undefined variable: user /phpstudy/www/Gittext/game/Application/Runtime/Cache/Home/2a94b8bda04ff446dcedd42276fc99ee.php 第 62 行.
NOTIC: [8] Undefined variable: user /phpstudy/www/Gittext/game/Application/Runtime/Cache/Home/2a94b8bda04ff446dcedd42276fc99ee.php 第 76 行.
INFO: Run Behavior\ParseTemplateBehavior [ RunTime:0.010076s ]
INFO: [ view_parse ] --END-- [ RunTime:0.010109s ]
INFO: [ view_filter ] --START--
INFO: Run Behavior\WriteHtmlCacheBehavior [ RunTime:0.000120s ]
INFO: [ view_filter ] --END-- [ RunTime:0.000144s ]
INFO: [ app_end ] --START--
INFO: Run Behavior\ShowPageTraceBehavior [ RunTime:0.000443s ]
INFO: [ app_end ] --END-- [ RunTime:0.000486s ]

[ 2019-05-04T06:36:49+08:00 ] 177.188.115.21 /
INFO: [ app_init ] --START--
INFO: Run Behavior\BuildLiteBehavior [ RunTime:0.000013s ]
INFO: [ app_init ] --END-- [ RunTime:0.000230s ]
INFO: [ app_begin ] --START--
INFO: Run Behavior\ReadHtmlCacheBehavior [ RunTime:0.000296s ]
INFO: [ app_begin ] --END-- [ RunTime:0.000328s ]
NOTIC: [8] Undefined index: nuid /phpstudy/www/Gittext/game/Application/Home/Controller/HomeController.class.php 第 10 行.
SQL: SHOW COLUMNS FROM `dd_config` [ RunTime:0.0020s ]
SQL: SELECT * FROM `dd_config`  [ RunTime:0.0016s ]
SQL: SHOW COLUMNS FROM `dd_zhuan` [ RunTime:0.0020s ]
SQL: SELECT * FROM `dd_zhuan` WHERE ( ying>money ) AND `money` > 5 ORDER BY id desc LIMIT 5   [ RunTime:0.0018s ]
SQL: SHOW COLUMNS FROM `dd_charge_log` [ RunTime:0.0037s ]
SQL: SELECT * FROM `dd_charge_log` WHERE `user_id` = null AND `chou` = 0 LIMIT 1   [ RunTime:0.0017s ]
INFO: [ view_parse ] --START--
INFO: [ template_filter ] --START--
INFO: Run Behavior\ContentReplaceBehavior [ RunTime:0.000101s ]
INFO: [ template_filter ] --END-- [ RunTime:0.000150s ]
NOTIC: [8] Undefined variable: user /phpstudy/www/Gittext/game/Application/Runtime/Cache/Home/2a94b8bda04ff446dcedd42276fc99ee.php 第 61 行.
NOTIC: [8] Undefined variable: user /phpstudy/www/Gittext/game/Application/Runtime/Cache/Home/2a94b8bda04ff446dcedd42276fc99ee.php 第 62 行.
NOTIC: [8] Undefined variable: user /phpstudy/www/Gittext/game/Application/Runtime/Cache/Home/2a94b8bda04ff446dcedd42276fc99ee.php 第 76 行.
INFO: Run Behavior\ParseTemplateBehavior [ RunTime:0.014136s ]
INFO: [ view_parse ] --END-- [ RunTime:0.014183s ]
INFO: [ view_filter ] --START--
INFO: Run Behavior\WriteHtmlCacheBehavior [ RunTime:0.000139s ]
INFO: [ view_filter ] --END-- [ RunTime:0.000167s ]
INFO: [ app_end ] --START--
INFO: Run Behavior\ShowPageTraceBehavior [ RunTime:0.000420s ]
INFO: [ app_end ] --END-- [ RunTime:0.000474s ]

[ 2019-05-04T06:36:49+08:00 ] 177.188.115.21 /
INFO: [ app_init ] --START--
INFO: Run Behavior\BuildLiteBehavior [ RunTime:0.000012s ]
INFO: [ app_init ] --END-- [ RunTime:0.000225s ]
INFO: [ app_begin ] --START--
INFO: Run Behavior\ReadHtmlCacheBehavior [ RunTime:0.000286s ]
INFO: [ app_begin ] --END-- [ RunTime:0.000318s ]
NOTIC: [8] Undefined index: nuid /phpstudy/www/Gittext/game/Application/Home/Controller/HomeController.class.php 第 10 行.
SQL: SHOW COLUMNS FROM `dd_config` [ RunTime:0.0026s ]
SQL: SELECT * FROM `dd_config`  [ RunTime:0.0021s ]
SQL: SHOW COLUMNS FROM `dd_zhuan` [ RunTime:0.0050s ]
SQL: SELECT * FROM `dd_zhuan` WHERE ( ying>money ) AND `money` > 5 ORDER BY id desc LIMIT 5   [ RunTime:0.0022s ]
SQL: SHOW COLUMNS FROM `dd_charge_log` [ RunTime:0.0023s ]
SQL: SELECT * FROM `dd_charge_log` WHERE `user_id` = null AND `chou` = 0 LIMIT 1   [ RunTime:0.0021s ]
INFO: [ view_parse ] --START--
INFO: [ template_filter ] --START--
INFO: Run Behavior\ContentReplaceBehavior [ RunTime:0.000096s ]
INFO: [ template_filter ] --END-- [ RunTime:0.000157s ]
NOTIC: [8] Undefined variable: user /phpstudy/www/Gittext/game/Application/Runtime/Cache/Home/2a94b8bda04ff446dcedd42276fc99ee.php 第 61 行.
NOTIC: [8] Undefined variable: user /phpstudy/www/Gittext/game/Application/Runtime/Cache/Home/2a94b8bda04ff446dcedd42276fc99ee.php 第 62 行.
NOTIC: [8] Undefined variable: user /phpstudy/www/Gittext/game/Application/Runtime/Cache/Home/2a94b8bda04ff446dcedd42276fc99ee.php 第 76 行.
INFO: Run Behavior\ParseTemplateBehavior [ RunTime:0.015031s ]
INFO: [ view_parse ] --END-- [ RunTime:0.015065s ]
INFO: [ view_filter ] --START--
INFO: Run Behavior\WriteHtmlCacheBehavior [ RunTime:0.000126s ]
INFO: [ view_filter ] --END-- [ RunTime:0.000150s ]
INFO: [ app_end ] --START--
INFO: Run Behavior\ShowPageTraceBehavior [ RunTime:0.000434s ]
INFO: [ app_end ] --END-- [ RunTime:0.000481s ]

[ 2019-05-04T06:39:51+08:00 ] 159.192.97.109 /
INFO: [ app_init ] --START--
INFO: Run Behavior\BuildLiteBehavior [ RunTime:0.000015s ]
INFO: [ app_init ] --END-- [ RunTime:0.000235s ]
INFO: [ app_begin ] --START--
INFO: Run Behavior\ReadHtmlCacheBehavior [ RunTime:0.000312s ]
INFO: [ app_begin ] --END-- [ RunTime:0.000351s ]
NOTIC: [8] Undefined index: nuid /phpstudy/www/Gittext/game/Application/Home/Controller/HomeController.class.php 第 10 行.
SQL: SHOW COLUMNS FROM `dd_config` [ RunTime:0.0029s ]
SQL: SELECT * FROM `dd_config`  [ RunTime:0.0024s ]
SQL: SHOW COLUMNS FROM `dd_zhuan` [ RunTime:0.0028s ]
SQL: SELECT * FROM `dd_zhuan` WHERE ( ying>money ) AND `money` > 5 ORDER BY id desc LIMIT 5   [ RunTime:0.0025s ]
SQL: SHOW COLUMNS FROM `dd_charge_log` [ RunTime:0.0028s ]
SQL: SELECT * FROM `dd_charge_log` WHERE `user_id` = null AND `chou` = 0 LIMIT 1   [ RunTime:0.0025s ]
INFO: [ view_parse ] --START--
INFO: [ template_filter ] --START--
INFO: Run Behavior\ContentReplaceBehavior [ RunTime:0.000095s ]
INFO: [ template_filter ] --END-- [ RunTime:0.000139s ]
NOTIC: [8] Undefined variable: user /phpstudy/www/Gittext/game/Application/Runtime/Cache/Home/2a94b8bda04ff446dcedd42276fc99ee.php 第 61 行.
NOTIC: [8] Undefined variable: user /phpstudy/www/Gittext/game/Application/Runtime/Cache/Home/2a94b8bda04ff446dcedd42276fc99ee.php 第 62 行.
NOTIC: [8] Undefined variable: user /phpstudy/www/Gittext/game/Application/Runtime/Cache/Home/2a94b8bda04ff446dcedd42276fc99ee.php 第 76 行.
INFO: Run Behavior\ParseTemplateBehavior [ RunTime:0.009544s ]
INFO: [ view_parse ] --END-- [ RunTime:0.009577s ]
INFO: [ view_filter ] --START--
INFO: Run Behavior\WriteHtmlCacheBehavior [ RunTime:0.000115s ]
INFO: [ view_filter ] --END-- [ RunTime:0.000140s ]
INFO: [ app_end ] --START--
INFO: Run Behavior\ShowPageTraceBehavior [ RunTime:0.000353s ]
INFO: [ app_end ] --END-- [ RunTime:0.000389s ]

[ 2019-05-04T08:40:38+08:00 ] 43.252.220.82 /
INFO: [ app_init ] --START--
INFO: Run Behavior\BuildLiteBehavior [ RunTime:0.000012s ]
INFO: [ app_init ] --END-- [ RunTime:0.000242s ]
INFO: [ app_begin ] --START--
INFO: Run Behavior\ReadHtmlCacheBehavior [ RunTime:0.000320s ]
INFO: [ app_begin ] --END-- [ RunTime:0.000359s ]
NOTIC: [8] Undefined index: nuid /phpstudy/www/Gittext/game/Application/Home/Controller/HomeController.class.php 第 10 行.
SQL: SHOW COLUMNS FROM `dd_config` [ RunTime:0.0027s ]
SQL: SELECT * FROM `dd_config`  [ RunTime:0.0021s ]
SQL: SHOW COLUMNS FROM `dd_zhuan` [ RunTime:0.0025s ]
SQL: SELECT * FROM `dd_zhuan` WHERE ( ying>money ) AND `money` > 5 ORDER BY id desc LIMIT 5   [ RunTime:0.0021s ]
SQL: SHOW COLUMNS FROM `dd_charge_log` [ RunTime:0.0024s ]
SQL: SELECT * FROM `dd_charge_log` WHERE `user_id` = null AND `chou` = 0 LIMIT 1   [ RunTime:0.0021s ]
INFO: [ view_parse ] --START--
INFO: [ template_filter ] --START--
INFO: Run Behavior\ContentReplaceBehavior [ RunTime:0.000090s ]
INFO: [ template_filter ] --END-- [ RunTime:0.000129s ]
NOTIC: [8] Undefined variable: user /phpstudy/www/Gittext/game/Application/Runtime/Cache/Home/2a94b8bda04ff446dcedd42276fc99ee.php 第 61 行.
NOTIC: [8] Undefined variable: user /phpstudy/www/Gittext/game/Application/Runtime/Cache/Home/2a94b8bda04ff446dcedd42276fc99ee.php 第 62 行.
NOTIC: [8] Undefined variable: user /phpstudy/www/Gittext/game/Application/Runtime/Cache/Home/2a94b8bda04ff446dcedd42276fc99ee.php 第 76 行.
INFO: Run Behavior\ParseTemplateBehavior [ RunTime:0.009309s ]
INFO: [ view_parse ] --END-- [ RunTime:0.009341s ]
INFO: [ view_filter ] --START--
INFO: Run Behavior\WriteHtmlCacheBehavior [ RunTime:0.000115s ]
INFO: [ view_filter ] --END-- [ RunTime:0.000138s ]
INFO: [ app_end ] --START--
INFO: Run Behavior\ShowPageTraceBehavior [ RunTime:0.000338s ]
INFO: [ app_end ] --END-- [ RunTime:0.000370s ]

[ 2019-05-04T08:45:49+08:00 ] 109.94.120.6 /
INFO: [ app_init ] --START--
INFO: Run Behavior\BuildLiteBehavior [ RunTime:0.000015s ]
INFO: [ app_init ] --END-- [ RunTime:0.000253s ]
INFO: [ app_begin ] --START--
INFO: Run Behavior\ReadHtmlCacheBehavior [ RunTime:0.000317s ]
INFO: [ app_begin ] --END-- [ RunTime:0.000363s ]
NOTIC: [8] Undefined index: nuid /phpstudy/www/Gittext/game/Application/Home/Controller/HomeController.class.php 第 10 行.
SQL: SHOW COLUMNS FROM `dd_config` [ RunTime:0.0020s ]
SQL: SELECT * FROM `dd_config`  [ RunTime:0.0016s ]
SQL: SHOW COLUMNS FROM `dd_zhuan` [ RunTime:0.0019s ]
SQL: SELECT * FROM `dd_zhuan` WHERE ( ying>money ) AND `money` > 5 ORDER BY id desc LIMIT 5   [ RunTime:0.0016s ]
SQL: SHOW COLUMNS FROM `dd_charge_log` [ RunTime:0.0018s ]
SQL: SELECT * FROM `dd_charge_log` WHERE `user_id` = null AND `chou` = 0 LIMIT 1   [ RunTime:0.0016s ]
INFO: [ view_parse ] --START--
INFO: [ template_filter ] --START--
INFO: Run Behavior\ContentReplaceBehavior [ RunTime:0.000090s ]
INFO: [ template_filter ] --END-- [ RunTime:0.000131s ]
NOTIC: [8] Undefined variable: user /phpstudy/www/Gittext/game/Application/Runtime/Cache/Home/2a94b8bda04ff446dcedd42276fc99ee.php 第 61 行.
NOTIC: [8] Undefined variable: user /phpstudy/www/Gittext/game/Application/Runtime/Cache/Home/2a94b8bda04ff446dcedd42276fc99ee.php 第 62 行.
NOTIC: [8] Undefined variable: user /phpstudy/www/Gittext/game/Application/Runtime/Cache/Home/2a94b8bda04ff446dcedd42276fc99ee.php 第 76 行.
INFO: Run Behavior\ParseTemplateBehavior [ RunTime:0.009704s ]
INFO: [ view_parse ] --END-- [ RunTime:0.009736s ]
INFO: [ view_filter ] --START--
INFO: Run Behavior\WriteHtmlCacheBehavior [ RunTime:0.000121s ]
INFO: [ view_filter ] --END-- [ RunTime:0.000156s ]
INFO: [ app_end ] --START--
INFO: Run Behavior\ShowPageTraceBehavior [ RunTime:0.000353s ]
INFO: [ app_end ] --END-- [ RunTime:0.000387s ]

[ 2019-05-04T09:22:17+08:00 ] 165.16.37.178 /
INFO: [ app_init ] --START--
INFO: Run Behavior\BuildLiteBehavior [ RunTime:0.000013s ]
INFO: [ app_init ] --END-- [ RunTime:0.000228s ]
INFO: [ app_begin ] --START--
INFO: Run Behavior\ReadHtmlCacheBehavior [ RunTime:0.000290s ]
INFO: [ app_begin ] --END-- [ RunTime:0.000331s ]
NOTIC: [8] Undefined index: nuid /phpstudy/www/Gittext/game/Application/Home/Controller/HomeController.class.php 第 10 行.
SQL: SHOW COLUMNS FROM `dd_config` [ RunTime:0.0024s ]
SQL: SELECT * FROM `dd_config`  [ RunTime:0.0021s ]
SQL: SHOW COLUMNS FROM `dd_zhuan` [ RunTime:0.0024s ]
SQL: SELECT * FROM `dd_zhuan` WHERE ( ying>money ) AND `money` > 5 ORDER BY id desc LIMIT 5   [ RunTime:0.0022s ]
SQL: SHOW COLUMNS FROM `dd_charge_log` [ RunTime:0.0067s ]
SQL: SELECT * FROM `dd_charge_log` WHERE `user_id` = null AND `chou` = 0 LIMIT 1   [ RunTime:0.0022s ]
INFO: [ view_parse ] --START--
INFO: [ template_filter ] --START--
INFO: Run Behavior\ContentReplaceBehavior [ RunTime:0.000091s ]
INFO: [ template_filter ] --END-- [ RunTime:0.000137s ]
NOTIC: [8] Undefined variable: user /phpstudy/www/Gittext/game/Application/Runtime/Cache/Home/2a94b8bda04ff446dcedd42276fc99ee.php 第 61 行.
NOTIC: [8] Undefined variable: user /phpstudy/www/Gittext/game/Application/Runtime/Cache/Home/2a94b8bda04ff446dcedd42276fc99ee.php 第 62 行.
NOTIC: [8] Undefined variable: user /phpstudy/www/Gittext/game/Application/Runtime/Cache/Home/2a94b8bda04ff446dcedd42276fc99ee.php 第 76 行.
INFO: Run Behavior\ParseTemplateBehavior [ RunTime:0.009810s ]
INFO: [ view_parse ] --END-- [ RunTime:0.009849s ]
INFO: [ view_filter ] --START--
INFO: Run Behavior\WriteHtmlCacheBehavior [ RunTime:0.000119s ]
INFO: [ view_filter ] --END-- [ RunTime:0.000142s ]
INFO: [ app_end ] --START--
INFO: Run Behavior\ShowPageTraceBehavior [ RunTime:0.000395s ]
INFO: [ app_end ] --END-- [ RunTime:0.000428s ]

[ 2019-05-04T10:53:50+08:00 ] 101.132.193.68 /
INFO: [ app_init ] --START--
INFO: Run Behavior\BuildLiteBehavior [ RunTime:0.000013s ]
INFO: [ app_init ] --END-- [ RunTime:0.000250s ]
INFO: [ app_begin ] --START--
INFO: Run Behavior\ReadHtmlCacheBehavior [ RunTime:0.000288s ]
INFO: [ app_begin ] --END-- [ RunTime:0.000322s ]
NOTIC: [8] Undefined index: nuid /phpstudy/www/Gittext/game/Application/Home/Controller/HomeController.class.php 第 10 行.
SQL: SHOW COLUMNS FROM `dd_config` [ RunTime:0.0024s ]
SQL: SELECT * FROM `dd_config`  [ RunTime:0.0020s ]
SQL: SHOW COLUMNS FROM `dd_zhuan` [ RunTime:0.0025s ]
SQL: SELECT * FROM `dd_zhuan` WHERE ( ying>money ) AND `money` > 5 ORDER BY id desc LIMIT 5   [ RunTime:0.0022s ]
SQL: SHOW COLUMNS FROM `dd_charge_log` [ RunTime:0.0024s ]
SQL: SELECT * FROM `dd_charge_log` WHERE `user_id` = null AND `chou` = 0 LIMIT 1   [ RunTime:0.0020s ]
INFO: [ view_parse ] --START--
INFO: [ template_filter ] --START--
INFO: Run Behavior\ContentReplaceBehavior [ RunTime:0.000092s ]
INFO: [ template_filter ] --END-- [ RunTime:0.000138s ]
NOTIC: [8] Undefined variable: user /phpstudy/www/Gittext/game/Application/Runtime/Cache/Home/2a94b8bda04ff446dcedd42276fc99ee.php 第 61 行.
NOTIC: [8] Undefined variable: user /phpstudy/www/Gittext/game/Application/Runtime/Cache/Home/2a94b8bda04ff446dcedd42276fc99ee.php 第 62 行.
NOTIC: [8] Undefined variable: user /phpstudy/www/Gittext/game/Application/Runtime/Cache/Home/2a94b8bda04ff446dcedd42276fc99ee.php 第 76 行.
INFO: Run Behavior\ParseTemplateBehavior [ RunTime:0.009306s ]
INFO: [ view_parse ] --END-- [ RunTime:0.009341s ]
INFO: [ view_filter ] --START--
INFO: Run Behavior\WriteHtmlCacheBehavior [ RunTime:0.000142s ]
INFO: [ view_filter ] --END-- [ RunTime:0.000167s ]
INFO: [ app_end ] --START--
INFO: Run Behavior\ShowPageTraceBehavior [ RunTime:0.000355s ]
INFO: [ app_end ] --END-- [ RunTime:0.000388s ]

[ 2019-05-04T11:12:14+08:00 ] 191.254.86.177 /
INFO: [ app_init ] --START--
INFO: Run Behavior\BuildLiteBehavior [ RunTime:0.000012s ]
INFO: [ app_init ] --END-- [ RunTime:0.000240s ]
INFO: [ app_begin ] --START--
INFO: Run Behavior\ReadHtmlCacheBehavior [ RunTime:0.000342s ]
INFO: [ app_begin ] --END-- [ RunTime:0.000383s ]
NOTIC: [8] Undefined index: nuid /phpstudy/www/Gittext/game/Application/Home/Controller/HomeController.class.php 第 10 行.
SQL: SHOW COLUMNS FROM `dd_config` [ RunTime:0.0027s ]
SQL: SELECT * FROM `dd_config`  [ RunTime:0.0023s ]
SQL: SHOW COLUMNS FROM `dd_zhuan` [ RunTime:0.0028s ]
SQL: SELECT * FROM `dd_zhuan` WHERE ( ying>money ) AND `money` > 5 ORDER BY id desc LIMIT 5   [ RunTime:0.0024s ]
SQL: SHOW COLUMNS FROM `dd_charge_log` [ RunTime:0.0026s ]
SQL: SELECT * FROM `dd_charge_log` WHERE `user_id` = null AND `chou` = 0 LIMIT 1   [ RunTime:0.0023s ]
INFO: [ view_parse ] --START--
INFO: [ template_filter ] --START--
INFO: Run Behavior\ContentReplaceBehavior [ RunTime:0.000092s ]
INFO: [ template_filter ] --END-- [ RunTime:0.000139s ]
NOTIC: [8] Undefined variable: user /phpstudy/www/Gittext/game/Application/Runtime/Cache/Home/2a94b8bda04ff446dcedd42276fc99ee.php 第 61 行.
NOTIC: [8] Undefined variable: user /phpstudy/www/Gittext/game/Application/Runtime/Cache/Home/2a94b8bda04ff446dcedd42276fc99ee.php 第 62 行.
NOTIC: [8] Undefined variable: user /phpstudy/www/Gittext/game/Application/Runtime/Cache/Home/2a94b8bda04ff446dcedd42276fc99ee.php 第 76 行.
INFO: Run Behavior\ParseTemplateBehavior [ RunTime:0.009515s ]
INFO: [ view_parse ] --END-- [ RunTime:0.009548s ]
INFO: [ view_filter ] --START--
INFO: Run Behavior\WriteHtmlCacheBehavior [ RunTime:0.000143s ]
INFO: [ view_filter ] --END-- [ RunTime:0.000168s ]
INFO: [ app_end ] --START--
INFO: Run Behavior\ShowPageTraceBehavior [ RunTime:0.000346s ]
INFO: [ app_end ] --END-- [ RunTime:0.000377s ]

[ 2019-05-04T12:56:01+08:00 ] 210.193.156.250 /
INFO: [ app_init ] --START--
INFO: Run Behavior\BuildLiteBehavior [ RunTime:0.000014s ]
INFO: [ app_init ] --END-- [ RunTime:0.000283s ]
INFO: [ app_begin ] --START--
INFO: Run Behavior\ReadHtmlCacheBehavior [ RunTime:0.000354s ]
INFO: [ app_begin ] --END-- [ RunTime:0.000396s ]
NOTIC: [8] Undefined index: nuid /phpstudy/www/Gittext/game/Application/Home/Controller/HomeController.class.php 第 10 行.
SQL: SHOW COLUMNS FROM `dd_config` [ RunTime:0.0017s ]
SQL: SELECT * FROM `dd_config`  [ RunTime:0.0013s ]
SQL: SHOW COLUMNS FROM `dd_zhuan` [ RunTime:0.0017s ]
SQL: SELECT * FROM `dd_zhuan` WHERE ( ying>money ) AND `money` > 5 ORDER BY id desc LIMIT 5   [ RunTime:0.0016s ]
SQL: SHOW COLUMNS FROM `dd_charge_log` [ RunTime:0.0017s ]
SQL: SELECT * FROM `dd_charge_log` WHERE `user_id` = null AND `chou` = 0 LIMIT 1   [ RunTime:0.0013s ]
INFO: [ view_parse ] --START--
INFO: [ template_filter ] --START--
INFO: Run Behavior\ContentReplaceBehavior [ RunTime:0.000092s ]
INFO: [ template_filter ] --END-- [ RunTime:0.000140s ]
NOTIC: [8] Undefined variable: user /phpstudy/www/Gittext/game/Application/Runtime/Cache/Home/2a94b8bda04ff446dcedd42276fc99ee.php 第 61 行.
NOTIC: [8] Undefined variable: user /phpstudy/www/Gittext/game/Application/Runtime/Cache/Home/2a94b8bda04ff446dcedd42276fc99ee.php 第 62 行.
NOTIC: [8] Undefined variable: user /phpstudy/www/Gittext/game/Application/Runtime/Cache/Home/2a94b8bda04ff446dcedd42276fc99ee.php 第 76 行.
INFO: Run Behavior\ParseTemplateBehavior [ RunTime:0.009852s ]
INFO: [ view_parse ] --END-- [ RunTime:0.009884s ]
INFO: [ view_filter ] --START--
INFO: Run Behavior\WriteHtmlCacheBehavior [ RunTime:0.000121s ]
INFO: [ view_filter ] --END-- [ RunTime:0.000144s ]
INFO: [ app_end ] --START--
INFO: Run Behavior\ShowPageTraceBehavior [ RunTime:0.000429s ]
INFO: [ app_end ] --END-- [ RunTime:0.000468s ]

[ 2019-05-04T14:08:16+08:00 ] 31.25.176.114 /
INFO: [ app_init ] --START--
INFO: Run Behavior\BuildLiteBehavior [ RunTime:0.000015s ]
INFO: [ app_init ] --END-- [ RunTime:0.000269s ]
INFO: [ app_begin ] --START--
INFO: Run Behavior\ReadHtmlCacheBehavior [ RunTime:0.000315s ]
INFO: [ app_begin ] --END-- [ RunTime:0.000354s ]
NOTIC: [8] Undefined index: nuid /phpstudy/www/Gittext/game/Application/Home/Controller/HomeController.class.php 第 10 行.
SQL: SHOW COLUMNS FROM `dd_config` [ RunTime:0.0020s ]
SQL: SELECT * FROM `dd_config`  [ RunTime:0.0016s ]
SQL: SHOW COLUMNS FROM `dd_zhuan` [ RunTime:0.0019s ]
SQL: SELECT * FROM `dd_zhuan` WHERE ( ying>money ) AND `money` > 5 ORDER BY id desc LIMIT 5   [ RunTime:0.0017s ]
SQL: SHOW COLUMNS FROM `dd_charge_log` [ RunTime:0.0019s ]
SQL: SELECT * FROM `dd_charge_log` WHERE `user_id` = null AND `chou` = 0 LIMIT 1   [ RunTime:0.0016s ]
INFO: [ view_parse ] --START--
INFO: [ template_filter ] --START--
INFO: Run Behavior\ContentReplaceBehavior [ RunTime:0.000104s ]
INFO: [ template_filter ] --END-- [ RunTime:0.000147s ]
NOTIC: [8] Undefined variable: user /phpstudy/www/Gittext/game/Application/Runtime/Cache/Home/2a94b8bda04ff446dcedd42276fc99ee.php 第 61 行.
NOTIC: [8] Undefined variable: user /phpstudy/www/Gittext/game/Application/Runtime/Cache/Home/2a94b8bda04ff446dcedd42276fc99ee.php 第 62 行.
NOTIC: [8] Undefined variable: user /phpstudy/www/Gittext/game/Application/Runtime/Cache/Home/2a94b8bda04ff446dcedd42276fc99ee.php 第 76 行.
INFO: Run Behavior\ParseTemplateBehavior [ RunTime:0.009847s ]
INFO: [ view_parse ] --END-- [ RunTime:0.009878s ]
INFO: [ view_filter ] --START--
INFO: Run Behavior\WriteHtmlCacheBehavior [ RunTime:0.000116s ]
INFO: [ view_filter ] --END-- [ RunTime:0.000139s ]
INFO: [ app_end ] --START--
INFO: Run Behavior\ShowPageTraceBehavior [ RunTime:0.000403s ]
INFO: [ app_end ] --END-- [ RunTime:0.000440s ]

[ 2019-05-04T15:57:18+08:00 ] 95.82.6.61 /
INFO: [ app_init ] --START--
INFO: Run Behavior\BuildLiteBehavior [ RunTime:0.000013s ]
INFO: [ app_init ] --END-- [ RunTime:0.000225s ]
INFO: [ app_begin ] --START--
INFO: Run Behavior\ReadHtmlCacheBehavior [ RunTime:0.000290s ]
INFO: [ app_begin ] --END-- [ RunTime:0.000322s ]
NOTIC: [8] Undefined index: nuid /phpstudy/www/Gittext/game/Application/Home/Controller/HomeController.class.php 第 10 行.
SQL: SHOW COLUMNS FROM `dd_config` [ RunTime:0.0032s ]
SQL: SELECT * FROM `dd_config`  [ RunTime:0.0027s ]
SQL: SHOW COLUMNS FROM `dd_zhuan` [ RunTime:0.0031s ]
SQL: SELECT * FROM `dd_zhuan` WHERE ( ying>money ) AND `money` > 5 ORDER BY id desc LIMIT 5   [ RunTime:0.0028s ]
SQL: SHOW COLUMNS FROM `dd_charge_log` [ RunTime:0.0031s ]
SQL: SELECT * FROM `dd_charge_log` WHERE `user_id` = null AND `chou` = 0 LIMIT 1   [ RunTime:0.0027s ]
INFO: [ view_parse ] --START--
INFO: [ template_filter ] --START--
INFO: Run Behavior\ContentReplaceBehavior [ RunTime:0.000089s ]
INFO: [ template_filter ] --END-- [ RunTime:0.000131s ]
NOTIC: [8] Undefined variable: user /phpstudy/www/Gittext/game/Application/Runtime/Cache/Home/2a94b8bda04ff446dcedd42276fc99ee.php 第 61 行.
NOTIC: [8] Undefined variable: user /phpstudy/www/Gittext/game/Application/Runtime/Cache/Home/2a94b8bda04ff446dcedd42276fc99ee.php 第 62 行.
NOTIC: [8] Undefined variable: user /phpstudy/www/Gittext/game/Application/Runtime/Cache/Home/2a94b8bda04ff446dcedd42276fc99ee.php 第 76 行.
INFO: Run Behavior\ParseTemplateBehavior [ RunTime:0.009807s ]
INFO: [ view_parse ] --END-- [ RunTime:0.009843s ]
INFO: [ view_filter ] --START--
INFO: Run Behavior\WriteHtmlCacheBehavior [ RunTime:0.000115s ]
INFO: [ view_filter ] --END-- [ RunTime:0.000138s ]
INFO: [ app_end ] --START--
INFO: Run Behavior\ShowPageTraceBehavior [ RunTime:0.000383s ]
INFO: [ app_end ] --END-- [ RunTime:0.000422s ]

[ 2019-05-04T15:58:06+08:00 ] 106.14.189.11 /
INFO: [ app_init ] --START--
INFO: Run Behavior\BuildLiteBehavior [ RunTime:0.000013s ]
INFO: [ app_init ] --END-- [ RunTime:0.000233s ]
INFO: [ app_begin ] --START--
INFO: Run Behavior\ReadHtmlCacheBehavior [ RunTime:0.000334s ]
INFO: [ app_begin ] --END-- [ RunTime:0.000371s ]
NOTIC: [8] Undefined index: nuid /phpstudy/www/Gittext/game/Application/Home/Controller/HomeController.class.php 第 10 行.
SQL: SHOW COLUMNS FROM `dd_config` [ RunTime:0.0025s ]
SQL: SELECT * FROM `dd_config`  [ RunTime:0.0022s ]
SQL: SHOW COLUMNS FROM `dd_zhuan` [ RunTime:0.0024s ]
SQL: SELECT * FROM `dd_zhuan` WHERE ( ying>money ) AND `money` > 5 ORDER BY id desc LIMIT 5   [ RunTime:0.0022s ]
SQL: SHOW COLUMNS FROM `dd_charge_log` [ RunTime:0.0024s ]
SQL: SELECT * FROM `dd_charge_log` WHERE `user_id` = null AND `chou` = 0 LIMIT 1   [ RunTime:0.0022s ]
INFO: [ view_parse ] --START--
INFO: [ template_filter ] --START--
INFO: Run Behavior\ContentReplaceBehavior [ RunTime:0.000104s ]
INFO: [ template_filter ] --END-- [ RunTime:0.000158s ]
NOTIC: [8] Undefined variable: user /phpstudy/www/Gittext/game/Application/Runtime/Cache/Home/2a94b8bda04ff446dcedd42276fc99ee.php 第 61 行.
NOTIC: [8] Undefined variable: user /phpstudy/www/Gittext/game/Application/Runtime/Cache/Home/2a94b8bda04ff446dcedd42276fc99ee.php 第 62 行.
NOTIC: [8] Undefined variable: user /phpstudy/www/Gittext/game/Application/Runtime/Cache/Home/2a94b8bda04ff446dcedd42276fc99ee.php 第 76 行.
INFO: Run Behavior\ParseTemplateBehavior [ RunTime:0.009935s ]
INFO: [ view_parse ] --END-- [ RunTime:0.009969s ]
INFO: [ view_filter ] --START--
INFO: Run Behavior\WriteHtmlCacheBehavior [ RunTime:0.000119s ]
INFO: [ view_filter ] --END-- [ RunTime:0.000145s ]
INFO: [ app_end ] --START--
INFO: Run Behavior\ShowPageTraceBehavior [ RunTime:0.000418s ]
INFO: [ app_end ] --END-- [ RunTime:0.000464s ]

[ 2019-05-04T19:24:21+08:00 ] 47.100.100.21 /
INFO: [ app_init ] --START--
INFO: Run Behavior\BuildLiteBehavior [ RunTime:0.000014s ]
INFO: [ app_init ] --END-- [ RunTime:0.000227s ]
INFO: [ app_begin ] --START--
INFO: Run Behavior\ReadHtmlCacheBehavior [ RunTime:0.000294s ]
INFO: [ app_begin ] --END-- [ RunTime:0.000327s ]
NOTIC: [8] Undefined index: nuid /phpstudy/www/Gittext/game/Application/Home/Controller/HomeController.class.php 第 10 行.
SQL: SHOW COLUMNS FROM `dd_config` [ RunTime:0.0025s ]
SQL: SELECT * FROM `dd_config`  [ RunTime:0.0022s ]
SQL: SHOW COLUMNS FROM `dd_zhuan` [ RunTime:0.0026s ]
SQL: SELECT * FROM `dd_zhuan` WHERE ( ying>money ) AND `money` > 5 ORDER BY id desc LIMIT 5   [ RunTime:0.0024s ]
SQL: SHOW COLUMNS FROM `dd_charge_log` [ RunTime:0.0027s ]
SQL: SELECT * FROM `dd_charge_log` WHERE `user_id` = null AND `chou` = 0 LIMIT 1   [ RunTime:0.0022s ]
INFO: [ view_parse ] --START--
INFO: [ template_filter ] --START--
INFO: Run Behavior\ContentReplaceBehavior [ RunTime:0.000091s ]
INFO: [ template_filter ] --END-- [ RunTime:0.000135s ]
NOTIC: [8] Undefined variable: user /phpstudy/www/Gittext/game/Application/Runtime/Cache/Home/2a94b8bda04ff446dcedd42276fc99ee.php 第 61 行.
NOTIC: [8] Undefined variable: user /phpstudy/www/Gittext/game/Application/Runtime/Cache/Home/2a94b8bda04ff446dcedd42276fc99ee.php 第 62 行.
NOTIC: [8] Undefined variable: user /phpstudy/www/Gittext/game/Application/Runtime/Cache/Home/2a94b8bda04ff446dcedd42276fc99ee.php 第 76 行.
INFO: Run Behavior\ParseTemplateBehavior [ RunTime:0.009724s ]
INFO: [ view_parse ] --END-- [ RunTime:0.009759s ]
INFO: [ view_filter ] --START--
INFO: Run Behavior\WriteHtmlCacheBehavior [ RunTime:0.000119s ]
INFO: [ view_filter ] --END-- [ RunTime:0.000143s ]
INFO: [ app_end ] --START--
INFO: Run Behavior\ShowPageTraceBehavior [ RunTime:0.000356s ]
INFO: [ app_end ] --END-- [ RunTime:0.000397s ]

[ 2019-05-04T20:27:45+08:00 ] 177.92.15.210 /
INFO: [ app_init ] --START--
INFO: Run Behavior\BuildLiteBehavior [ RunTime:0.000013s ]
INFO: [ app_init ] --END-- [ RunTime:0.000219s ]
INFO: [ app_begin ] --START--
INFO: Run Behavior\ReadHtmlCacheBehavior [ RunTime:0.000301s ]
INFO: [ app_begin ] --END-- [ RunTime:0.000332s ]
NOTIC: [8] Undefined index: nuid /phpstudy/www/Gittext/game/Application/Home/Controller/HomeController.class.php 第 10 行.
SQL: SHOW COLUMNS FROM `dd_config` [ RunTime:0.0025s ]
SQL: SELECT * FROM `dd_config`  [ RunTime:0.0022s ]
SQL: SHOW COLUMNS FROM `dd_zhuan` [ RunTime:0.0025s ]
SQL: SELECT * FROM `dd_zhuan` WHERE ( ying>money ) AND `money` > 5 ORDER BY id desc LIMIT 5   [ RunTime:0.0025s ]
SQL: SHOW COLUMNS FROM `dd_charge_log` [ RunTime:0.0026s ]
SQL: SELECT * FROM `dd_charge_log` WHERE `user_id` = null AND `chou` = 0 LIMIT 1   [ RunTime:0.0023s ]
INFO: [ view_parse ] --START--
INFO: [ template_filter ] --START--
INFO: Run Behavior\ContentReplaceBehavior [ RunTime:0.000093s ]
INFO: [ template_filter ] --END-- [ RunTime:0.000142s ]
NOTIC: [8] Undefined variable: user /phpstudy/www/Gittext/game/Application/Runtime/Cache/Home/2a94b8bda04ff446dcedd42276fc99ee.php 第 61 行.
NOTIC: [8] Undefined variable: user /phpstudy/www/Gittext/game/Application/Runtime/Cache/Home/2a94b8bda04ff446dcedd42276fc99ee.php 第 62 行.
NOTIC: [8] Undefined variable: user /phpstudy/www/Gittext/game/Application/Runtime/Cache/Home/2a94b8bda04ff446dcedd42276fc99ee.php 第 76 行.
INFO: Run Behavior\ParseTemplateBehavior [ RunTime:0.010072s ]
INFO: [ view_parse ] --END-- [ RunTime:0.010104s ]
INFO: [ view_filter ] --START--
INFO: Run Behavior\WriteHtmlCacheBehavior [ RunTime:0.000123s ]
INFO: [ view_filter ] --END-- [ RunTime:0.000147s ]
INFO: [ app_end ] --START--
INFO: Run Behavior\ShowPageTraceBehavior [ RunTime:0.000364s ]
INFO: [ app_end ] --END-- [ RunTime:0.000399s ]

