[ 2018-12-26T22:57:00+08:00 ] 127.0.0.1 /
INFO: [ app_init ] --START--
INFO: Run Behavior\BuildLiteBehavior [ RunTime:0.000000s ]
INFO: [ app_init ] --END-- [ RunTime:0.008000s ]
INFO: [ app_begin ] --START--
INFO: Run Behavior\ReadHtmlCacheBehavior [ RunTime:0.012000s ]
INFO: [ app_begin ] --END-- [ RunTime:0.013000s ]
SQL: SHOW COLUMNS FROM `dd_config` [ RunTime:0.0530s ]
SQL: SELECT * FROM `dd_config`  [ RunTime:0.0100s ]

[ 2018-12-26T22:57:00+08:00 ] 127.0.0.1 /index.php?m=Admin&c=Index&a=login
INFO: [ app_init ] --START--
INFO: Run Behavior\BuildLiteBehavior [ RunTime:0.000000s ]
INFO: [ app_init ] --END-- [ RunTime:0.002000s ]
INFO: [ app_begin ] --START--
INFO: Run Behavior\ReadHtmlCacheBehavior [ RunTime:0.002000s ]
INFO: [ app_begin ] --END-- [ RunTime:0.002000s ]
SQL: SHOW COLUMNS FROM `dd_config` [ RunTime:0.0220s ]
SQL: SELECT * FROM `dd_config`  [ RunTime:0.0020s ]
INFO: [ view_parse ] --START--
INFO: [ template_filter ] --START--
INFO: Run Behavior\ContentReplaceBehavior [ RunTime:0.001000s ]
INFO: [ template_filter ] --END-- [ RunTime:0.001000s ]
NOTIC: [8] Undefined index: name F:\project\www.dazhuanpan.com\Application\Runtime\Cache\Admin\041185b974292283d2f6098acc3220ec.php ç¬¬ 13 è¡Œ.
NOTIC: [8] Undefined index: name F:\project\www.dazhuanpan.com\Application\Runtime\Cache\Admin\041185b974292283d2f6098acc3220ec.php ç¬¬ 63 è¡Œ.
INFO: Run Behavior\ParseTemplateBehavior [ RunTime:0.083004s ]
INFO: [ view_parse ] --END-- [ RunTime:0.084004s ]
INFO: [ view_filter ] --START--
INFO: Run Behavior\WriteHtmlCacheBehavior [ RunTime:0.014001s ]
INFO: [ view_filter ] --END-- [ RunTime:0.014001s ]
INFO: [ app_end ] --START--
INFO: Run Behavior\ShowPageTraceBehavior [ RunTime:0.008001s ]
INFO: [ app_end ] --END-- [ RunTime:0.009001s ]

[ 2018-12-26T05:30:05+08:00 ] 127.0.0.1 /
INFO: [ app_init ] --START--
INFO: Run Behavior\BuildLiteBehavior [ RunTime:0.000000s ]
INFO: [ app_init ] --END-- [ RunTime:0.029002s ]
INFO: [ app_begin ] --START--
INFO: Run Behavior\ReadHtmlCacheBehavior [ RunTime:0.015001s ]
INFO: [ app_begin ] --END-- [ RunTime:0.015001s ]
SQL: SHOW COLUMNS FROM `dd_config` [ RunTime:0.0680s ]
SQL: SELECT * FROM `dd_config`  [ RunTime:0.0200s ]

[ 2018-12-26T05:30:06+08:00 ] 127.0.0.1 /index.php?m=Admin&c=Index&a=login
INFO: [ app_init ] --START--
INFO: Run Behavior\BuildLiteBehavior [ RunTime:0.000000s ]
INFO: [ app_init ] --END-- [ RunTime:0.001000s ]
INFO: [ app_begin ] --START--
INFO: Run Behavior\ReadHtmlCacheBehavior [ RunTime:0.001000s ]
INFO: [ app_begin ] --END-- [ RunTime:0.001000s ]
SQL: SHOW COLUMNS FROM `dd_config` [ RunTime:0.0170s ]
SQL: SELECT * FROM `dd_config`  [ RunTime:0.0010s ]
INFO: [ view_parse ] --START--
INFO: [ template_filter ] --START--
INFO: Run Behavior\ContentReplaceBehavior [ RunTime:0.000000s ]
INFO: [ template_filter ] --END-- [ RunTime:0.000000s ]
NOTIC: [8] Undefined index: name F:\project\www.dazhuanpan.com\Application\Runtime\Cache\Admin\041185b974292283d2f6098acc3220ec.php ç¬¬ 13 è¡Œ.
NOTIC: [8] Undefined index: name F:\project\www.dazhuanpan.com\Application\Runtime\Cache\Admin\041185b974292283d2f6098acc3220ec.php ç¬¬ 63 è¡Œ.
INFO: Run Behavior\ParseTemplateBehavior [ RunTime:0.158009s ]
INFO: [ view_parse ] --END-- [ RunTime:0.158009s ]
INFO: [ view_filter ] --START--
INFO: Run Behavior\WriteHtmlCacheBehavior [ RunTime:0.031002s ]
INFO: [ view_filter ] --END-- [ RunTime:0.031002s ]
INFO: [ app_end ] --START--
INFO: Run Behavior\ShowPageTraceBehavior [ RunTime:0.002000s ]
INFO: [ app_end ] --END-- [ RunTime:0.002000s ]

[ 2018-12-26T06:07:49+08:00 ] 127.0.0.1 /
INFO: [ app_init ] --START--
INFO: Run Behavior\BuildLiteBehavior [ RunTime:0.000000s ]
INFO: [ app_init ] --END-- [ RunTime:0.001000s ]
INFO: [ app_begin ] --START--
INFO: Run Behavior\ReadHtmlCacheBehavior [ RunTime:0.003000s ]
INFO: [ app_begin ] --END-- [ RunTime:0.003000s ]
SQL: SHOW COLUMNS FROM `dd_config` [ RunTime:0.0530s ]
SQL: SELECT * FROM `dd_config`  [ RunTime:0.0010s ]

[ 2018-12-26T06:07:49+08:00 ] 127.0.0.1 /index.php?m=Admin&c=Index&a=login
INFO: [ app_init ] --START--
INFO: Run Behavior\BuildLiteBehavior [ RunTime:0.000000s ]
INFO: [ app_init ] --END-- [ RunTime:0.000000s ]
INFO: [ app_begin ] --START--
INFO: Run Behavior\ReadHtmlCacheBehavior [ RunTime:0.001000s ]
INFO: [ app_begin ] --END-- [ RunTime:0.001000s ]
SQL: SHOW COLUMNS FROM `dd_config` [ RunTime:0.0180s ]
SQL: SELECT * FROM `dd_config`  [ RunTime:0.0010s ]
INFO: [ view_parse ] --START--
INFO: [ template_filter ] --START--
INFO: Run Behavior\ContentReplaceBehavior [ RunTime:0.000000s ]
INFO: [ template_filter ] --END-- [ RunTime:0.000000s ]
NOTIC: [8] Undefined index: name F:\project\www.dazhuanpan.com\Application\Runtime\Cache\Admin\041185b974292283d2f6098acc3220ec.php ç¬¬ 13 è¡Œ.
NOTIC: [8] Undefined index: name F:\project\www.dazhuanpan.com\Application\Runtime\Cache\Admin\041185b974292283d2f6098acc3220ec.php ç¬¬ 63 è¡Œ.
INFO: Run Behavior\ParseTemplateBehavior [ RunTime:0.037002s ]
INFO: [ view_parse ] --END-- [ RunTime:0.037002s ]
INFO: [ view_filter ] --START--
INFO: Run Behavior\WriteHtmlCacheBehavior [ RunTime:0.001000s ]
INFO: [ view_filter ] --END-- [ RunTime:0.002001s ]
INFO: [ app_end ] --START--
INFO: Run Behavior\ShowPageTraceBehavior [ RunTime:0.002000s ]
INFO: [ app_end ] --END-- [ RunTime:0.002000s ]

[ 2018-12-26T06:10:54+08:00 ] 127.0.0.1 /index.php?m=Admin&c=Index&a=login
INFO: [ app_init ] --START--
INFO: Run Behavior\BuildLiteBehavior [ RunTime:0.000000s ]
INFO: [ app_init ] --END-- [ RunTime:0.001000s ]
INFO: [ app_begin ] --START--
INFO: Run Behavior\ReadHtmlCacheBehavior [ RunTime:0.002000s ]
INFO: [ app_begin ] --END-- [ RunTime:0.002000s ]
ERR: SQLSTATE[HY000] [2002] ÓÉÓÚÄ¿±ê¼ÆËã»ú»ý¼«¾Ü¾ø£¬ÎÞ·¨Á¬½Ó¡£


[ 2018-12-26T06:10:56+08:00 ] 127.0.0.1 /index.php?m=Admin&c=Index&a=login
INFO: [ app_init ] --START--
INFO: Run Behavior\BuildLiteBehavior [ RunTime:0.001000s ]
INFO: [ app_init ] --END-- [ RunTime:0.003000s ]
INFO: [ app_begin ] --START--
INFO: Run Behavior\ReadHtmlCacheBehavior [ RunTime:0.001000s ]
INFO: [ app_begin ] --END-- [ RunTime:0.001000s ]
SQL: SHOW COLUMNS FROM `dd_config` [ RunTime:0.0260s ]
SQL: SELECT * FROM `dd_config`  [ RunTime:0.0010s ]
INFO: [ view_parse ] --START--
INFO: [ template_filter ] --START--
INFO: Run Behavior\ContentReplaceBehavior [ RunTime:0.000000s ]
INFO: [ template_filter ] --END-- [ RunTime:0.000000s ]
NOTIC: [8] Undefined index: name F:\project\www.dazhuanpan.com\Application\Runtime\Cache\Admin\041185b974292283d2f6098acc3220ec.php ç¬¬ 13 è¡Œ.
NOTIC: [8] Undefined index: name F:\project\www.dazhuanpan.com\Application\Runtime\Cache\Admin\041185b974292283d2f6098acc3220ec.php ç¬¬ 63 è¡Œ.
INFO: Run Behavior\ParseTemplateBehavior [ RunTime:0.038002s ]
INFO: [ view_parse ] --END-- [ RunTime:0.038002s ]
INFO: [ view_filter ] --START--
INFO: Run Behavior\WriteHtmlCacheBehavior [ RunTime:0.001000s ]
INFO: [ view_filter ] --END-- [ RunTime:0.001000s ]
INFO: [ app_end ] --START--
INFO: Run Behavior\ShowPageTraceBehavior [ RunTime:0.001000s ]
INFO: [ app_end ] --END-- [ RunTime:0.001000s ]

[ 2018-12-26T06:10:59+08:00 ] 127.0.0.1 /index.php?m=Admin&c=Index&a=login
INFO: [ app_init ] --START--
INFO: Run Behavior\BuildLiteBehavior [ RunTime:0.000000s ]
INFO: [ app_init ] --END-- [ RunTime:0.001000s ]
INFO: [ app_begin ] --START--
INFO: Run Behavior\ReadHtmlCacheBehavior [ RunTime:0.002000s ]
INFO: [ app_begin ] --END-- [ RunTime:0.002000s ]
SQL: SHOW COLUMNS FROM `dd_config` [ RunTime:0.0210s ]
SQL: SELECT * FROM `dd_config`  [ RunTime:0.0010s ]
INFO: [ view_parse ] --START--
INFO: [ template_filter ] --START--
INFO: Run Behavior\ContentReplaceBehavior [ RunTime:0.000000s ]
INFO: [ template_filter ] --END-- [ RunTime:0.000000s ]
NOTIC: [8] Undefined index: name F:\project\www.dazhuanpan.com\Application\Runtime\Cache\Admin\041185b974292283d2f6098acc3220ec.php ç¬¬ 13 è¡Œ.
NOTIC: [8] Undefined index: name F:\project\www.dazhuanpan.com\Application\Runtime\Cache\Admin\041185b974292283d2f6098acc3220ec.php ç¬¬ 63 è¡Œ.
INFO: Run Behavior\ParseTemplateBehavior [ RunTime:0.017001s ]
INFO: [ view_parse ] --END-- [ RunTime:0.017001s ]
INFO: [ view_filter ] --START--
INFO: Run Behavior\WriteHtmlCacheBehavior [ RunTime:0.001000s ]
INFO: [ view_filter ] --END-- [ RunTime:0.002000s ]
INFO: [ app_end ] --START--
INFO: Run Behavior\ShowPageTraceBehavior [ RunTime:0.003000s ]
INFO: [ app_end ] --END-- [ RunTime:0.003000s ]

[ 2018-12-26T06:11:00+08:00 ] 127.0.0.1 /index.php?m=Admin&c=Index&a=login
INFO: [ app_init ] --START--
INFO: Run Behavior\BuildLiteBehavior [ RunTime:0.000000s ]
INFO: [ app_init ] --END-- [ RunTime:0.001000s ]
INFO: [ app_begin ] --START--
INFO: Run Behavior\ReadHtmlCacheBehavior [ RunTime:0.001000s ]
INFO: [ app_begin ] --END-- [ RunTime:0.001000s ]
SQL: SHOW COLUMNS FROM `dd_config` [ RunTime:0.0170s ]
SQL: SELECT * FROM `dd_config`  [ RunTime:0.0010s ]
INFO: [ view_parse ] --START--
INFO: [ template_filter ] --START--
INFO: Run Behavior\ContentReplaceBehavior [ RunTime:0.000000s ]
INFO: [ template_filter ] --END-- [ RunTime:0.000000s ]
NOTIC: [8] Undefined index: name F:\project\www.dazhuanpan.com\Application\Runtime\Cache\Admin\041185b974292283d2f6098acc3220ec.php ç¬¬ 13 è¡Œ.
NOTIC: [8] Undefined index: name F:\project\www.dazhuanpan.com\Application\Runtime\Cache\Admin\041185b974292283d2f6098acc3220ec.php ç¬¬ 63 è¡Œ.
INFO: Run Behavior\ParseTemplateBehavior [ RunTime:0.016001s ]
INFO: [ view_parse ] --END-- [ RunTime:0.016001s ]
INFO: [ view_filter ] --START--
INFO: Run Behavior\WriteHtmlCacheBehavior [ RunTime:0.001000s ]
INFO: [ view_filter ] --END-- [ RunTime:0.001000s ]
INFO: [ app_end ] --START--
INFO: Run Behavior\ShowPageTraceBehavior [ RunTime:0.001000s ]
INFO: [ app_end ] --END-- [ RunTime:0.002000s ]

[ 2018-12-26T06:46:53+08:00 ] 127.0.0.1 /index.php?m=Admin&c=Index&a=login
INFO: [ app_init ] --START--
INFO: Run Behavior\BuildLiteBehavior [ RunTime:0.000000s ]
INFO: [ app_init ] --END-- [ RunTime:0.002000s ]
INFO: [ app_begin ] --START--
INFO: Run Behavior\ReadHtmlCacheBehavior [ RunTime:0.008000s ]
INFO: [ app_begin ] --END-- [ RunTime:0.008000s ]
SQL: SHOW COLUMNS FROM `dd_config` [ RunTime:0.0500s ]
SQL: SELECT * FROM `dd_config`  [ RunTime:0.0010s ]
INFO: [ view_parse ] --START--
INFO: [ template_filter ] --START--
INFO: Run Behavior\ContentReplaceBehavior [ RunTime:0.000000s ]
INFO: [ template_filter ] --END-- [ RunTime:0.000000s ]
NOTIC: [8] Undefined index: name F:\project\www.dazhuanpan.com\Application\Runtime\Cache\Admin\041185b974292283d2f6098acc3220ec.php ç¬¬ 13 è¡Œ.
NOTIC: [8] Undefined index: name F:\project\www.dazhuanpan.com\Application\Runtime\Cache\Admin\041185b974292283d2f6098acc3220ec.php ç¬¬ 63 è¡Œ.
INFO: Run Behavior\ParseTemplateBehavior [ RunTime:0.072004s ]
INFO: [ view_parse ] --END-- [ RunTime:0.072004s ]
INFO: [ view_filter ] --START--
INFO: Run Behavior\WriteHtmlCacheBehavior [ RunTime:0.009001s ]
INFO: [ view_filter ] --END-- [ RunTime:0.009001s ]
INFO: [ app_end ] --START--
INFO: Run Behavior\ShowPageTraceBehavior [ RunTime:0.002000s ]
INFO: [ app_end ] --END-- [ RunTime:0.002000s ]

[ 2018-12-26T06:46:55+08:00 ] 127.0.0.1 /index.php?m=Admin&c=Index&a=login
INFO: [ app_init ] --START--
INFO: Run Behavior\BuildLiteBehavior [ RunTime:0.000000s ]
INFO: [ app_init ] --END-- [ RunTime:0.002000s ]
INFO: [ app_begin ] --START--
INFO: Run Behavior\ReadHtmlCacheBehavior [ RunTime:0.003000s ]
INFO: [ app_begin ] --END-- [ RunTime:0.003000s ]
SQL: SHOW COLUMNS FROM `dd_config` [ RunTime:0.0200s ]
SQL: SELECT * FROM `dd_config`  [ RunTime:0.0010s ]
INFO: [ view_parse ] --START--
INFO: [ template_filter ] --START--
INFO: Run Behavior\ContentReplaceBehavior [ RunTime:0.000000s ]
INFO: [ template_filter ] --END-- [ RunTime:0.000000s ]
NOTIC: [8] Undefined index: name F:\project\www.dazhuanpan.com\Application\Runtime\Cache\Admin\041185b974292283d2f6098acc3220ec.php ç¬¬ 13 è¡Œ.
NOTIC: [8] Undefined index: name F:\project\www.dazhuanpan.com\Application\Runtime\Cache\Admin\041185b974292283d2f6098acc3220ec.php ç¬¬ 63 è¡Œ.
INFO: Run Behavior\ParseTemplateBehavior [ RunTime:0.016001s ]
INFO: [ view_parse ] --END-- [ RunTime:0.016001s ]
INFO: [ view_filter ] --START--
INFO: Run Behavior\WriteHtmlCacheBehavior [ RunTime:0.001000s ]
INFO: [ view_filter ] --END-- [ RunTime:0.001000s ]
INFO: [ app_end ] --START--
INFO: Run Behavior\ShowPageTraceBehavior [ RunTime:0.001000s ]
INFO: [ app_end ] --END-- [ RunTime:0.001000s ]

