[ 2019-05-10T10:47:55+08:00 ] 113.87.26.249 /api.php?m=Index&c=index&a=slime
INFO: [ app_init ] --START--
INFO: Run Behavior\BuildLiteBehavior [ RunTime:0.000013s ]
INFO: [ app_init ] --END-- [ RunTime:0.000228s ]
INFO: [ app_begin ] --START--
INFO: Run Behavior\ReadHtmlCacheBehavior [ RunTime:0.000294s ]
INFO: [ app_begin ] --END-- [ RunTime:0.000326s ]
SQL: SHOW COLUMNS FROM `dd_config` [ RunTime:0.0024s ]
SQL: SELECT * FROM `dd_config`  [ RunTime:0.0020s ]
NOTIC: [8] Undefined index: rand /phpstudy/www/Gittext/game/Application/Api/Controller/IndexController.class.php 第 16 行.
SQL: SELECT  g.s_id,g.u_id,g.blue,g.blood,g.exp,o.id,o.name,o.skill,o.skill_introduction,o.slime_introduction FROM   dd_slime  o   LEFT JOIN dd_user_slime g ON o.id = g.s_id  AND g.u_id = 182  order by o.id asc ; [ RunTime:0.0022s ]
SQL: SHOW COLUMNS FROM `dd_user` [ RunTime:0.0030s ]
SQL: SELECT `candy`,`candy1`,`candy2` FROM `dd_user` WHERE `id` = 182 LIMIT 1   [ RunTime:0.0020s ]
INFO: [ app_end ] --START--
INFO: Run Behavior\ShowPageTraceBehavior [ RunTime:0.000432s ]
INFO: [ app_end ] --END-- [ RunTime:0.000467s ]

[ 2019-05-10T10:48:24+08:00 ] 113.87.26.249 /api.php?m=Index&c=index&a=upSlime
INFO: [ app_init ] --START--
INFO: Run Behavior\BuildLiteBehavior [ RunTime:0.000013s ]
INFO: [ app_init ] --END-- [ RunTime:0.000227s ]
INFO: [ app_begin ] --START--
INFO: Run Behavior\ReadHtmlCacheBehavior [ RunTime:0.000302s ]
INFO: [ app_begin ] --END-- [ RunTime:0.000334s ]
SQL: SHOW COLUMNS FROM `dd_config` [ RunTime:0.0021s ]
SQL: SELECT * FROM `dd_config`  [ RunTime:0.0017s ]
NOTIC: [8] Undefined index: rand /phpstudy/www/Gittext/game/Application/Api/Controller/IndexController.class.php 第 16 行.
SQL: SHOW COLUMNS FROM `dd_user_slime` [ RunTime:0.0021s ]
SQL: SELECT `exp` FROM `dd_user_slime` WHERE `u_id` = 182 AND `s_id` = 1 LIMIT 1   [ RunTime:0.0018s ]
SQL: SHOW COLUMNS FROM `dd_user` [ RunTime:0.0027s ]
SQL: SELECT `candy`,`candy1`,`candy2` FROM `dd_user` WHERE `id` = 182 LIMIT 1   [ RunTime:0.0017s ]
SQL: UPDATE `dd_user` SET `candy2`=candy2-1 WHERE `id` = 182 [ RunTime:0.0140s ]
SQL: UPDATE `dd_user_slime` SET `exp`=exp+500 WHERE `u_id` = 182 AND `s_id` = 1 [ RunTime:0.0054s ]
SQL: SELECT `exp`,`blood`,`blue` FROM `dd_user_slime` WHERE `u_id` = 182 AND `s_id` = 1 LIMIT 1   [ RunTime:0.0017s ]
SQL: UPDATE `dd_user_slime` SET `blood`=blood+1 WHERE `u_id` = 182 AND `s_id` = 1 [ RunTime:0.0623s ]
SQL: UPDATE `dd_user_slime` SET `blue`=blue+1 WHERE `u_id` = 182 AND `s_id` = 1 [ RunTime:0.0070s ]
SQL: SELECT `blood`,`blue` FROM `dd_user_slime` WHERE `u_id` = 182 AND `s_id` = 1 LIMIT 1   [ RunTime:0.0017s ]
SQL: SELECT `candy`,`candy1`,`candy2` FROM `dd_user` WHERE `id` = 182 LIMIT 1   [ RunTime:0.0019s ]
INFO: [ app_end ] --START--
INFO: Run Behavior\ShowPageTraceBehavior [ RunTime:0.000477s ]
INFO: [ app_end ] --END-- [ RunTime:0.000514s ]

[ 2019-05-10T14:27:20+08:00 ] 113.87.26.249 /api.php?m=Index&c=index&a=slime
INFO: [ app_init ] --START--
INFO: Run Behavior\BuildLiteBehavior [ RunTime:0.000015s ]
INFO: [ app_init ] --END-- [ RunTime:0.000269s ]
INFO: [ app_begin ] --START--
INFO: Run Behavior\ReadHtmlCacheBehavior [ RunTime:0.000285s ]
INFO: [ app_begin ] --END-- [ RunTime:0.000318s ]
SQL: SHOW COLUMNS FROM `dd_config` [ RunTime:0.0017s ]
SQL: SELECT * FROM `dd_config`  [ RunTime:0.0013s ]
NOTIC: [8] Undefined index: rand /phpstudy/www/Gittext/game/Application/Api/Controller/IndexController.class.php 第 16 行.
SQL: SELECT  g.s_id,g.u_id,g.blue,g.blood,g.exp,o.id,o.name,o.skill,o.skill_introduction,o.slime_introduction FROM   dd_slime  o   LEFT JOIN dd_user_slime g ON o.id = g.s_id  AND g.u_id = 182  order by o.id asc ; [ RunTime:0.0015s ]
SQL: SHOW COLUMNS FROM `dd_user` [ RunTime:0.0024s ]
SQL: SELECT `candy`,`candy1`,`candy2` FROM `dd_user` WHERE `id` = 182 LIMIT 1   [ RunTime:0.0012s ]
INFO: [ app_end ] --START--
INFO: Run Behavior\ShowPageTraceBehavior [ RunTime:0.000430s ]
INFO: [ app_end ] --END-- [ RunTime:0.000469s ]

[ 2019-05-10T14:27:38+08:00 ] 113.87.26.249 /api.php?m=Index&c=index&a=clubRecords
INFO: [ app_init ] --START--
INFO: Run Behavior\BuildLiteBehavior [ RunTime:0.000013s ]
INFO: [ app_init ] --END-- [ RunTime:0.000258s ]
INFO: [ app_begin ] --START--
INFO: Run Behavior\ReadHtmlCacheBehavior [ RunTime:0.000300s ]
INFO: [ app_begin ] --END-- [ RunTime:0.000335s ]
SQL: SHOW COLUMNS FROM `dd_config` [ RunTime:0.0023s ]
SQL: SELECT * FROM `dd_config`  [ RunTime:0.0020s ]
NOTIC: [8] Undefined index: rand /phpstudy/www/Gittext/game/Application/Api/Controller/IndexController.class.php 第 16 行.
SQL: SHOW COLUMNS FROM `dd_user` [ RunTime:0.0029s ]
SQL: SELECT `is_club_owner` FROM `dd_user` WHERE `id` = 182 LIMIT 1   [ RunTime:0.0020s ]
SQL: SELECT  o.id, o.title,o.content,o.create_time,o.category,o.create_user,   g.`status`   FROM   dd_message_info o   LEFT JOIN dd_message_log g ON o.id = g.msg_id    AND g.uid = 182  WHERE    ( g.msg_id IS NULL or g.status='1') and  o.send_to  in ('all',182) and o.category in(1,2) and o.send_time < CURRENT_TIMESTAMP AND o.expire_time > CURRENT_TIMESTAMP order by id desc; [ RunTime:0.0021s ]
NOTIC: [2] Illegal string offset 'id' /phpstudy/www/Gittext/game/Application/Api/Controller/IndexController.class.php 第 563 行.
NOTIC: [8] Undefined offset: 3 /phpstudy/www/Gittext/game/Application/Api/Controller/IndexController.class.php 第 565 行.
NOTIC: [2] Illegal string offset 'id' /phpstudy/www/Gittext/game/Application/Api/Controller/IndexController.class.php 第 563 行.
INFO: [ app_end ] --START--
INFO: Run Behavior\ShowPageTraceBehavior [ RunTime:0.000451s ]
INFO: [ app_end ] --END-- [ RunTime:0.000486s ]

[ 2019-05-10T14:51:08+08:00 ] 113.87.26.249 /api.php?m=Index&c=index&a=clubRecords
INFO: [ app_init ] --START--
INFO: Run Behavior\BuildLiteBehavior [ RunTime:0.000013s ]
INFO: [ app_init ] --END-- [ RunTime:0.000232s ]
INFO: [ app_begin ] --START--
INFO: Run Behavior\ReadHtmlCacheBehavior [ RunTime:0.000311s ]
INFO: [ app_begin ] --END-- [ RunTime:0.000347s ]
SQL: SHOW COLUMNS FROM `dd_config` [ RunTime:0.0025s ]
SQL: SELECT * FROM `dd_config`  [ RunTime:0.0021s ]
NOTIC: [8] Undefined index: rand /phpstudy/www/Gittext/game/Application/Api/Controller/IndexController.class.php 第 16 行.
SQL: SHOW COLUMNS FROM `dd_user` [ RunTime:0.0031s ]
SQL: SELECT `is_club_owner` FROM `dd_user` WHERE `id` = 182 LIMIT 1   [ RunTime:0.0023s ]
SQL: SELECT  o.id, o.title,o.content,o.create_time,o.category,o.create_user,   g.`status`   FROM   dd_message_info o   LEFT JOIN dd_message_log g ON o.id = g.msg_id    AND g.uid = 182  WHERE    ( g.msg_id IS NULL or g.status='1') and  o.send_to  in ('all',182) and o.category in(1,2) and o.send_time < CURRENT_TIMESTAMP AND o.expire_time > CURRENT_TIMESTAMP order by id desc; [ RunTime:0.0022s ]
NOTIC: [2] Illegal string offset 'id' /phpstudy/www/Gittext/game/Application/Api/Controller/IndexController.class.php 第 563 行.
NOTIC: [8] Undefined offset: 3 /phpstudy/www/Gittext/game/Application/Api/Controller/IndexController.class.php 第 565 行.
NOTIC: [2] Illegal string offset 'id' /phpstudy/www/Gittext/game/Application/Api/Controller/IndexController.class.php 第 563 行.
INFO: [ app_end ] --START--
INFO: Run Behavior\ShowPageTraceBehavior [ RunTime:0.000471s ]
INFO: [ app_end ] --END-- [ RunTime:0.000505s ]

[ 2019-05-10T14:51:10+08:00 ] 113.87.26.249 /api.php?m=Index&c=index&a=slime
INFO: [ app_init ] --START--
INFO: Run Behavior\BuildLiteBehavior [ RunTime:0.000015s ]
INFO: [ app_init ] --END-- [ RunTime:0.000247s ]
INFO: [ app_begin ] --START--
INFO: Run Behavior\ReadHtmlCacheBehavior [ RunTime:0.000348s ]
INFO: [ app_begin ] --END-- [ RunTime:0.000388s ]
SQL: SHOW COLUMNS FROM `dd_config` [ RunTime:0.0024s ]
SQL: SELECT * FROM `dd_config`  [ RunTime:0.0020s ]
NOTIC: [8] Undefined index: rand /phpstudy/www/Gittext/game/Application/Api/Controller/IndexController.class.php 第 16 行.
SQL: SELECT  g.s_id,g.u_id,g.blue,g.blood,g.exp,o.id,o.name,o.skill,o.skill_introduction,o.slime_introduction FROM   dd_slime  o   LEFT JOIN dd_user_slime g ON o.id = g.s_id  AND g.u_id = 182  order by o.id asc ; [ RunTime:0.0022s ]
SQL: SHOW COLUMNS FROM `dd_user` [ RunTime:0.0035s ]
SQL: SELECT `candy`,`candy1`,`candy2` FROM `dd_user` WHERE `id` = 182 LIMIT 1   [ RunTime:0.0019s ]
INFO: [ app_end ] --START--
INFO: Run Behavior\ShowPageTraceBehavior [ RunTime:0.000641s ]
INFO: [ app_end ] --END-- [ RunTime:0.000678s ]

[ 2019-05-10T14:52:39+08:00 ] 113.87.26.249 /api.php?m=Index&c=index&a=slime
INFO: [ app_init ] --START--
INFO: Run Behavior\BuildLiteBehavior [ RunTime:0.000014s ]
INFO: [ app_init ] --END-- [ RunTime:0.000269s ]
INFO: [ app_begin ] --START--
INFO: Run Behavior\ReadHtmlCacheBehavior [ RunTime:0.000290s ]
INFO: [ app_begin ] --END-- [ RunTime:0.000325s ]
SQL: SHOW COLUMNS FROM `dd_config` [ RunTime:0.0025s ]
SQL: SELECT * FROM `dd_config`  [ RunTime:0.0021s ]
NOTIC: [8] Undefined index: rand /phpstudy/www/Gittext/game/Application/Api/Controller/IndexController.class.php 第 16 行.
SQL: SELECT  g.s_id,g.u_id,g.blue,g.blood,g.exp,o.id,o.name,o.skill,o.skill_introduction,o.slime_introduction FROM   dd_slime  o   LEFT JOIN dd_user_slime g ON o.id = g.s_id  AND g.u_id = 182  order by o.id asc ; [ RunTime:0.0023s ]
SQL: SHOW COLUMNS FROM `dd_user` [ RunTime:0.0033s ]
SQL: SELECT `candy`,`candy1`,`candy2` FROM `dd_user` WHERE `id` = 182 LIMIT 1   [ RunTime:0.0021s ]
INFO: [ app_end ] --START--
INFO: Run Behavior\ShowPageTraceBehavior [ RunTime:0.000450s ]
INFO: [ app_end ] --END-- [ RunTime:0.000487s ]

[ 2019-05-10T15:59:07+08:00 ] 113.87.26.249 /api.php?m=Index&c=index&a=slime
INFO: [ app_init ] --START--
INFO: Run Behavior\BuildLiteBehavior [ RunTime:0.000012s ]
INFO: [ app_init ] --END-- [ RunTime:0.000224s ]
INFO: [ app_begin ] --START--
INFO: Run Behavior\ReadHtmlCacheBehavior [ RunTime:0.000385s ]
INFO: [ app_begin ] --END-- [ RunTime:0.000427s ]
SQL: SHOW COLUMNS FROM `dd_config` [ RunTime:0.0021s ]
SQL: SELECT * FROM `dd_config`  [ RunTime:0.0017s ]
NOTIC: [8] Undefined index: rand /phpstudy/www/Gittext/game/Application/Api/Controller/IndexController.class.php 第 16 行.
SQL: SELECT  g.s_id,g.u_id,g.blue,g.blood,g.exp,o.id,o.name,o.skill,o.skill_introduction,o.slime_introduction FROM   dd_slime  o   LEFT JOIN dd_user_slime g ON o.id = g.s_id  AND g.u_id = 182  order by o.id asc ; [ RunTime:0.0019s ]
SQL: SHOW COLUMNS FROM `dd_user` [ RunTime:0.0029s ]
SQL: SELECT `candy`,`candy1`,`candy2` FROM `dd_user` WHERE `id` = 182 LIMIT 1   [ RunTime:0.0024s ]
INFO: [ app_end ] --START--
INFO: Run Behavior\ShowPageTraceBehavior [ RunTime:0.000422s ]
INFO: [ app_end ] --END-- [ RunTime:0.000455s ]

[ 2019-05-10T16:21:33+08:00 ] 113.87.26.249 /api.php?m=Index&c=index&a=slime
INFO: [ app_init ] --START--
INFO: Run Behavior\BuildLiteBehavior [ RunTime:0.000013s ]
INFO: [ app_init ] --END-- [ RunTime:0.000252s ]
INFO: [ app_begin ] --START--
INFO: Run Behavior\ReadHtmlCacheBehavior [ RunTime:0.000320s ]
INFO: [ app_begin ] --END-- [ RunTime:0.000362s ]
SQL: SHOW COLUMNS FROM `dd_config` [ RunTime:0.0031s ]
SQL: SELECT * FROM `dd_config`  [ RunTime:0.0027s ]
NOTIC: [8] Undefined index: rand /phpstudy/www/Gittext/game/Application/Api/Controller/IndexController.class.php 第 16 行.
SQL: SELECT  g.s_id,g.u_id,g.blue,g.blood,g.exp,o.id,o.name,o.skill,o.skill_introduction,o.slime_introduction FROM   dd_slime  o   LEFT JOIN dd_user_slime g ON o.id = g.s_id  AND g.u_id = 182  order by o.id asc ; [ RunTime:0.0029s ]
SQL: SHOW COLUMNS FROM `dd_user` [ RunTime:0.0038s ]
SQL: SELECT `candy`,`candy1`,`candy2` FROM `dd_user` WHERE `id` = 182 LIMIT 1   [ RunTime:0.0026s ]
INFO: [ app_end ] --START--
INFO: Run Behavior\ShowPageTraceBehavior [ RunTime:0.000435s ]
INFO: [ app_end ] --END-- [ RunTime:0.000482s ]

