[ 2019-05-30T09:22:08+08:00 ] 113.87.27.57 /api.php?m=Index&c=index&a=slime
INFO: [ app_init ] --START--
INFO: Run Behavior\BuildLiteBehavior [ RunTime:0.000019s ]
INFO: [ app_init ] --END-- [ RunTime:0.000309s ]
INFO: [ app_begin ] --START--
INFO: Run Behavior\ReadHtmlCacheBehavior [ RunTime:0.000418s ]
INFO: [ app_begin ] --END-- [ RunTime:0.000467s ]
SQL: SHOW COLUMNS FROM `dd_config` [ RunTime:0.0023s ]
SQL: SELECT * FROM `dd_config`  [ RunTime:0.0020s ]
NOTIC: [8] Undefined index: rand /phpstudy/www/Gittext/game/Application/Api/Controller/IndexController.class.php 第 19 行.
SQL: SELECT  g.s_id,g.u_id,g.blue,g.blood,g.exp,o.id,o.name,o.skill,o.skill_introduction,o.slime_introduction FROM   dd_slime  o   LEFT JOIN dd_user_slime g ON o.id = g.s_id  AND g.u_id = 182  order by o.id asc ; [ RunTime:0.0022s ]
SQL: SHOW COLUMNS FROM `dd_user` [ RunTime:0.0026s ]
SQL: SELECT `candy`,`candy1`,`candy2` FROM `dd_user` WHERE `user_id` = 182 LIMIT 1   [ RunTime:0.0018s ]
INFO: [ app_end ] --START--
INFO: Run Behavior\ShowPageTraceBehavior [ RunTime:0.000439s ]
INFO: [ app_end ] --END-- [ RunTime:0.000473s ]

[ 2019-05-30T09:22:15+08:00 ] 113.87.27.57 /api.php?m=Index&c=index&a=slime
INFO: [ app_init ] --START--
INFO: Run Behavior\BuildLiteBehavior [ RunTime:0.000019s ]
INFO: [ app_init ] --END-- [ RunTime:0.000339s ]
INFO: [ app_begin ] --START--
INFO: Run Behavior\ReadHtmlCacheBehavior [ RunTime:0.000438s ]
INFO: [ app_begin ] --END-- [ RunTime:0.000487s ]
SQL: SHOW COLUMNS FROM `dd_config` [ RunTime:0.0028s ]
SQL: SELECT * FROM `dd_config`  [ RunTime:0.0024s ]
NOTIC: [8] Undefined index: rand /phpstudy/www/Gittext/game/Application/Api/Controller/IndexController.class.php 第 19 行.
SQL: SELECT  g.s_id,g.u_id,g.blue,g.blood,g.exp,o.id,o.name,o.skill,o.skill_introduction,o.slime_introduction FROM   dd_slime  o   LEFT JOIN dd_user_slime g ON o.id = g.s_id  AND g.u_id = 182  order by o.id asc ; [ RunTime:0.0026s ]
SQL: SHOW COLUMNS FROM `dd_user` [ RunTime:0.0031s ]
SQL: SELECT `candy`,`candy1`,`candy2` FROM `dd_user` WHERE `user_id` = 182 LIMIT 1   [ RunTime:0.0023s ]
INFO: [ app_end ] --START--
INFO: Run Behavior\ShowPageTraceBehavior [ RunTime:0.000540s ]
INFO: [ app_end ] --END-- [ RunTime:0.000585s ]

[ 2019-05-30T10:45:07+08:00 ] 113.87.27.57 /api.php?m=Api&c=Api&a=login&uid=163
INFO: [ app_init ] --START--
INFO: Run Behavior\BuildLiteBehavior [ RunTime:0.000014s ]
INFO: [ app_init ] --END-- [ RunTime:0.000238s ]
INFO: [ app_begin ] --START--
INFO: Run Behavior\ReadHtmlCacheBehavior [ RunTime:0.000302s ]
INFO: [ app_begin ] --END-- [ RunTime:0.000334s ]
NOTIC: [8] A session had already been started - ignoring session_start() /phpstudy/www/Gittext/game/Application/Api/Controller/ApiController.class.php 第 44 行.
SQL: SHOW COLUMNS FROM `dd_config` [ RunTime:0.0032s ]
SQL: SELECT * FROM `dd_config`  [ RunTime:0.0028s ]
NOTIC: [8] Undefined index: source /phpstudy/www/Gittext/game/Application/Api/Controller/ApiController.class.php 第 62 行.
SQL: SHOW COLUMNS FROM `dd_user_base` [ RunTime:0.0037s ]
SQL: SELECT * FROM `dd_user_base` WHERE `openid` = 'oH1545ILnsMqzIqcYgz0_OpeqZ94' LIMIT 1   [ RunTime:0.0030s ]
NOTIC: [8] Undefined index: userId /phpstudy/www/Gittext/game/Application/Api/Service/UserService.class.php 第 70 行.
SQL: SHOW COLUMNS FROM `dd_user` [ RunTime:0.0034s ]
SQL: SELECT * FROM `dd_user` WHERE `openid` = 'oH1545ILnsMqzIqcYgz0_OpeqZ94' LIMIT 1   [ RunTime:0.0030s ]
NOTIC: [2048] Non-static method Api\Service\GameService::getDuan() should not be called statically, assuming $this from incompatible context /phpstudy/www/Gittext/game/Application/Api/Service/UserService.class.php 第 88 行.
SQL: SHOW COLUMNS FROM `dd_login_reward` [ RunTime:0.0033s ]
SQL: SELECT * FROM `dd_login_reward` WHERE `user_id` = '183' AND `create_date` BETWEEN '2019-05-27 0:0:0' AND '2019-06-02 23:59:59' ORDER BY create_date asc  [ RunTime:0.0029s ]
SQL: SELECT * FROM `dd_login_reward` WHERE `user_id` = '183' AND `create_date` BETWEEN '2019-05-30 0:0:0' AND '2019-05-30 23:59:59' LIMIT 1   [ RunTime:0.0029s ]
SQL: INSERT INTO `dd_login_reward` (`user_id`,`accu_login_days`,`reward_num`,`reward_type`,`create_date`,`expire_date`,`is_draw`) VALUES ('183','1','5','candy','2019-05-30 10:45:06','2019-06-02 23:59:59','N') [ RunTime:0.0156s ]
INFO: [ app_end ] --START--
INFO: Run Behavior\ShowPageTraceBehavior [ RunTime:0.000480s ]
INFO: [ app_end ] --END-- [ RunTime:0.000523s ]

