[ 2019-04-12T09:41:55+08:00 ] 113.87.41.20 /api.php?m=Api&c=Index&a=clubMembers
INFO: [ app_init ] --START--
INFO: Run Behavior\BuildLiteBehavior [ RunTime:0.000015s ]
INFO: [ app_init ] --END-- [ RunTime:0.000282s ]
INFO: [ app_begin ] --START--
INFO: Run Behavior\ReadHtmlCacheBehavior [ RunTime:0.000325s ]
INFO: [ app_begin ] --END-- [ RunTime:0.000361s ]
SQL: SHOW COLUMNS FROM `dd_user` [ RunTime:0.0027s ]
SQL: SELECT `id`,`nickname`,`club_role`,`headimg`,`rank`,`win_amount`,`last_login_time` FROM `dd_user` WHERE `club_id` = 5  [ RunTime:0.0015s ]
NOTIC: [2] Illegal string offset 'id' /phpstudy/www/Gittext/game/Application/Api/Controller/IndexController.class.php 第 538 行.
NOTIC: [2] Illegal string offset 'id' /phpstudy/www/Gittext/game/Application/Api/Controller/IndexController.class.php 第 538 行.
INFO: [ app_end ] --START--
INFO: Run Behavior\ShowPageTraceBehavior [ RunTime:0.000395s ]
INFO: [ app_end ] --END-- [ RunTime:0.000441s ]

[ 2019-04-12T09:43:29+08:00 ] 113.87.41.20 /api.php?m=Api&c=game&a=multiGame
INFO: [ app_init ] --START--
INFO: Run Behavior\BuildLiteBehavior [ RunTime:0.000014s ]
INFO: [ app_init ] --END-- [ RunTime:0.000240s ]
INFO: [ app_begin ] --START--
INFO: Run Behavior\ReadHtmlCacheBehavior [ RunTime:0.000330s ]
INFO: [ app_begin ] --END-- [ RunTime:0.000370s ]

[ 2019-04-12T09:43:38+08:00 ] 113.87.41.20 /api.php?m=Api&c=game&a=multiGame
INFO: [ app_init ] --START--
INFO: Run Behavior\BuildLiteBehavior [ RunTime:0.000016s ]
INFO: [ app_init ] --END-- [ RunTime:0.000260s ]
INFO: [ app_begin ] --START--
INFO: Run Behavior\ReadHtmlCacheBehavior [ RunTime:0.000317s ]
INFO: [ app_begin ] --END-- [ RunTime:0.000357s ]
SQL: SHOW COLUMNS FROM `dd_config` [ RunTime:0.0036s ]
SQL: SELECT * FROM `dd_config`  [ RunTime:0.0032s ]
NOTIC: [8] Undefined index: rand /phpstudy/www/Gittext/game/Application/Api/Controller/GameController.class.php 第 15 行.
NOTIC: [2048] Non-static method Api\Service\GameService::generateRandomString() should not be called statically, assuming $this from incompatible context /phpstudy/www/Gittext/game/Application/Api/Controller/GameController.class.php 第 74 行.

[ 2019-04-12T12:17:38+08:00 ] 113.87.41.20 /api.php?m=Api&c=Index&a=clubInfo
INFO: [ app_init ] --START--
INFO: Run Behavior\BuildLiteBehavior [ RunTime:0.000014s ]
INFO: [ app_init ] --END-- [ RunTime:0.000264s ]
INFO: [ app_begin ] --START--
INFO: Run Behavior\ReadHtmlCacheBehavior [ RunTime:0.000353s ]
INFO: [ app_begin ] --END-- [ RunTime:0.000414s ]
SQL: SHOW COLUMNS FROM `dd_club_info` [ RunTime:0.0026s ]
SQL: SELECT * FROM `dd_club_info` WHERE `id` = 5 LIMIT 1   [ RunTime:0.0020s ]
SQL: SHOW COLUMNS FROM `dd_user` [ RunTime:0.0029s ]
SQL: SELECT COUNT(*) AS tp_count FROM `dd_user` WHERE `club_id` = 5 LIMIT 1   [ RunTime:0.0019s ]
SQL: SELECT SUM(active_point) AS tp_sum FROM `dd_user` WHERE `club_id` = 5 LIMIT 1   [ RunTime:0.0018s ]
SQL: SELECT `club_role`,`headimg`,`is_club_owner` FROM `dd_user` WHERE `id` = 182 LIMIT 1   [ RunTime:0.0018s ]
NOTIC: [8] Undefined index: club_id /phpstudy/www/Gittext/game/Application/Api/Controller/IndexController.class.php 第 497 行.

[ 2019-04-12T12:17:55+08:00 ] 113.87.41.20 /api.php?m=Api&c=Index&a=clubInfo
INFO: [ app_init ] --START--
INFO: Run Behavior\BuildLiteBehavior [ RunTime:0.000014s ]
INFO: [ app_init ] --END-- [ RunTime:0.000250s ]
INFO: [ app_begin ] --START--
INFO: Run Behavior\ReadHtmlCacheBehavior [ RunTime:0.000286s ]
INFO: [ app_begin ] --END-- [ RunTime:0.000318s ]
SQL: SHOW COLUMNS FROM `dd_club_info` [ RunTime:0.0020s ]
SQL: SELECT * FROM `dd_club_info` WHERE `id` = 5 LIMIT 1   [ RunTime:0.0013s ]
SQL: SHOW COLUMNS FROM `dd_user` [ RunTime:0.0022s ]
SQL: SELECT COUNT(*) AS tp_count FROM `dd_user` WHERE `club_id` = 5 LIMIT 1   [ RunTime:0.0013s ]
SQL: SELECT SUM(active_point) AS tp_sum FROM `dd_user` WHERE `club_id` = 5 LIMIT 1   [ RunTime:0.0012s ]
SQL: SELECT `club_role`,`headimg`,`is_club_owner` FROM `dd_user` WHERE `id` = 182 LIMIT 1   [ RunTime:0.0012s ]
NOTIC: [8] Undefined index: club_id /phpstudy/www/Gittext/game/Application/Api/Controller/IndexController.class.php 第 497 行.

[ 2019-04-12T12:19:16+08:00 ] 113.87.41.20 /api.php?m=Api&c=Index&a=clubInfo
INFO: [ app_init ] --START--
INFO: Run Behavior\BuildLiteBehavior [ RunTime:0.000014s ]
INFO: [ app_init ] --END-- [ RunTime:0.000243s ]
INFO: [ app_begin ] --START--
INFO: Run Behavior\ReadHtmlCacheBehavior [ RunTime:0.000297s ]
INFO: [ app_begin ] --END-- [ RunTime:0.000338s ]
SQL: SHOW COLUMNS FROM `dd_club_info` [ RunTime:0.0039s ]
SQL: SELECT * FROM `dd_club_info` WHERE `id` = 5 LIMIT 1   [ RunTime:0.0032s ]
SQL: SHOW COLUMNS FROM `dd_user` [ RunTime:0.0043s ]
SQL: SELECT COUNT(*) AS tp_count FROM `dd_user` WHERE `club_id` = 5 LIMIT 1   [ RunTime:0.0033s ]
SQL: SELECT SUM(active_point) AS tp_sum FROM `dd_user` WHERE `club_id` = 5 LIMIT 1   [ RunTime:0.0031s ]
SQL: SELECT `club_role`,`headimg`,`is_club_owner` FROM `dd_user` WHERE `id` = 182 LIMIT 1   [ RunTime:0.0032s ]
NOTIC: [8] Undefined index: club_id /phpstudy/www/Gittext/game/Application/Api/Controller/IndexController.class.php 第 497 行.

[ 2019-04-12T19:46:30+08:00 ] 117.136.40.254 /api.php?m=Api&c=Index&a=clubInfo
INFO: [ app_init ] --START--
INFO: Run Behavior\BuildLiteBehavior [ RunTime:0.000014s ]
INFO: [ app_init ] --END-- [ RunTime:0.000231s ]
INFO: [ app_begin ] --START--
INFO: Run Behavior\ReadHtmlCacheBehavior [ RunTime:0.000439s ]
INFO: [ app_begin ] --END-- [ RunTime:0.000486s ]
SQL: SHOW COLUMNS FROM `dd_club_info` [ RunTime:0.0026s ]
SQL: SELECT * FROM `dd_club_info` WHERE `id` = 5 LIMIT 1   [ RunTime:0.0021s ]
SQL: SHOW COLUMNS FROM `dd_user` [ RunTime:0.0031s ]
SQL: SELECT COUNT(*) AS tp_count FROM `dd_user` WHERE `club_id` = 5 LIMIT 1   [ RunTime:0.0021s ]
SQL: SELECT SUM(active_point) AS tp_sum FROM `dd_user` WHERE `club_id` = 5 LIMIT 1   [ RunTime:0.0020s ]
SQL: SELECT `club_role`,`headimg`,`is_club_owner` FROM `dd_user` WHERE `id` = 182 LIMIT 1   [ RunTime:0.0020s ]
NOTIC: [8] Undefined index: club_id /phpstudy/www/Gittext/game/Application/Api/Controller/IndexController.class.php 第 497 行.

