[ 2019-05-09T09:46:16+08:00 ] 113.87.26.249 /api.php?m=Index&c=index&a=slime
INFO: [ app_init ] --START--
INFO: Run Behavior\BuildLiteBehavior [ RunTime:0.000013s ]
INFO: [ app_init ] --END-- [ RunTime:0.000225s ]
INFO: [ app_begin ] --START--
INFO: Run Behavior\ReadHtmlCacheBehavior [ RunTime:0.000283s ]
INFO: [ app_begin ] --END-- [ RunTime:0.000315s ]
SQL: SHOW COLUMNS FROM `dd_config` [ RunTime:0.0025s ]
SQL: SELECT * FROM `dd_config`  [ RunTime:0.0022s ]
NOTIC: [8] Undefined index: rand /phpstudy/www/Gittext/game/Application/Api/Controller/IndexController.class.php 第 16 行.
SQL: SELECT  g.s_id,g.u_id,g.blue,g.blood,g.exp,o.id,o.name,o.skill,o.skill_introduction,o.slime_introduction FROM   dd_slime  o   LEFT JOIN dd_user_slime g ON o.id = g.s_id  AND g.u_id = 182  order by o.id asc ; [ RunTime:0.0023s ]
SQL: SHOW COLUMNS FROM `dd_user` [ RunTime:0.0030s ]
SQL: SELECT `candy`,`candy1`,`candy2` FROM `dd_user` WHERE `id` = 182 LIMIT 1   [ RunTime:0.0021s ]
INFO: [ app_end ] --START--
INFO: Run Behavior\ShowPageTraceBehavior [ RunTime:0.000426s ]
INFO: [ app_end ] --END-- [ RunTime:0.000461s ]

[ 2019-05-09T10:04:09+08:00 ] 113.87.26.249 /api.php?m=Index&c=index&a=slime
INFO: [ app_init ] --START--
INFO: Run Behavior\BuildLiteBehavior [ RunTime:0.000015s ]
INFO: [ app_init ] --END-- [ RunTime:0.000261s ]
INFO: [ app_begin ] --START--
INFO: Run Behavior\ReadHtmlCacheBehavior [ RunTime:0.000317s ]
INFO: [ app_begin ] --END-- [ RunTime:0.000353s ]

[ 2019-05-09T10:04:15+08:00 ] 113.87.26.249 /api.php?m=Index&c=index&a=userInfo
INFO: [ app_init ] --START--
INFO: Run Behavior\BuildLiteBehavior [ RunTime:0.000018s ]
INFO: [ app_init ] --END-- [ RunTime:0.000310s ]
INFO: [ app_begin ] --START--
INFO: Run Behavior\ReadHtmlCacheBehavior [ RunTime:0.000352s ]
INFO: [ app_begin ] --END-- [ RunTime:0.000391s ]

[ 2019-05-09T10:04:31+08:00 ] 113.87.26.249 /api.php?m=Index&c=index&a=userInfo
INFO: [ app_init ] --START--
INFO: Run Behavior\BuildLiteBehavior [ RunTime:0.000014s ]
INFO: [ app_init ] --END-- [ RunTime:0.000238s ]
INFO: [ app_begin ] --START--
INFO: Run Behavior\ReadHtmlCacheBehavior [ RunTime:0.000291s ]
INFO: [ app_begin ] --END-- [ RunTime:0.000326s ]

[ 2019-05-09T10:04:50+08:00 ] 113.87.26.249 /api.php?m=Index&c=index&a=userInfo
INFO: [ app_init ] --START--
INFO: Run Behavior\BuildLiteBehavior [ RunTime:0.000015s ]
INFO: [ app_init ] --END-- [ RunTime:0.000279s ]
INFO: [ app_begin ] --START--
INFO: Run Behavior\ReadHtmlCacheBehavior [ RunTime:0.000311s ]
INFO: [ app_begin ] --END-- [ RunTime:0.000348s ]

[ 2019-05-09T10:04:51+08:00 ] 113.87.26.249 /api.php?m=Index&c=index&a=userInfo
INFO: [ app_init ] --START--
INFO: Run Behavior\BuildLiteBehavior [ RunTime:0.000015s ]
INFO: [ app_init ] --END-- [ RunTime:0.000278s ]
INFO: [ app_begin ] --START--
INFO: Run Behavior\ReadHtmlCacheBehavior [ RunTime:0.000327s ]
INFO: [ app_begin ] --END-- [ RunTime:0.000361s ]

[ 2019-05-09T10:05:36+08:00 ] 113.87.26.249 /api.php?m=Index&c=index&a=userInfo
INFO: [ app_init ] --START--
INFO: Run Behavior\BuildLiteBehavior [ RunTime:0.000014s ]
INFO: [ app_init ] --END-- [ RunTime:0.000235s ]
INFO: [ app_begin ] --START--
INFO: Run Behavior\ReadHtmlCacheBehavior [ RunTime:0.000348s ]
INFO: [ app_begin ] --END-- [ RunTime:0.000388s ]

[ 2019-05-09T10:05:51+08:00 ] 113.87.26.249 /api.php?m=Index&c=index&a=userInfo
INFO: [ app_init ] --START--
INFO: Run Behavior\BuildLiteBehavior [ RunTime:0.000014s ]
INFO: [ app_init ] --END-- [ RunTime:0.000296s ]
INFO: [ app_begin ] --START--
INFO: Run Behavior\ReadHtmlCacheBehavior [ RunTime:0.000340s ]
INFO: [ app_begin ] --END-- [ RunTime:0.000378s ]
SQL: SHOW COLUMNS FROM `dd_config` [ RunTime:0.0030s ]
SQL: SELECT * FROM `dd_config`  [ RunTime:0.0026s ]
NOTIC: [8] Undefined index: rand /phpstudy/www/Gittext/game/Application/Api/Controller/IndexController.class.php 第 16 行.

[ 2019-05-09T10:05:55+08:00 ] 113.87.26.249 /api.php?m=Index&c=index&a=userInfo
INFO: [ app_init ] --START--
INFO: Run Behavior\BuildLiteBehavior [ RunTime:0.000014s ]
INFO: [ app_init ] --END-- [ RunTime:0.000241s ]
INFO: [ app_begin ] --START--
INFO: Run Behavior\ReadHtmlCacheBehavior [ RunTime:0.000281s ]
INFO: [ app_begin ] --END-- [ RunTime:0.000312s ]
SQL: SHOW COLUMNS FROM `dd_config` [ RunTime:0.0021s ]
SQL: SELECT * FROM `dd_config`  [ RunTime:0.0017s ]
NOTIC: [8] Undefined index: rand /phpstudy/www/Gittext/game/Application/Api/Controller/IndexController.class.php 第 16 行.

[ 2019-05-09T10:06:22+08:00 ] 113.87.26.249 /api.php?m=Index&c=index&a=userInfo
INFO: [ app_init ] --START--
INFO: Run Behavior\BuildLiteBehavior [ RunTime:0.000015s ]
INFO: [ app_init ] --END-- [ RunTime:0.000251s ]
INFO: [ app_begin ] --START--
INFO: Run Behavior\ReadHtmlCacheBehavior [ RunTime:0.000344s ]
INFO: [ app_begin ] --END-- [ RunTime:0.000388s ]
SQL: SHOW COLUMNS FROM `dd_config` [ RunTime:0.0026s ]
SQL: SELECT * FROM `dd_config`  [ RunTime:0.0022s ]
NOTIC: [8] Undefined index: rand /phpstudy/www/Gittext/game/Application/Api/Controller/IndexController.class.php 第 16 行.

[ 2019-05-09T10:06:53+08:00 ] 113.87.26.249 /api.php?m=Index&c=index&a=userInfo
INFO: [ app_init ] --START--
INFO: Run Behavior\BuildLiteBehavior [ RunTime:0.000014s ]
INFO: [ app_init ] --END-- [ RunTime:0.000247s ]
INFO: [ app_begin ] --START--
INFO: Run Behavior\ReadHtmlCacheBehavior [ RunTime:0.000291s ]
INFO: [ app_begin ] --END-- [ RunTime:0.000323s ]
SQL: SHOW COLUMNS FROM `dd_config` [ RunTime:0.0027s ]
SQL: SELECT * FROM `dd_config`  [ RunTime:0.0023s ]
NOTIC: [8] Undefined index: rand /phpstudy/www/Gittext/game/Application/Api/Controller/IndexController.class.php 第 16 行.
NOTIC: [8] Undefined index: current_use_info /phpstudy/www/Gittext/game/Application/Api/Controller/IndexController.class.php 第 38 行.

[ 2019-05-09T10:06:53+08:00 ] 113.87.26.249 /api.php?m=Index&c=index&a=userInfo
INFO: [ app_init ] --START--
INFO: Run Behavior\BuildLiteBehavior [ RunTime:0.000014s ]
INFO: [ app_init ] --END-- [ RunTime:0.000275s ]
INFO: [ app_begin ] --START--
INFO: Run Behavior\ReadHtmlCacheBehavior [ RunTime:0.000322s ]
INFO: [ app_begin ] --END-- [ RunTime:0.000359s ]
SQL: SHOW COLUMNS FROM `dd_config` [ RunTime:0.0022s ]
SQL: SELECT * FROM `dd_config`  [ RunTime:0.0017s ]
NOTIC: [8] Undefined index: rand /phpstudy/www/Gittext/game/Application/Api/Controller/IndexController.class.php 第 16 行.
NOTIC: [8] Undefined index: current_use_info /phpstudy/www/Gittext/game/Application/Api/Controller/IndexController.class.php 第 38 行.

[ 2019-05-09T10:06:54+08:00 ] 113.87.26.249 /api.php?m=Index&c=index&a=userInfo
INFO: [ app_init ] --START--
INFO: Run Behavior\BuildLiteBehavior [ RunTime:0.000018s ]
INFO: [ app_init ] --END-- [ RunTime:0.000274s ]
INFO: [ app_begin ] --START--
INFO: Run Behavior\ReadHtmlCacheBehavior [ RunTime:0.000330s ]
INFO: [ app_begin ] --END-- [ RunTime:0.000366s ]
SQL: SHOW COLUMNS FROM `dd_config` [ RunTime:0.0022s ]
SQL: SELECT * FROM `dd_config`  [ RunTime:0.0018s ]
NOTIC: [8] Undefined index: rand /phpstudy/www/Gittext/game/Application/Api/Controller/IndexController.class.php 第 16 行.
NOTIC: [8] Undefined index: current_use_info /phpstudy/www/Gittext/game/Application/Api/Controller/IndexController.class.php 第 38 行.

[ 2019-05-09T10:06:54+08:00 ] 113.87.26.249 /api.php?m=Index&c=index&a=userInfo
INFO: [ app_init ] --START--
INFO: Run Behavior\BuildLiteBehavior [ RunTime:0.000014s ]
INFO: [ app_init ] --END-- [ RunTime:0.000227s ]
INFO: [ app_begin ] --START--
INFO: Run Behavior\ReadHtmlCacheBehavior [ RunTime:0.000302s ]
INFO: [ app_begin ] --END-- [ RunTime:0.000334s ]
SQL: SHOW COLUMNS FROM `dd_config` [ RunTime:0.0026s ]
SQL: SELECT * FROM `dd_config`  [ RunTime:0.0022s ]
NOTIC: [8] Undefined index: rand /phpstudy/www/Gittext/game/Application/Api/Controller/IndexController.class.php 第 16 行.
NOTIC: [8] Undefined index: current_use_info /phpstudy/www/Gittext/game/Application/Api/Controller/IndexController.class.php 第 38 行.

[ 2019-05-09T10:07:46+08:00 ] 113.87.26.249 /api.php?m=Index&c=index&a=userInfo
INFO: [ app_init ] --START--
INFO: Run Behavior\BuildLiteBehavior [ RunTime:0.000014s ]
INFO: [ app_init ] --END-- [ RunTime:0.000289s ]
INFO: [ app_begin ] --START--
INFO: Run Behavior\ReadHtmlCacheBehavior [ RunTime:0.000302s ]
INFO: [ app_begin ] --END-- [ RunTime:0.000336s ]
SQL: SHOW COLUMNS FROM `dd_config` [ RunTime:0.0026s ]
SQL: SELECT * FROM `dd_config`  [ RunTime:0.0021s ]
NOTIC: [8] Undefined index: rand /phpstudy/www/Gittext/game/Application/Api/Controller/IndexController.class.php 第 16 行.
NOTIC: [8] Undefined index: current_use_info /phpstudy/www/Gittext/game/Application/Api/Controller/IndexController.class.php 第 38 行.

[ 2019-05-09T10:08:01+08:00 ] 113.87.26.249 /api.php?m=Index&c=index&a=userInfo
INFO: [ app_init ] --START--
INFO: Run Behavior\BuildLiteBehavior [ RunTime:0.000014s ]
INFO: [ app_init ] --END-- [ RunTime:0.000232s ]
INFO: [ app_begin ] --START--
INFO: Run Behavior\ReadHtmlCacheBehavior [ RunTime:0.000338s ]
INFO: [ app_begin ] --END-- [ RunTime:0.000379s ]
SQL: SHOW COLUMNS FROM `dd_config` [ RunTime:0.0030s ]
SQL: SELECT * FROM `dd_config`  [ RunTime:0.0026s ]
NOTIC: [8] Undefined index: rand /phpstudy/www/Gittext/game/Application/Api/Controller/IndexController.class.php 第 16 行.

[ 2019-05-09T10:09:41+08:00 ] 113.87.26.249 /api.php?m=Index&c=index&a=userInfo
INFO: [ app_init ] --START--
INFO: Run Behavior\BuildLiteBehavior [ RunTime:0.000015s ]
INFO: [ app_init ] --END-- [ RunTime:0.000281s ]
INFO: [ app_begin ] --START--
INFO: Run Behavior\ReadHtmlCacheBehavior [ RunTime:0.000296s ]
INFO: [ app_begin ] --END-- [ RunTime:0.000335s ]
SQL: SHOW COLUMNS FROM `dd_config` [ RunTime:0.0025s ]
SQL: SELECT * FROM `dd_config`  [ RunTime:0.0021s ]
NOTIC: [8] Undefined index: rand /phpstudy/www/Gittext/game/Application/Api/Controller/IndexController.class.php 第 16 行.
SQL: SHOW COLUMNS FROM `dd_user` [ RunTime:0.0031s ]
SQL: SELECT `id`,`nickname`,`money`,`rank`,`headimg`,`integration`,`empiric`,`active_point` FROM `dd_user` WHERE `id` = 182 LIMIT 1   [ RunTime:0.0022s ]
SQL: SHOW COLUMNS FROM `dd_play_log` [ RunTime:0.0024s ]
SQL: SELECT COUNT(*) AS tp_count FROM `dd_play_log` WHERE `user_id` = 182 LIMIT 1   [ RunTime:0.0020s ]
SQL: SELECT COUNT(*) AS tp_count FROM `dd_play_log` WHERE `user_id` = 182 AND `result` = '赢' LIMIT 1   [ RunTime:0.0020s ]
NOTIC: [2] Division by zero /phpstudy/www/Gittext/game/Application/Api/Controller/IndexController.class.php 第 41 行.
ERR: Think\Controller:grade方法不存在！

[ 2019-05-09T10:09:55+08:00 ] 113.87.26.249 /api.php?m=Index&c=index&a=userInfo
INFO: [ app_init ] --START--
INFO: Run Behavior\BuildLiteBehavior [ RunTime:0.000012s ]
INFO: [ app_init ] --END-- [ RunTime:0.000232s ]
INFO: [ app_begin ] --START--
INFO: Run Behavior\ReadHtmlCacheBehavior [ RunTime:0.000349s ]
INFO: [ app_begin ] --END-- [ RunTime:0.000381s ]
SQL: SHOW COLUMNS FROM `dd_config` [ RunTime:0.0026s ]
SQL: SELECT * FROM `dd_config`  [ RunTime:0.0022s ]
NOTIC: [8] Undefined index: rand /phpstudy/www/Gittext/game/Application/Api/Controller/IndexController.class.php 第 16 行.
SQL: SHOW COLUMNS FROM `dd_user` [ RunTime:0.0032s ]
SQL: SELECT `id`,`nickname`,`money`,`rank`,`headimg`,`integration`,`empiric`,`active_point` FROM `dd_user` WHERE `id` = 182 LIMIT 1   [ RunTime:0.0023s ]
NOTIC: [8] Undefined index: openid /phpstudy/www/Gittext/game/Application/Api/Controller/IndexController.class.php 第 45 行.
NOTIC: [8] Undefined index: club_id /phpstudy/www/Gittext/game/Application/Api/Controller/IndexController.class.php 第 46 行.
NOTIC: [8] Undefined index: is_club_owner  /phpstudy/www/Gittext/game/Application/Api/Controller/IndexController.class.php 第 47 行.
NOTIC: [2048] Non-static method Api\Service\GameService::getDuan() should not be called statically, assuming $this from incompatible context /phpstudy/www/Gittext/game/Application/Api/Controller/IndexController.class.php 第 55 行.
NOTIC: [8] Undefined variable: probability /phpstudy/www/Gittext/game/Application/Api/Controller/IndexController.class.php 第 56 行.

[ 2019-05-09T10:10:16+08:00 ] 113.87.26.249 /api.php?m=Index&c=index&a=userInfo
INFO: [ app_init ] --START--
INFO: Run Behavior\BuildLiteBehavior [ RunTime:0.000017s ]
INFO: [ app_init ] --END-- [ RunTime:0.000267s ]
INFO: [ app_begin ] --START--
INFO: Run Behavior\ReadHtmlCacheBehavior [ RunTime:0.000347s ]
INFO: [ app_begin ] --END-- [ RunTime:0.000383s ]
SQL: SHOW COLUMNS FROM `dd_config` [ RunTime:0.0022s ]
SQL: SELECT * FROM `dd_config`  [ RunTime:0.0018s ]
NOTIC: [8] Undefined index: rand /phpstudy/www/Gittext/game/Application/Api/Controller/IndexController.class.php 第 16 行.

[ 2019-05-09T10:10:16+08:00 ] 113.87.26.249 /api.php?m=Index&c=index&a=userInfo
INFO: [ app_init ] --START--
INFO: Run Behavior\BuildLiteBehavior [ RunTime:0.000013s ]
INFO: [ app_init ] --END-- [ RunTime:0.000223s ]
INFO: [ app_begin ] --START--
INFO: Run Behavior\ReadHtmlCacheBehavior [ RunTime:0.000292s ]
INFO: [ app_begin ] --END-- [ RunTime:0.000323s ]
SQL: SHOW COLUMNS FROM `dd_config` [ RunTime:0.0021s ]
SQL: SELECT * FROM `dd_config`  [ RunTime:0.0017s ]
NOTIC: [8] Undefined index: rand /phpstudy/www/Gittext/game/Application/Api/Controller/IndexController.class.php 第 16 行.

[ 2019-05-09T10:13:35+08:00 ] 113.87.26.249 /api.php?m=Index&c=index&a=userInfo
INFO: [ app_init ] --START--
INFO: Run Behavior\BuildLiteBehavior [ RunTime:0.000015s ]
INFO: [ app_init ] --END-- [ RunTime:0.000240s ]
INFO: [ app_begin ] --START--
INFO: Run Behavior\ReadHtmlCacheBehavior [ RunTime:0.000291s ]
INFO: [ app_begin ] --END-- [ RunTime:0.000321s ]
SQL: SHOW COLUMNS FROM `dd_config` [ RunTime:0.0020s ]
SQL: SELECT * FROM `dd_config`  [ RunTime:0.0017s ]
NOTIC: [8] Undefined index: rand /phpstudy/www/Gittext/game/Application/Api/Controller/IndexController.class.php 第 16 行.

[ 2019-05-09T10:13:36+08:00 ] 113.87.26.249 /api.php?m=Index&c=index&a=userInfo
INFO: [ app_init ] --START--
INFO: Run Behavior\BuildLiteBehavior [ RunTime:0.000017s ]
INFO: [ app_init ] --END-- [ RunTime:0.000274s ]
INFO: [ app_begin ] --START--
INFO: Run Behavior\ReadHtmlCacheBehavior [ RunTime:0.000369s ]
INFO: [ app_begin ] --END-- [ RunTime:0.000408s ]
SQL: SHOW COLUMNS FROM `dd_config` [ RunTime:0.0023s ]
SQL: SELECT * FROM `dd_config`  [ RunTime:0.0020s ]
NOTIC: [8] Undefined index: rand /phpstudy/www/Gittext/game/Application/Api/Controller/IndexController.class.php 第 16 行.

[ 2019-05-09T10:13:45+08:00 ] 113.87.26.249 /api.php?m=Index&c=index&a=userInfo
INFO: [ app_init ] --START--
INFO: Run Behavior\BuildLiteBehavior [ RunTime:0.000016s ]
INFO: [ app_init ] --END-- [ RunTime:0.000262s ]
INFO: [ app_begin ] --START--
INFO: Run Behavior\ReadHtmlCacheBehavior [ RunTime:0.000306s ]
INFO: [ app_begin ] --END-- [ RunTime:0.000338s ]
SQL: SHOW COLUMNS FROM `dd_config` [ RunTime:0.0025s ]
SQL: SELECT * FROM `dd_config`  [ RunTime:0.0021s ]
NOTIC: [8] Undefined index: rand /phpstudy/www/Gittext/game/Application/Api/Controller/IndexController.class.php 第 16 行.

[ 2019-05-09T10:16:08+08:00 ] 113.87.26.249 /api.php?m=Api&c=api&a=login
INFO: [ app_init ] --START--
INFO: Run Behavior\BuildLiteBehavior [ RunTime:0.000014s ]
INFO: [ app_init ] --END-- [ RunTime:0.000270s ]
INFO: [ app_begin ] --START--
INFO: Run Behavior\ReadHtmlCacheBehavior [ RunTime:0.000330s ]
INFO: [ app_begin ] --END-- [ RunTime:0.000366s ]
NOTIC: [8] A session had already been started - ignoring session_start() /phpstudy/www/Gittext/game/Application/Api/Controller/ApiController.class.php 第 89 行.
SQL: SHOW COLUMNS FROM `dd_config` [ RunTime:0.0021s ]
SQL: SELECT * FROM `dd_config`  [ RunTime:0.0016s ]
NOTIC: [8] Undefined index: code /phpstudy/www/Gittext/game/Application/Api/Controller/ApiController.class.php 第 97 行.

[ 2019-05-09T10:16:20+08:00 ] 113.87.26.249 /api.php?m=Api&c=api&a=login
INFO: [ app_init ] --START--
INFO: Run Behavior\BuildLiteBehavior [ RunTime:0.000013s ]
INFO: [ app_init ] --END-- [ RunTime:0.000285s ]
INFO: [ app_begin ] --START--
INFO: Run Behavior\ReadHtmlCacheBehavior [ RunTime:0.000292s ]
INFO: [ app_begin ] --END-- [ RunTime:0.000325s ]

[ 2019-05-09T10:16:21+08:00 ] 113.87.26.249 /api.php?m=Api&c=api&a=login
INFO: [ app_init ] --START--
INFO: Run Behavior\BuildLiteBehavior [ RunTime:0.000013s ]
INFO: [ app_init ] --END-- [ RunTime:0.000235s ]
INFO: [ app_begin ] --START--
INFO: Run Behavior\ReadHtmlCacheBehavior [ RunTime:0.000300s ]
INFO: [ app_begin ] --END-- [ RunTime:0.000333s ]

[ 2019-05-09T10:16:36+08:00 ] 113.87.26.249 /api.php?m=Api&c=api&a=login
INFO: [ app_init ] --START--
INFO: Run Behavior\BuildLiteBehavior [ RunTime:0.000013s ]
INFO: [ app_init ] --END-- [ RunTime:0.000223s ]
INFO: [ app_begin ] --START--
INFO: Run Behavior\ReadHtmlCacheBehavior [ RunTime:0.000288s ]
INFO: [ app_begin ] --END-- [ RunTime:0.000317s ]

[ 2019-05-09T10:16:37+08:00 ] 113.87.26.249 /api.php?m=Api&c=api&a=login
INFO: [ app_init ] --START--
INFO: Run Behavior\BuildLiteBehavior [ RunTime:0.000015s ]
INFO: [ app_init ] --END-- [ RunTime:0.000245s ]
INFO: [ app_begin ] --START--
INFO: Run Behavior\ReadHtmlCacheBehavior [ RunTime:0.000295s ]
INFO: [ app_begin ] --END-- [ RunTime:0.000339s ]

[ 2019-05-09T10:16:37+08:00 ] 113.87.26.249 /api.php?m=Api&c=api&a=login
INFO: [ app_init ] --START--
INFO: Run Behavior\BuildLiteBehavior [ RunTime:0.000017s ]
INFO: [ app_init ] --END-- [ RunTime:0.000250s ]
INFO: [ app_begin ] --START--
INFO: Run Behavior\ReadHtmlCacheBehavior [ RunTime:0.000339s ]
INFO: [ app_begin ] --END-- [ RunTime:0.000374s ]

[ 2019-05-09T10:16:38+08:00 ] 113.87.26.249 /api.php?m=Api&c=api&a=login
INFO: [ app_init ] --START--
INFO: Run Behavior\BuildLiteBehavior [ RunTime:0.000025s ]
INFO: [ app_init ] --END-- [ RunTime:0.000257s ]
INFO: [ app_begin ] --START--
INFO: Run Behavior\ReadHtmlCacheBehavior [ RunTime:0.000296s ]
INFO: [ app_begin ] --END-- [ RunTime:0.000331s ]

[ 2019-05-09T10:16:38+08:00 ] 113.87.26.249 /api.php?m=Api&c=api&a=login
INFO: [ app_init ] --START--
INFO: Run Behavior\BuildLiteBehavior [ RunTime:0.000018s ]
INFO: [ app_init ] --END-- [ RunTime:0.000274s ]
INFO: [ app_begin ] --START--
INFO: Run Behavior\ReadHtmlCacheBehavior [ RunTime:0.000285s ]
INFO: [ app_begin ] --END-- [ RunTime:0.000316s ]

[ 2019-05-09T10:16:38+08:00 ] 113.87.26.249 /api.php?m=Api&c=api&a=login
INFO: [ app_init ] --START--
INFO: Run Behavior\BuildLiteBehavior [ RunTime:0.000013s ]
INFO: [ app_init ] --END-- [ RunTime:0.000234s ]
INFO: [ app_begin ] --START--
INFO: Run Behavior\ReadHtmlCacheBehavior [ RunTime:0.000358s ]
INFO: [ app_begin ] --END-- [ RunTime:0.000394s ]

[ 2019-05-09T10:19:01+08:00 ] 113.87.26.249 /api.php?m=Api&c=api&a=login
INFO: [ app_init ] --START--
INFO: Run Behavior\BuildLiteBehavior [ RunTime:0.000015s ]
INFO: [ app_init ] --END-- [ RunTime:0.000263s ]
INFO: [ app_begin ] --START--
INFO: Run Behavior\ReadHtmlCacheBehavior [ RunTime:0.000305s ]
INFO: [ app_begin ] --END-- [ RunTime:0.000335s ]
SQL: SHOW COLUMNS FROM `dd_config` [ RunTime:0.0025s ]
SQL: SELECT * FROM `dd_config`  [ RunTime:0.0021s ]
NOTIC: [8] Undefined index: token /phpstudy/www/Gittext/game/Application/Api/Controller/ApiController.class.php 第 10 行.

[ 2019-05-09T10:19:13+08:00 ] 113.87.26.249 /api.php?m=Api&c=api&a=login
INFO: [ app_init ] --START--
INFO: Run Behavior\BuildLiteBehavior [ RunTime:0.000015s ]
INFO: [ app_init ] --END-- [ RunTime:0.000281s ]
INFO: [ app_begin ] --START--
INFO: Run Behavior\ReadHtmlCacheBehavior [ RunTime:0.000342s ]
INFO: [ app_begin ] --END-- [ RunTime:0.000378s ]
SQL: SHOW COLUMNS FROM `dd_config` [ RunTime:0.0033s ]
SQL: SELECT * FROM `dd_config`  [ RunTime:0.0029s ]
NOTIC: [8] Undefined index: token /phpstudy/www/Gittext/game/Application/Api/Controller/ApiController.class.php 第 10 行.
SQL: SHOW COLUMNS FROM `dd_user` [ RunTime:0.0038s ]
SQL: SELECT `id`,`nickname`,`money`,`rank`,`headimg`,`integration`,`empiric`,`active_point` FROM `dd_user` WHERE `id` = 182 LIMIT 1   [ RunTime:0.0030s ]
SQL: SHOW COLUMNS FROM `dd_play_log` [ RunTime:0.0032s ]
SQL: SELECT COUNT(*) AS tp_count FROM `dd_play_log` WHERE `user_id` = 182 LIMIT 1   [ RunTime:0.0028s ]
SQL: SELECT COUNT(*) AS tp_count FROM `dd_play_log` WHERE `user_id` = 182 AND `result` = '赢' LIMIT 1   [ RunTime:0.0027s ]
NOTIC: [2] Division by zero /phpstudy/www/Gittext/game/Application/Api/Controller/ApiController.class.php 第 24 行.
ERR: Think\Controller:grade方法不存在！

[ 2019-05-09T10:19:42+08:00 ] 113.87.26.249 /api.php?m=Api&c=api&a=login
INFO: [ app_init ] --START--
INFO: Run Behavior\BuildLiteBehavior [ RunTime:0.000013s ]
INFO: [ app_init ] --END-- [ RunTime:0.000271s ]
INFO: [ app_begin ] --START--
INFO: Run Behavior\ReadHtmlCacheBehavior [ RunTime:0.000381s ]
INFO: [ app_begin ] --END-- [ RunTime:0.000423s ]
SQL: SHOW COLUMNS FROM `dd_config` [ RunTime:0.0024s ]
SQL: SELECT * FROM `dd_config`  [ RunTime:0.0019s ]
NOTIC: [8] Undefined index: token /phpstudy/www/Gittext/game/Application/Api/Controller/ApiController.class.php 第 10 行.
SQL: SHOW COLUMNS FROM `dd_user` [ RunTime:0.0030s ]
SQL: SELECT `id`,`nickname`,`money`,`rank`,`headimg`,`club_id`,`empiric`,`is_club_owner` FROM `dd_user` WHERE `id` = 182 LIMIT 1   [ RunTime:0.0020s ]
NOTIC: [8] Undefined index: openid /phpstudy/www/Gittext/game/Application/Api/Controller/ApiController.class.php 第 28 行.
NOTIC: [8] Undefined index: is_club_owner  /phpstudy/www/Gittext/game/Application/Api/Controller/ApiController.class.php 第 30 行.

[ 2019-05-09T10:19:43+08:00 ] 113.87.26.249 /api.php?m=Api&c=api&a=login
INFO: [ app_init ] --START--
INFO: Run Behavior\BuildLiteBehavior [ RunTime:0.000014s ]
INFO: [ app_init ] --END-- [ RunTime:0.000234s ]
INFO: [ app_begin ] --START--
INFO: Run Behavior\ReadHtmlCacheBehavior [ RunTime:0.000278s ]
INFO: [ app_begin ] --END-- [ RunTime:0.000308s ]
SQL: SHOW COLUMNS FROM `dd_config` [ RunTime:0.0022s ]
SQL: SELECT * FROM `dd_config`  [ RunTime:0.0017s ]
NOTIC: [8] Undefined index: token /phpstudy/www/Gittext/game/Application/Api/Controller/ApiController.class.php 第 10 行.
SQL: SHOW COLUMNS FROM `dd_user` [ RunTime:0.0026s ]
SQL: SELECT `id`,`nickname`,`money`,`rank`,`headimg`,`club_id`,`empiric`,`is_club_owner` FROM `dd_user` WHERE `id` = 182 LIMIT 1   [ RunTime:0.0017s ]
NOTIC: [8] Undefined index: openid /phpstudy/www/Gittext/game/Application/Api/Controller/ApiController.class.php 第 28 行.
NOTIC: [8] Undefined index: is_club_owner  /phpstudy/www/Gittext/game/Application/Api/Controller/ApiController.class.php 第 30 行.

[ 2019-05-09T10:20:00+08:00 ] 113.87.26.249 /api.php?m=Api&c=api&a=login
INFO: [ app_init ] --START--
INFO: Run Behavior\BuildLiteBehavior [ RunTime:0.000017s ]
INFO: [ app_init ] --END-- [ RunTime:0.000263s ]
INFO: [ app_begin ] --START--
INFO: Run Behavior\ReadHtmlCacheBehavior [ RunTime:0.000357s ]
INFO: [ app_begin ] --END-- [ RunTime:0.000392s ]
SQL: SHOW COLUMNS FROM `dd_config` [ RunTime:0.0030s ]
SQL: SELECT * FROM `dd_config`  [ RunTime:0.0026s ]
NOTIC: [8] Undefined index: token /phpstudy/www/Gittext/game/Application/Api/Controller/ApiController.class.php 第 10 行.
SQL: SHOW COLUMNS FROM `dd_user` [ RunTime:0.0037s ]
SQL: SELECT `id`,`nickname`,`money`,`rank`,`headimg`,`club_id`,`empiric`,`is_club_owner` FROM `dd_user` WHERE `id` = 182 LIMIT 1   [ RunTime:0.0028s ]
NOTIC: [8] Undefined index: openid /phpstudy/www/Gittext/game/Application/Api/Controller/ApiController.class.php 第 28 行.
NOTIC: [8] Undefined index: is_club_owner  /phpstudy/www/Gittext/game/Application/Api/Controller/ApiController.class.php 第 30 行.
NOTIC: [2048] Non-static method Api\Service\GameService::getDuan() should not be called statically, assuming $this from incompatible context /phpstudy/www/Gittext/game/Application/Api/Controller/ApiController.class.php 第 38 行.
NOTIC: [8] Undefined variable: probability /phpstudy/www/Gittext/game/Application/Api/Controller/ApiController.class.php 第 39 行.

[ 2019-05-09T10:20:23+08:00 ] 113.87.26.249 /api.php?m=Index&c=index&a=slime
INFO: [ app_init ] --START--
INFO: Run Behavior\BuildLiteBehavior [ RunTime:0.000018s ]
INFO: [ app_init ] --END-- [ RunTime:0.000312s ]
INFO: [ app_begin ] --START--
INFO: Run Behavior\ReadHtmlCacheBehavior [ RunTime:0.000419s ]
INFO: [ app_begin ] --END-- [ RunTime:0.000470s ]
SQL: SHOW COLUMNS FROM `dd_config` [ RunTime:0.0029s ]
SQL: SELECT * FROM `dd_config`  [ RunTime:0.0026s ]
NOTIC: [8] Undefined index: rand /phpstudy/www/Gittext/game/Application/Api/Controller/IndexController.class.php 第 16 行.
SQL: SELECT  g.s_id,g.u_id,g.blue,g.blood,g.exp,o.id,o.name,o.skill,o.skill_introduction,o.slime_introduction FROM   dd_slime  o   LEFT JOIN dd_user_slime g ON o.id = g.s_id  AND g.u_id = 182  order by o.id asc ; [ RunTime:0.0028s ]
SQL: SHOW COLUMNS FROM `dd_user` [ RunTime:0.0035s ]
SQL: SELECT `candy`,`candy1`,`candy2` FROM `dd_user` WHERE `id` = 182 LIMIT 1   [ RunTime:0.0030s ]
INFO: [ app_end ] --START--
INFO: Run Behavior\ShowPageTraceBehavior [ RunTime:0.000459s ]
INFO: [ app_end ] --END-- [ RunTime:0.000494s ]

[ 2019-05-09T10:20:27+08:00 ] 113.87.26.249 /api.php?m=Index&c=index&a=userInfo
INFO: [ app_init ] --START--
INFO: Run Behavior\BuildLiteBehavior [ RunTime:0.000014s ]
INFO: [ app_init ] --END-- [ RunTime:0.000228s ]
INFO: [ app_begin ] --START--
INFO: Run Behavior\ReadHtmlCacheBehavior [ RunTime:0.000297s ]
INFO: [ app_begin ] --END-- [ RunTime:0.000329s ]
SQL: SHOW COLUMNS FROM `dd_config` [ RunTime:0.0029s ]
SQL: SELECT * FROM `dd_config`  [ RunTime:0.0025s ]
NOTIC: [8] Undefined index: rand /phpstudy/www/Gittext/game/Application/Api/Controller/IndexController.class.php 第 16 行.

[ 2019-05-09T11:15:24+08:00 ] 113.87.26.249 /api.php?m=Index&c=index&a=slime
INFO: [ app_init ] --START--
INFO: Run Behavior\BuildLiteBehavior [ RunTime:0.000014s ]
INFO: [ app_init ] --END-- [ RunTime:0.000255s ]
INFO: [ app_begin ] --START--
INFO: Run Behavior\ReadHtmlCacheBehavior [ RunTime:0.000309s ]
INFO: [ app_begin ] --END-- [ RunTime:0.000348s ]
SQL: SHOW COLUMNS FROM `dd_config` [ RunTime:0.0023s ]
SQL: SELECT * FROM `dd_config`  [ RunTime:0.0020s ]
NOTIC: [8] Undefined index: rand /phpstudy/www/Gittext/game/Application/Api/Controller/IndexController.class.php 第 16 行.
SQL: SELECT  g.s_id,g.u_id,g.blue,g.blood,g.exp,o.id,o.name,o.skill,o.skill_introduction,o.slime_introduction FROM   dd_slime  o   LEFT JOIN dd_user_slime g ON o.id = g.s_id  AND g.u_id = 182  order by o.id asc ; [ RunTime:0.0021s ]
SQL: SHOW COLUMNS FROM `dd_user` [ RunTime:0.0028s ]
SQL: SELECT `candy`,`candy1`,`candy2` FROM `dd_user` WHERE `id` = 182 LIMIT 1   [ RunTime:0.0019s ]
INFO: [ app_end ] --START--
INFO: Run Behavior\ShowPageTraceBehavior [ RunTime:0.000472s ]
INFO: [ app_end ] --END-- [ RunTime:0.000516s ]

[ 2019-05-09T11:15:27+08:00 ] 113.87.26.249 /api.php?m=Index&c=index&a=slime
INFO: [ app_init ] --START--
INFO: Run Behavior\BuildLiteBehavior [ RunTime:0.000013s ]
INFO: [ app_init ] --END-- [ RunTime:0.000223s ]
INFO: [ app_begin ] --START--
INFO: Run Behavior\ReadHtmlCacheBehavior [ RunTime:0.000364s ]
INFO: [ app_begin ] --END-- [ RunTime:0.000402s ]
SQL: SHOW COLUMNS FROM `dd_config` [ RunTime:0.0019s ]
SQL: SELECT * FROM `dd_config`  [ RunTime:0.0015s ]
NOTIC: [8] Undefined index: rand /phpstudy/www/Gittext/game/Application/Api/Controller/IndexController.class.php 第 16 行.
SQL: SELECT  g.s_id,g.u_id,g.blue,g.blood,g.exp,o.id,o.name,o.skill,o.skill_introduction,o.slime_introduction FROM   dd_slime  o   LEFT JOIN dd_user_slime g ON o.id = g.s_id  AND g.u_id = 182  order by o.id asc ; [ RunTime:0.0016s ]
SQL: SHOW COLUMNS FROM `dd_user` [ RunTime:0.0024s ]
SQL: SELECT `candy`,`candy1`,`candy2` FROM `dd_user` WHERE `id` = 182 LIMIT 1   [ RunTime:0.0014s ]
INFO: [ app_end ] --START--
INFO: Run Behavior\ShowPageTraceBehavior [ RunTime:0.000432s ]
INFO: [ app_end ] --END-- [ RunTime:0.000465s ]

[ 2019-05-09T13:35:48+08:00 ] 113.87.26.249 /api.php?m=Index&c=index&a=slime
INFO: [ app_init ] --START--
INFO: Run Behavior\BuildLiteBehavior [ RunTime:0.000019s ]
INFO: [ app_init ] --END-- [ RunTime:0.000301s ]
INFO: [ app_begin ] --START--
INFO: Run Behavior\ReadHtmlCacheBehavior [ RunTime:0.000319s ]
INFO: [ app_begin ] --END-- [ RunTime:0.000356s ]
SQL: SHOW COLUMNS FROM `dd_config` [ RunTime:0.0026s ]
SQL: SELECT * FROM `dd_config`  [ RunTime:0.0022s ]
NOTIC: [8] Undefined index: rand /phpstudy/www/Gittext/game/Application/Api/Controller/IndexController.class.php 第 16 行.
SQL: SELECT  g.s_id,g.u_id,g.blue,g.blood,g.exp,o.id,o.name,o.skill,o.skill_introduction,o.slime_introduction FROM   dd_slime  o   LEFT JOIN dd_user_slime g ON o.id = g.s_id  AND g.u_id = 182  order by o.id asc ; [ RunTime:0.0025s ]
SQL: SHOW COLUMNS FROM `dd_user` [ RunTime:0.0032s ]
SQL: SELECT `candy`,`candy1`,`candy2` FROM `dd_user` WHERE `id` = 182 LIMIT 1   [ RunTime:0.0022s ]
INFO: [ app_end ] --START--
INFO: Run Behavior\ShowPageTraceBehavior [ RunTime:0.000446s ]
INFO: [ app_end ] --END-- [ RunTime:0.000481s ]

[ 2019-05-09T13:44:18+08:00 ] 113.87.26.249 /api.php?m=Index&c=index&a=slime
INFO: [ app_init ] --START--
INFO: Run Behavior\BuildLiteBehavior [ RunTime:0.000016s ]
INFO: [ app_init ] --END-- [ RunTime:0.000246s ]
INFO: [ app_begin ] --START--
INFO: Run Behavior\ReadHtmlCacheBehavior [ RunTime:0.000338s ]
INFO: [ app_begin ] --END-- [ RunTime:0.000393s ]
SQL: SHOW COLUMNS FROM `dd_config` [ RunTime:0.0020s ]
SQL: SELECT * FROM `dd_config`  [ RunTime:0.0017s ]
NOTIC: [8] Undefined index: rand /phpstudy/www/Gittext/game/Application/Api/Controller/IndexController.class.php 第 16 行.
SQL: SELECT  g.s_id,g.u_id,g.blue,g.blood,g.exp,o.id,o.name,o.skill,o.skill_introduction,o.slime_introduction FROM   dd_slime  o   LEFT JOIN dd_user_slime g ON o.id = g.s_id  AND g.u_id = 182  order by o.id asc ; [ RunTime:0.0019s ]
SQL: SHOW COLUMNS FROM `dd_user` [ RunTime:0.0029s ]
SQL: SELECT `candy`,`candy1`,`candy2` FROM `dd_user` WHERE `id` = 182 LIMIT 1   [ RunTime:0.0017s ]
INFO: [ app_end ] --START--
INFO: Run Behavior\ShowPageTraceBehavior [ RunTime:0.000560s ]
INFO: [ app_end ] --END-- [ RunTime:0.000607s ]

[ 2019-05-09T14:16:13+08:00 ] 113.87.26.249 /api.php?m=Index&c=index&a=slime
INFO: [ app_init ] --START--
INFO: Run Behavior\BuildLiteBehavior [ RunTime:0.000015s ]
INFO: [ app_init ] --END-- [ RunTime:0.000275s ]
INFO: [ app_begin ] --START--
INFO: Run Behavior\ReadHtmlCacheBehavior [ RunTime:0.000302s ]
INFO: [ app_begin ] --END-- [ RunTime:0.000333s ]
SQL: SHOW COLUMNS FROM `dd_config` [ RunTime:0.0020s ]
SQL: SELECT * FROM `dd_config`  [ RunTime:0.0020s ]
NOTIC: [8] Undefined index: rand /phpstudy/www/Gittext/game/Application/Api/Controller/IndexController.class.php 第 16 行.
SQL: SELECT  g.s_id,g.u_id,g.blue,g.blood,g.exp,o.id,o.name,o.skill,o.skill_introduction,o.slime_introduction FROM   dd_slime  o   LEFT JOIN dd_user_slime g ON o.id = g.s_id  AND g.u_id = 182  order by o.id asc ; [ RunTime:0.0018s ]
SQL: SHOW COLUMNS FROM `dd_user` [ RunTime:0.0026s ]
SQL: SELECT `candy`,`candy1`,`candy2` FROM `dd_user` WHERE `id` = 182 LIMIT 1   [ RunTime:0.0016s ]
INFO: [ app_end ] --START--
INFO: Run Behavior\ShowPageTraceBehavior [ RunTime:0.000429s ]
INFO: [ app_end ] --END-- [ RunTime:0.000461s ]

[ 2019-05-09T14:16:14+08:00 ] 113.87.26.249 /api.php?m=Index&c=index&a=slime
INFO: [ app_init ] --START--
INFO: Run Behavior\BuildLiteBehavior [ RunTime:0.000013s ]
INFO: [ app_init ] --END-- [ RunTime:0.000251s ]
INFO: [ app_begin ] --START--
INFO: Run Behavior\ReadHtmlCacheBehavior [ RunTime:0.000310s ]
INFO: [ app_begin ] --END-- [ RunTime:0.000344s ]
SQL: SHOW COLUMNS FROM `dd_config` [ RunTime:0.0026s ]
SQL: SELECT * FROM `dd_config`  [ RunTime:0.0023s ]
NOTIC: [8] Undefined index: rand /phpstudy/www/Gittext/game/Application/Api/Controller/IndexController.class.php 第 16 行.
SQL: SELECT  g.s_id,g.u_id,g.blue,g.blood,g.exp,o.id,o.name,o.skill,o.skill_introduction,o.slime_introduction FROM   dd_slime  o   LEFT JOIN dd_user_slime g ON o.id = g.s_id  AND g.u_id = 182  order by o.id asc ; [ RunTime:0.0024s ]
SQL: SHOW COLUMNS FROM `dd_user` [ RunTime:0.0033s ]
SQL: SELECT `candy`,`candy1`,`candy2` FROM `dd_user` WHERE `id` = 182 LIMIT 1   [ RunTime:0.0022s ]
INFO: [ app_end ] --START--
INFO: Run Behavior\ShowPageTraceBehavior [ RunTime:0.000440s ]
INFO: [ app_end ] --END-- [ RunTime:0.000473s ]

[ 2019-05-09T14:24:53+08:00 ] 113.87.26.249 /api.php?m=Index&c=index&a=clubRecords
INFO: [ app_init ] --START--
INFO: Run Behavior\BuildLiteBehavior [ RunTime:0.000016s ]
INFO: [ app_init ] --END-- [ RunTime:0.000287s ]
INFO: [ app_begin ] --START--
INFO: Run Behavior\ReadHtmlCacheBehavior [ RunTime:0.000359s ]
INFO: [ app_begin ] --END-- [ RunTime:0.000396s ]
SQL: SHOW COLUMNS FROM `dd_config` [ RunTime:0.0021s ]
SQL: SELECT * FROM `dd_config`  [ RunTime:0.0016s ]
NOTIC: [8] Undefined index: rand /phpstudy/www/Gittext/game/Application/Api/Controller/IndexController.class.php 第 16 行.
SQL: SHOW COLUMNS FROM `dd_user` [ RunTime:0.0025s ]
SQL: SELECT `is_club_owner` FROM `dd_user` WHERE `id` = 182 LIMIT 1   [ RunTime:0.0017s ]
SQL: SELECT  o.id, o.title,o.content,o.create_time,o.category,o.create_user,   g.`status`   FROM   dd_message_info o   LEFT JOIN dd_message_log g ON o.id = g.msg_id    AND g.uid = 182  WHERE    ( g.msg_id IS NULL or g.status='1') and  o.send_to  in ('all',182) and o.category in(1,2) and o.send_time < CURRENT_TIMESTAMP AND o.expire_time > CURRENT_TIMESTAMP order by id desc; [ RunTime:0.0018s ]
NOTIC: [2] Illegal string offset 'id' /phpstudy/www/Gittext/game/Application/Api/Controller/IndexController.class.php 第 560 行.
NOTIC: [8] Undefined offset: 3 /phpstudy/www/Gittext/game/Application/Api/Controller/IndexController.class.php 第 562 行.
NOTIC: [2] Illegal string offset 'id' /phpstudy/www/Gittext/game/Application/Api/Controller/IndexController.class.php 第 560 行.
INFO: [ app_end ] --START--
INFO: Run Behavior\ShowPageTraceBehavior [ RunTime:0.000429s ]
INFO: [ app_end ] --END-- [ RunTime:0.000467s ]

[ 2019-05-09T14:24:57+08:00 ] 113.87.26.249 /api.php?m=Api&c=Index&a=clubs
INFO: [ app_init ] --START--
INFO: Run Behavior\BuildLiteBehavior [ RunTime:0.000013s ]
INFO: [ app_init ] --END-- [ RunTime:0.000237s ]
INFO: [ app_begin ] --START--
INFO: Run Behavior\ReadHtmlCacheBehavior [ RunTime:0.000282s ]
INFO: [ app_begin ] --END-- [ RunTime:0.000313s ]
SQL: SHOW COLUMNS FROM `dd_config` [ RunTime:0.0024s ]
SQL: SELECT * FROM `dd_config`  [ RunTime:0.0019s ]
NOTIC: [8] Undefined index: rand /phpstudy/www/Gittext/game/Application/Api/Controller/IndexController.class.php 第 16 行.
NOTIC: [8] Undefined index: club_name /phpstudy/www/Gittext/game/Application/Api/Controller/IndexController.class.php 第 155 行.
SQL: SHOW COLUMNS FROM `dd_club_info` [ RunTime:0.0023s ]
SQL: SELECT `id`,`club_name`,`club_head`,`ower_name`,`area`,`create_time`,`declaration`,`club_notice`,`create_number` FROM `dd_club_info` WHERE `club_name` LIKE '%%'  [ RunTime:0.0020s ]
SQL: SHOW COLUMNS FROM `dd_user` [ RunTime:0.0029s ]
SQL: SELECT COUNT(*) AS tp_count FROM `dd_user` WHERE `club_id` = 3 LIMIT 1   [ RunTime:0.0019s ]
SQL: SELECT SUM(active_point) AS tp_sum FROM `dd_user` WHERE `club_id` = 3 LIMIT 1   [ RunTime:0.0019s ]
SQL: SELECT COUNT(*) AS tp_count FROM `dd_user` WHERE `club_id` = 12 LIMIT 1   [ RunTime:0.0018s ]
SQL: SELECT SUM(active_point) AS tp_sum FROM `dd_user` WHERE `club_id` = 12 LIMIT 1   [ RunTime:0.0018s ]
INFO: [ app_end ] --START--
INFO: Run Behavior\ShowPageTraceBehavior [ RunTime:0.000453s ]
INFO: [ app_end ] --END-- [ RunTime:0.000489s ]

