[ 2019-05-14T08:57:25+08:00 ] 14.20.36.28 /api.php?m=Index&c=index&a=slime
INFO: [ app_init ] --START--
INFO: Run Behavior\BuildLiteBehavior [ RunTime:0.000014s ]
INFO: [ app_init ] --END-- [ RunTime:0.000238s ]
INFO: [ app_begin ] --START--
INFO: Run Behavior\ReadHtmlCacheBehavior [ RunTime:0.000442s ]
INFO: [ app_begin ] --END-- [ RunTime:0.000538s ]
SQL: SHOW COLUMNS FROM `dd_config` [ RunTime:0.0020s ]
SQL: SELECT * FROM `dd_config`  [ RunTime:0.0016s ]
NOTIC: [8] Undefined index: rand /phpstudy/www/Gittext/game/Application/Api/Controller/IndexController.class.php 第 16 行.
SQL: SELECT  g.s_id,g.u_id,g.blue,g.blood,g.exp,o.id,o.name,o.skill,o.skill_introduction,o.slime_introduction FROM   dd_slime  o   LEFT JOIN dd_user_slime g ON o.id = g.s_id  AND g.u_id = 182  order by o.id asc ; [ RunTime:0.0236s ]
SQL: SHOW COLUMNS FROM `dd_user` [ RunTime:0.0027s ]
SQL: SELECT `candy`,`candy1`,`candy2` FROM `dd_user` WHERE `id` = 182 LIMIT 1   [ RunTime:0.0016s ]
INFO: [ app_end ] --START--
INFO: Run Behavior\ShowPageTraceBehavior [ RunTime:0.000442s ]
INFO: [ app_end ] --END-- [ RunTime:0.000477s ]

[ 2019-05-14T09:10:19+08:00 ] 14.20.36.28 /api.php?m=Index&c=index&a=clubRecords
INFO: [ app_init ] --START--
INFO: Run Behavior\BuildLiteBehavior [ RunTime:0.000020s ]
INFO: [ app_init ] --END-- [ RunTime:0.000346s ]
INFO: [ app_begin ] --START--
INFO: Run Behavior\ReadHtmlCacheBehavior [ RunTime:0.000451s ]
INFO: [ app_begin ] --END-- [ RunTime:0.000502s ]
SQL: SHOW COLUMNS FROM `dd_config` [ RunTime:0.0029s ]
SQL: SELECT * FROM `dd_config`  [ RunTime:0.0024s ]
NOTIC: [8] Undefined index: rand /phpstudy/www/Gittext/game/Application/Api/Controller/IndexController.class.php 第 16 行.
SQL: SHOW COLUMNS FROM `dd_user` [ RunTime:0.0037s ]
SQL: SELECT `is_club_owner` FROM `dd_user` WHERE `id` = 182 LIMIT 1   [ RunTime:0.0024s ]
SQL: SELECT  o.id, o.title,o.content,o.create_time,o.category,o.create_user,   g.`status`   FROM   dd_message_info o   LEFT JOIN dd_message_log g ON o.id = g.msg_id    AND g.uid = 182  WHERE    ( g.msg_id IS NULL or g.status='1') and  o.send_to  in ('all',182) and o.category in(1,2) and o.send_time < CURRENT_TIMESTAMP AND o.expire_time > CURRENT_TIMESTAMP order by id desc; [ RunTime:0.0887s ]
NOTIC: [2] Illegal string offset 'id' /phpstudy/www/Gittext/game/Application/Api/Controller/IndexController.class.php 第 563 行.
NOTIC: [8] Undefined offset: 3 /phpstudy/www/Gittext/game/Application/Api/Controller/IndexController.class.php 第 565 行.
NOTIC: [2] Illegal string offset 'id' /phpstudy/www/Gittext/game/Application/Api/Controller/IndexController.class.php 第 563 行.
INFO: [ app_end ] --START--
INFO: Run Behavior\ShowPageTraceBehavior [ RunTime:0.000463s ]
INFO: [ app_end ] --END-- [ RunTime:0.000505s ]

[ 2019-05-14T09:10:27+08:00 ] 14.20.36.28 /api.php?m=Index&c=index&a=slime
INFO: [ app_init ] --START--
INFO: Run Behavior\BuildLiteBehavior [ RunTime:0.000017s ]
INFO: [ app_init ] --END-- [ RunTime:0.000314s ]
INFO: [ app_begin ] --START--
INFO: Run Behavior\ReadHtmlCacheBehavior [ RunTime:0.000338s ]
INFO: [ app_begin ] --END-- [ RunTime:0.000383s ]
SQL: SHOW COLUMNS FROM `dd_config` [ RunTime:0.0028s ]
SQL: SELECT * FROM `dd_config`  [ RunTime:0.0022s ]
NOTIC: [8] Undefined index: rand /phpstudy/www/Gittext/game/Application/Api/Controller/IndexController.class.php 第 16 行.
SQL: SELECT  g.s_id,g.u_id,g.blue,g.blood,g.exp,o.id,o.name,o.skill,o.skill_introduction,o.slime_introduction FROM   dd_slime  o   LEFT JOIN dd_user_slime g ON o.id = g.s_id  AND g.u_id = 182  order by o.id asc ; [ RunTime:0.0023s ]
SQL: SHOW COLUMNS FROM `dd_user` [ RunTime:0.0031s ]
SQL: SELECT `candy`,`candy1`,`candy2` FROM `dd_user` WHERE `id` = 182 LIMIT 1   [ RunTime:0.0021s ]
INFO: [ app_end ] --START--
INFO: Run Behavior\ShowPageTraceBehavior [ RunTime:0.000513s ]
INFO: [ app_end ] --END-- [ RunTime:0.000552s ]

[ 2019-05-14T09:23:00+08:00 ] 14.20.36.28 /api.php?m=Index&c=index&a=slime
INFO: [ app_init ] --START--
INFO: Run Behavior\BuildLiteBehavior [ RunTime:0.000014s ]
INFO: [ app_init ] --END-- [ RunTime:0.000249s ]
INFO: [ app_begin ] --START--
INFO: Run Behavior\ReadHtmlCacheBehavior [ RunTime:0.000390s ]
INFO: [ app_begin ] --END-- [ RunTime:0.000433s ]
SQL: SHOW COLUMNS FROM `dd_config` [ RunTime:0.0027s ]
SQL: SELECT * FROM `dd_config`  [ RunTime:0.0023s ]
NOTIC: [8] Undefined index: rand /phpstudy/www/Gittext/game/Application/Api/Controller/IndexController.class.php 第 16 行.
SQL: SELECT  g.s_id,g.u_id,g.blue,g.blood,g.exp,o.id,o.name,o.skill,o.skill_introduction,o.slime_introduction FROM   dd_slime  o   LEFT JOIN dd_user_slime g ON o.id = g.s_id  AND g.u_id = 182  order by o.id asc ; [ RunTime:0.0025s ]
SQL: SHOW COLUMNS FROM `dd_user` [ RunTime:0.0033s ]
SQL: SELECT `candy`,`candy1`,`candy2` FROM `dd_user` WHERE `id` = 182 LIMIT 1   [ RunTime:0.0023s ]
INFO: [ app_end ] --START--
INFO: Run Behavior\ShowPageTraceBehavior [ RunTime:0.000451s ]
INFO: [ app_end ] --END-- [ RunTime:0.000486s ]

[ 2019-05-14T09:34:21+08:00 ] 14.20.36.28 /api.php?m=Index&c=index&a=slime
INFO: [ app_init ] --START--
INFO: Run Behavior\BuildLiteBehavior [ RunTime:0.000015s ]
INFO: [ app_init ] --END-- [ RunTime:0.000269s ]
INFO: [ app_begin ] --START--
INFO: Run Behavior\ReadHtmlCacheBehavior [ RunTime:0.000308s ]
INFO: [ app_begin ] --END-- [ RunTime:0.000341s ]
SQL: SHOW COLUMNS FROM `dd_config` [ RunTime:0.0024s ]
SQL: SELECT * FROM `dd_config`  [ RunTime:0.0020s ]
NOTIC: [8] Undefined index: rand /phpstudy/www/Gittext/game/Application/Api/Controller/IndexController.class.php 第 16 行.
SQL: SELECT  g.s_id,g.u_id,g.blue,g.blood,g.exp,o.id,o.name,o.skill,o.skill_introduction,o.slime_introduction FROM   dd_slime  o   LEFT JOIN dd_user_slime g ON o.id = g.s_id  AND g.u_id = 182  order by o.id asc ; [ RunTime:0.0022s ]
SQL: SHOW COLUMNS FROM `dd_user` [ RunTime:0.0030s ]
SQL: SELECT `candy`,`candy1`,`candy2` FROM `dd_user` WHERE `id` = 182 LIMIT 1   [ RunTime:0.0020s ]
INFO: [ app_end ] --START--
INFO: Run Behavior\ShowPageTraceBehavior [ RunTime:0.000449s ]
INFO: [ app_end ] --END-- [ RunTime:0.000484s ]

[ 2019-05-14T09:34:21+08:00 ] 14.20.36.28 /api.php?m=Index&c=index&a=slime
INFO: [ app_init ] --START--
INFO: Run Behavior\BuildLiteBehavior [ RunTime:0.000014s ]
INFO: [ app_init ] --END-- [ RunTime:0.000237s ]
INFO: [ app_begin ] --START--
INFO: Run Behavior\ReadHtmlCacheBehavior [ RunTime:0.000322s ]
INFO: [ app_begin ] --END-- [ RunTime:0.000359s ]
SQL: SHOW COLUMNS FROM `dd_config` [ RunTime:0.0028s ]
SQL: SELECT * FROM `dd_config`  [ RunTime:0.0025s ]
NOTIC: [8] Undefined index: rand /phpstudy/www/Gittext/game/Application/Api/Controller/IndexController.class.php 第 16 行.
SQL: SELECT  g.s_id,g.u_id,g.blue,g.blood,g.exp,o.id,o.name,o.skill,o.skill_introduction,o.slime_introduction FROM   dd_slime  o   LEFT JOIN dd_user_slime g ON o.id = g.s_id  AND g.u_id = 182  order by o.id asc ; [ RunTime:0.0026s ]
SQL: SHOW COLUMNS FROM `dd_user` [ RunTime:0.0036s ]
SQL: SELECT `candy`,`candy1`,`candy2` FROM `dd_user` WHERE `id` = 182 LIMIT 1   [ RunTime:0.0025s ]
INFO: [ app_end ] --START--
INFO: Run Behavior\ShowPageTraceBehavior [ RunTime:0.000467s ]
INFO: [ app_end ] --END-- [ RunTime:0.000508s ]

[ 2019-05-14T09:34:27+08:00 ] 14.20.36.28 /api.php?m=Index&c=index&a=slime
INFO: [ app_init ] --START--
INFO: Run Behavior\BuildLiteBehavior [ RunTime:0.000013s ]
INFO: [ app_init ] --END-- [ RunTime:0.000252s ]
INFO: [ app_begin ] --START--
INFO: Run Behavior\ReadHtmlCacheBehavior [ RunTime:0.000294s ]
INFO: [ app_begin ] --END-- [ RunTime:0.000325s ]
SQL: SHOW COLUMNS FROM `dd_config` [ RunTime:0.0020s ]
SQL: SELECT * FROM `dd_config`  [ RunTime:0.0016s ]
NOTIC: [8] Undefined index: rand /phpstudy/www/Gittext/game/Application/Api/Controller/IndexController.class.php 第 16 行.
SQL: SELECT  g.s_id,g.u_id,g.blue,g.blood,g.exp,o.id,o.name,o.skill,o.skill_introduction,o.slime_introduction FROM   dd_slime  o   LEFT JOIN dd_user_slime g ON o.id = g.s_id  AND g.u_id = 182  order by o.id asc ; [ RunTime:0.0018s ]
SQL: SHOW COLUMNS FROM `dd_user` [ RunTime:0.0027s ]
SQL: SELECT `candy`,`candy1`,`candy2` FROM `dd_user` WHERE `id` = 182 LIMIT 1   [ RunTime:0.0016s ]
INFO: [ app_end ] --START--
INFO: Run Behavior\ShowPageTraceBehavior [ RunTime:0.000432s ]
INFO: [ app_end ] --END-- [ RunTime:0.000466s ]

[ 2019-05-14T09:34:38+08:00 ] 14.20.36.28 /api.php?m=Index&c=index&a=upSlime
INFO: [ app_init ] --START--
INFO: Run Behavior\BuildLiteBehavior [ RunTime:0.000017s ]
INFO: [ app_init ] --END-- [ RunTime:0.000268s ]
INFO: [ app_begin ] --START--
INFO: Run Behavior\ReadHtmlCacheBehavior [ RunTime:0.000286s ]
INFO: [ app_begin ] --END-- [ RunTime:0.000337s ]
SQL: SHOW COLUMNS FROM `dd_config` [ RunTime:0.0025s ]
SQL: SELECT * FROM `dd_config`  [ RunTime:0.0021s ]
NOTIC: [8] Undefined index: rand /phpstudy/www/Gittext/game/Application/Api/Controller/IndexController.class.php 第 16 行.
SQL: SHOW COLUMNS FROM `dd_user_slime` [ RunTime:0.0025s ]
SQL: SELECT `exp` FROM `dd_user_slime` WHERE `u_id` = 182 AND `s_id` = 1 LIMIT 1   [ RunTime:0.0022s ]
SQL: SHOW COLUMNS FROM `dd_user` [ RunTime:0.0032s ]
SQL: SELECT `candy`,`candy1`,`candy2` FROM `dd_user` WHERE `id` = 182 LIMIT 1   [ RunTime:0.0021s ]
SQL: UPDATE `dd_user` SET `candy`=candy-1 WHERE `id` = 182 [ RunTime:0.0139s ]
SQL: UPDATE `dd_user_slime` SET `exp`=exp+100 WHERE `u_id` = 182 AND `s_id` = 1 [ RunTime:0.0055s ]
SQL: SELECT `exp`,`blood`,`blue` FROM `dd_user_slime` WHERE `u_id` = 182 AND `s_id` = 1 LIMIT 1   [ RunTime:0.0021s ]
SQL: SELECT `blood`,`blue` FROM `dd_user_slime` WHERE `u_id` = 182 AND `s_id` = 1 LIMIT 1   [ RunTime:0.0021s ]
SQL: SELECT `candy`,`candy1`,`candy2` FROM `dd_user` WHERE `id` = 182 LIMIT 1   [ RunTime:0.0022s ]
INFO: [ app_end ] --START--
INFO: Run Behavior\ShowPageTraceBehavior [ RunTime:0.000505s ]
INFO: [ app_end ] --END-- [ RunTime:0.000547s ]

[ 2019-05-14T09:35:20+08:00 ] 14.20.36.28 /api.php?m=Index&c=index&a=clubRecords
INFO: [ app_init ] --START--
INFO: Run Behavior\BuildLiteBehavior [ RunTime:0.000014s ]
INFO: [ app_init ] --END-- [ RunTime:0.000225s ]
INFO: [ app_begin ] --START--
INFO: Run Behavior\ReadHtmlCacheBehavior [ RunTime:0.000283s ]
INFO: [ app_begin ] --END-- [ RunTime:0.000316s ]
SQL: SHOW COLUMNS FROM `dd_config` [ RunTime:0.0032s ]
SQL: SELECT * FROM `dd_config`  [ RunTime:0.0028s ]
NOTIC: [8] Undefined index: rand /phpstudy/www/Gittext/game/Application/Api/Controller/IndexController.class.php 第 16 行.
SQL: SHOW COLUMNS FROM `dd_user` [ RunTime:0.0037s ]
SQL: SELECT `is_club_owner` FROM `dd_user` WHERE `id` = 182 LIMIT 1   [ RunTime:0.0029s ]
SQL: SELECT  o.id, o.title,o.content,o.create_time,o.category,o.create_user,   g.`status`   FROM   dd_message_info o   LEFT JOIN dd_message_log g ON o.id = g.msg_id    AND g.uid = 182  WHERE    ( g.msg_id IS NULL or g.status='1') and  o.send_to  in ('all',182) and o.category in(1,2) and o.send_time < CURRENT_TIMESTAMP AND o.expire_time > CURRENT_TIMESTAMP order by id desc; [ RunTime:0.0029s ]
NOTIC: [2] Illegal string offset 'id' /phpstudy/www/Gittext/game/Application/Api/Controller/IndexController.class.php 第 563 行.
NOTIC: [8] Undefined offset: 3 /phpstudy/www/Gittext/game/Application/Api/Controller/IndexController.class.php 第 565 行.
NOTIC: [2] Illegal string offset 'id' /phpstudy/www/Gittext/game/Application/Api/Controller/IndexController.class.php 第 563 行.
INFO: [ app_end ] --START--
INFO: Run Behavior\ShowPageTraceBehavior [ RunTime:0.000578s ]
INFO: [ app_end ] --END-- [ RunTime:0.000640s ]

[ 2019-05-14T10:14:39+08:00 ] 14.20.36.28 /api.php?m=Index&c=index&a=slime
INFO: [ app_init ] --START--
INFO: Run Behavior\BuildLiteBehavior [ RunTime:0.000015s ]
INFO: [ app_init ] --END-- [ RunTime:0.000255s ]
INFO: [ app_begin ] --START--
INFO: Run Behavior\ReadHtmlCacheBehavior [ RunTime:0.000298s ]
INFO: [ app_begin ] --END-- [ RunTime:0.000332s ]
SQL: SHOW COLUMNS FROM `dd_config` [ RunTime:0.0024s ]
SQL: SELECT * FROM `dd_config`  [ RunTime:0.0022s ]
NOTIC: [8] Undefined index: rand /phpstudy/www/Gittext/game/Application/Api/Controller/IndexController.class.php 第 16 行.
SQL: SELECT  g.s_id,g.u_id,g.blue,g.blood,g.exp,o.id,o.name,o.skill,o.skill_introduction,o.slime_introduction FROM   dd_slime  o   LEFT JOIN dd_user_slime g ON o.id = g.s_id  AND g.u_id = 182  order by o.id asc ; [ RunTime:0.0022s ]
SQL: SHOW COLUMNS FROM `dd_user` [ RunTime:0.0030s ]
SQL: SELECT `candy`,`candy1`,`candy2` FROM `dd_user` WHERE `id` = 182 LIMIT 1   [ RunTime:0.0019s ]
INFO: [ app_end ] --START--
INFO: Run Behavior\ShowPageTraceBehavior [ RunTime:0.000477s ]
INFO: [ app_end ] --END-- [ RunTime:0.000511s ]

[ 2019-05-14T10:48:00+08:00 ] 14.20.36.28 /api.php?m=Index&c=index&a=clubRecords
INFO: [ app_init ] --START--
INFO: Run Behavior\BuildLiteBehavior [ RunTime:0.000014s ]
INFO: [ app_init ] --END-- [ RunTime:0.000258s ]
INFO: [ app_begin ] --START--
INFO: Run Behavior\ReadHtmlCacheBehavior [ RunTime:0.000309s ]
INFO: [ app_begin ] --END-- [ RunTime:0.000342s ]
SQL: SHOW COLUMNS FROM `dd_config` [ RunTime:0.0023s ]
SQL: SELECT * FROM `dd_config`  [ RunTime:0.0021s ]
NOTIC: [8] Undefined index: rand /phpstudy/www/Gittext/game/Application/Api/Controller/IndexController.class.php 第 16 行.
SQL: SHOW COLUMNS FROM `dd_user` [ RunTime:0.0033s ]
SQL: SELECT `is_club_owner` FROM `dd_user` WHERE `id` = 182 LIMIT 1   [ RunTime:0.0022s ]
SQL: SELECT  o.id, o.title,o.content,o.create_time,o.category,o.create_user,   g.`status`   FROM   dd_message_info o   LEFT JOIN dd_message_log g ON o.id = g.msg_id    AND g.uid = 182  WHERE    ( g.msg_id IS NULL or g.status='1') and  o.send_to  in ('all',182) and o.category in(1,2) and o.send_time < CURRENT_TIMESTAMP AND o.expire_time > CURRENT_TIMESTAMP order by id desc; [ RunTime:0.0023s ]
NOTIC: [2] Illegal string offset 'id' /phpstudy/www/Gittext/game/Application/Api/Controller/IndexController.class.php 第 563 行.
NOTIC: [8] Undefined offset: 3 /phpstudy/www/Gittext/game/Application/Api/Controller/IndexController.class.php 第 565 行.
NOTIC: [2] Illegal string offset 'id' /phpstudy/www/Gittext/game/Application/Api/Controller/IndexController.class.php 第 563 行.
INFO: [ app_end ] --START--
INFO: Run Behavior\ShowPageTraceBehavior [ RunTime:0.000536s ]
INFO: [ app_end ] --END-- [ RunTime:0.000583s ]

[ 2019-05-14T10:48:01+08:00 ] 14.20.36.28 /api.php?m=Index&c=index&a=clubRecords
INFO: [ app_init ] --START--
INFO: Run Behavior\BuildLiteBehavior [ RunTime:0.000013s ]
INFO: [ app_init ] --END-- [ RunTime:0.000227s ]
INFO: [ app_begin ] --START--
INFO: Run Behavior\ReadHtmlCacheBehavior [ RunTime:0.000320s ]
INFO: [ app_begin ] --END-- [ RunTime:0.000361s ]
SQL: SHOW COLUMNS FROM `dd_config` [ RunTime:0.0022s ]
SQL: SELECT * FROM `dd_config`  [ RunTime:0.0018s ]
NOTIC: [8] Undefined index: rand /phpstudy/www/Gittext/game/Application/Api/Controller/IndexController.class.php 第 16 行.
SQL: SHOW COLUMNS FROM `dd_user` [ RunTime:0.0030s ]
SQL: SELECT `is_club_owner` FROM `dd_user` WHERE `id` = 182 LIMIT 1   [ RunTime:0.0020s ]
SQL: SELECT  o.id, o.title,o.content,o.create_time,o.category,o.create_user,   g.`status`   FROM   dd_message_info o   LEFT JOIN dd_message_log g ON o.id = g.msg_id    AND g.uid = 182  WHERE    ( g.msg_id IS NULL or g.status='1') and  o.send_to  in ('all',182) and o.category in(1,2) and o.send_time < CURRENT_TIMESTAMP AND o.expire_time > CURRENT_TIMESTAMP order by id desc; [ RunTime:0.0021s ]
NOTIC: [2] Illegal string offset 'id' /phpstudy/www/Gittext/game/Application/Api/Controller/IndexController.class.php 第 563 行.
NOTIC: [8] Undefined offset: 3 /phpstudy/www/Gittext/game/Application/Api/Controller/IndexController.class.php 第 565 行.
NOTIC: [2] Illegal string offset 'id' /phpstudy/www/Gittext/game/Application/Api/Controller/IndexController.class.php 第 563 行.
INFO: [ app_end ] --START--
INFO: Run Behavior\ShowPageTraceBehavior [ RunTime:0.000465s ]
INFO: [ app_end ] --END-- [ RunTime:0.000506s ]

[ 2019-05-14T10:48:47+08:00 ] 14.20.36.28 /api.php?m=Index&c=index&a=slime
INFO: [ app_init ] --START--
INFO: Run Behavior\BuildLiteBehavior [ RunTime:0.000015s ]
INFO: [ app_init ] --END-- [ RunTime:0.000287s ]
INFO: [ app_begin ] --START--
INFO: Run Behavior\ReadHtmlCacheBehavior [ RunTime:0.000375s ]
INFO: [ app_begin ] --END-- [ RunTime:0.000422s ]
SQL: SHOW COLUMNS FROM `dd_config` [ RunTime:0.0030s ]
SQL: SELECT * FROM `dd_config`  [ RunTime:0.0025s ]
NOTIC: [8] Undefined index: rand /phpstudy/www/Gittext/game/Application/Api/Controller/IndexController.class.php 第 16 行.
SQL: SELECT  g.s_id,g.u_id,g.blue,g.blood,g.exp,o.id,o.name,o.skill,o.skill_introduction,o.slime_introduction FROM   dd_slime  o   LEFT JOIN dd_user_slime g ON o.id = g.s_id  AND g.u_id = 182  order by o.id asc ; [ RunTime:0.0028s ]
SQL: SHOW COLUMNS FROM `dd_user` [ RunTime:0.0037s ]
SQL: SELECT `candy`,`candy1`,`candy2` FROM `dd_user` WHERE `id` = 182 LIMIT 1   [ RunTime:0.0025s ]
INFO: [ app_end ] --START--
INFO: Run Behavior\ShowPageTraceBehavior [ RunTime:0.000496s ]
INFO: [ app_end ] --END-- [ RunTime:0.000547s ]

[ 2019-05-14T15:17:33+08:00 ] 14.20.36.28 /api.php?m=Index&c=index&a=clubRecords
INFO: [ app_init ] --START--
INFO: Run Behavior\BuildLiteBehavior [ RunTime:0.000014s ]
INFO: [ app_init ] --END-- [ RunTime:0.000231s ]
INFO: [ app_begin ] --START--
INFO: Run Behavior\ReadHtmlCacheBehavior [ RunTime:0.000308s ]
INFO: [ app_begin ] --END-- [ RunTime:0.000344s ]
SQL: SHOW COLUMNS FROM `dd_config` [ RunTime:0.0029s ]
SQL: SELECT * FROM `dd_config`  [ RunTime:0.0025s ]
NOTIC: [8] Undefined index: rand /phpstudy/www/Gittext/game/Application/Api/Controller/IndexController.class.php 第 16 行.
SQL: SHOW COLUMNS FROM `dd_user` [ RunTime:0.0035s ]
SQL: SELECT `is_club_owner` FROM `dd_user` WHERE `id` = 182 LIMIT 1   [ RunTime:0.0026s ]
SQL: SELECT  o.id, o.title,o.content,o.create_time,o.category,o.create_user,   g.`status`   FROM   dd_message_info o   LEFT JOIN dd_message_log g ON o.id = g.msg_id    AND g.uid = 182  WHERE    ( g.msg_id IS NULL or g.status='1') and  o.send_to  in ('all',182) and o.category in(1,2) and o.send_time < CURRENT_TIMESTAMP AND o.expire_time > CURRENT_TIMESTAMP order by id desc; [ RunTime:0.0027s ]
NOTIC: [2] Illegal string offset 'id' /phpstudy/www/Gittext/game/Application/Api/Controller/IndexController.class.php 第 563 行.
NOTIC: [8] Undefined offset: 3 /phpstudy/www/Gittext/game/Application/Api/Controller/IndexController.class.php 第 565 行.
NOTIC: [2] Illegal string offset 'id' /phpstudy/www/Gittext/game/Application/Api/Controller/IndexController.class.php 第 563 行.
INFO: [ app_end ] --START--
INFO: Run Behavior\ShowPageTraceBehavior [ RunTime:0.000445s ]
INFO: [ app_end ] --END-- [ RunTime:0.000479s ]

[ 2019-05-14T15:17:58+08:00 ] 14.20.36.28 /api.php?m=Api&c=Index&a=clubs
INFO: [ app_init ] --START--
INFO: Run Behavior\BuildLiteBehavior [ RunTime:0.000014s ]
INFO: [ app_init ] --END-- [ RunTime:0.000243s ]
INFO: [ app_begin ] --START--
INFO: Run Behavior\ReadHtmlCacheBehavior [ RunTime:0.000301s ]
INFO: [ app_begin ] --END-- [ RunTime:0.000332s ]
SQL: SHOW COLUMNS FROM `dd_config` [ RunTime:0.0023s ]
SQL: SELECT * FROM `dd_config`  [ RunTime:0.0019s ]
NOTIC: [8] Undefined index: rand /phpstudy/www/Gittext/game/Application/Api/Controller/IndexController.class.php 第 16 行.
NOTIC: [8] Undefined index: club_name /phpstudy/www/Gittext/game/Application/Api/Controller/IndexController.class.php 第 158 行.
SQL: SHOW COLUMNS FROM `dd_club_info` [ RunTime:0.0086s ]
SQL: SELECT `id`,`club_name`,`club_head`,`ower_name`,`area`,`create_time`,`declaration`,`club_notice`,`create_number` FROM `dd_club_info` WHERE `club_name` LIKE '%%'  [ RunTime:0.0027s ]
SQL: SHOW COLUMNS FROM `dd_user` [ RunTime:0.0029s ]
SQL: SELECT COUNT(*) AS tp_count FROM `dd_user` WHERE `club_id` = 3 LIMIT 1   [ RunTime:0.0020s ]
SQL: SELECT SUM(active_point) AS tp_sum FROM `dd_user` WHERE `club_id` = 3 LIMIT 1   [ RunTime:0.0019s ]
SQL: SELECT COUNT(*) AS tp_count FROM `dd_user` WHERE `club_id` = 12 LIMIT 1   [ RunTime:0.0018s ]
SQL: SELECT SUM(active_point) AS tp_sum FROM `dd_user` WHERE `club_id` = 12 LIMIT 1   [ RunTime:0.0018s ]
INFO: [ app_end ] --START--
INFO: Run Behavior\ShowPageTraceBehavior [ RunTime:0.000462s ]
INFO: [ app_end ] --END-- [ RunTime:0.000504s ]

[ 2019-05-14T15:17:59+08:00 ] 14.20.36.28 /api.php?m=Api&c=Index&a=clubs
INFO: [ app_init ] --START--
INFO: Run Behavior\BuildLiteBehavior [ RunTime:0.000013s ]
INFO: [ app_init ] --END-- [ RunTime:0.000236s ]
INFO: [ app_begin ] --START--
INFO: Run Behavior\ReadHtmlCacheBehavior [ RunTime:0.000284s ]
INFO: [ app_begin ] --END-- [ RunTime:0.000314s ]
SQL: SHOW COLUMNS FROM `dd_config` [ RunTime:0.0024s ]
SQL: SELECT * FROM `dd_config`  [ RunTime:0.0021s ]
NOTIC: [8] Undefined index: rand /phpstudy/www/Gittext/game/Application/Api/Controller/IndexController.class.php 第 16 行.
NOTIC: [8] Undefined index: club_name /phpstudy/www/Gittext/game/Application/Api/Controller/IndexController.class.php 第 158 行.
SQL: SHOW COLUMNS FROM `dd_club_info` [ RunTime:0.0025s ]
SQL: SELECT `id`,`club_name`,`club_head`,`ower_name`,`area`,`create_time`,`declaration`,`club_notice`,`create_number` FROM `dd_club_info` WHERE `club_name` LIKE '%%'  [ RunTime:0.0021s ]
SQL: SHOW COLUMNS FROM `dd_user` [ RunTime:0.0030s ]
SQL: SELECT COUNT(*) AS tp_count FROM `dd_user` WHERE `club_id` = 3 LIMIT 1   [ RunTime:0.0021s ]
SQL: SELECT SUM(active_point) AS tp_sum FROM `dd_user` WHERE `club_id` = 3 LIMIT 1   [ RunTime:0.0021s ]
SQL: SELECT COUNT(*) AS tp_count FROM `dd_user` WHERE `club_id` = 12 LIMIT 1   [ RunTime:0.0021s ]
SQL: SELECT SUM(active_point) AS tp_sum FROM `dd_user` WHERE `club_id` = 12 LIMIT 1   [ RunTime:0.0020s ]
INFO: [ app_end ] --START--
INFO: Run Behavior\ShowPageTraceBehavior [ RunTime:0.000435s ]
INFO: [ app_end ] --END-- [ RunTime:0.000471s ]

[ 2019-05-14T15:19:44+08:00 ] 14.20.36.28 /api.php?m=Index&c=index&a=slime
INFO: [ app_init ] --START--
INFO: Run Behavior\BuildLiteBehavior [ RunTime:0.000015s ]
INFO: [ app_init ] --END-- [ RunTime:0.000230s ]
INFO: [ app_begin ] --START--
INFO: Run Behavior\ReadHtmlCacheBehavior [ RunTime:0.000336s ]
INFO: [ app_begin ] --END-- [ RunTime:0.000375s ]
SQL: SHOW COLUMNS FROM `dd_config` [ RunTime:0.0025s ]
SQL: SELECT * FROM `dd_config`  [ RunTime:0.0020s ]
NOTIC: [8] Undefined index: rand /phpstudy/www/Gittext/game/Application/Api/Controller/IndexController.class.php 第 16 行.
SQL: SELECT  g.s_id,g.u_id,g.blue,g.blood,g.exp,o.id,o.name,o.skill,o.skill_introduction,o.slime_introduction FROM   dd_slime  o   LEFT JOIN dd_user_slime g ON o.id = g.s_id  AND g.u_id = 182  order by o.id asc ; [ RunTime:0.0021s ]
SQL: SHOW COLUMNS FROM `dd_user` [ RunTime:0.0030s ]
SQL: SELECT `candy`,`candy1`,`candy2` FROM `dd_user` WHERE `id` = 182 LIMIT 1   [ RunTime:0.0019s ]
INFO: [ app_end ] --START--
INFO: Run Behavior\ShowPageTraceBehavior [ RunTime:0.000473s ]
INFO: [ app_end ] --END-- [ RunTime:0.000511s ]

[ 2019-05-14T15:19:51+08:00 ] 14.20.36.28 /api.php?m=Index&c=index&a=upSlime
INFO: [ app_init ] --START--
INFO: Run Behavior\BuildLiteBehavior [ RunTime:0.000013s ]
INFO: [ app_init ] --END-- [ RunTime:0.000263s ]
INFO: [ app_begin ] --START--
INFO: Run Behavior\ReadHtmlCacheBehavior [ RunTime:0.000289s ]
INFO: [ app_begin ] --END-- [ RunTime:0.000321s ]
SQL: SHOW COLUMNS FROM `dd_config` [ RunTime:0.0018s ]
SQL: SELECT * FROM `dd_config`  [ RunTime:0.0015s ]
NOTIC: [8] Undefined index: rand /phpstudy/www/Gittext/game/Application/Api/Controller/IndexController.class.php 第 16 行.
SQL: SHOW COLUMNS FROM `dd_user_slime` [ RunTime:0.0019s ]
SQL: SELECT `exp` FROM `dd_user_slime` WHERE `u_id` = 182 AND `s_id` = 1 LIMIT 1   [ RunTime:0.0015s ]
SQL: SHOW COLUMNS FROM `dd_user` [ RunTime:0.0025s ]
SQL: SELECT `candy`,`candy1`,`candy2` FROM `dd_user` WHERE `id` = 182 LIMIT 1   [ RunTime:0.0014s ]
SQL: UPDATE `dd_user` SET `candy2`=candy2-1 WHERE `id` = 182 [ RunTime:0.0148s ]
SQL: UPDATE `dd_user_slime` SET `exp`=exp+500 WHERE `u_id` = 182 AND `s_id` = 1 [ RunTime:0.0071s ]
SQL: SELECT `exp`,`blood`,`blue` FROM `dd_user_slime` WHERE `u_id` = 182 AND `s_id` = 1 LIMIT 1   [ RunTime:0.0015s ]
SQL: UPDATE `dd_user_slime` SET `blood`=blood+1 WHERE `u_id` = 182 AND `s_id` = 1 [ RunTime:0.0077s ]
SQL: UPDATE `dd_user_slime` SET `blue`=blue+1 WHERE `u_id` = 182 AND `s_id` = 1 [ RunTime:0.0057s ]
SQL: SELECT `blood`,`blue` FROM `dd_user_slime` WHERE `u_id` = 182 AND `s_id` = 1 LIMIT 1   [ RunTime:0.0015s ]
SQL: SELECT `candy`,`candy1`,`candy2` FROM `dd_user` WHERE `id` = 182 LIMIT 1   [ RunTime:0.0014s ]
INFO: [ app_end ] --START--
INFO: Run Behavior\ShowPageTraceBehavior [ RunTime:0.000480s ]
INFO: [ app_end ] --END-- [ RunTime:0.000521s ]

[ 2019-05-14T15:20:18+08:00 ] 14.20.36.28 /api.php?m=Index&c=index&a=slime
INFO: [ app_init ] --START--
INFO: Run Behavior\BuildLiteBehavior [ RunTime:0.000017s ]
INFO: [ app_init ] --END-- [ RunTime:0.000276s ]
INFO: [ app_begin ] --START--
INFO: Run Behavior\ReadHtmlCacheBehavior [ RunTime:0.000347s ]
INFO: [ app_begin ] --END-- [ RunTime:0.000389s ]
SQL: SHOW COLUMNS FROM `dd_config` [ RunTime:0.0020s ]
SQL: SELECT * FROM `dd_config`  [ RunTime:0.0016s ]
NOTIC: [8] Undefined index: rand /phpstudy/www/Gittext/game/Application/Api/Controller/IndexController.class.php 第 16 行.
SQL: SELECT  g.s_id,g.u_id,g.blue,g.blood,g.exp,o.id,o.name,o.skill,o.skill_introduction,o.slime_introduction FROM   dd_slime  o   LEFT JOIN dd_user_slime g ON o.id = g.s_id  AND g.u_id = 182  order by o.id asc ; [ RunTime:0.0018s ]
SQL: SHOW COLUMNS FROM `dd_user` [ RunTime:0.0027s ]
SQL: SELECT `candy`,`candy1`,`candy2` FROM `dd_user` WHERE `id` = 182 LIMIT 1   [ RunTime:0.0016s ]
INFO: [ app_end ] --START--
INFO: Run Behavior\ShowPageTraceBehavior [ RunTime:0.000466s ]
INFO: [ app_end ] --END-- [ RunTime:0.000505s ]

[ 2019-05-14T15:20:24+08:00 ] 14.20.36.28 /api.php?m=Index&c=index&a=upSlime
INFO: [ app_init ] --START--
INFO: Run Behavior\BuildLiteBehavior [ RunTime:0.000014s ]
INFO: [ app_init ] --END-- [ RunTime:0.000238s ]
INFO: [ app_begin ] --START--
INFO: Run Behavior\ReadHtmlCacheBehavior [ RunTime:0.000301s ]
INFO: [ app_begin ] --END-- [ RunTime:0.000334s ]
SQL: SHOW COLUMNS FROM `dd_config` [ RunTime:0.0024s ]
SQL: SELECT * FROM `dd_config`  [ RunTime:0.0019s ]
NOTIC: [8] Undefined index: rand /phpstudy/www/Gittext/game/Application/Api/Controller/IndexController.class.php 第 16 行.
SQL: SHOW COLUMNS FROM `dd_user_slime` [ RunTime:0.0023s ]
SQL: SELECT `exp` FROM `dd_user_slime` WHERE `u_id` = 182 AND `s_id` = 2 LIMIT 1   [ RunTime:0.0019s ]
SQL: SHOW COLUMNS FROM `dd_user` [ RunTime:0.0030s ]
SQL: SELECT `candy`,`candy1`,`candy2` FROM `dd_user` WHERE `id` = 182 LIMIT 1   [ RunTime:0.0019s ]
SQL: UPDATE `dd_user` SET `candy2`=candy2-2 WHERE `id` = 182 [ RunTime:0.0075s ]
SQL: UPDATE `dd_user_slime` SET `exp`=exp+1000 WHERE `u_id` = 182 AND `s_id` = 2 [ RunTime:0.0074s ]
SQL: SELECT `exp`,`blood`,`blue` FROM `dd_user_slime` WHERE `u_id` = 182 AND `s_id` = 2 LIMIT 1   [ RunTime:0.0020s ]
SQL: UPDATE `dd_user_slime` SET `blood`=blood+1 WHERE `u_id` = 182 AND `s_id` = 2 [ RunTime:0.0065s ]
SQL: UPDATE `dd_user_slime` SET `blue`=blue+1 WHERE `u_id` = 182 AND `s_id` = 2 [ RunTime:0.0061s ]
SQL: SELECT `blood`,`blue` FROM `dd_user_slime` WHERE `u_id` = 182 AND `s_id` = 2 LIMIT 1   [ RunTime:0.0020s ]
SQL: SELECT `candy`,`candy1`,`candy2` FROM `dd_user` WHERE `id` = 182 LIMIT 1   [ RunTime:0.0019s ]
INFO: [ app_end ] --START--
INFO: Run Behavior\ShowPageTraceBehavior [ RunTime:0.000610s ]
INFO: [ app_end ] --END-- [ RunTime:0.000653s ]

[ 2019-05-14T15:20:30+08:00 ] 14.20.36.28 /api.php?m=Index&c=index&a=upSlime
INFO: [ app_init ] --START--
INFO: Run Behavior\BuildLiteBehavior [ RunTime:0.000013s ]
INFO: [ app_init ] --END-- [ RunTime:0.000244s ]
INFO: [ app_begin ] --START--
INFO: Run Behavior\ReadHtmlCacheBehavior [ RunTime:0.000310s ]
INFO: [ app_begin ] --END-- [ RunTime:0.000346s ]
SQL: SHOW COLUMNS FROM `dd_config` [ RunTime:0.0020s ]
SQL: SELECT * FROM `dd_config`  [ RunTime:0.0017s ]
NOTIC: [8] Undefined index: rand /phpstudy/www/Gittext/game/Application/Api/Controller/IndexController.class.php 第 16 行.
SQL: SHOW COLUMNS FROM `dd_user_slime` [ RunTime:0.0023s ]
SQL: SELECT `exp` FROM `dd_user_slime` WHERE `u_id` = 182 AND `s_id` = 2 LIMIT 1   [ RunTime:0.0018s ]
SQL: SHOW COLUMNS FROM `dd_user` [ RunTime:0.0030s ]
SQL: SELECT `candy`,`candy1`,`candy2` FROM `dd_user` WHERE `id` = 182 LIMIT 1   [ RunTime:0.0016s ]
SQL: UPDATE `dd_user` SET `candy2`=candy2-13 WHERE `id` = 182 [ RunTime:0.0141s ]
SQL: UPDATE `dd_user_slime` SET `exp`=exp+6500 WHERE `u_id` = 182 AND `s_id` = 2 [ RunTime:0.0058s ]
SQL: SELECT `exp`,`blood`,`blue` FROM `dd_user_slime` WHERE `u_id` = 182 AND `s_id` = 2 LIMIT 1   [ RunTime:0.0017s ]
SQL: UPDATE `dd_user_slime` SET `blood`=blood+1 WHERE `u_id` = 182 AND `s_id` = 2 [ RunTime:0.0090s ]
SQL: UPDATE `dd_user_slime` SET `blue`=blue+1 WHERE `u_id` = 182 AND `s_id` = 2 [ RunTime:0.0075s ]
SQL: SELECT `blood`,`blue` FROM `dd_user_slime` WHERE `u_id` = 182 AND `s_id` = 2 LIMIT 1   [ RunTime:0.0017s ]
SQL: SELECT `candy`,`candy1`,`candy2` FROM `dd_user` WHERE `id` = 182 LIMIT 1   [ RunTime:0.0016s ]
INFO: [ app_end ] --START--
INFO: Run Behavior\ShowPageTraceBehavior [ RunTime:0.000476s ]
INFO: [ app_end ] --END-- [ RunTime:0.000510s ]

[ 2019-05-14T15:20:36+08:00 ] 14.20.36.28 /api.php?m=Index&c=index&a=upSlime
INFO: [ app_init ] --START--
INFO: Run Behavior\BuildLiteBehavior [ RunTime:0.000016s ]
INFO: [ app_init ] --END-- [ RunTime:0.000285s ]
INFO: [ app_begin ] --START--
INFO: Run Behavior\ReadHtmlCacheBehavior [ RunTime:0.000342s ]
INFO: [ app_begin ] --END-- [ RunTime:0.000389s ]
SQL: SHOW COLUMNS FROM `dd_config` [ RunTime:0.0022s ]
SQL: SELECT * FROM `dd_config`  [ RunTime:0.0018s ]
NOTIC: [8] Undefined index: rand /phpstudy/www/Gittext/game/Application/Api/Controller/IndexController.class.php 第 16 行.
SQL: SHOW COLUMNS FROM `dd_user_slime` [ RunTime:0.0022s ]
SQL: SELECT `exp` FROM `dd_user_slime` WHERE `u_id` = 182 AND `s_id` = 2 LIMIT 1   [ RunTime:0.0018s ]
SQL: SHOW COLUMNS FROM `dd_user` [ RunTime:0.0029s ]
SQL: SELECT `candy`,`candy1`,`candy2` FROM `dd_user` WHERE `id` = 182 LIMIT 1   [ RunTime:0.0018s ]
SQL: UPDATE `dd_user` SET `candy2`=candy2-1 WHERE `id` = 182 [ RunTime:0.0240s ]
SQL: UPDATE `dd_user_slime` SET `exp`=exp+500 WHERE `u_id` = 182 AND `s_id` = 2 [ RunTime:0.0074s ]
SQL: SELECT `exp`,`blood`,`blue` FROM `dd_user_slime` WHERE `u_id` = 182 AND `s_id` = 2 LIMIT 1   [ RunTime:0.0019s ]
SQL: SELECT `blood`,`blue` FROM `dd_user_slime` WHERE `u_id` = 182 AND `s_id` = 2 LIMIT 1   [ RunTime:0.0018s ]
SQL: SELECT `candy`,`candy1`,`candy2` FROM `dd_user` WHERE `id` = 182 LIMIT 1   [ RunTime:0.0017s ]
INFO: [ app_end ] --START--
INFO: Run Behavior\ShowPageTraceBehavior [ RunTime:0.000561s ]
INFO: [ app_end ] --END-- [ RunTime:0.000602s ]

[ 2019-05-14T15:20:39+08:00 ] 14.20.36.28 /api.php?m=Index&c=index&a=upSlime
INFO: [ app_init ] --START--
INFO: Run Behavior\BuildLiteBehavior [ RunTime:0.000015s ]
INFO: [ app_init ] --END-- [ RunTime:0.000237s ]
INFO: [ app_begin ] --START--
INFO: Run Behavior\ReadHtmlCacheBehavior [ RunTime:0.000326s ]
INFO: [ app_begin ] --END-- [ RunTime:0.000371s ]
SQL: SHOW COLUMNS FROM `dd_config` [ RunTime:0.0019s ]
SQL: SELECT * FROM `dd_config`  [ RunTime:0.0015s ]
NOTIC: [8] Undefined index: rand /phpstudy/www/Gittext/game/Application/Api/Controller/IndexController.class.php 第 16 行.
SQL: SHOW COLUMNS FROM `dd_user_slime` [ RunTime:0.0021s ]
SQL: SELECT `exp` FROM `dd_user_slime` WHERE `u_id` = 182 AND `s_id` = 2 LIMIT 1   [ RunTime:0.0017s ]
SQL: SHOW COLUMNS FROM `dd_user` [ RunTime:0.0025s ]
SQL: SELECT `candy`,`candy1`,`candy2` FROM `dd_user` WHERE `id` = 182 LIMIT 1   [ RunTime:0.0014s ]
SQL: UPDATE `dd_user` SET `candy2`=candy2-1 WHERE `id` = 182 [ RunTime:0.0143s ]
SQL: UPDATE `dd_user_slime` SET `exp`=exp+500 WHERE `u_id` = 182 AND `s_id` = 2 [ RunTime:0.0052s ]
SQL: SELECT `exp`,`blood`,`blue` FROM `dd_user_slime` WHERE `u_id` = 182 AND `s_id` = 2 LIMIT 1   [ RunTime:0.0015s ]
SQL: SELECT `blood`,`blue` FROM `dd_user_slime` WHERE `u_id` = 182 AND `s_id` = 2 LIMIT 1   [ RunTime:0.0015s ]
SQL: SELECT `candy`,`candy1`,`candy2` FROM `dd_user` WHERE `id` = 182 LIMIT 1   [ RunTime:0.0014s ]
INFO: [ app_end ] --START--
INFO: Run Behavior\ShowPageTraceBehavior [ RunTime:0.000473s ]
INFO: [ app_end ] --END-- [ RunTime:0.000511s ]

[ 2019-05-14T15:25:42+08:00 ] 14.20.36.28 /api.php?m=Index&c=index&a=slime
INFO: [ app_init ] --START--
INFO: Run Behavior\BuildLiteBehavior [ RunTime:0.000013s ]
INFO: [ app_init ] --END-- [ RunTime:0.000251s ]
INFO: [ app_begin ] --START--
INFO: Run Behavior\ReadHtmlCacheBehavior [ RunTime:0.000299s ]
INFO: [ app_begin ] --END-- [ RunTime:0.000334s ]
SQL: SHOW COLUMNS FROM `dd_config` [ RunTime:0.0028s ]
SQL: SELECT * FROM `dd_config`  [ RunTime:0.0025s ]
NOTIC: [8] Undefined index: rand /phpstudy/www/Gittext/game/Application/Api/Controller/IndexController.class.php 第 16 行.
SQL: SELECT  g.s_id,g.u_id,g.blue,g.blood,g.exp,o.id,o.name,o.skill,o.skill_introduction,o.slime_introduction FROM   dd_slime  o   LEFT JOIN dd_user_slime g ON o.id = g.s_id  AND g.u_id = 182  order by o.id asc ; [ RunTime:0.0027s ]
SQL: SHOW COLUMNS FROM `dd_user` [ RunTime:0.0035s ]
SQL: SELECT `candy`,`candy1`,`candy2` FROM `dd_user` WHERE `id` = 182 LIMIT 1   [ RunTime:0.0024s ]
INFO: [ app_end ] --START--
INFO: Run Behavior\ShowPageTraceBehavior [ RunTime:0.000449s ]
INFO: [ app_end ] --END-- [ RunTime:0.000485s ]

[ 2019-05-14T15:26:02+08:00 ] 14.20.36.28 /api.php?m=Index&c=index&a=slime
INFO: [ app_init ] --START--
INFO: Run Behavior\BuildLiteBehavior [ RunTime:0.000014s ]
INFO: [ app_init ] --END-- [ RunTime:0.000235s ]
INFO: [ app_begin ] --START--
INFO: Run Behavior\ReadHtmlCacheBehavior [ RunTime:0.000287s ]
INFO: [ app_begin ] --END-- [ RunTime:0.000324s ]
SQL: SHOW COLUMNS FROM `dd_config` [ RunTime:0.0022s ]
SQL: SELECT * FROM `dd_config`  [ RunTime:0.0019s ]
NOTIC: [8] Undefined index: rand /phpstudy/www/Gittext/game/Application/Api/Controller/IndexController.class.php 第 16 行.
SQL: SELECT  g.s_id,g.u_id,g.blue,g.blood,g.exp,o.id,o.name,o.skill,o.skill_introduction,o.slime_introduction FROM   dd_slime  o   LEFT JOIN dd_user_slime g ON o.id = g.s_id  AND g.u_id = 182  order by o.id asc ; [ RunTime:0.0021s ]
SQL: SHOW COLUMNS FROM `dd_user` [ RunTime:0.0028s ]
SQL: SELECT `candy`,`candy1`,`candy2` FROM `dd_user` WHERE `id` = 182 LIMIT 1   [ RunTime:0.0018s ]
INFO: [ app_end ] --START--
INFO: Run Behavior\ShowPageTraceBehavior [ RunTime:0.000439s ]
INFO: [ app_end ] --END-- [ RunTime:0.000474s ]

[ 2019-05-14T15:26:03+08:00 ] 14.20.36.28 /api.php?m=Index&c=index&a=clubRecords
INFO: [ app_init ] --START--
INFO: Run Behavior\BuildLiteBehavior [ RunTime:0.000017s ]
INFO: [ app_init ] --END-- [ RunTime:0.000260s ]
INFO: [ app_begin ] --START--
INFO: Run Behavior\ReadHtmlCacheBehavior [ RunTime:0.000305s ]
INFO: [ app_begin ] --END-- [ RunTime:0.000341s ]
SQL: SHOW COLUMNS FROM `dd_config` [ RunTime:0.0021s ]
SQL: SELECT * FROM `dd_config`  [ RunTime:0.0018s ]
NOTIC: [8] Undefined index: rand /phpstudy/www/Gittext/game/Application/Api/Controller/IndexController.class.php 第 16 行.
SQL: SHOW COLUMNS FROM `dd_user` [ RunTime:0.0027s ]
SQL: SELECT `is_club_owner` FROM `dd_user` WHERE `id` = 182 LIMIT 1   [ RunTime:0.0017s ]
SQL: SELECT  o.id, o.title,o.content,o.create_time,o.category,o.create_user,   g.`status`   FROM   dd_message_info o   LEFT JOIN dd_message_log g ON o.id = g.msg_id    AND g.uid = 182  WHERE    ( g.msg_id IS NULL or g.status='1') and  o.send_to  in ('all',182) and o.category in(1,2) and o.send_time < CURRENT_TIMESTAMP AND o.expire_time > CURRENT_TIMESTAMP order by id desc; [ RunTime:0.0019s ]
NOTIC: [2] Illegal string offset 'id' /phpstudy/www/Gittext/game/Application/Api/Controller/IndexController.class.php 第 563 行.
NOTIC: [8] Undefined offset: 3 /phpstudy/www/Gittext/game/Application/Api/Controller/IndexController.class.php 第 565 行.
NOTIC: [2] Illegal string offset 'id' /phpstudy/www/Gittext/game/Application/Api/Controller/IndexController.class.php 第 563 行.
INFO: [ app_end ] --START--
INFO: Run Behavior\ShowPageTraceBehavior [ RunTime:0.000432s ]
INFO: [ app_end ] --END-- [ RunTime:0.000470s ]

[ 2019-05-14T16:33:03+08:00 ] 14.20.36.28 /api.php?m=Index&c=index&a=slime
INFO: [ app_init ] --START--
INFO: Run Behavior\BuildLiteBehavior [ RunTime:0.000015s ]
INFO: [ app_init ] --END-- [ RunTime:0.000268s ]
INFO: [ app_begin ] --START--
INFO: Run Behavior\ReadHtmlCacheBehavior [ RunTime:0.000324s ]
INFO: [ app_begin ] --END-- [ RunTime:0.000358s ]
SQL: SHOW COLUMNS FROM `dd_config` [ RunTime:0.0031s ]
SQL: SELECT * FROM `dd_config`  [ RunTime:0.0027s ]
NOTIC: [8] Undefined index: rand /phpstudy/www/Gittext/game/Application/Api/Controller/IndexController.class.php 第 16 行.
SQL: SELECT  g.s_id,g.u_id,g.blue,g.blood,g.exp,o.id,o.name,o.skill,o.skill_introduction,o.slime_introduction FROM   dd_slime  o   LEFT JOIN dd_user_slime g ON o.id = g.s_id  AND g.u_id = 182  order by o.id asc ; [ RunTime:0.0029s ]
SQL: SHOW COLUMNS FROM `dd_user` [ RunTime:0.0038s ]
SQL: SELECT `candy`,`candy1`,`candy2` FROM `dd_user` WHERE `id` = 182 LIMIT 1   [ RunTime:0.0027s ]
INFO: [ app_end ] --START--
INFO: Run Behavior\ShowPageTraceBehavior [ RunTime:0.000421s ]
INFO: [ app_end ] --END-- [ RunTime:0.000456s ]

[ 2019-05-14T16:59:14+08:00 ] 14.20.36.28 /api.php?m=Index&c=index&a=slime
INFO: [ app_init ] --START--
INFO: Run Behavior\BuildLiteBehavior [ RunTime:0.000015s ]
INFO: [ app_init ] --END-- [ RunTime:0.000239s ]
INFO: [ app_begin ] --START--
INFO: Run Behavior\ReadHtmlCacheBehavior [ RunTime:0.000288s ]
INFO: [ app_begin ] --END-- [ RunTime:0.000325s ]
SQL: SHOW COLUMNS FROM `dd_config` [ RunTime:0.0019s ]
SQL: SELECT * FROM `dd_config`  [ RunTime:0.0015s ]
NOTIC: [8] Undefined index: rand /phpstudy/www/Gittext/game/Application/Api/Controller/IndexController.class.php 第 16 行.
SQL: SELECT  g.s_id,g.u_id,g.blue,g.blood,g.exp,o.id,o.name,o.skill,o.skill_introduction,o.slime_introduction FROM   dd_slime  o   LEFT JOIN dd_user_slime g ON o.id = g.s_id  AND g.u_id = 182  order by o.id asc ; [ RunTime:0.0017s ]
SQL: SHOW COLUMNS FROM `dd_user` [ RunTime:0.0026s ]
SQL: SELECT `candy`,`candy1`,`candy2` FROM `dd_user` WHERE `id` = 182 LIMIT 1   [ RunTime:0.0015s ]
INFO: [ app_end ] --START--
INFO: Run Behavior\ShowPageTraceBehavior [ RunTime:0.000465s ]
INFO: [ app_end ] --END-- [ RunTime:0.000506s ]

