[ 2019-05-21T01:27:02+08:00 ] 106.15.229.102 /
INFO: [ app_init ] --START--
INFO: Run Behavior\BuildLiteBehavior [ RunTime:0.000014s ]
INFO: [ app_init ] --END-- [ RunTime:0.000227s ]
INFO: [ app_begin ] --START--
INFO: Run Behavior\ReadHtmlCacheBehavior [ RunTime:0.000301s ]
INFO: [ app_begin ] --END-- [ RunTime:0.000334s ]
NOTIC: [8] Undefined index: nuid /phpstudy/www/Gittext/game/Application/Home/Controller/HomeController.class.php 第 10 行.
SQL: SHOW COLUMNS FROM `dd_config` [ RunTime:0.0019s ]
SQL: SELECT * FROM `dd_config`  [ RunTime:0.0015s ]
SQL: SHOW COLUMNS FROM `dd_zhuan` [ RunTime:0.0019s ]
SQL: SELECT * FROM `dd_zhuan` WHERE ( ying>money ) AND `money` > 5 ORDER BY id desc LIMIT 5   [ RunTime:0.0016s ]
SQL: SHOW COLUMNS FROM `dd_charge_log` [ RunTime:0.0018s ]
SQL: SELECT * FROM `dd_charge_log` WHERE `user_id` = null AND `chou` = 0 LIMIT 1   [ RunTime:0.0015s ]
INFO: [ view_parse ] --START--
INFO: [ template_filter ] --START--
INFO: Run Behavior\ContentReplaceBehavior [ RunTime:0.000096s ]
INFO: [ template_filter ] --END-- [ RunTime:0.000145s ]
NOTIC: [8] Undefined variable: user /phpstudy/www/Gittext/game/Application/Runtime/Cache/Home/2a94b8bda04ff446dcedd42276fc99ee.php 第 61 行.
NOTIC: [8] Undefined variable: user /phpstudy/www/Gittext/game/Application/Runtime/Cache/Home/2a94b8bda04ff446dcedd42276fc99ee.php 第 62 行.
NOTIC: [8] Undefined variable: user /phpstudy/www/Gittext/game/Application/Runtime/Cache/Home/2a94b8bda04ff446dcedd42276fc99ee.php 第 76 行.
INFO: Run Behavior\ParseTemplateBehavior [ RunTime:0.009470s ]
INFO: [ view_parse ] --END-- [ RunTime:0.009504s ]
INFO: [ view_filter ] --START--
INFO: Run Behavior\WriteHtmlCacheBehavior [ RunTime:0.000129s ]
INFO: [ view_filter ] --END-- [ RunTime:0.000152s ]
INFO: [ app_end ] --START--
INFO: Run Behavior\ShowPageTraceBehavior [ RunTime:0.000357s ]
INFO: [ app_end ] --END-- [ RunTime:0.000388s ]

[ 2019-05-21T03:52:25+08:00 ] 89.248.174.3 /
INFO: [ app_init ] --START--
INFO: Run Behavior\BuildLiteBehavior [ RunTime:0.000014s ]
INFO: [ app_init ] --END-- [ RunTime:0.000233s ]
INFO: [ app_begin ] --START--
INFO: Run Behavior\ReadHtmlCacheBehavior [ RunTime:0.000307s ]
INFO: [ app_begin ] --END-- [ RunTime:0.000341s ]
NOTIC: [8] Undefined index: nuid /phpstudy/www/Gittext/game/Application/Home/Controller/HomeController.class.php 第 10 行.
SQL: SHOW COLUMNS FROM `dd_config` [ RunTime:0.0021s ]
SQL: SELECT * FROM `dd_config`  [ RunTime:0.0017s ]
SQL: SHOW COLUMNS FROM `dd_zhuan` [ RunTime:0.0022s ]
SQL: SELECT * FROM `dd_zhuan` WHERE ( ying>money ) AND `money` > 5 ORDER BY id desc LIMIT 5   [ RunTime:0.0018s ]
SQL: SHOW COLUMNS FROM `dd_charge_log` [ RunTime:0.0020s ]
SQL: SELECT * FROM `dd_charge_log` WHERE `user_id` = null AND `chou` = 0 LIMIT 1   [ RunTime:0.0017s ]
INFO: [ view_parse ] --START--
INFO: [ template_filter ] --START--
INFO: Run Behavior\ContentReplaceBehavior [ RunTime:0.000105s ]
INFO: [ template_filter ] --END-- [ RunTime:0.000171s ]
NOTIC: [8] Undefined variable: user /phpstudy/www/Gittext/game/Application/Runtime/Cache/Home/2a94b8bda04ff446dcedd42276fc99ee.php 第 61 行.
NOTIC: [8] Undefined variable: user /phpstudy/www/Gittext/game/Application/Runtime/Cache/Home/2a94b8bda04ff446dcedd42276fc99ee.php 第 62 行.
NOTIC: [8] Undefined variable: user /phpstudy/www/Gittext/game/Application/Runtime/Cache/Home/2a94b8bda04ff446dcedd42276fc99ee.php 第 76 行.
INFO: Run Behavior\ParseTemplateBehavior [ RunTime:0.010441s ]
INFO: [ view_parse ] --END-- [ RunTime:0.010476s ]
INFO: [ view_filter ] --START--
INFO: Run Behavior\WriteHtmlCacheBehavior [ RunTime:0.000124s ]
INFO: [ view_filter ] --END-- [ RunTime:0.000148s ]
INFO: [ app_end ] --START--
INFO: Run Behavior\ShowPageTraceBehavior [ RunTime:0.000398s ]
INFO: [ app_end ] --END-- [ RunTime:0.000438s ]

[ 2019-05-21T04:23:26+08:00 ] 191.98.246.12 /
INFO: [ app_init ] --START--
INFO: Run Behavior\BuildLiteBehavior [ RunTime:0.000013s ]
INFO: [ app_init ] --END-- [ RunTime:0.000237s ]
INFO: [ app_begin ] --START--
INFO: Run Behavior\ReadHtmlCacheBehavior [ RunTime:0.000281s ]
INFO: [ app_begin ] --END-- [ RunTime:0.000312s ]
NOTIC: [8] Undefined index: nuid /phpstudy/www/Gittext/game/Application/Home/Controller/HomeController.class.php 第 10 行.
SQL: SHOW COLUMNS FROM `dd_config` [ RunTime:0.0027s ]
SQL: SELECT * FROM `dd_config`  [ RunTime:0.0022s ]
SQL: SHOW COLUMNS FROM `dd_zhuan` [ RunTime:0.0025s ]
SQL: SELECT * FROM `dd_zhuan` WHERE ( ying>money ) AND `money` > 5 ORDER BY id desc LIMIT 5   [ RunTime:0.0022s ]
SQL: SHOW COLUMNS FROM `dd_charge_log` [ RunTime:0.0026s ]
SQL: SELECT * FROM `dd_charge_log` WHERE `user_id` = null AND `chou` = 0 LIMIT 1   [ RunTime:0.0024s ]
INFO: [ view_parse ] --START--
INFO: [ template_filter ] --START--
INFO: Run Behavior\ContentReplaceBehavior [ RunTime:0.000093s ]
INFO: [ template_filter ] --END-- [ RunTime:0.000147s ]
NOTIC: [8] Undefined variable: user /phpstudy/www/Gittext/game/Application/Runtime/Cache/Home/2a94b8bda04ff446dcedd42276fc99ee.php 第 61 行.
NOTIC: [8] Undefined variable: user /phpstudy/www/Gittext/game/Application/Runtime/Cache/Home/2a94b8bda04ff446dcedd42276fc99ee.php 第 62 行.
NOTIC: [8] Undefined variable: user /phpstudy/www/Gittext/game/Application/Runtime/Cache/Home/2a94b8bda04ff446dcedd42276fc99ee.php 第 76 行.
INFO: Run Behavior\ParseTemplateBehavior [ RunTime:0.009302s ]
INFO: [ view_parse ] --END-- [ RunTime:0.009338s ]
INFO: [ view_filter ] --START--
INFO: Run Behavior\WriteHtmlCacheBehavior [ RunTime:0.000121s ]
INFO: [ view_filter ] --END-- [ RunTime:0.000146s ]
INFO: [ app_end ] --START--
INFO: Run Behavior\ShowPageTraceBehavior [ RunTime:0.000369s ]
INFO: [ app_end ] --END-- [ RunTime:0.000401s ]

[ 2019-05-21T04:31:49+08:00 ] 114.134.188.124 /
INFO: [ app_init ] --START--
INFO: Run Behavior\BuildLiteBehavior [ RunTime:0.000015s ]
INFO: [ app_init ] --END-- [ RunTime:0.000285s ]
INFO: [ app_begin ] --START--
INFO: Run Behavior\ReadHtmlCacheBehavior [ RunTime:0.000322s ]
INFO: [ app_begin ] --END-- [ RunTime:0.000355s ]
NOTIC: [8] Undefined index: nuid /phpstudy/www/Gittext/game/Application/Home/Controller/HomeController.class.php 第 10 行.
SQL: SHOW COLUMNS FROM `dd_config` [ RunTime:0.0024s ]
SQL: SELECT * FROM `dd_config`  [ RunTime:0.0019s ]
SQL: SHOW COLUMNS FROM `dd_zhuan` [ RunTime:0.0023s ]
SQL: SELECT * FROM `dd_zhuan` WHERE ( ying>money ) AND `money` > 5 ORDER BY id desc LIMIT 5   [ RunTime:0.0020s ]
SQL: SHOW COLUMNS FROM `dd_charge_log` [ RunTime:0.0022s ]
SQL: SELECT * FROM `dd_charge_log` WHERE `user_id` = null AND `chou` = 0 LIMIT 1   [ RunTime:0.0020s ]
INFO: [ view_parse ] --START--
INFO: [ template_filter ] --START--
INFO: Run Behavior\ContentReplaceBehavior [ RunTime:0.000092s ]
INFO: [ template_filter ] --END-- [ RunTime:0.000143s ]
NOTIC: [8] Undefined variable: user /phpstudy/www/Gittext/game/Application/Runtime/Cache/Home/2a94b8bda04ff446dcedd42276fc99ee.php 第 61 行.
NOTIC: [8] Undefined variable: user /phpstudy/www/Gittext/game/Application/Runtime/Cache/Home/2a94b8bda04ff446dcedd42276fc99ee.php 第 62 行.
NOTIC: [8] Undefined variable: user /phpstudy/www/Gittext/game/Application/Runtime/Cache/Home/2a94b8bda04ff446dcedd42276fc99ee.php 第 76 行.
INFO: Run Behavior\ParseTemplateBehavior [ RunTime:0.009974s ]
INFO: [ view_parse ] --END-- [ RunTime:0.010008s ]
INFO: [ view_filter ] --START--
INFO: Run Behavior\WriteHtmlCacheBehavior [ RunTime:0.000122s ]
INFO: [ view_filter ] --END-- [ RunTime:0.000146s ]
INFO: [ app_end ] --START--
INFO: Run Behavior\ShowPageTraceBehavior [ RunTime:0.000360s ]
INFO: [ app_end ] --END-- [ RunTime:0.000392s ]

[ 2019-05-21T05:27:04+08:00 ] 183.136.190.62 /
INFO: [ app_init ] --START--
INFO: Run Behavior\BuildLiteBehavior [ RunTime:0.000013s ]
INFO: [ app_init ] --END-- [ RunTime:0.000230s ]
INFO: [ app_begin ] --START--
INFO: Run Behavior\ReadHtmlCacheBehavior [ RunTime:0.000290s ]
INFO: [ app_begin ] --END-- [ RunTime:0.000322s ]
NOTIC: [8] Undefined index: nuid /phpstudy/www/Gittext/game/Application/Home/Controller/HomeController.class.php 第 10 行.
SQL: SHOW COLUMNS FROM `dd_config` [ RunTime:0.0031s ]
SQL: SELECT * FROM `dd_config`  [ RunTime:0.0027s ]
SQL: SHOW COLUMNS FROM `dd_zhuan` [ RunTime:0.0033s ]
SQL: SELECT * FROM `dd_zhuan` WHERE ( ying>money ) AND `money` > 5 ORDER BY id desc LIMIT 5   [ RunTime:0.0029s ]
SQL: SHOW COLUMNS FROM `dd_charge_log` [ RunTime:0.0031s ]
SQL: SELECT * FROM `dd_charge_log` WHERE `user_id` = null AND `chou` = 0 LIMIT 1   [ RunTime:0.0033s ]
INFO: [ view_parse ] --START--
INFO: [ template_filter ] --START--
INFO: Run Behavior\ContentReplaceBehavior [ RunTime:0.000146s ]
INFO: [ template_filter ] --END-- [ RunTime:0.000196s ]
NOTIC: [8] Undefined variable: user /phpstudy/www/Gittext/game/Application/Runtime/Cache/Home/2a94b8bda04ff446dcedd42276fc99ee.php 第 61 行.
NOTIC: [8] Undefined variable: user /phpstudy/www/Gittext/game/Application/Runtime/Cache/Home/2a94b8bda04ff446dcedd42276fc99ee.php 第 62 行.
NOTIC: [8] Undefined variable: user /phpstudy/www/Gittext/game/Application/Runtime/Cache/Home/2a94b8bda04ff446dcedd42276fc99ee.php 第 76 行.
INFO: Run Behavior\ParseTemplateBehavior [ RunTime:0.010669s ]
INFO: [ view_parse ] --END-- [ RunTime:0.010707s ]
INFO: [ view_filter ] --START--
INFO: Run Behavior\WriteHtmlCacheBehavior [ RunTime:0.000151s ]
INFO: [ view_filter ] --END-- [ RunTime:0.000180s ]
INFO: [ app_end ] --START--
INFO: Run Behavior\ShowPageTraceBehavior [ RunTime:0.000429s ]
INFO: [ app_end ] --END-- [ RunTime:0.000474s ]

[ 2019-05-21T05:37:58+08:00 ] 139.162.119.197 /
INFO: [ app_init ] --START--
INFO: Run Behavior\BuildLiteBehavior [ RunTime:0.000014s ]
INFO: [ app_init ] --END-- [ RunTime:0.000229s ]
INFO: [ app_begin ] --START--
INFO: Run Behavior\ReadHtmlCacheBehavior [ RunTime:0.000398s ]
INFO: [ app_begin ] --END-- [ RunTime:0.000491s ]
NOTIC: [8] Undefined index: nuid /phpstudy/www/Gittext/game/Application/Home/Controller/HomeController.class.php 第 10 行.
SQL: SHOW COLUMNS FROM `dd_config` [ RunTime:0.0031s ]
SQL: SELECT * FROM `dd_config`  [ RunTime:0.0027s ]
SQL: SHOW COLUMNS FROM `dd_zhuan` [ RunTime:0.0031s ]
SQL: SELECT * FROM `dd_zhuan` WHERE ( ying>money ) AND `money` > 5 ORDER BY id desc LIMIT 5   [ RunTime:0.0027s ]
SQL: SHOW COLUMNS FROM `dd_charge_log` [ RunTime:0.0030s ]
SQL: SELECT * FROM `dd_charge_log` WHERE `user_id` = null AND `chou` = 0 LIMIT 1   [ RunTime:0.0027s ]
INFO: [ view_parse ] --START--
INFO: [ template_filter ] --START--
INFO: Run Behavior\ContentReplaceBehavior [ RunTime:0.000151s ]
INFO: [ template_filter ] --END-- [ RunTime:0.000210s ]
NOTIC: [8] Undefined variable: user /phpstudy/www/Gittext/game/Application/Runtime/Cache/Home/2a94b8bda04ff446dcedd42276fc99ee.php 第 61 行.
NOTIC: [8] Undefined variable: user /phpstudy/www/Gittext/game/Application/Runtime/Cache/Home/2a94b8bda04ff446dcedd42276fc99ee.php 第 62 行.
NOTIC: [8] Undefined variable: user /phpstudy/www/Gittext/game/Application/Runtime/Cache/Home/2a94b8bda04ff446dcedd42276fc99ee.php 第 76 行.
INFO: Run Behavior\ParseTemplateBehavior [ RunTime:0.010186s ]
INFO: [ view_parse ] --END-- [ RunTime:0.010229s ]
INFO: [ view_filter ] --START--
INFO: Run Behavior\WriteHtmlCacheBehavior [ RunTime:0.000129s ]
INFO: [ view_filter ] --END-- [ RunTime:0.000157s ]
INFO: [ app_end ] --START--
INFO: Run Behavior\ShowPageTraceBehavior [ RunTime:0.000365s ]
INFO: [ app_end ] --END-- [ RunTime:0.000404s ]

[ 2019-05-21T07:35:01+08:00 ] 92.236.58.231 /
INFO: [ app_init ] --START--
INFO: Run Behavior\BuildLiteBehavior [ RunTime:0.000014s ]
INFO: [ app_init ] --END-- [ RunTime:0.000244s ]
NOTIC: [8] Undefined index: HTTP_USER_AGENT /phpstudy/www/Gittext/game/#DFrame/Library/Think/App.class.php 第 75 行.
INFO: [ app_begin ] --START--
INFO: Run Behavior\ReadHtmlCacheBehavior [ RunTime:0.000348s ]
INFO: [ app_begin ] --END-- [ RunTime:0.000383s ]
NOTIC: [8] Undefined index: nuid /phpstudy/www/Gittext/game/Application/Home/Controller/HomeController.class.php 第 10 行.
SQL: SHOW COLUMNS FROM `dd_config` [ RunTime:0.0025s ]
SQL: SELECT * FROM `dd_config`  [ RunTime:0.0020s ]
SQL: SHOW COLUMNS FROM `dd_zhuan` [ RunTime:0.0025s ]
SQL: SELECT * FROM `dd_zhuan` WHERE ( ying>money ) AND `money` > 5 ORDER BY id desc LIMIT 5   [ RunTime:0.0022s ]
SQL: SHOW COLUMNS FROM `dd_charge_log` [ RunTime:0.0024s ]
SQL: SELECT * FROM `dd_charge_log` WHERE `user_id` = null AND `chou` = 0 LIMIT 1   [ RunTime:0.0020s ]
INFO: [ view_parse ] --START--
INFO: [ template_filter ] --START--
INFO: Run Behavior\ContentReplaceBehavior [ RunTime:0.000102s ]
INFO: [ template_filter ] --END-- [ RunTime:0.000149s ]
NOTIC: [8] Undefined variable: user /phpstudy/www/Gittext/game/Application/Runtime/Cache/Home/2a94b8bda04ff446dcedd42276fc99ee.php 第 61 行.
NOTIC: [8] Undefined variable: user /phpstudy/www/Gittext/game/Application/Runtime/Cache/Home/2a94b8bda04ff446dcedd42276fc99ee.php 第 62 行.
NOTIC: [8] Undefined variable: user /phpstudy/www/Gittext/game/Application/Runtime/Cache/Home/2a94b8bda04ff446dcedd42276fc99ee.php 第 76 行.
INFO: Run Behavior\ParseTemplateBehavior [ RunTime:0.010018s ]
INFO: [ view_parse ] --END-- [ RunTime:0.010050s ]
INFO: [ view_filter ] --START--
INFO: Run Behavior\WriteHtmlCacheBehavior [ RunTime:0.000120s ]
INFO: [ view_filter ] --END-- [ RunTime:0.000143s ]
INFO: [ app_end ] --START--
INFO: Run Behavior\ShowPageTraceBehavior [ RunTime:0.000451s ]
INFO: [ app_end ] --END-- [ RunTime:0.000489s ]

[ 2019-05-21T07:46:01+08:00 ] 47.100.84.151 /
INFO: [ app_init ] --START--
INFO: Run Behavior\BuildLiteBehavior [ RunTime:0.000015s ]
INFO: [ app_init ] --END-- [ RunTime:0.000243s ]
NOTIC: [8] Undefined index: HTTP_USER_AGENT /phpstudy/www/Gittext/game/#DFrame/Library/Think/App.class.php 第 75 行.
INFO: [ app_begin ] --START--
INFO: Run Behavior\ReadHtmlCacheBehavior [ RunTime:0.000293s ]
INFO: [ app_begin ] --END-- [ RunTime:0.000325s ]
NOTIC: [8] Undefined index: nuid /phpstudy/www/Gittext/game/Application/Home/Controller/HomeController.class.php 第 10 行.
SQL: SHOW COLUMNS FROM `dd_config` [ RunTime:0.0025s ]
SQL: SELECT * FROM `dd_config`  [ RunTime:0.0021s ]
NOTIC: [8] Undefined index: HTTP_HOST /phpstudy/www/Gittext/game/Application/Common/Util/ddwechat.class.php 第 1297 行.
SQL: SHOW COLUMNS FROM `dd_zhuan` [ RunTime:0.0024s ]
SQL: SELECT * FROM `dd_zhuan` WHERE ( ying>money ) AND `money` > 5 ORDER BY id desc LIMIT 5   [ RunTime:0.0021s ]
SQL: SHOW COLUMNS FROM `dd_charge_log` [ RunTime:0.0024s ]
SQL: SELECT * FROM `dd_charge_log` WHERE `user_id` = null AND `chou` = 0 LIMIT 1   [ RunTime:0.0022s ]
INFO: [ view_parse ] --START--
INFO: [ template_filter ] --START--
INFO: Run Behavior\ContentReplaceBehavior [ RunTime:0.000106s ]
INFO: [ template_filter ] --END-- [ RunTime:0.000163s ]
NOTIC: [8] Undefined variable: user /phpstudy/www/Gittext/game/Application/Runtime/Cache/Home/2a94b8bda04ff446dcedd42276fc99ee.php 第 61 行.
NOTIC: [8] Undefined variable: user /phpstudy/www/Gittext/game/Application/Runtime/Cache/Home/2a94b8bda04ff446dcedd42276fc99ee.php 第 62 行.
NOTIC: [8] Undefined variable: user /phpstudy/www/Gittext/game/Application/Runtime/Cache/Home/2a94b8bda04ff446dcedd42276fc99ee.php 第 76 行.
INFO: Run Behavior\ParseTemplateBehavior [ RunTime:0.009750s ]
INFO: [ view_parse ] --END-- [ RunTime:0.009783s ]
INFO: [ view_filter ] --START--
INFO: Run Behavior\WriteHtmlCacheBehavior [ RunTime:0.000111s ]
INFO: [ view_filter ] --END-- [ RunTime:0.000135s ]
INFO: [ app_end ] --START--
INFO: Run Behavior\ShowPageTraceBehavior [ RunTime:0.000351s ]
INFO: [ app_end ] --END-- [ RunTime:0.000389s ]

[ 2019-05-21T08:12:38+08:00 ] 34.208.250.244 /
INFO: [ app_init ] --START--
INFO: Run Behavior\BuildLiteBehavior [ RunTime:0.000013s ]
INFO: [ app_init ] --END-- [ RunTime:0.000231s ]
INFO: [ app_begin ] --START--
INFO: Run Behavior\ReadHtmlCacheBehavior [ RunTime:0.000288s ]
INFO: [ app_begin ] --END-- [ RunTime:0.000319s ]
NOTIC: [8] Undefined index: nuid /phpstudy/www/Gittext/game/Application/Home/Controller/HomeController.class.php 第 10 行.
SQL: SHOW COLUMNS FROM `dd_config` [ RunTime:0.0025s ]
SQL: SELECT * FROM `dd_config`  [ RunTime:0.0021s ]
SQL: SHOW COLUMNS FROM `dd_zhuan` [ RunTime:0.0024s ]
SQL: SELECT * FROM `dd_zhuan` WHERE ( ying>money ) AND `money` > 5 ORDER BY id desc LIMIT 5   [ RunTime:0.0021s ]
SQL: SHOW COLUMNS FROM `dd_charge_log` [ RunTime:0.0023s ]
SQL: SELECT * FROM `dd_charge_log` WHERE `user_id` = null AND `chou` = 0 LIMIT 1   [ RunTime:0.0021s ]
INFO: [ view_parse ] --START--
INFO: [ template_filter ] --START--
INFO: Run Behavior\ContentReplaceBehavior [ RunTime:0.000089s ]
INFO: [ template_filter ] --END-- [ RunTime:0.000134s ]
NOTIC: [8] Undefined variable: user /phpstudy/www/Gittext/game/Application/Runtime/Cache/Home/2a94b8bda04ff446dcedd42276fc99ee.php 第 61 行.
NOTIC: [8] Undefined variable: user /phpstudy/www/Gittext/game/Application/Runtime/Cache/Home/2a94b8bda04ff446dcedd42276fc99ee.php 第 62 行.
NOTIC: [8] Undefined variable: user /phpstudy/www/Gittext/game/Application/Runtime/Cache/Home/2a94b8bda04ff446dcedd42276fc99ee.php 第 76 行.
INFO: Run Behavior\ParseTemplateBehavior [ RunTime:0.009438s ]
INFO: [ view_parse ] --END-- [ RunTime:0.009485s ]
INFO: [ view_filter ] --START--
INFO: Run Behavior\WriteHtmlCacheBehavior [ RunTime:0.000121s ]
INFO: [ view_filter ] --END-- [ RunTime:0.000144s ]
INFO: [ app_end ] --START--
INFO: Run Behavior\ShowPageTraceBehavior [ RunTime:0.000394s ]
INFO: [ app_end ] --END-- [ RunTime:0.000434s ]

[ 2019-05-21T08:21:56+08:00 ] 207.192.244.84 /
INFO: [ app_init ] --START--
INFO: Run Behavior\BuildLiteBehavior [ RunTime:0.000015s ]
INFO: [ app_init ] --END-- [ RunTime:0.000229s ]
INFO: [ app_begin ] --START--
INFO: Run Behavior\ReadHtmlCacheBehavior [ RunTime:0.000292s ]
INFO: [ app_begin ] --END-- [ RunTime:0.000323s ]
NOTIC: [8] Undefined index: nuid /phpstudy/www/Gittext/game/Application/Home/Controller/HomeController.class.php 第 10 行.
SQL: SHOW COLUMNS FROM `dd_config` [ RunTime:0.0022s ]
SQL: SELECT * FROM `dd_config`  [ RunTime:0.0020s ]
SQL: SHOW COLUMNS FROM `dd_zhuan` [ RunTime:0.0023s ]
SQL: SELECT * FROM `dd_zhuan` WHERE ( ying>money ) AND `money` > 5 ORDER BY id desc LIMIT 5   [ RunTime:0.0020s ]
SQL: SHOW COLUMNS FROM `dd_charge_log` [ RunTime:0.0022s ]
SQL: SELECT * FROM `dd_charge_log` WHERE `user_id` = null AND `chou` = 0 LIMIT 1   [ RunTime:0.0020s ]
INFO: [ view_parse ] --START--
INFO: [ template_filter ] --START--
INFO: Run Behavior\ContentReplaceBehavior [ RunTime:0.000114s ]
INFO: [ template_filter ] --END-- [ RunTime:0.000168s ]
NOTIC: [8] Undefined variable: user /phpstudy/www/Gittext/game/Application/Runtime/Cache/Home/2a94b8bda04ff446dcedd42276fc99ee.php 第 61 行.
NOTIC: [8] Undefined variable: user /phpstudy/www/Gittext/game/Application/Runtime/Cache/Home/2a94b8bda04ff446dcedd42276fc99ee.php 第 62 行.
NOTIC: [8] Undefined variable: user /phpstudy/www/Gittext/game/Application/Runtime/Cache/Home/2a94b8bda04ff446dcedd42276fc99ee.php 第 76 行.
INFO: Run Behavior\ParseTemplateBehavior [ RunTime:0.010717s ]
INFO: [ view_parse ] --END-- [ RunTime:0.010748s ]
INFO: [ view_filter ] --START--
INFO: Run Behavior\WriteHtmlCacheBehavior [ RunTime:0.000136s ]
INFO: [ view_filter ] --END-- [ RunTime:0.000165s ]
INFO: [ app_end ] --START--
INFO: Run Behavior\ShowPageTraceBehavior [ RunTime:0.000389s ]
INFO: [ app_end ] --END-- [ RunTime:0.000442s ]

[ 2019-05-21T09:28:43+08:00 ] 162.243.148.116 /
INFO: [ app_init ] --START--
INFO: Run Behavior\BuildLiteBehavior [ RunTime:0.000013s ]
INFO: [ app_init ] --END-- [ RunTime:0.000245s ]
INFO: [ app_begin ] --START--
INFO: Run Behavior\ReadHtmlCacheBehavior [ RunTime:0.000345s ]
INFO: [ app_begin ] --END-- [ RunTime:0.000377s ]
NOTIC: [8] Undefined index: nuid /phpstudy/www/Gittext/game/Application/Home/Controller/HomeController.class.php 第 10 行.
SQL: SHOW COLUMNS FROM `dd_config` [ RunTime:0.0022s ]
SQL: SELECT * FROM `dd_config`  [ RunTime:0.0018s ]
SQL: SHOW COLUMNS FROM `dd_zhuan` [ RunTime:0.0021s ]
SQL: SELECT * FROM `dd_zhuan` WHERE ( ying>money ) AND `money` > 5 ORDER BY id desc LIMIT 5   [ RunTime:0.0018s ]
SQL: SHOW COLUMNS FROM `dd_charge_log` [ RunTime:0.0021s ]
SQL: SELECT * FROM `dd_charge_log` WHERE `user_id` = null AND `chou` = 0 LIMIT 1   [ RunTime:0.0018s ]
INFO: [ view_parse ] --START--
INFO: [ template_filter ] --START--
INFO: Run Behavior\ContentReplaceBehavior [ RunTime:0.000090s ]
INFO: [ template_filter ] --END-- [ RunTime:0.000140s ]
NOTIC: [8] Undefined variable: user /phpstudy/www/Gittext/game/Application/Runtime/Cache/Home/2a94b8bda04ff446dcedd42276fc99ee.php 第 61 行.
NOTIC: [8] Undefined variable: user /phpstudy/www/Gittext/game/Application/Runtime/Cache/Home/2a94b8bda04ff446dcedd42276fc99ee.php 第 62 行.
NOTIC: [8] Undefined variable: user /phpstudy/www/Gittext/game/Application/Runtime/Cache/Home/2a94b8bda04ff446dcedd42276fc99ee.php 第 76 行.
INFO: Run Behavior\ParseTemplateBehavior [ RunTime:0.009445s ]
INFO: [ view_parse ] --END-- [ RunTime:0.009480s ]
INFO: [ view_filter ] --START--
INFO: Run Behavior\WriteHtmlCacheBehavior [ RunTime:0.000126s ]
INFO: [ view_filter ] --END-- [ RunTime:0.000150s ]
INFO: [ app_end ] --START--
INFO: Run Behavior\ShowPageTraceBehavior [ RunTime:0.000383s ]
INFO: [ app_end ] --END-- [ RunTime:0.000416s ]

[ 2019-05-21T09:52:02+08:00 ] 119.23.174.205 /
INFO: [ app_init ] --START--
INFO: Run Behavior\BuildLiteBehavior [ RunTime:0.000013s ]
INFO: [ app_init ] --END-- [ RunTime:0.000225s ]
NOTIC: [8] Undefined index: HTTP_USER_AGENT /phpstudy/www/Gittext/game/#DFrame/Library/Think/App.class.php 第 75 行.
INFO: [ app_begin ] --START--
INFO: Run Behavior\ReadHtmlCacheBehavior [ RunTime:0.000304s ]
INFO: [ app_begin ] --END-- [ RunTime:0.000335s ]
NOTIC: [8] Undefined index: nuid /phpstudy/www/Gittext/game/Application/Home/Controller/HomeController.class.php 第 10 行.
SQL: SHOW COLUMNS FROM `dd_config` [ RunTime:0.0021s ]
SQL: SELECT * FROM `dd_config`  [ RunTime:0.0016s ]
NOTIC: [8] Undefined index: HTTP_HOST /phpstudy/www/Gittext/game/Application/Common/Util/ddwechat.class.php 第 1297 行.
SQL: SHOW COLUMNS FROM `dd_zhuan` [ RunTime:0.0021s ]
SQL: SELECT * FROM `dd_zhuan` WHERE ( ying>money ) AND `money` > 5 ORDER BY id desc LIMIT 5   [ RunTime:0.0017s ]
SQL: SHOW COLUMNS FROM `dd_charge_log` [ RunTime:0.0021s ]
SQL: SELECT * FROM `dd_charge_log` WHERE `user_id` = null AND `chou` = 0 LIMIT 1   [ RunTime:0.0017s ]
INFO: [ view_parse ] --START--
INFO: [ template_filter ] --START--
INFO: Run Behavior\ContentReplaceBehavior [ RunTime:0.000128s ]
INFO: [ template_filter ] --END-- [ RunTime:0.000203s ]
NOTIC: [8] Undefined variable: user /phpstudy/www/Gittext/game/Application/Runtime/Cache/Home/2a94b8bda04ff446dcedd42276fc99ee.php 第 61 行.
NOTIC: [8] Undefined variable: user /phpstudy/www/Gittext/game/Application/Runtime/Cache/Home/2a94b8bda04ff446dcedd42276fc99ee.php 第 62 行.
NOTIC: [8] Undefined variable: user /phpstudy/www/Gittext/game/Application/Runtime/Cache/Home/2a94b8bda04ff446dcedd42276fc99ee.php 第 76 行.
INFO: Run Behavior\ParseTemplateBehavior [ RunTime:0.013738s ]
INFO: [ view_parse ] --END-- [ RunTime:0.013781s ]
INFO: [ view_filter ] --START--
INFO: Run Behavior\WriteHtmlCacheBehavior [ RunTime:0.000150s ]
INFO: [ view_filter ] --END-- [ RunTime:0.000178s ]
INFO: [ app_end ] --START--
INFO: Run Behavior\ShowPageTraceBehavior [ RunTime:0.000432s ]
INFO: [ app_end ] --END-- [ RunTime:0.000477s ]

[ 2019-05-21T14:41:07+08:00 ] 176.58.104.249 /
INFO: [ app_init ] --START--
INFO: Run Behavior\BuildLiteBehavior [ RunTime:0.000014s ]
INFO: [ app_init ] --END-- [ RunTime:0.000248s ]
INFO: [ app_begin ] --START--
INFO: Run Behavior\ReadHtmlCacheBehavior [ RunTime:0.000286s ]
INFO: [ app_begin ] --END-- [ RunTime:0.000318s ]
NOTIC: [8] Undefined index: nuid /phpstudy/www/Gittext/game/Application/Home/Controller/HomeController.class.php 第 10 行.
SQL: SHOW COLUMNS FROM `dd_config` [ RunTime:0.0028s ]
SQL: SELECT * FROM `dd_config`  [ RunTime:0.0025s ]
SQL: SHOW COLUMNS FROM `dd_zhuan` [ RunTime:0.0029s ]
SQL: SELECT * FROM `dd_zhuan` WHERE ( ying>money ) AND `money` > 5 ORDER BY id desc LIMIT 5   [ RunTime:0.0026s ]
SQL: SHOW COLUMNS FROM `dd_charge_log` [ RunTime:0.0028s ]
SQL: SELECT * FROM `dd_charge_log` WHERE `user_id` = null AND `chou` = 0 LIMIT 1   [ RunTime:0.0025s ]
INFO: [ view_parse ] --START--
INFO: [ template_filter ] --START--
INFO: Run Behavior\ContentReplaceBehavior [ RunTime:0.000093s ]
INFO: [ template_filter ] --END-- [ RunTime:0.000140s ]
NOTIC: [8] Undefined variable: user /phpstudy/www/Gittext/game/Application/Runtime/Cache/Home/2a94b8bda04ff446dcedd42276fc99ee.php 第 61 行.
NOTIC: [8] Undefined variable: user /phpstudy/www/Gittext/game/Application/Runtime/Cache/Home/2a94b8bda04ff446dcedd42276fc99ee.php 第 62 行.
NOTIC: [8] Undefined variable: user /phpstudy/www/Gittext/game/Application/Runtime/Cache/Home/2a94b8bda04ff446dcedd42276fc99ee.php 第 76 行.
INFO: Run Behavior\ParseTemplateBehavior [ RunTime:0.009892s ]
INFO: [ view_parse ] --END-- [ RunTime:0.009925s ]
INFO: [ view_filter ] --START--
INFO: Run Behavior\WriteHtmlCacheBehavior [ RunTime:0.000142s ]
INFO: [ view_filter ] --END-- [ RunTime:0.000166s ]
INFO: [ app_end ] --START--
INFO: Run Behavior\ShowPageTraceBehavior [ RunTime:0.000358s ]
INFO: [ app_end ] --END-- [ RunTime:0.000395s ]

[ 2019-05-21T15:24:29+08:00 ] 176.120.216.167 /
INFO: [ app_init ] --START--
INFO: Run Behavior\BuildLiteBehavior [ RunTime:0.000015s ]
INFO: [ app_init ] --END-- [ RunTime:0.000237s ]
INFO: [ app_begin ] --START--
INFO: Run Behavior\ReadHtmlCacheBehavior [ RunTime:0.000295s ]
INFO: [ app_begin ] --END-- [ RunTime:0.000346s ]
NOTIC: [8] Undefined index: nuid /phpstudy/www/Gittext/game/Application/Home/Controller/HomeController.class.php 第 10 行.
SQL: SHOW COLUMNS FROM `dd_config` [ RunTime:0.0026s ]
SQL: SELECT * FROM `dd_config`  [ RunTime:0.0023s ]
SQL: SHOW COLUMNS FROM `dd_zhuan` [ RunTime:0.0025s ]
SQL: SELECT * FROM `dd_zhuan` WHERE ( ying>money ) AND `money` > 5 ORDER BY id desc LIMIT 5   [ RunTime:0.0022s ]
SQL: SHOW COLUMNS FROM `dd_charge_log` [ RunTime:0.0024s ]
SQL: SELECT * FROM `dd_charge_log` WHERE `user_id` = null AND `chou` = 0 LIMIT 1   [ RunTime:0.0021s ]
INFO: [ view_parse ] --START--
INFO: [ template_filter ] --START--
INFO: Run Behavior\ContentReplaceBehavior [ RunTime:0.000089s ]
INFO: [ template_filter ] --END-- [ RunTime:0.000132s ]
NOTIC: [8] Undefined variable: user /phpstudy/www/Gittext/game/Application/Runtime/Cache/Home/2a94b8bda04ff446dcedd42276fc99ee.php 第 61 行.
NOTIC: [8] Undefined variable: user /phpstudy/www/Gittext/game/Application/Runtime/Cache/Home/2a94b8bda04ff446dcedd42276fc99ee.php 第 62 行.
NOTIC: [8] Undefined variable: user /phpstudy/www/Gittext/game/Application/Runtime/Cache/Home/2a94b8bda04ff446dcedd42276fc99ee.php 第 76 行.
INFO: Run Behavior\ParseTemplateBehavior [ RunTime:0.009247s ]
INFO: [ view_parse ] --END-- [ RunTime:0.009278s ]
INFO: [ view_filter ] --START--
INFO: Run Behavior\WriteHtmlCacheBehavior [ RunTime:0.000114s ]
INFO: [ view_filter ] --END-- [ RunTime:0.000138s ]
INFO: [ app_end ] --START--
INFO: Run Behavior\ShowPageTraceBehavior [ RunTime:0.000355s ]
INFO: [ app_end ] --END-- [ RunTime:0.000389s ]

[ 2019-05-21T15:25:21+08:00 ] 69.174.138.179 /
INFO: [ app_init ] --START--
INFO: Run Behavior\BuildLiteBehavior [ RunTime:0.000015s ]
INFO: [ app_init ] --END-- [ RunTime:0.000247s ]
INFO: [ app_begin ] --START--
INFO: Run Behavior\ReadHtmlCacheBehavior [ RunTime:0.000307s ]
INFO: [ app_begin ] --END-- [ RunTime:0.000339s ]
NOTIC: [8] Undefined index: nuid /phpstudy/www/Gittext/game/Application/Home/Controller/HomeController.class.php 第 10 行.
SQL: SHOW COLUMNS FROM `dd_config` [ RunTime:0.0025s ]
SQL: SELECT * FROM `dd_config`  [ RunTime:0.0021s ]
SQL: SHOW COLUMNS FROM `dd_zhuan` [ RunTime:0.0024s ]
SQL: SELECT * FROM `dd_zhuan` WHERE ( ying>money ) AND `money` > 5 ORDER BY id desc LIMIT 5   [ RunTime:0.0022s ]
SQL: SHOW COLUMNS FROM `dd_charge_log` [ RunTime:0.0025s ]
SQL: SELECT * FROM `dd_charge_log` WHERE `user_id` = null AND `chou` = 0 LIMIT 1   [ RunTime:0.0022s ]
INFO: [ view_parse ] --START--
INFO: [ template_filter ] --START--
INFO: Run Behavior\ContentReplaceBehavior [ RunTime:0.000091s ]
INFO: [ template_filter ] --END-- [ RunTime:0.000135s ]
NOTIC: [8] Undefined variable: user /phpstudy/www/Gittext/game/Application/Runtime/Cache/Home/2a94b8bda04ff446dcedd42276fc99ee.php 第 61 行.
NOTIC: [8] Undefined variable: user /phpstudy/www/Gittext/game/Application/Runtime/Cache/Home/2a94b8bda04ff446dcedd42276fc99ee.php 第 62 行.
NOTIC: [8] Undefined variable: user /phpstudy/www/Gittext/game/Application/Runtime/Cache/Home/2a94b8bda04ff446dcedd42276fc99ee.php 第 76 行.
INFO: Run Behavior\ParseTemplateBehavior [ RunTime:0.010696s ]
INFO: [ view_parse ] --END-- [ RunTime:0.010728s ]
INFO: [ view_filter ] --START--
INFO: Run Behavior\WriteHtmlCacheBehavior [ RunTime:0.000118s ]
INFO: [ view_filter ] --END-- [ RunTime:0.000141s ]
INFO: [ app_end ] --START--
INFO: Run Behavior\ShowPageTraceBehavior [ RunTime:0.000363s ]
INFO: [ app_end ] --END-- [ RunTime:0.000405s ]

[ 2019-05-21T16:09:38+08:00 ] 60.191.38.78 /
INFO: [ app_init ] --START--
INFO: Run Behavior\BuildLiteBehavior [ RunTime:0.000015s ]
INFO: [ app_init ] --END-- [ RunTime:0.000290s ]
INFO: [ app_begin ] --START--
INFO: Run Behavior\ReadHtmlCacheBehavior [ RunTime:0.000290s ]
INFO: [ app_begin ] --END-- [ RunTime:0.000322s ]
NOTIC: [8] Undefined index: nuid /phpstudy/www/Gittext/game/Application/Home/Controller/HomeController.class.php 第 10 行.
SQL: SHOW COLUMNS FROM `dd_config` [ RunTime:0.0021s ]
SQL: SELECT * FROM `dd_config`  [ RunTime:0.0017s ]
SQL: SHOW COLUMNS FROM `dd_zhuan` [ RunTime:0.0020s ]
SQL: SELECT * FROM `dd_zhuan` WHERE ( ying>money ) AND `money` > 5 ORDER BY id desc LIMIT 5   [ RunTime:0.0018s ]
SQL: SHOW COLUMNS FROM `dd_charge_log` [ RunTime:0.0021s ]
SQL: SELECT * FROM `dd_charge_log` WHERE `user_id` = null AND `chou` = 0 LIMIT 1   [ RunTime:0.0018s ]
INFO: [ view_parse ] --START--
INFO: [ template_filter ] --START--
INFO: Run Behavior\ContentReplaceBehavior [ RunTime:0.000092s ]
INFO: [ template_filter ] --END-- [ RunTime:0.000145s ]
NOTIC: [8] Undefined variable: user /phpstudy/www/Gittext/game/Application/Runtime/Cache/Home/2a94b8bda04ff446dcedd42276fc99ee.php 第 61 行.
NOTIC: [8] Undefined variable: user /phpstudy/www/Gittext/game/Application/Runtime/Cache/Home/2a94b8bda04ff446dcedd42276fc99ee.php 第 62 行.
NOTIC: [8] Undefined variable: user /phpstudy/www/Gittext/game/Application/Runtime/Cache/Home/2a94b8bda04ff446dcedd42276fc99ee.php 第 76 行.
INFO: Run Behavior\ParseTemplateBehavior [ RunTime:0.010125s ]
INFO: [ view_parse ] --END-- [ RunTime:0.010159s ]
INFO: [ view_filter ] --START--
INFO: Run Behavior\WriteHtmlCacheBehavior [ RunTime:0.000122s ]
INFO: [ view_filter ] --END-- [ RunTime:0.000149s ]
INFO: [ app_end ] --START--
INFO: Run Behavior\ShowPageTraceBehavior [ RunTime:0.000376s ]
INFO: [ app_end ] --END-- [ RunTime:0.000415s ]

[ 2019-05-21T16:43:21+08:00 ] 71.6.143.90 /
INFO: [ app_init ] --START--
INFO: Run Behavior\BuildLiteBehavior [ RunTime:0.000014s ]
INFO: [ app_init ] --END-- [ RunTime:0.000286s ]
INFO: [ app_begin ] --START--
INFO: Run Behavior\ReadHtmlCacheBehavior [ RunTime:0.000369s ]
INFO: [ app_begin ] --END-- [ RunTime:0.000409s ]
NOTIC: [8] Undefined index: nuid /phpstudy/www/Gittext/game/Application/Home/Controller/HomeController.class.php 第 10 行.
SQL: SHOW COLUMNS FROM `dd_config` [ RunTime:0.0023s ]
SQL: SELECT * FROM `dd_config`  [ RunTime:0.0018s ]
SQL: SHOW COLUMNS FROM `dd_zhuan` [ RunTime:0.0022s ]
SQL: SELECT * FROM `dd_zhuan` WHERE ( ying>money ) AND `money` > 5 ORDER BY id desc LIMIT 5   [ RunTime:0.0019s ]
SQL: SHOW COLUMNS FROM `dd_charge_log` [ RunTime:0.0020s ]
SQL: SELECT * FROM `dd_charge_log` WHERE `user_id` = null AND `chou` = 0 LIMIT 1   [ RunTime:0.0018s ]
INFO: [ view_parse ] --START--
INFO: [ template_filter ] --START--
INFO: Run Behavior\ContentReplaceBehavior [ RunTime:0.000092s ]
INFO: [ template_filter ] --END-- [ RunTime:0.000140s ]
NOTIC: [8] Undefined variable: user /phpstudy/www/Gittext/game/Application/Runtime/Cache/Home/2a94b8bda04ff446dcedd42276fc99ee.php 第 61 行.
NOTIC: [8] Undefined variable: user /phpstudy/www/Gittext/game/Application/Runtime/Cache/Home/2a94b8bda04ff446dcedd42276fc99ee.php 第 62 行.
NOTIC: [8] Undefined variable: user /phpstudy/www/Gittext/game/Application/Runtime/Cache/Home/2a94b8bda04ff446dcedd42276fc99ee.php 第 76 行.
INFO: Run Behavior\ParseTemplateBehavior [ RunTime:0.010262s ]
INFO: [ view_parse ] --END-- [ RunTime:0.010301s ]
INFO: [ view_filter ] --START--
INFO: Run Behavior\WriteHtmlCacheBehavior [ RunTime:0.000126s ]
INFO: [ view_filter ] --END-- [ RunTime:0.000150s ]
INFO: [ app_end ] --START--
INFO: Run Behavior\ShowPageTraceBehavior [ RunTime:0.000362s ]
INFO: [ app_end ] --END-- [ RunTime:0.000404s ]

[ 2019-05-21T16:45:05+08:00 ] 43.225.68.58 /
INFO: [ app_init ] --START--
INFO: Run Behavior\BuildLiteBehavior [ RunTime:0.000017s ]
INFO: [ app_init ] --END-- [ RunTime:0.000249s ]
INFO: [ app_begin ] --START--
INFO: Run Behavior\ReadHtmlCacheBehavior [ RunTime:0.000310s ]
INFO: [ app_begin ] --END-- [ RunTime:0.000344s ]
NOTIC: [8] Undefined index: nuid /phpstudy/www/Gittext/game/Application/Home/Controller/HomeController.class.php 第 10 行.
SQL: SHOW COLUMNS FROM `dd_config` [ RunTime:0.0025s ]
SQL: SELECT * FROM `dd_config`  [ RunTime:0.0022s ]
SQL: SHOW COLUMNS FROM `dd_zhuan` [ RunTime:0.0025s ]
SQL: SELECT * FROM `dd_zhuan` WHERE ( ying>money ) AND `money` > 5 ORDER BY id desc LIMIT 5   [ RunTime:0.0022s ]
SQL: SHOW COLUMNS FROM `dd_charge_log` [ RunTime:0.0025s ]
SQL: SELECT * FROM `dd_charge_log` WHERE `user_id` = null AND `chou` = 0 LIMIT 1   [ RunTime:0.0023s ]
INFO: [ view_parse ] --START--
INFO: [ template_filter ] --START--
INFO: Run Behavior\ContentReplaceBehavior [ RunTime:0.000100s ]
INFO: [ template_filter ] --END-- [ RunTime:0.000153s ]
NOTIC: [8] Undefined variable: user /phpstudy/www/Gittext/game/Application/Runtime/Cache/Home/2a94b8bda04ff446dcedd42276fc99ee.php 第 61 行.
NOTIC: [8] Undefined variable: user /phpstudy/www/Gittext/game/Application/Runtime/Cache/Home/2a94b8bda04ff446dcedd42276fc99ee.php 第 62 行.
NOTIC: [8] Undefined variable: user /phpstudy/www/Gittext/game/Application/Runtime/Cache/Home/2a94b8bda04ff446dcedd42276fc99ee.php 第 76 行.
INFO: Run Behavior\ParseTemplateBehavior [ RunTime:0.009455s ]
INFO: [ view_parse ] --END-- [ RunTime:0.009487s ]
INFO: [ view_filter ] --START--
INFO: Run Behavior\WriteHtmlCacheBehavior [ RunTime:0.000130s ]
INFO: [ view_filter ] --END-- [ RunTime:0.000153s ]
INFO: [ app_end ] --START--
INFO: Run Behavior\ShowPageTraceBehavior [ RunTime:0.000353s ]
INFO: [ app_end ] --END-- [ RunTime:0.000385s ]

[ 2019-05-21T17:20:05+08:00 ] 176.140.192.16 /
INFO: [ app_init ] --START--
INFO: Run Behavior\BuildLiteBehavior [ RunTime:0.000015s ]
INFO: [ app_init ] --END-- [ RunTime:0.000258s ]
INFO: [ app_begin ] --START--
INFO: Run Behavior\ReadHtmlCacheBehavior [ RunTime:0.000337s ]
INFO: [ app_begin ] --END-- [ RunTime:0.000376s ]
NOTIC: [8] Undefined index: nuid /phpstudy/www/Gittext/game/Application/Home/Controller/HomeController.class.php 第 10 行.
SQL: SHOW COLUMNS FROM `dd_config` [ RunTime:0.0023s ]
SQL: SELECT * FROM `dd_config`  [ RunTime:0.0020s ]
SQL: SHOW COLUMNS FROM `dd_zhuan` [ RunTime:0.0023s ]
SQL: SELECT * FROM `dd_zhuan` WHERE ( ying>money ) AND `money` > 5 ORDER BY id desc LIMIT 5   [ RunTime:0.0020s ]
SQL: SHOW COLUMNS FROM `dd_charge_log` [ RunTime:0.0127s ]
SQL: SELECT * FROM `dd_charge_log` WHERE `user_id` = null AND `chou` = 0 LIMIT 1   [ RunTime:0.0019s ]
INFO: [ view_parse ] --START--
INFO: [ template_filter ] --START--
INFO: Run Behavior\ContentReplaceBehavior [ RunTime:0.000091s ]
INFO: [ template_filter ] --END-- [ RunTime:0.000137s ]
NOTIC: [8] Undefined variable: user /phpstudy/www/Gittext/game/Application/Runtime/Cache/Home/2a94b8bda04ff446dcedd42276fc99ee.php 第 61 行.
NOTIC: [8] Undefined variable: user /phpstudy/www/Gittext/game/Application/Runtime/Cache/Home/2a94b8bda04ff446dcedd42276fc99ee.php 第 62 行.
NOTIC: [8] Undefined variable: user /phpstudy/www/Gittext/game/Application/Runtime/Cache/Home/2a94b8bda04ff446dcedd42276fc99ee.php 第 76 行.
INFO: Run Behavior\ParseTemplateBehavior [ RunTime:0.009787s ]
INFO: [ view_parse ] --END-- [ RunTime:0.009834s ]
INFO: [ view_filter ] --START--
INFO: Run Behavior\WriteHtmlCacheBehavior [ RunTime:0.000115s ]
INFO: [ view_filter ] --END-- [ RunTime:0.000139s ]
INFO: [ app_end ] --START--
INFO: Run Behavior\ShowPageTraceBehavior [ RunTime:0.000392s ]
INFO: [ app_end ] --END-- [ RunTime:0.000427s ]

[ 2019-05-21T17:40:46+08:00 ] 183.136.190.62 /
INFO: [ app_init ] --START--
INFO: Run Behavior\BuildLiteBehavior [ RunTime:0.000013s ]
INFO: [ app_init ] --END-- [ RunTime:0.000257s ]
INFO: [ app_begin ] --START--
INFO: Run Behavior\ReadHtmlCacheBehavior [ RunTime:0.000310s ]
INFO: [ app_begin ] --END-- [ RunTime:0.000343s ]
NOTIC: [8] Undefined index: nuid /phpstudy/www/Gittext/game/Application/Home/Controller/HomeController.class.php 第 10 行.
SQL: SHOW COLUMNS FROM `dd_config` [ RunTime:0.0025s ]
SQL: SELECT * FROM `dd_config`  [ RunTime:0.0020s ]
SQL: SHOW COLUMNS FROM `dd_zhuan` [ RunTime:0.0023s ]
SQL: SELECT * FROM `dd_zhuan` WHERE ( ying>money ) AND `money` > 5 ORDER BY id desc LIMIT 5   [ RunTime:0.0021s ]
SQL: SHOW COLUMNS FROM `dd_charge_log` [ RunTime:0.0023s ]
SQL: SELECT * FROM `dd_charge_log` WHERE `user_id` = null AND `chou` = 0 LIMIT 1   [ RunTime:0.0021s ]
INFO: [ view_parse ] --START--
INFO: [ template_filter ] --START--
INFO: Run Behavior\ContentReplaceBehavior [ RunTime:0.000094s ]
INFO: [ template_filter ] --END-- [ RunTime:0.000144s ]
NOTIC: [8] Undefined variable: user /phpstudy/www/Gittext/game/Application/Runtime/Cache/Home/2a94b8bda04ff446dcedd42276fc99ee.php 第 61 行.
NOTIC: [8] Undefined variable: user /phpstudy/www/Gittext/game/Application/Runtime/Cache/Home/2a94b8bda04ff446dcedd42276fc99ee.php 第 62 行.
NOTIC: [8] Undefined variable: user /phpstudy/www/Gittext/game/Application/Runtime/Cache/Home/2a94b8bda04ff446dcedd42276fc99ee.php 第 76 行.
INFO: Run Behavior\ParseTemplateBehavior [ RunTime:0.009918s ]
INFO: [ view_parse ] --END-- [ RunTime:0.009961s ]
INFO: [ view_filter ] --START--
INFO: Run Behavior\WriteHtmlCacheBehavior [ RunTime:0.000158s ]
INFO: [ view_filter ] --END-- [ RunTime:0.000193s ]
INFO: [ app_end ] --START--
INFO: Run Behavior\ShowPageTraceBehavior [ RunTime:0.000390s ]
INFO: [ app_end ] --END-- [ RunTime:0.000434s ]

[ 2019-05-21T19:51:26+08:00 ] 177.95.114.38 /
INFO: [ app_init ] --START--
INFO: Run Behavior\BuildLiteBehavior [ RunTime:0.000017s ]
INFO: [ app_init ] --END-- [ RunTime:0.000265s ]
INFO: [ app_begin ] --START--
INFO: Run Behavior\ReadHtmlCacheBehavior [ RunTime:0.000291s ]
INFO: [ app_begin ] --END-- [ RunTime:0.000338s ]
NOTIC: [8] Undefined index: nuid /phpstudy/www/Gittext/game/Application/Home/Controller/HomeController.class.php 第 10 行.
SQL: SHOW COLUMNS FROM `dd_config` [ RunTime:0.0021s ]
SQL: SELECT * FROM `dd_config`  [ RunTime:0.0017s ]
SQL: SHOW COLUMNS FROM `dd_zhuan` [ RunTime:0.0022s ]
SQL: SELECT * FROM `dd_zhuan` WHERE ( ying>money ) AND `money` > 5 ORDER BY id desc LIMIT 5   [ RunTime:0.0018s ]
SQL: SHOW COLUMNS FROM `dd_charge_log` [ RunTime:0.0020s ]
SQL: SELECT * FROM `dd_charge_log` WHERE `user_id` = null AND `chou` = 0 LIMIT 1   [ RunTime:0.0018s ]
INFO: [ view_parse ] --START--
INFO: [ template_filter ] --START--
INFO: Run Behavior\ContentReplaceBehavior [ RunTime:0.000091s ]
INFO: [ template_filter ] --END-- [ RunTime:0.000140s ]
NOTIC: [8] Undefined variable: user /phpstudy/www/Gittext/game/Application/Runtime/Cache/Home/2a94b8bda04ff446dcedd42276fc99ee.php 第 61 行.
NOTIC: [8] Undefined variable: user /phpstudy/www/Gittext/game/Application/Runtime/Cache/Home/2a94b8bda04ff446dcedd42276fc99ee.php 第 62 行.
NOTIC: [8] Undefined variable: user /phpstudy/www/Gittext/game/Application/Runtime/Cache/Home/2a94b8bda04ff446dcedd42276fc99ee.php 第 76 行.
INFO: Run Behavior\ParseTemplateBehavior [ RunTime:0.009984s ]
INFO: [ view_parse ] --END-- [ RunTime:0.010024s ]
INFO: [ view_filter ] --START--
INFO: Run Behavior\WriteHtmlCacheBehavior [ RunTime:0.000145s ]
INFO: [ view_filter ] --END-- [ RunTime:0.000178s ]
INFO: [ app_end ] --START--
INFO: Run Behavior\ShowPageTraceBehavior [ RunTime:0.000349s ]
INFO: [ app_end ] --END-- [ RunTime:0.000381s ]

[ 2019-05-21T20:02:09+08:00 ] 103.228.142.166 /
INFO: [ app_init ] --START--
INFO: Run Behavior\BuildLiteBehavior [ RunTime:0.000013s ]
INFO: [ app_init ] --END-- [ RunTime:0.000238s ]
INFO: [ app_begin ] --START--
INFO: Run Behavior\ReadHtmlCacheBehavior [ RunTime:0.000286s ]
INFO: [ app_begin ] --END-- [ RunTime:0.000317s ]
NOTIC: [8] Undefined index: nuid /phpstudy/www/Gittext/game/Application/Home/Controller/HomeController.class.php 第 10 行.
SQL: SHOW COLUMNS FROM `dd_config` [ RunTime:0.0026s ]
SQL: SELECT * FROM `dd_config`  [ RunTime:0.0021s ]
SQL: SHOW COLUMNS FROM `dd_zhuan` [ RunTime:0.0025s ]
SQL: SELECT * FROM `dd_zhuan` WHERE ( ying>money ) AND `money` > 5 ORDER BY id desc LIMIT 5   [ RunTime:0.0024s ]
SQL: SHOW COLUMNS FROM `dd_charge_log` [ RunTime:0.0025s ]
SQL: SELECT * FROM `dd_charge_log` WHERE `user_id` = null AND `chou` = 0 LIMIT 1   [ RunTime:0.0023s ]
INFO: [ view_parse ] --START--
INFO: [ template_filter ] --START--
INFO: Run Behavior\ContentReplaceBehavior [ RunTime:0.000109s ]
INFO: [ template_filter ] --END-- [ RunTime:0.000166s ]
NOTIC: [8] Undefined variable: user /phpstudy/www/Gittext/game/Application/Runtime/Cache/Home/2a94b8bda04ff446dcedd42276fc99ee.php 第 61 行.
NOTIC: [8] Undefined variable: user /phpstudy/www/Gittext/game/Application/Runtime/Cache/Home/2a94b8bda04ff446dcedd42276fc99ee.php 第 62 行.
NOTIC: [8] Undefined variable: user /phpstudy/www/Gittext/game/Application/Runtime/Cache/Home/2a94b8bda04ff446dcedd42276fc99ee.php 第 76 行.
INFO: Run Behavior\ParseTemplateBehavior [ RunTime:0.010149s ]
INFO: [ view_parse ] --END-- [ RunTime:0.010184s ]
INFO: [ view_filter ] --START--
INFO: Run Behavior\WriteHtmlCacheBehavior [ RunTime:0.000126s ]
INFO: [ view_filter ] --END-- [ RunTime:0.000149s ]
INFO: [ app_end ] --START--
INFO: Run Behavior\ShowPageTraceBehavior [ RunTime:0.000364s ]
INFO: [ app_end ] --END-- [ RunTime:0.000395s ]

[ 2019-05-21T21:33:14+08:00 ] 101.251.255.194 /
INFO: [ app_init ] --START--
INFO: Run Behavior\BuildLiteBehavior [ RunTime:0.000013s ]
INFO: [ app_init ] --END-- [ RunTime:0.000224s ]
INFO: [ app_begin ] --START--
INFO: Run Behavior\ReadHtmlCacheBehavior [ RunTime:0.000302s ]
INFO: [ app_begin ] --END-- [ RunTime:0.000333s ]
NOTIC: [8] Undefined index: nuid /phpstudy/www/Gittext/game/Application/Home/Controller/HomeController.class.php 第 10 行.
SQL: SHOW COLUMNS FROM `dd_config` [ RunTime:0.0022s ]
SQL: SELECT * FROM `dd_config`  [ RunTime:0.0019s ]
SQL: SHOW COLUMNS FROM `dd_zhuan` [ RunTime:0.0022s ]
SQL: SELECT * FROM `dd_zhuan` WHERE ( ying>money ) AND `money` > 5 ORDER BY id desc LIMIT 5   [ RunTime:0.0020s ]
SQL: SHOW COLUMNS FROM `dd_charge_log` [ RunTime:0.0022s ]
SQL: SELECT * FROM `dd_charge_log` WHERE `user_id` = null AND `chou` = 0 LIMIT 1   [ RunTime:0.0019s ]
INFO: [ view_parse ] --START--
INFO: [ template_filter ] --START--
INFO: Run Behavior\ContentReplaceBehavior [ RunTime:0.000090s ]
INFO: [ template_filter ] --END-- [ RunTime:0.000136s ]
NOTIC: [8] Undefined variable: user /phpstudy/www/Gittext/game/Application/Runtime/Cache/Home/2a94b8bda04ff446dcedd42276fc99ee.php 第 61 行.
NOTIC: [8] Undefined variable: user /phpstudy/www/Gittext/game/Application/Runtime/Cache/Home/2a94b8bda04ff446dcedd42276fc99ee.php 第 62 行.
NOTIC: [8] Undefined variable: user /phpstudy/www/Gittext/game/Application/Runtime/Cache/Home/2a94b8bda04ff446dcedd42276fc99ee.php 第 76 行.
INFO: Run Behavior\ParseTemplateBehavior [ RunTime:0.009836s ]
INFO: [ view_parse ] --END-- [ RunTime:0.009871s ]
INFO: [ view_filter ] --START--
INFO: Run Behavior\WriteHtmlCacheBehavior [ RunTime:0.000126s ]
INFO: [ view_filter ] --END-- [ RunTime:0.000154s ]
INFO: [ app_end ] --START--
INFO: Run Behavior\ShowPageTraceBehavior [ RunTime:0.000406s ]
INFO: [ app_end ] --END-- [ RunTime:0.000441s ]

[ 2019-05-21T21:37:21+08:00 ] 94.243.9.149 /
INFO: [ app_init ] --START--
INFO: Run Behavior\BuildLiteBehavior [ RunTime:0.000013s ]
INFO: [ app_init ] --END-- [ RunTime:0.000231s ]
INFO: [ app_begin ] --START--
INFO: Run Behavior\ReadHtmlCacheBehavior [ RunTime:0.000293s ]
INFO: [ app_begin ] --END-- [ RunTime:0.000327s ]
NOTIC: [8] Undefined index: nuid /phpstudy/www/Gittext/game/Application/Home/Controller/HomeController.class.php 第 10 行.
SQL: SHOW COLUMNS FROM `dd_config` [ RunTime:0.0031s ]
SQL: SELECT * FROM `dd_config`  [ RunTime:0.0027s ]
SQL: SHOW COLUMNS FROM `dd_zhuan` [ RunTime:0.0030s ]
SQL: SELECT * FROM `dd_zhuan` WHERE ( ying>money ) AND `money` > 5 ORDER BY id desc LIMIT 5   [ RunTime:0.0027s ]
SQL: SHOW COLUMNS FROM `dd_charge_log` [ RunTime:0.0030s ]
SQL: SELECT * FROM `dd_charge_log` WHERE `user_id` = null AND `chou` = 0 LIMIT 1   [ RunTime:0.0028s ]
INFO: [ view_parse ] --START--
INFO: [ template_filter ] --START--
INFO: Run Behavior\ContentReplaceBehavior [ RunTime:0.000095s ]
INFO: [ template_filter ] --END-- [ RunTime:0.000138s ]
NOTIC: [8] Undefined variable: user /phpstudy/www/Gittext/game/Application/Runtime/Cache/Home/2a94b8bda04ff446dcedd42276fc99ee.php 第 61 行.
NOTIC: [8] Undefined variable: user /phpstudy/www/Gittext/game/Application/Runtime/Cache/Home/2a94b8bda04ff446dcedd42276fc99ee.php 第 62 行.
NOTIC: [8] Undefined variable: user /phpstudy/www/Gittext/game/Application/Runtime/Cache/Home/2a94b8bda04ff446dcedd42276fc99ee.php 第 76 行.
INFO: Run Behavior\ParseTemplateBehavior [ RunTime:0.009705s ]
INFO: [ view_parse ] --END-- [ RunTime:0.009736s ]
INFO: [ view_filter ] --START--
INFO: Run Behavior\WriteHtmlCacheBehavior [ RunTime:0.000114s ]
INFO: [ view_filter ] --END-- [ RunTime:0.000142s ]
INFO: [ app_end ] --START--
INFO: Run Behavior\ShowPageTraceBehavior [ RunTime:0.000351s ]
INFO: [ app_end ] --END-- [ RunTime:0.000387s ]

[ 2019-05-21T21:45:24+08:00 ] 198.108.66.144 /
INFO: [ app_init ] --START--
INFO: Run Behavior\BuildLiteBehavior [ RunTime:0.000013s ]
INFO: [ app_init ] --END-- [ RunTime:0.000249s ]
INFO: [ app_begin ] --START--
INFO: Run Behavior\ReadHtmlCacheBehavior [ RunTime:0.000325s ]
INFO: [ app_begin ] --END-- [ RunTime:0.000361s ]
NOTIC: [8] Undefined index: nuid /phpstudy/www/Gittext/game/Application/Home/Controller/HomeController.class.php 第 10 行.
SQL: SHOW COLUMNS FROM `dd_config` [ RunTime:0.0025s ]
SQL: SELECT * FROM `dd_config`  [ RunTime:0.0021s ]
SQL: SHOW COLUMNS FROM `dd_zhuan` [ RunTime:0.0024s ]
SQL: SELECT * FROM `dd_zhuan` WHERE ( ying>money ) AND `money` > 5 ORDER BY id desc LIMIT 5   [ RunTime:0.0021s ]
SQL: SHOW COLUMNS FROM `dd_charge_log` [ RunTime:0.0024s ]
SQL: SELECT * FROM `dd_charge_log` WHERE `user_id` = null AND `chou` = 0 LIMIT 1   [ RunTime:0.0021s ]
INFO: [ view_parse ] --START--
INFO: [ template_filter ] --START--
INFO: Run Behavior\ContentReplaceBehavior [ RunTime:0.000091s ]
INFO: [ template_filter ] --END-- [ RunTime:0.000143s ]
NOTIC: [8] Undefined variable: user /phpstudy/www/Gittext/game/Application/Runtime/Cache/Home/2a94b8bda04ff446dcedd42276fc99ee.php 第 61 行.
NOTIC: [8] Undefined variable: user /phpstudy/www/Gittext/game/Application/Runtime/Cache/Home/2a94b8bda04ff446dcedd42276fc99ee.php 第 62 行.
NOTIC: [8] Undefined variable: user /phpstudy/www/Gittext/game/Application/Runtime/Cache/Home/2a94b8bda04ff446dcedd42276fc99ee.php 第 76 行.
INFO: Run Behavior\ParseTemplateBehavior [ RunTime:0.009933s ]
INFO: [ view_parse ] --END-- [ RunTime:0.009968s ]
INFO: [ view_filter ] --START--
INFO: Run Behavior\WriteHtmlCacheBehavior [ RunTime:0.000124s ]
INFO: [ view_filter ] --END-- [ RunTime:0.000147s ]
INFO: [ app_end ] --START--
INFO: Run Behavior\ShowPageTraceBehavior [ RunTime:0.000368s ]
INFO: [ app_end ] --END-- [ RunTime:0.000405s ]

[ 2019-05-21T21:53:50+08:00 ] 101.132.98.159 /
INFO: [ app_init ] --START--
INFO: Run Behavior\BuildLiteBehavior [ RunTime:0.000014s ]
INFO: [ app_init ] --END-- [ RunTime:0.000250s ]
INFO: [ app_begin ] --START--
INFO: Run Behavior\ReadHtmlCacheBehavior [ RunTime:0.000295s ]
INFO: [ app_begin ] --END-- [ RunTime:0.000326s ]
NOTIC: [8] Undefined index: nuid /phpstudy/www/Gittext/game/Application/Home/Controller/HomeController.class.php 第 10 行.
SQL: SHOW COLUMNS FROM `dd_config` [ RunTime:0.0024s ]
SQL: SELECT * FROM `dd_config`  [ RunTime:0.0020s ]
SQL: SHOW COLUMNS FROM `dd_zhuan` [ RunTime:0.0025s ]
SQL: SELECT * FROM `dd_zhuan` WHERE ( ying>money ) AND `money` > 5 ORDER BY id desc LIMIT 5   [ RunTime:0.0022s ]
SQL: SHOW COLUMNS FROM `dd_charge_log` [ RunTime:0.0024s ]
SQL: SELECT * FROM `dd_charge_log` WHERE `user_id` = null AND `chou` = 0 LIMIT 1   [ RunTime:0.0020s ]
INFO: [ view_parse ] --START--
INFO: [ template_filter ] --START--
INFO: Run Behavior\ContentReplaceBehavior [ RunTime:0.000090s ]
INFO: [ template_filter ] --END-- [ RunTime:0.000134s ]
NOTIC: [8] Undefined variable: user /phpstudy/www/Gittext/game/Application/Runtime/Cache/Home/2a94b8bda04ff446dcedd42276fc99ee.php 第 61 行.
NOTIC: [8] Undefined variable: user /phpstudy/www/Gittext/game/Application/Runtime/Cache/Home/2a94b8bda04ff446dcedd42276fc99ee.php 第 62 行.
NOTIC: [8] Undefined variable: user /phpstudy/www/Gittext/game/Application/Runtime/Cache/Home/2a94b8bda04ff446dcedd42276fc99ee.php 第 76 行.
INFO: Run Behavior\ParseTemplateBehavior [ RunTime:0.009403s ]
INFO: [ view_parse ] --END-- [ RunTime:0.009435s ]
INFO: [ view_filter ] --START--
INFO: Run Behavior\WriteHtmlCacheBehavior [ RunTime:0.000116s ]
INFO: [ view_filter ] --END-- [ RunTime:0.000140s ]
INFO: [ app_end ] --START--
INFO: Run Behavior\ShowPageTraceBehavior [ RunTime:0.000340s ]
INFO: [ app_end ] --END-- [ RunTime:0.000371s ]

[ 2019-05-21T21:54:02+08:00 ] 47.98.62.203 /
INFO: [ app_init ] --START--
INFO: Run Behavior\BuildLiteBehavior [ RunTime:0.000014s ]
INFO: [ app_init ] --END-- [ RunTime:0.000236s ]
INFO: [ app_begin ] --START--
INFO: Run Behavior\ReadHtmlCacheBehavior [ RunTime:0.000308s ]
INFO: [ app_begin ] --END-- [ RunTime:0.000341s ]
NOTIC: [8] Undefined index: nuid /phpstudy/www/Gittext/game/Application/Home/Controller/HomeController.class.php 第 10 行.
SQL: SHOW COLUMNS FROM `dd_config` [ RunTime:0.0024s ]
SQL: SELECT * FROM `dd_config`  [ RunTime:0.0020s ]
SQL: SHOW COLUMNS FROM `dd_zhuan` [ RunTime:0.0024s ]
SQL: SELECT * FROM `dd_zhuan` WHERE ( ying>money ) AND `money` > 5 ORDER BY id desc LIMIT 5   [ RunTime:0.0021s ]
SQL: SHOW COLUMNS FROM `dd_charge_log` [ RunTime:0.0024s ]
SQL: SELECT * FROM `dd_charge_log` WHERE `user_id` = null AND `chou` = 0 LIMIT 1   [ RunTime:0.0021s ]
INFO: [ view_parse ] --START--
INFO: [ template_filter ] --START--
INFO: Run Behavior\ContentReplaceBehavior [ RunTime:0.000094s ]
INFO: [ template_filter ] --END-- [ RunTime:0.000140s ]
NOTIC: [8] Undefined variable: user /phpstudy/www/Gittext/game/Application/Runtime/Cache/Home/2a94b8bda04ff446dcedd42276fc99ee.php 第 61 行.
NOTIC: [8] Undefined variable: user /phpstudy/www/Gittext/game/Application/Runtime/Cache/Home/2a94b8bda04ff446dcedd42276fc99ee.php 第 62 行.
NOTIC: [8] Undefined variable: user /phpstudy/www/Gittext/game/Application/Runtime/Cache/Home/2a94b8bda04ff446dcedd42276fc99ee.php 第 76 行.
INFO: Run Behavior\ParseTemplateBehavior [ RunTime:0.010071s ]
INFO: [ view_parse ] --END-- [ RunTime:0.010106s ]
INFO: [ view_filter ] --START--
INFO: Run Behavior\WriteHtmlCacheBehavior [ RunTime:0.000119s ]
INFO: [ view_filter ] --END-- [ RunTime:0.000142s ]
INFO: [ app_end ] --START--
INFO: Run Behavior\ShowPageTraceBehavior [ RunTime:0.000388s ]
INFO: [ app_end ] --END-- [ RunTime:0.000430s ]

[ 2019-05-21T22:11:22+08:00 ] 189.111.32.70 /
INFO: [ app_init ] --START--
INFO: Run Behavior\BuildLiteBehavior [ RunTime:0.000014s ]
INFO: [ app_init ] --END-- [ RunTime:0.000228s ]
INFO: [ app_begin ] --START--
INFO: Run Behavior\ReadHtmlCacheBehavior [ RunTime:0.000291s ]
INFO: [ app_begin ] --END-- [ RunTime:0.000326s ]
NOTIC: [8] Undefined index: nuid /phpstudy/www/Gittext/game/Application/Home/Controller/HomeController.class.php 第 10 行.
SQL: SHOW COLUMNS FROM `dd_config` [ RunTime:0.0030s ]
SQL: SELECT * FROM `dd_config`  [ RunTime:0.0027s ]
SQL: SHOW COLUMNS FROM `dd_zhuan` [ RunTime:0.0030s ]
SQL: SELECT * FROM `dd_zhuan` WHERE ( ying>money ) AND `money` > 5 ORDER BY id desc LIMIT 5   [ RunTime:0.0027s ]
SQL: SHOW COLUMNS FROM `dd_charge_log` [ RunTime:0.0029s ]
SQL: SELECT * FROM `dd_charge_log` WHERE `user_id` = null AND `chou` = 0 LIMIT 1   [ RunTime:0.0027s ]
INFO: [ view_parse ] --START--
INFO: [ template_filter ] --START--
INFO: Run Behavior\ContentReplaceBehavior [ RunTime:0.000103s ]
INFO: [ template_filter ] --END-- [ RunTime:0.000163s ]
NOTIC: [8] Undefined variable: user /phpstudy/www/Gittext/game/Application/Runtime/Cache/Home/2a94b8bda04ff446dcedd42276fc99ee.php 第 61 行.
NOTIC: [8] Undefined variable: user /phpstudy/www/Gittext/game/Application/Runtime/Cache/Home/2a94b8bda04ff446dcedd42276fc99ee.php 第 62 行.
NOTIC: [8] Undefined variable: user /phpstudy/www/Gittext/game/Application/Runtime/Cache/Home/2a94b8bda04ff446dcedd42276fc99ee.php 第 76 行.
INFO: Run Behavior\ParseTemplateBehavior [ RunTime:0.011118s ]
INFO: [ view_parse ] --END-- [ RunTime:0.011152s ]
INFO: [ view_filter ] --START--
INFO: Run Behavior\WriteHtmlCacheBehavior [ RunTime:0.000146s ]
INFO: [ view_filter ] --END-- [ RunTime:0.000172s ]
INFO: [ app_end ] --START--
INFO: Run Behavior\ShowPageTraceBehavior [ RunTime:0.000369s ]
INFO: [ app_end ] --END-- [ RunTime:0.000404s ]

[ 2019-05-21T22:28:45+08:00 ] 185.173.35.41 /
INFO: [ app_init ] --START--
INFO: Run Behavior\BuildLiteBehavior [ RunTime:0.000015s ]
INFO: [ app_init ] --END-- [ RunTime:0.000241s ]
INFO: [ app_begin ] --START--
INFO: Run Behavior\ReadHtmlCacheBehavior [ RunTime:0.000324s ]
INFO: [ app_begin ] --END-- [ RunTime:0.000365s ]
NOTIC: [8] Undefined index: nuid /phpstudy/www/Gittext/game/Application/Home/Controller/HomeController.class.php 第 10 行.
SQL: SHOW COLUMNS FROM `dd_config` [ RunTime:0.0024s ]
SQL: SELECT * FROM `dd_config`  [ RunTime:0.0020s ]
NOTIC: [8] Undefined index: HTTP_HOST /phpstudy/www/Gittext/game/Application/Common/Util/ddwechat.class.php 第 1297 行.
SQL: SHOW COLUMNS FROM `dd_zhuan` [ RunTime:0.0025s ]
SQL: SELECT * FROM `dd_zhuan` WHERE ( ying>money ) AND `money` > 5 ORDER BY id desc LIMIT 5   [ RunTime:0.0021s ]
SQL: SHOW COLUMNS FROM `dd_charge_log` [ RunTime:0.0023s ]
SQL: SELECT * FROM `dd_charge_log` WHERE `user_id` = null AND `chou` = 0 LIMIT 1   [ RunTime:0.0021s ]
INFO: [ view_parse ] --START--
INFO: [ template_filter ] --START--
INFO: Run Behavior\ContentReplaceBehavior [ RunTime:0.000091s ]
INFO: [ template_filter ] --END-- [ RunTime:0.000139s ]
NOTIC: [8] Undefined variable: user /phpstudy/www/Gittext/game/Application/Runtime/Cache/Home/2a94b8bda04ff446dcedd42276fc99ee.php 第 61 行.
NOTIC: [8] Undefined variable: user /phpstudy/www/Gittext/game/Application/Runtime/Cache/Home/2a94b8bda04ff446dcedd42276fc99ee.php 第 62 行.
NOTIC: [8] Undefined variable: user /phpstudy/www/Gittext/game/Application/Runtime/Cache/Home/2a94b8bda04ff446dcedd42276fc99ee.php 第 76 行.
INFO: Run Behavior\ParseTemplateBehavior [ RunTime:0.010182s ]
INFO: [ view_parse ] --END-- [ RunTime:0.010221s ]
INFO: [ view_filter ] --START--
INFO: Run Behavior\WriteHtmlCacheBehavior [ RunTime:0.000117s ]
INFO: [ view_filter ] --END-- [ RunTime:0.000140s ]
INFO: [ app_end ] --START--
INFO: Run Behavior\ShowPageTraceBehavior [ RunTime:0.000350s ]
INFO: [ app_end ] --END-- [ RunTime:0.000383s ]

[ 2019-05-21T22:33:56+08:00 ] 128.14.209.226 /
INFO: [ app_init ] --START--
INFO: Run Behavior\BuildLiteBehavior [ RunTime:0.000017s ]
INFO: [ app_init ] --END-- [ RunTime:0.000247s ]
INFO: [ app_begin ] --START--
INFO: Run Behavior\ReadHtmlCacheBehavior [ RunTime:0.000292s ]
INFO: [ app_begin ] --END-- [ RunTime:0.000324s ]
NOTIC: [8] Undefined index: nuid /phpstudy/www/Gittext/game/Application/Home/Controller/HomeController.class.php 第 10 行.
SQL: SHOW COLUMNS FROM `dd_config` [ RunTime:0.0032s ]
SQL: SELECT * FROM `dd_config`  [ RunTime:0.0028s ]
SQL: SHOW COLUMNS FROM `dd_zhuan` [ RunTime:0.0032s ]
SQL: SELECT * FROM `dd_zhuan` WHERE ( ying>money ) AND `money` > 5 ORDER BY id desc LIMIT 5   [ RunTime:0.0029s ]
SQL: SHOW COLUMNS FROM `dd_charge_log` [ RunTime:0.0031s ]
SQL: SELECT * FROM `dd_charge_log` WHERE `user_id` = null AND `chou` = 0 LIMIT 1   [ RunTime:0.0028s ]
INFO: [ view_parse ] --START--
INFO: [ template_filter ] --START--
INFO: Run Behavior\ContentReplaceBehavior [ RunTime:0.000091s ]
INFO: [ template_filter ] --END-- [ RunTime:0.000134s ]
NOTIC: [8] Undefined variable: user /phpstudy/www/Gittext/game/Application/Runtime/Cache/Home/2a94b8bda04ff446dcedd42276fc99ee.php 第 61 行.
NOTIC: [8] Undefined variable: user /phpstudy/www/Gittext/game/Application/Runtime/Cache/Home/2a94b8bda04ff446dcedd42276fc99ee.php 第 62 行.
NOTIC: [8] Undefined variable: user /phpstudy/www/Gittext/game/Application/Runtime/Cache/Home/2a94b8bda04ff446dcedd42276fc99ee.php 第 76 行.
INFO: Run Behavior\ParseTemplateBehavior [ RunTime:0.009730s ]
INFO: [ view_parse ] --END-- [ RunTime:0.009761s ]
INFO: [ view_filter ] --START--
INFO: Run Behavior\WriteHtmlCacheBehavior [ RunTime:0.000112s ]
INFO: [ view_filter ] --END-- [ RunTime:0.000134s ]
INFO: [ app_end ] --START--
INFO: Run Behavior\ShowPageTraceBehavior [ RunTime:0.000375s ]
INFO: [ app_end ] --END-- [ RunTime:0.000424s ]

[ 2019-05-21T23:13:07+08:00 ] 92.39.111.194 /
INFO: [ app_init ] --START--
INFO: Run Behavior\BuildLiteBehavior [ RunTime:0.000013s ]
INFO: [ app_init ] --END-- [ RunTime:0.000233s ]
INFO: [ app_begin ] --START--
INFO: Run Behavior\ReadHtmlCacheBehavior [ RunTime:0.000283s ]
INFO: [ app_begin ] --END-- [ RunTime:0.000314s ]
NOTIC: [8] Undefined index: nuid /phpstudy/www/Gittext/game/Application/Home/Controller/HomeController.class.php 第 10 行.
SQL: SHOW COLUMNS FROM `dd_config` [ RunTime:0.0029s ]
SQL: SELECT * FROM `dd_config`  [ RunTime:0.0025s ]
SQL: SHOW COLUMNS FROM `dd_zhuan` [ RunTime:0.0028s ]
SQL: SELECT * FROM `dd_zhuan` WHERE ( ying>money ) AND `money` > 5 ORDER BY id desc LIMIT 5   [ RunTime:0.0025s ]
SQL: SHOW COLUMNS FROM `dd_charge_log` [ RunTime:0.0028s ]
SQL: SELECT * FROM `dd_charge_log` WHERE `user_id` = null AND `chou` = 0 LIMIT 1   [ RunTime:0.0025s ]
INFO: [ view_parse ] --START--
INFO: [ template_filter ] --START--
INFO: Run Behavior\ContentReplaceBehavior [ RunTime:0.000116s ]
INFO: [ template_filter ] --END-- [ RunTime:0.000182s ]
NOTIC: [8] Undefined variable: user /phpstudy/www/Gittext/game/Application/Runtime/Cache/Home/2a94b8bda04ff446dcedd42276fc99ee.php 第 61 行.
NOTIC: [8] Undefined variable: user /phpstudy/www/Gittext/game/Application/Runtime/Cache/Home/2a94b8bda04ff446dcedd42276fc99ee.php 第 62 行.
NOTIC: [8] Undefined variable: user /phpstudy/www/Gittext/game/Application/Runtime/Cache/Home/2a94b8bda04ff446dcedd42276fc99ee.php 第 76 行.
INFO: Run Behavior\ParseTemplateBehavior [ RunTime:0.010414s ]
INFO: [ view_parse ] --END-- [ RunTime:0.010450s ]
INFO: [ view_filter ] --START--
INFO: Run Behavior\WriteHtmlCacheBehavior [ RunTime:0.000124s ]
INFO: [ view_filter ] --END-- [ RunTime:0.000148s ]
INFO: [ app_end ] --START--
INFO: Run Behavior\ShowPageTraceBehavior [ RunTime:0.000352s ]
INFO: [ app_end ] --END-- [ RunTime:0.000390s ]

