[ 2019-06-16T17:24:35+08:00 ] 112.65.61.226 /api.php?m=Api&c=Api&a=login&uid=0
INFO: [ app_init ] --START--
INFO: Run Behavior\BuildLiteBehavior [ RunTime:0.000013s ]
INFO: [ app_init ] --END-- [ RunTime:0.000237s ]
INFO: [ app_begin ] --START--
INFO: Run Behavior\ReadHtmlCacheBehavior [ RunTime:0.000324s ]
INFO: [ app_begin ] --END-- [ RunTime:0.000359s ]
NOTIC: [8] A session had already been started - ignoring session_start() /phpstudy/www/Gittext/game/Application/Api/Controller/ApiController.class.php 第 44 行.
SQL: SHOW COLUMNS FROM `dd_config` [ RunTime:0.0020s ]
SQL: SELECT * FROM `dd_config`  [ RunTime:0.0015s ]
NOTIC: [8] Undefined index: source /phpstudy/www/Gittext/game/Application/Api/Controller/ApiController.class.php 第 64 行.
SQL: SHOW COLUMNS FROM `dd_user_base` [ RunTime:0.0021s ]
SQL: SELECT * FROM `dd_user_base` WHERE `openid` = 'oRRcp4859VnN6bfZcmqUG2Bx5Gyk' LIMIT 1   [ RunTime:0.0016s ]
NOTIC: [8] Undefined index: userId /phpstudy/www/Gittext/game/Application/Api/Service/UserService.class.php 第 71 行.
SQL: SHOW COLUMNS FROM `dd_user` [ RunTime:0.0021s ]
SQL: SELECT * FROM `dd_user` WHERE `openid` = 'oRRcp4859VnN6bfZcmqUG2Bx5Gyk' LIMIT 1   [ RunTime:0.0016s ]
NOTIC: [2048] Non-static method Api\Service\GameService::getDuan() should not be called statically, assuming $this from incompatible context /phpstudy/www/Gittext/game/Application/Api/Service/UserService.class.php 第 91 行.
SQL: SELECT * FROM `dd_user_base` WHERE `openid` = 'oRRcp4859VnN6bfZcmqUG2Bx5Gyk' LIMIT 1   [ RunTime:0.0016s ]
NOTIC: [8] Undefined index: userId /phpstudy/www/Gittext/game/Application/Api/Service/UserService.class.php 第 71 行.
SQL: SHOW COLUMNS FROM `dd_login_log` [ RunTime:0.0018s ]
SQL: SELECT * FROM `dd_login_log` WHERE `user_id` = 244 AND `login_time` BETWEEN 1560614400 AND 1560700800 LIMIT 1   [ RunTime:0.0015s ]
SQL: SHOW COLUMNS FROM `dd_login_reward` [ RunTime:0.0018s ]
SQL: SELECT * FROM `dd_login_reward` WHERE `openid` = 'oRRcp4859VnN6bfZcmqUG2Bx5Gyk' AND `user_id` = '244' AND `create_date` BETWEEN '2019-06-10 00:00:00' AND '2019-06-16 23:59:59' ORDER BY create_date asc  [ RunTime:0.0017s ]
SQL: SELECT COUNT(*) AS tp_count FROM `dd_login_reward` WHERE `openid` = 'oRRcp4859VnN6bfZcmqUG2Bx5Gyk' AND `user_id` = '244' AND `create_date` BETWEEN '2019-06-10 00:00:00' AND '2019-06-16 23:59:59' LIMIT 1   [ RunTime:0.0017s ]
SQL: SELECT * FROM `dd_login_reward` WHERE `openid` = 'oRRcp4859VnN6bfZcmqUG2Bx5Gyk' AND `user_id` = '244' AND `create_date` BETWEEN '2019-06-16 00:00:00' AND '2019-06-16 23:59:59' LIMIT 1   [ RunTime:0.0018s ]
SQL: INSERT INTO `dd_login_reward` (`accu_login_days`,`create_date`,`draw_time`,`expire_date`,`is_draw`,`openid`,`reward_num`,`reward_type`,`user_id`) VALUES ('3','2019-06-16 17:24:35',NULL,'2019-06-16 23:59:59','N','oRRcp4859VnN6bfZcmqUG2Bx5Gyk','20','candy','244') [ RunTime:0.0157s ]
SQL: SHOW COLUMNS FROM `dd_user_slime` [ RunTime:0.0020s ]
SQL: SELECT `exp` FROM `dd_user_slime` WHERE `openid` = 'oRRcp4859VnN6bfZcmqUG2Bx5Gyk'  [ RunTime:0.0015s ]
NOTIC: [8] Undefined index: HTTP_CLIENT_IP /phpstudy/www/Gittext/game/Application/Common/Common/function.php 第 2784 行.
NOTIC: [8] Undefined index: HTTP_X_FORWARDED_FOR /phpstudy/www/Gittext/game/Application/Common/Common/function.php 第 2792 行.
SQL: SELECT * FROM `dd_login_log` WHERE `user_id` = 244 AND `login_time` BETWEEN 1560614400 AND 1560700800 LIMIT 1   [ RunTime:0.0015s ]
NOTIC: [8] Undefined index: HTTP_CLIENT_IP /phpstudy/www/Gittext/game/Application/Common/Common/function.php 第 2784 行.
NOTIC: [8] Undefined index: HTTP_X_FORWARDED_FOR /phpstudy/www/Gittext/game/Application/Common/Common/function.php 第 2792 行.
SQL: INSERT INTO `dd_login_log` (`user_id`,`ip`,`login_time`) VALUES ('244','112.65.61.226','1560677075') [ RunTime:0.0070s ]
INFO: [ app_end ] --START--
INFO: Run Behavior\ShowPageTraceBehavior [ RunTime:0.000510s ]
INFO: [ app_end ] --END-- [ RunTime:0.000558s ]

[ 2019-06-16T17:24:38+08:00 ] 112.65.61.226 /api.php?m=Activity&c=Activity&a=fetchReward
INFO: [ app_init ] --START--
INFO: Run Behavior\BuildLiteBehavior [ RunTime:0.000015s ]
INFO: [ app_init ] --END-- [ RunTime:0.000284s ]
INFO: [ app_begin ] --START--
INFO: Run Behavior\ReadHtmlCacheBehavior [ RunTime:0.000314s ]
INFO: [ app_begin ] --END-- [ RunTime:0.000350s ]
SQL: SHOW COLUMNS FROM `dd_login_reward` [ RunTime:0.0021s ]
SQL: SELECT * FROM `dd_login_reward` WHERE `user_id` = '244' AND `id` = 164 AND `is_draw` = 'N' AND `expire_date` >= '2019-06-16' LIMIT 1   [ RunTime:0.0017s ]
SQL: UPDATE `dd_login_reward` SET `is_draw`='Y',`draw_time`='2019-06-16 17:24:38' WHERE `id` = 164 [ RunTime:0.0073s ]
SQL: SHOW COLUMNS FROM `dd_user` [ RunTime:0.0022s ]
SQL: UPDATE `dd_user` SET `candy`=candy+10 WHERE `user_id` = 244 [ RunTime:0.0018s ]
INFO: [ app_end ] --START--
INFO: Run Behavior\ShowPageTraceBehavior [ RunTime:0.000505s ]
INFO: [ app_end ] --END-- [ RunTime:0.000548s ]

[ 2019-06-16T17:24:39+08:00 ] 112.65.61.226 /api.php?m=Activity&c=Activity&a=fetchReward
INFO: [ app_init ] --START--
INFO: Run Behavior\BuildLiteBehavior [ RunTime:0.000013s ]
INFO: [ app_init ] --END-- [ RunTime:0.000239s ]
INFO: [ app_begin ] --START--
INFO: Run Behavior\ReadHtmlCacheBehavior [ RunTime:0.000278s ]
INFO: [ app_begin ] --END-- [ RunTime:0.000307s ]
SQL: SHOW COLUMNS FROM `dd_login_reward` [ RunTime:0.0023s ]
SQL: SELECT * FROM `dd_login_reward` WHERE `user_id` = '244' AND `id` = 179 AND `is_draw` = 'N' AND `expire_date` >= '2019-06-16' LIMIT 1   [ RunTime:0.0018s ]
SQL: UPDATE `dd_login_reward` SET `is_draw`='Y',`draw_time`='2019-06-16 17:24:39' WHERE `id` = 179 [ RunTime:0.0213s ]
SQL: SHOW COLUMNS FROM `dd_user` [ RunTime:0.0025s ]
SQL: UPDATE `dd_user` SET `candy`=candy+20 WHERE `user_id` = 244 [ RunTime:0.0019s ]
INFO: [ app_end ] --START--
INFO: Run Behavior\ShowPageTraceBehavior [ RunTime:0.000443s ]
INFO: [ app_end ] --END-- [ RunTime:0.000482s ]

[ 2019-06-16T17:25:28+08:00 ] 112.65.61.226 /api.php?m=Api&c=Api&a=login&uid=0
INFO: [ app_init ] --START--
INFO: Run Behavior\BuildLiteBehavior [ RunTime:0.000017s ]
INFO: [ app_init ] --END-- [ RunTime:0.000294s ]
INFO: [ app_begin ] --START--
INFO: Run Behavior\ReadHtmlCacheBehavior [ RunTime:0.000380s ]
INFO: [ app_begin ] --END-- [ RunTime:0.000421s ]
NOTIC: [8] A session had already been started - ignoring session_start() /phpstudy/www/Gittext/game/Application/Api/Controller/ApiController.class.php 第 44 行.
SQL: SHOW COLUMNS FROM `dd_config` [ RunTime:0.0022s ]
SQL: SELECT * FROM `dd_config`  [ RunTime:0.0017s ]
NOTIC: [8] Undefined index: source /phpstudy/www/Gittext/game/Application/Api/Controller/ApiController.class.php 第 64 行.
SQL: SHOW COLUMNS FROM `dd_user_base` [ RunTime:0.0023s ]
SQL: SELECT * FROM `dd_user_base` WHERE `openid` = 'oRRcp4859VnN6bfZcmqUG2Bx5Gyk' LIMIT 1   [ RunTime:0.0018s ]
NOTIC: [8] Undefined index: userId /phpstudy/www/Gittext/game/Application/Api/Service/UserService.class.php 第 71 行.
SQL: SHOW COLUMNS FROM `dd_user` [ RunTime:0.0023s ]
SQL: SELECT * FROM `dd_user` WHERE `openid` = 'oRRcp4859VnN6bfZcmqUG2Bx5Gyk' LIMIT 1   [ RunTime:0.0025s ]
NOTIC: [2048] Non-static method Api\Service\GameService::getDuan() should not be called statically, assuming $this from incompatible context /phpstudy/www/Gittext/game/Application/Api/Service/UserService.class.php 第 91 行.
SQL: SELECT * FROM `dd_user_base` WHERE `openid` = 'oRRcp4859VnN6bfZcmqUG2Bx5Gyk' LIMIT 1   [ RunTime:0.0016s ]
NOTIC: [8] Undefined index: userId /phpstudy/www/Gittext/game/Application/Api/Service/UserService.class.php 第 71 行.
SQL: SHOW COLUMNS FROM `dd_login_log` [ RunTime:0.0019s ]
SQL: SELECT * FROM `dd_login_log` WHERE `user_id` = 244 AND `login_time` BETWEEN 1560614400 AND 1560700800 LIMIT 1   [ RunTime:0.0016s ]
SQL: SHOW COLUMNS FROM `dd_login_reward` [ RunTime:0.0020s ]
SQL: SELECT * FROM `dd_login_reward` WHERE `openid` = 'oRRcp4859VnN6bfZcmqUG2Bx5Gyk' AND `user_id` = '244' AND `create_date` BETWEEN '2019-06-10 00:00:00' AND '2019-06-16 23:59:59' ORDER BY create_date asc  [ RunTime:0.0017s ]
SQL: SELECT COUNT(*) AS tp_count FROM `dd_login_reward` WHERE `openid` = 'oRRcp4859VnN6bfZcmqUG2Bx5Gyk' AND `user_id` = '244' AND `create_date` BETWEEN '2019-06-10 00:00:00' AND '2019-06-16 23:59:59' LIMIT 1   [ RunTime:0.0016s ]
SQL: SELECT * FROM `dd_login_reward` WHERE `openid` = 'oRRcp4859VnN6bfZcmqUG2Bx5Gyk' AND `user_id` = '244' AND `create_date` BETWEEN '2019-06-16 00:00:00' AND '2019-06-16 23:59:59' LIMIT 1   [ RunTime:0.0017s ]
SQL: SHOW COLUMNS FROM `dd_user_slime` [ RunTime:0.0020s ]
SQL: SELECT `exp` FROM `dd_user_slime` WHERE `openid` = 'oRRcp4859VnN6bfZcmqUG2Bx5Gyk'  [ RunTime:0.0016s ]
NOTIC: [8] Undefined index: HTTP_CLIENT_IP /phpstudy/www/Gittext/game/Application/Common/Common/function.php 第 2784 行.
NOTIC: [8] Undefined index: HTTP_X_FORWARDED_FOR /phpstudy/www/Gittext/game/Application/Common/Common/function.php 第 2792 行.
SQL: SELECT * FROM `dd_login_log` WHERE `user_id` = 244 AND `login_time` BETWEEN 1560614400 AND 1560700800 LIMIT 1   [ RunTime:0.0016s ]
INFO: [ app_end ] --START--
INFO: Run Behavior\ShowPageTraceBehavior [ RunTime:0.000465s ]
INFO: [ app_end ] --END-- [ RunTime:0.000504s ]

[ 2019-06-16T17:26:23+08:00 ] 112.65.61.226 /api.php?m=Api&c=Api&a=login&uid=0
INFO: [ app_init ] --START--
INFO: Run Behavior\BuildLiteBehavior [ RunTime:0.000017s ]
INFO: [ app_init ] --END-- [ RunTime:0.000302s ]
INFO: [ app_begin ] --START--
INFO: Run Behavior\ReadHtmlCacheBehavior [ RunTime:0.000375s ]
INFO: [ app_begin ] --END-- [ RunTime:0.000416s ]
NOTIC: [8] A session had already been started - ignoring session_start() /phpstudy/www/Gittext/game/Application/Api/Controller/ApiController.class.php 第 44 行.
SQL: SHOW COLUMNS FROM `dd_config` [ RunTime:0.0026s ]
SQL: SELECT * FROM `dd_config`  [ RunTime:0.0022s ]
NOTIC: [8] Undefined index: source /phpstudy/www/Gittext/game/Application/Api/Controller/ApiController.class.php 第 64 行.
SQL: SHOW COLUMNS FROM `dd_user_base` [ RunTime:0.0029s ]
SQL: SELECT * FROM `dd_user_base` WHERE `openid` = 'oRRcp4859VnN6bfZcmqUG2Bx5Gyk' LIMIT 1   [ RunTime:0.0022s ]
NOTIC: [8] Undefined index: userId /phpstudy/www/Gittext/game/Application/Api/Service/UserService.class.php 第 71 行.
SQL: SHOW COLUMNS FROM `dd_user` [ RunTime:0.0029s ]
SQL: SELECT * FROM `dd_user` WHERE `openid` = 'oRRcp4859VnN6bfZcmqUG2Bx5Gyk' LIMIT 1   [ RunTime:0.0022s ]
NOTIC: [2048] Non-static method Api\Service\GameService::getDuan() should not be called statically, assuming $this from incompatible context /phpstudy/www/Gittext/game/Application/Api/Service/UserService.class.php 第 91 行.
SQL: SELECT * FROM `dd_user_base` WHERE `openid` = 'oRRcp4859VnN6bfZcmqUG2Bx5Gyk' LIMIT 1   [ RunTime:0.0021s ]
NOTIC: [8] Undefined index: userId /phpstudy/www/Gittext/game/Application/Api/Service/UserService.class.php 第 71 行.
SQL: SHOW COLUMNS FROM `dd_login_log` [ RunTime:0.0025s ]
SQL: SELECT * FROM `dd_login_log` WHERE `user_id` = 244 AND `login_time` BETWEEN 1560614400 AND 1560700800 LIMIT 1   [ RunTime:0.0022s ]
SQL: SHOW COLUMNS FROM `dd_login_reward` [ RunTime:0.0025s ]
SQL: SELECT * FROM `dd_login_reward` WHERE `openid` = 'oRRcp4859VnN6bfZcmqUG2Bx5Gyk' AND `user_id` = '244' AND `create_date` BETWEEN '2019-06-10 00:00:00' AND '2019-06-16 23:59:59' ORDER BY create_date asc  [ RunTime:0.0022s ]
SQL: SELECT COUNT(*) AS tp_count FROM `dd_login_reward` WHERE `openid` = 'oRRcp4859VnN6bfZcmqUG2Bx5Gyk' AND `user_id` = '244' AND `create_date` BETWEEN '2019-06-10 00:00:00' AND '2019-06-16 23:59:59' LIMIT 1   [ RunTime:0.0021s ]
SQL: SELECT * FROM `dd_login_reward` WHERE `openid` = 'oRRcp4859VnN6bfZcmqUG2Bx5Gyk' AND `user_id` = '244' AND `create_date` BETWEEN '2019-06-16 00:00:00' AND '2019-06-16 23:59:59' LIMIT 1   [ RunTime:0.0021s ]
SQL: SHOW COLUMNS FROM `dd_user_slime` [ RunTime:0.0025s ]
SQL: SELECT `exp` FROM `dd_user_slime` WHERE `openid` = 'oRRcp4859VnN6bfZcmqUG2Bx5Gyk'  [ RunTime:0.0021s ]
NOTIC: [8] Undefined index: HTTP_CLIENT_IP /phpstudy/www/Gittext/game/Application/Common/Common/function.php 第 2784 行.
NOTIC: [8] Undefined index: HTTP_X_FORWARDED_FOR /phpstudy/www/Gittext/game/Application/Common/Common/function.php 第 2792 行.
SQL: SELECT * FROM `dd_login_log` WHERE `user_id` = 244 AND `login_time` BETWEEN 1560614400 AND 1560700800 LIMIT 1   [ RunTime:0.0021s ]
INFO: [ app_end ] --START--
INFO: Run Behavior\ShowPageTraceBehavior [ RunTime:0.000473s ]
INFO: [ app_end ] --END-- [ RunTime:0.000517s ]

[ 2019-06-16T17:27:51+08:00 ] 112.65.61.226 /api.php?m=Api&c=Api&a=login&uid=0
INFO: [ app_init ] --START--
INFO: Run Behavior\BuildLiteBehavior [ RunTime:0.000013s ]
INFO: [ app_init ] --END-- [ RunTime:0.000224s ]
INFO: [ app_begin ] --START--
INFO: Run Behavior\ReadHtmlCacheBehavior [ RunTime:0.000287s ]
INFO: [ app_begin ] --END-- [ RunTime:0.000318s ]
NOTIC: [8] A session had already been started - ignoring session_start() /phpstudy/www/Gittext/game/Application/Api/Controller/ApiController.class.php 第 44 行.
SQL: SHOW COLUMNS FROM `dd_config` [ RunTime:0.0022s ]
SQL: SELECT * FROM `dd_config`  [ RunTime:0.0021s ]
NOTIC: [8] Undefined index: source /phpstudy/www/Gittext/game/Application/Api/Controller/ApiController.class.php 第 64 行.
SQL: SHOW COLUMNS FROM `dd_user_base` [ RunTime:0.0025s ]
SQL: SELECT * FROM `dd_user_base` WHERE `openid` = 'oRRcp4859VnN6bfZcmqUG2Bx5Gyk' LIMIT 1   [ RunTime:0.0019s ]
NOTIC: [8] Undefined index: userId /phpstudy/www/Gittext/game/Application/Api/Service/UserService.class.php 第 71 行.
SQL: SHOW COLUMNS FROM `dd_user` [ RunTime:0.0026s ]
SQL: SELECT * FROM `dd_user` WHERE `openid` = 'oRRcp4859VnN6bfZcmqUG2Bx5Gyk' LIMIT 1   [ RunTime:0.0018s ]
NOTIC: [2048] Non-static method Api\Service\GameService::getDuan() should not be called statically, assuming $this from incompatible context /phpstudy/www/Gittext/game/Application/Api/Service/UserService.class.php 第 91 行.
SQL: SELECT * FROM `dd_user_base` WHERE `openid` = 'oRRcp4859VnN6bfZcmqUG2Bx5Gyk' LIMIT 1   [ RunTime:0.0018s ]
NOTIC: [8] Undefined index: userId /phpstudy/www/Gittext/game/Application/Api/Service/UserService.class.php 第 71 行.
SQL: SHOW COLUMNS FROM `dd_login_log` [ RunTime:0.0022s ]
SQL: SELECT * FROM `dd_login_log` WHERE `user_id` = 244 AND `login_time` BETWEEN 1560614400 AND 1560700800 LIMIT 1   [ RunTime:0.0018s ]
SQL: SHOW COLUMNS FROM `dd_login_reward` [ RunTime:0.0022s ]
SQL: SELECT * FROM `dd_login_reward` WHERE `openid` = 'oRRcp4859VnN6bfZcmqUG2Bx5Gyk' AND `user_id` = '244' AND `create_date` BETWEEN '2019-06-10 00:00:00' AND '2019-06-16 23:59:59' ORDER BY create_date asc  [ RunTime:0.0019s ]
SQL: SELECT COUNT(*) AS tp_count FROM `dd_login_reward` WHERE `openid` = 'oRRcp4859VnN6bfZcmqUG2Bx5Gyk' AND `user_id` = '244' AND `create_date` BETWEEN '2019-06-10 00:00:00' AND '2019-06-16 23:59:59' LIMIT 1   [ RunTime:0.0018s ]
SQL: SELECT * FROM `dd_login_reward` WHERE `openid` = 'oRRcp4859VnN6bfZcmqUG2Bx5Gyk' AND `user_id` = '244' AND `create_date` BETWEEN '2019-06-16 00:00:00' AND '2019-06-16 23:59:59' LIMIT 1   [ RunTime:0.0018s ]
SQL: SHOW COLUMNS FROM `dd_user_slime` [ RunTime:0.0022s ]
SQL: SELECT `exp` FROM `dd_user_slime` WHERE `openid` = 'oRRcp4859VnN6bfZcmqUG2Bx5Gyk'  [ RunTime:0.0019s ]
NOTIC: [8] Undefined index: HTTP_CLIENT_IP /phpstudy/www/Gittext/game/Application/Common/Common/function.php 第 2784 行.
NOTIC: [8] Undefined index: HTTP_X_FORWARDED_FOR /phpstudy/www/Gittext/game/Application/Common/Common/function.php 第 2792 行.
SQL: SELECT * FROM `dd_login_log` WHERE `user_id` = 244 AND `login_time` BETWEEN 1560614400 AND 1560700800 LIMIT 1   [ RunTime:0.0018s ]
INFO: [ app_end ] --START--
INFO: Run Behavior\ShowPageTraceBehavior [ RunTime:0.000465s ]
INFO: [ app_end ] --END-- [ RunTime:0.000510s ]

[ 2019-06-16T17:28:00+08:00 ] 112.65.61.226 /api.php?m=Api&c=Api&a=login&uid=0
INFO: [ app_init ] --START--
INFO: Run Behavior\BuildLiteBehavior [ RunTime:0.000013s ]
INFO: [ app_init ] --END-- [ RunTime:0.000281s ]
INFO: [ app_begin ] --START--
INFO: Run Behavior\ReadHtmlCacheBehavior [ RunTime:0.000324s ]
INFO: [ app_begin ] --END-- [ RunTime:0.000359s ]
NOTIC: [8] A session had already been started - ignoring session_start() /phpstudy/www/Gittext/game/Application/Api/Controller/ApiController.class.php 第 44 行.
SQL: SHOW COLUMNS FROM `dd_config` [ RunTime:0.0025s ]
SQL: SELECT * FROM `dd_config`  [ RunTime:0.0019s ]
NOTIC: [8] Undefined index: source /phpstudy/www/Gittext/game/Application/Api/Controller/ApiController.class.php 第 64 行.
SQL: SHOW COLUMNS FROM `dd_user_base` [ RunTime:0.0026s ]
SQL: SELECT * FROM `dd_user_base` WHERE `openid` = 'oRRcp4859VnN6bfZcmqUG2Bx5Gyk' LIMIT 1   [ RunTime:0.0019s ]
NOTIC: [8] Undefined index: userId /phpstudy/www/Gittext/game/Application/Api/Service/UserService.class.php 第 71 行.
SQL: SHOW COLUMNS FROM `dd_user` [ RunTime:0.0024s ]
SQL: SELECT * FROM `dd_user` WHERE `openid` = 'oRRcp4859VnN6bfZcmqUG2Bx5Gyk' LIMIT 1   [ RunTime:0.0019s ]
NOTIC: [2048] Non-static method Api\Service\GameService::getDuan() should not be called statically, assuming $this from incompatible context /phpstudy/www/Gittext/game/Application/Api/Service/UserService.class.php 第 91 行.
SQL: SELECT * FROM `dd_user_base` WHERE `openid` = 'oRRcp4859VnN6bfZcmqUG2Bx5Gyk' LIMIT 1   [ RunTime:0.0018s ]
NOTIC: [8] Undefined index: userId /phpstudy/www/Gittext/game/Application/Api/Service/UserService.class.php 第 71 行.
SQL: SHOW COLUMNS FROM `dd_login_log` [ RunTime:0.0022s ]
SQL: SELECT * FROM `dd_login_log` WHERE `user_id` = 244 AND `login_time` BETWEEN 1560614400 AND 1560700800 LIMIT 1   [ RunTime:0.0019s ]
SQL: SHOW COLUMNS FROM `dd_login_reward` [ RunTime:0.0023s ]
SQL: SELECT * FROM `dd_login_reward` WHERE `openid` = 'oRRcp4859VnN6bfZcmqUG2Bx5Gyk' AND `user_id` = '244' AND `create_date` BETWEEN '2019-06-10 00:00:00' AND '2019-06-16 23:59:59' ORDER BY create_date asc  [ RunTime:0.0019s ]
SQL: SELECT COUNT(*) AS tp_count FROM `dd_login_reward` WHERE `openid` = 'oRRcp4859VnN6bfZcmqUG2Bx5Gyk' AND `user_id` = '244' AND `create_date` BETWEEN '2019-06-10 00:00:00' AND '2019-06-16 23:59:59' LIMIT 1   [ RunTime:0.0018s ]
SQL: SELECT * FROM `dd_login_reward` WHERE `openid` = 'oRRcp4859VnN6bfZcmqUG2Bx5Gyk' AND `user_id` = '244' AND `create_date` BETWEEN '2019-06-16 00:00:00' AND '2019-06-16 23:59:59' LIMIT 1   [ RunTime:0.0018s ]
SQL: SHOW COLUMNS FROM `dd_user_slime` [ RunTime:0.0022s ]
SQL: SELECT `exp` FROM `dd_user_slime` WHERE `openid` = 'oRRcp4859VnN6bfZcmqUG2Bx5Gyk'  [ RunTime:0.0018s ]
NOTIC: [8] Undefined index: HTTP_CLIENT_IP /phpstudy/www/Gittext/game/Application/Common/Common/function.php 第 2784 行.
NOTIC: [8] Undefined index: HTTP_X_FORWARDED_FOR /phpstudy/www/Gittext/game/Application/Common/Common/function.php 第 2792 行.
SQL: SELECT * FROM `dd_login_log` WHERE `user_id` = 244 AND `login_time` BETWEEN 1560614400 AND 1560700800 LIMIT 1   [ RunTime:0.0018s ]
INFO: [ app_end ] --START--
INFO: Run Behavior\ShowPageTraceBehavior [ RunTime:0.000550s ]
INFO: [ app_end ] --END-- [ RunTime:0.000605s ]

[ 2019-06-16T17:28:03+08:00 ] 112.65.61.226 /api.php?m=Api&c=Api&a=login&uid=0
INFO: [ app_init ] --START--
INFO: Run Behavior\BuildLiteBehavior [ RunTime:0.000014s ]
INFO: [ app_init ] --END-- [ RunTime:0.000269s ]
INFO: [ app_begin ] --START--
INFO: Run Behavior\ReadHtmlCacheBehavior [ RunTime:0.000368s ]
INFO: [ app_begin ] --END-- [ RunTime:0.000412s ]
NOTIC: [8] A session had already been started - ignoring session_start() /phpstudy/www/Gittext/game/Application/Api/Controller/ApiController.class.php 第 44 行.
SQL: SHOW COLUMNS FROM `dd_config` [ RunTime:0.0024s ]
SQL: SELECT * FROM `dd_config`  [ RunTime:0.0023s ]
NOTIC: [8] Undefined index: source /phpstudy/www/Gittext/game/Application/Api/Controller/ApiController.class.php 第 64 行.
SQL: SHOW COLUMNS FROM `dd_user_base` [ RunTime:0.0025s ]
SQL: SELECT * FROM `dd_user_base` WHERE `openid` = 'oRRcp4859VnN6bfZcmqUG2Bx5Gyk' LIMIT 1   [ RunTime:0.0020s ]
NOTIC: [8] Undefined index: userId /phpstudy/www/Gittext/game/Application/Api/Service/UserService.class.php 第 71 行.
SQL: SHOW COLUMNS FROM `dd_user` [ RunTime:0.0026s ]
SQL: SELECT * FROM `dd_user` WHERE `openid` = 'oRRcp4859VnN6bfZcmqUG2Bx5Gyk' LIMIT 1   [ RunTime:0.0020s ]
NOTIC: [2048] Non-static method Api\Service\GameService::getDuan() should not be called statically, assuming $this from incompatible context /phpstudy/www/Gittext/game/Application/Api/Service/UserService.class.php 第 91 行.
SQL: SELECT * FROM `dd_user_base` WHERE `openid` = 'oRRcp4859VnN6bfZcmqUG2Bx5Gyk' LIMIT 1   [ RunTime:0.0020s ]
NOTIC: [8] Undefined index: userId /phpstudy/www/Gittext/game/Application/Api/Service/UserService.class.php 第 71 行.
SQL: SHOW COLUMNS FROM `dd_login_log` [ RunTime:0.0023s ]
SQL: SELECT * FROM `dd_login_log` WHERE `user_id` = 244 AND `login_time` BETWEEN 1560614400 AND 1560700800 LIMIT 1   [ RunTime:0.0020s ]
SQL: SHOW COLUMNS FROM `dd_login_reward` [ RunTime:0.0023s ]
SQL: SELECT * FROM `dd_login_reward` WHERE `openid` = 'oRRcp4859VnN6bfZcmqUG2Bx5Gyk' AND `user_id` = '244' AND `create_date` BETWEEN '2019-06-10 00:00:00' AND '2019-06-16 23:59:59' ORDER BY create_date asc  [ RunTime:0.0021s ]
SQL: SELECT COUNT(*) AS tp_count FROM `dd_login_reward` WHERE `openid` = 'oRRcp4859VnN6bfZcmqUG2Bx5Gyk' AND `user_id` = '244' AND `create_date` BETWEEN '2019-06-10 00:00:00' AND '2019-06-16 23:59:59' LIMIT 1   [ RunTime:0.0020s ]
SQL: SELECT * FROM `dd_login_reward` WHERE `openid` = 'oRRcp4859VnN6bfZcmqUG2Bx5Gyk' AND `user_id` = '244' AND `create_date` BETWEEN '2019-06-16 00:00:00' AND '2019-06-16 23:59:59' LIMIT 1   [ RunTime:0.0020s ]
SQL: SHOW COLUMNS FROM `dd_user_slime` [ RunTime:0.0026s ]
SQL: SELECT `exp` FROM `dd_user_slime` WHERE `openid` = 'oRRcp4859VnN6bfZcmqUG2Bx5Gyk'  [ RunTime:0.0020s ]
NOTIC: [8] Undefined index: HTTP_CLIENT_IP /phpstudy/www/Gittext/game/Application/Common/Common/function.php 第 2784 行.
NOTIC: [8] Undefined index: HTTP_X_FORWARDED_FOR /phpstudy/www/Gittext/game/Application/Common/Common/function.php 第 2792 行.
SQL: SELECT * FROM `dd_login_log` WHERE `user_id` = 244 AND `login_time` BETWEEN 1560614400 AND 1560700800 LIMIT 1   [ RunTime:0.0020s ]
INFO: [ app_end ] --START--
INFO: Run Behavior\ShowPageTraceBehavior [ RunTime:0.000513s ]
INFO: [ app_end ] --END-- [ RunTime:0.000569s ]

[ 2019-06-16T17:28:07+08:00 ] 112.65.61.226 /api.php?m=Index&c=index&a=userFlog
INFO: [ app_init ] --START--
INFO: Run Behavior\BuildLiteBehavior [ RunTime:0.000014s ]
INFO: [ app_init ] --END-- [ RunTime:0.000237s ]
INFO: [ app_begin ] --START--
INFO: Run Behavior\ReadHtmlCacheBehavior [ RunTime:0.000287s ]
INFO: [ app_begin ] --END-- [ RunTime:0.000331s ]
SQL: SHOW COLUMNS FROM `dd_config` [ RunTime:0.0027s ]
SQL: SELECT * FROM `dd_config`  [ RunTime:0.0022s ]
NOTIC: [8] Undefined index: HTTP_CLIENT_IP /phpstudy/www/Gittext/game/Application/Common/Common/function.php 第 2784 行.
NOTIC: [8] Undefined index: HTTP_X_FORWARDED_FOR /phpstudy/www/Gittext/game/Application/Common/Common/function.php 第 2792 行.
SQL: SHOW COLUMNS FROM `dd_user_base` [ RunTime:0.0026s ]
SQL: SELECT `id` FROM `dd_user_base` WHERE `parent1` = 244 OR `parent2` = 244 OR `parent3` = 244 OR `id` = 244  [ RunTime:0.0021s ]
SQL: SHOW COLUMNS FROM `dd_finance_log` [ RunTime:0.0025s ]
SQL: SELECT SUM(money) AS tp_sum FROM `dd_finance_log` WHERE `user_id` = 244 AND `create_time` BETWEEN 1560614400 AND 1560700800 LIMIT 1   [ RunTime:0.0020s ]
SQL: SELECT SUM(money) AS tp_sum FROM `dd_finance_log` WHERE `user_id` = 244 AND `create_time` BETWEEN 1560700800 AND 1561305599 LIMIT 1   [ RunTime:0.0020s ]
SQL: SELECT SUM(money) AS tp_sum FROM `dd_finance_log` WHERE `user_id` = 244 AND `create_time` BETWEEN 1559318400 AND 1561910399 LIMIT 1   [ RunTime:0.0020s ]
SQL: SELECT SUM(money) AS tp_sum FROM `dd_finance_log` WHERE `user_id` = 244 LIMIT 1   [ RunTime:0.0020s ]
SQL: SELECT `user_id`,`money`,`create_time` FROM `dd_finance_log` WHERE `user_id` IN ('244')  [ RunTime:0.0020s ]
NOTIC: [8] Undefined variable: datas /phpstudy/www/Gittext/game/Application/Api/Controller/IndexController.class.php 第 1094 行.
INFO: [ app_end ] --START--
INFO: Run Behavior\ShowPageTraceBehavior [ RunTime:0.000488s ]
INFO: [ app_end ] --END-- [ RunTime:0.000526s ]

[ 2019-06-16T17:29:32+08:00 ] 112.65.61.226 /api.php?m=Api&c=Api&a=login&uid=0
INFO: [ app_init ] --START--
INFO: Run Behavior\BuildLiteBehavior [ RunTime:0.000014s ]
INFO: [ app_init ] --END-- [ RunTime:0.000246s ]
INFO: [ app_begin ] --START--
INFO: Run Behavior\ReadHtmlCacheBehavior [ RunTime:0.000335s ]
INFO: [ app_begin ] --END-- [ RunTime:0.000370s ]
NOTIC: [8] A session had already been started - ignoring session_start() /phpstudy/www/Gittext/game/Application/Api/Controller/ApiController.class.php 第 44 行.
SQL: SHOW COLUMNS FROM `dd_config` [ RunTime:0.0025s ]
SQL: SELECT * FROM `dd_config`  [ RunTime:0.0021s ]
NOTIC: [8] Undefined index: source /phpstudy/www/Gittext/game/Application/Api/Controller/ApiController.class.php 第 64 行.
SQL: SHOW COLUMNS FROM `dd_user_base` [ RunTime:0.0026s ]
SQL: SELECT * FROM `dd_user_base` WHERE `openid` = 'oRRcp4859VnN6bfZcmqUG2Bx5Gyk' LIMIT 1   [ RunTime:0.0021s ]
NOTIC: [8] Undefined index: userId /phpstudy/www/Gittext/game/Application/Api/Service/UserService.class.php 第 71 行.
SQL: SHOW COLUMNS FROM `dd_user` [ RunTime:0.0028s ]
SQL: SELECT * FROM `dd_user` WHERE `openid` = 'oRRcp4859VnN6bfZcmqUG2Bx5Gyk' LIMIT 1   [ RunTime:0.0021s ]
NOTIC: [2048] Non-static method Api\Service\GameService::getDuan() should not be called statically, assuming $this from incompatible context /phpstudy/www/Gittext/game/Application/Api/Service/UserService.class.php 第 91 行.
SQL: SELECT * FROM `dd_user_base` WHERE `openid` = 'oRRcp4859VnN6bfZcmqUG2Bx5Gyk' LIMIT 1   [ RunTime:0.0021s ]
NOTIC: [8] Undefined index: userId /phpstudy/www/Gittext/game/Application/Api/Service/UserService.class.php 第 71 行.
SQL: SHOW COLUMNS FROM `dd_login_log` [ RunTime:0.0024s ]
SQL: SELECT * FROM `dd_login_log` WHERE `user_id` = 244 AND `login_time` BETWEEN 1560614400 AND 1560700800 LIMIT 1   [ RunTime:0.0021s ]
SQL: SHOW COLUMNS FROM `dd_login_reward` [ RunTime:0.0027s ]
SQL: SELECT * FROM `dd_login_reward` WHERE `openid` = 'oRRcp4859VnN6bfZcmqUG2Bx5Gyk' AND `user_id` = '244' AND `create_date` BETWEEN '2019-06-10 00:00:00' AND '2019-06-16 23:59:59' ORDER BY create_date asc  [ RunTime:0.0022s ]
SQL: SELECT COUNT(*) AS tp_count FROM `dd_login_reward` WHERE `openid` = 'oRRcp4859VnN6bfZcmqUG2Bx5Gyk' AND `user_id` = '244' AND `create_date` BETWEEN '2019-06-10 00:00:00' AND '2019-06-16 23:59:59' LIMIT 1   [ RunTime:0.0022s ]
SQL: SELECT * FROM `dd_login_reward` WHERE `openid` = 'oRRcp4859VnN6bfZcmqUG2Bx5Gyk' AND `user_id` = '244' AND `create_date` BETWEEN '2019-06-16 00:00:00' AND '2019-06-16 23:59:59' LIMIT 1   [ RunTime:0.0022s ]
SQL: SHOW COLUMNS FROM `dd_user_slime` [ RunTime:0.0027s ]
SQL: SELECT `exp` FROM `dd_user_slime` WHERE `openid` = 'oRRcp4859VnN6bfZcmqUG2Bx5Gyk'  [ RunTime:0.0021s ]
NOTIC: [8] Undefined index: HTTP_CLIENT_IP /phpstudy/www/Gittext/game/Application/Common/Common/function.php 第 2784 行.
NOTIC: [8] Undefined index: HTTP_X_FORWARDED_FOR /phpstudy/www/Gittext/game/Application/Common/Common/function.php 第 2792 行.
SQL: SELECT * FROM `dd_login_log` WHERE `user_id` = 244 AND `login_time` BETWEEN 1560614400 AND 1560700800 LIMIT 1   [ RunTime:0.0022s ]
INFO: [ app_end ] --START--
INFO: Run Behavior\ShowPageTraceBehavior [ RunTime:0.000446s ]
INFO: [ app_end ] --END-- [ RunTime:0.000486s ]

[ 2019-06-16T17:30:23+08:00 ] 112.65.61.226 /api.php?m=Api&c=Api&a=login&uid=0
INFO: [ app_init ] --START--
INFO: Run Behavior\BuildLiteBehavior [ RunTime:0.000018s ]
INFO: [ app_init ] --END-- [ RunTime:0.000293s ]
INFO: [ app_begin ] --START--
INFO: Run Behavior\ReadHtmlCacheBehavior [ RunTime:0.000332s ]
INFO: [ app_begin ] --END-- [ RunTime:0.000367s ]
NOTIC: [8] A session had already been started - ignoring session_start() /phpstudy/www/Gittext/game/Application/Api/Controller/ApiController.class.php 第 44 行.
SQL: SHOW COLUMNS FROM `dd_config` [ RunTime:0.0023s ]
SQL: SELECT * FROM `dd_config`  [ RunTime:0.0019s ]
NOTIC: [8] Undefined index: source /phpstudy/www/Gittext/game/Application/Api/Controller/ApiController.class.php 第 64 行.
SQL: SHOW COLUMNS FROM `dd_user_base` [ RunTime:0.0025s ]
SQL: SELECT * FROM `dd_user_base` WHERE `openid` = 'oRRcp4859VnN6bfZcmqUG2Bx5Gyk' LIMIT 1   [ RunTime:0.0021s ]
NOTIC: [8] Undefined index: userId /phpstudy/www/Gittext/game/Application/Api/Service/UserService.class.php 第 71 行.
SQL: SHOW COLUMNS FROM `dd_user` [ RunTime:0.0027s ]
SQL: SELECT * FROM `dd_user` WHERE `openid` = 'oRRcp4859VnN6bfZcmqUG2Bx5Gyk' LIMIT 1   [ RunTime:0.0020s ]
NOTIC: [2048] Non-static method Api\Service\GameService::getDuan() should not be called statically, assuming $this from incompatible context /phpstudy/www/Gittext/game/Application/Api/Service/UserService.class.php 第 91 行.
SQL: SELECT * FROM `dd_user_base` WHERE `openid` = 'oRRcp4859VnN6bfZcmqUG2Bx5Gyk' LIMIT 1   [ RunTime:0.0019s ]
NOTIC: [8] Undefined index: userId /phpstudy/www/Gittext/game/Application/Api/Service/UserService.class.php 第 71 行.
SQL: SHOW COLUMNS FROM `dd_login_log` [ RunTime:0.0022s ]
SQL: SELECT * FROM `dd_login_log` WHERE `user_id` = 244 AND `login_time` BETWEEN 1560614400 AND 1560700800 LIMIT 1   [ RunTime:0.0020s ]
SQL: SHOW COLUMNS FROM `dd_login_reward` [ RunTime:0.0023s ]
SQL: SELECT * FROM `dd_login_reward` WHERE `openid` = 'oRRcp4859VnN6bfZcmqUG2Bx5Gyk' AND `user_id` = '244' AND `create_date` BETWEEN '2019-06-10 00:00:00' AND '2019-06-16 23:59:59' ORDER BY create_date asc  [ RunTime:0.0020s ]
SQL: SELECT COUNT(*) AS tp_count FROM `dd_login_reward` WHERE `openid` = 'oRRcp4859VnN6bfZcmqUG2Bx5Gyk' AND `user_id` = '244' AND `create_date` BETWEEN '2019-06-10 00:00:00' AND '2019-06-16 23:59:59' LIMIT 1   [ RunTime:0.0019s ]
SQL: SELECT * FROM `dd_login_reward` WHERE `openid` = 'oRRcp4859VnN6bfZcmqUG2Bx5Gyk' AND `user_id` = '244' AND `create_date` BETWEEN '2019-06-16 00:00:00' AND '2019-06-16 23:59:59' LIMIT 1   [ RunTime:0.0020s ]
SQL: SHOW COLUMNS FROM `dd_user_slime` [ RunTime:0.0024s ]
SQL: SELECT `exp` FROM `dd_user_slime` WHERE `openid` = 'oRRcp4859VnN6bfZcmqUG2Bx5Gyk'  [ RunTime:0.0019s ]
NOTIC: [8] Undefined index: HTTP_CLIENT_IP /phpstudy/www/Gittext/game/Application/Common/Common/function.php 第 2784 行.
NOTIC: [8] Undefined index: HTTP_X_FORWARDED_FOR /phpstudy/www/Gittext/game/Application/Common/Common/function.php 第 2792 行.
SQL: SELECT * FROM `dd_login_log` WHERE `user_id` = 244 AND `login_time` BETWEEN 1560614400 AND 1560700800 LIMIT 1   [ RunTime:0.0019s ]
INFO: [ app_end ] --START--
INFO: Run Behavior\ShowPageTraceBehavior [ RunTime:0.000441s ]
INFO: [ app_end ] --END-- [ RunTime:0.000479s ]

