[ 2019-01-18T10:12:46+08:00 ] 127.0.0.1 /api.php?m=Api&c=api&a=friend
INFO: [ app_init ] --START--
INFO: Run Behavior\BuildLiteBehavior [ RunTime:0.000000s ]
INFO: [ app_init ] --END-- [ RunTime:0.002000s ]
INFO: [ app_begin ] --START--
INFO: Run Behavior\ReadHtmlCacheBehavior [ RunTime:0.002000s ]
INFO: [ app_begin ] --END-- [ RunTime:0.002000s ]
INFO: [ view_parse ] --START--
NOTIC: [2] file_get_contents(./Application/Api/View/include/commonjs.html): failed to open stream: No such file or directory C:\Users\Administrator\Desktop\123456\game\#DFrame\Library\Think\Template.class.php 第 1393 行.
INFO: [ template_filter ] --START--
INFO: Run Behavior\ContentReplaceBehavior [ RunTime:0.000000s ]
INFO: [ template_filter ] --END-- [ RunTime:0.000000s ]
INFO: Run Behavior\ParseTemplateBehavior [ RunTime:0.019001s ]
INFO: [ view_parse ] --END-- [ RunTime:0.019001s ]
INFO: [ view_filter ] --START--
INFO: Run Behavior\WriteHtmlCacheBehavior [ RunTime:0.003000s ]
INFO: [ view_filter ] --END-- [ RunTime:0.003000s ]
INFO: [ app_end ] --START--
INFO: Run Behavior\ShowPageTraceBehavior [ RunTime:0.002000s ]
INFO: [ app_end ] --END-- [ RunTime:0.002000s ]

[ 2019-01-18T15:15:58+08:00 ] 127.0.0.1 /api.php?m=Api&c=api&a=activity
INFO: [ app_init ] --START--
INFO: Run Behavior\BuildLiteBehavior [ RunTime:0.000000s ]
INFO: [ app_init ] --END-- [ RunTime:0.004000s ]
INFO: [ app_begin ] --START--
INFO: Run Behavior\ReadHtmlCacheBehavior [ RunTime:0.004001s ]
INFO: [ app_begin ] --END-- [ RunTime:0.005001s ]
ERR: 模板不存在:./Application/Api/View/Api/activity.html

[ 2019-01-18T15:16:10+08:00 ] 127.0.0.1 /api.php?m=Api&c=api&a=activity
INFO: [ app_init ] --START--
INFO: Run Behavior\BuildLiteBehavior [ RunTime:0.000000s ]
INFO: [ app_init ] --END-- [ RunTime:0.002000s ]
INFO: [ app_begin ] --START--
INFO: Run Behavior\ReadHtmlCacheBehavior [ RunTime:0.003000s ]
INFO: [ app_begin ] --END-- [ RunTime:0.003000s ]
ERR: 模板不存在:./Application/Api/View/Api/activity.html

[ 2019-01-18T15:16:11+08:00 ] 127.0.0.1 /api.php?m=Api&c=api&a=activity
INFO: [ app_init ] --START--
INFO: Run Behavior\BuildLiteBehavior [ RunTime:0.000000s ]
INFO: [ app_init ] --END-- [ RunTime:0.001000s ]
INFO: [ app_begin ] --START--
INFO: Run Behavior\ReadHtmlCacheBehavior [ RunTime:0.003000s ]
INFO: [ app_begin ] --END-- [ RunTime:0.003000s ]
ERR: 模板不存在:./Application/Api/View/Api/activity.html

[ 2019-01-18T15:16:12+08:00 ] 127.0.0.1 /api.php?m=Api&c=api&a=activity
INFO: [ app_init ] --START--
INFO: Run Behavior\BuildLiteBehavior [ RunTime:0.000000s ]
INFO: [ app_init ] --END-- [ RunTime:0.001000s ]
INFO: [ app_begin ] --START--
INFO: Run Behavior\ReadHtmlCacheBehavior [ RunTime:0.003000s ]
INFO: [ app_begin ] --END-- [ RunTime:0.003000s ]
ERR: 模板不存在:./Application/Api/View/Api/activity.html

[ 2019-01-18T15:16:14+08:00 ] 127.0.0.1 /api.php?m=Api&c=api&a=activity
INFO: [ app_init ] --START--
INFO: Run Behavior\BuildLiteBehavior [ RunTime:0.000000s ]
INFO: [ app_init ] --END-- [ RunTime:0.001000s ]
INFO: [ app_begin ] --START--
INFO: Run Behavior\ReadHtmlCacheBehavior [ RunTime:0.006001s ]
INFO: [ app_begin ] --END-- [ RunTime:0.006001s ]
ERR: 模板不存在:./Application/Api/View/Api/activity.html

[ 2019-01-18T15:16:27+08:00 ] 127.0.0.1 /api.php?m=Api&c=api&a=activity
INFO: [ app_init ] --START--
INFO: Run Behavior\BuildLiteBehavior [ RunTime:0.000000s ]
INFO: [ app_init ] --END-- [ RunTime:0.001000s ]
INFO: [ app_begin ] --START--
INFO: Run Behavior\ReadHtmlCacheBehavior [ RunTime:0.003000s ]
INFO: [ app_begin ] --END-- [ RunTime:0.003000s ]
ERR: 模板不存在:./Application/Api/View/Api/activity.html

[ 2019-01-18T15:17:19+08:00 ] 127.0.0.1 /api.php?m=Api&c=api&a=activity
INFO: [ app_init ] --START--
INFO: Run Behavior\BuildLiteBehavior [ RunTime:0.000000s ]
INFO: [ app_init ] --END-- [ RunTime:0.001000s ]
INFO: [ app_begin ] --START--
INFO: Run Behavior\ReadHtmlCacheBehavior [ RunTime:0.003000s ]
INFO: [ app_begin ] --END-- [ RunTime:0.003000s ]
ERR: 模板不存在:./Application/Api/View/Api/activity.html

[ 2019-01-18T15:17:23+08:00 ] 127.0.0.1 /api.php?m=Api&c=api&a=sign
INFO: [ app_init ] --START--
INFO: Run Behavior\BuildLiteBehavior [ RunTime:0.000000s ]
INFO: [ app_init ] --END-- [ RunTime:0.000000s ]
INFO: [ app_begin ] --START--
INFO: Run Behavior\ReadHtmlCacheBehavior [ RunTime:0.002000s ]
INFO: [ app_begin ] --END-- [ RunTime:0.002000s ]
INFO: [ view_parse ] --START--
NOTIC: [2] file_get_contents(./Application/Api/View/include/commonjs.html): failed to open stream: No such file or directory C:\Users\Administrator\Desktop\123456\game\#DFrame\Library\Think\Template.class.php 第 1393 行.
INFO: [ template_filter ] --START--
INFO: Run Behavior\ContentReplaceBehavior [ RunTime:0.000000s ]
INFO: [ template_filter ] --END-- [ RunTime:0.000000s ]
INFO: Run Behavior\ParseTemplateBehavior [ RunTime:0.054003s ]
INFO: [ view_parse ] --END-- [ RunTime:0.054003s ]
INFO: [ view_filter ] --START--
INFO: Run Behavior\WriteHtmlCacheBehavior [ RunTime:0.004000s ]
INFO: [ view_filter ] --END-- [ RunTime:0.004000s ]
INFO: [ app_end ] --START--
INFO: Run Behavior\ShowPageTraceBehavior [ RunTime:0.004001s ]
INFO: [ app_end ] --END-- [ RunTime:0.004001s ]

[ 2019-01-18T15:17:30+08:00 ] 127.0.0.1 /api.php?m=Api&c=api&a=activity
INFO: [ app_init ] --START--
INFO: Run Behavior\BuildLiteBehavior [ RunTime:0.000000s ]
INFO: [ app_init ] --END-- [ RunTime:0.000000s ]
INFO: [ app_begin ] --START--
INFO: Run Behavior\ReadHtmlCacheBehavior [ RunTime:0.003000s ]
INFO: [ app_begin ] --END-- [ RunTime:0.003000s ]
ERR: 模板不存在:./Application/Api/View/Api/activity.html

[ 2019-01-18T15:17:44+08:00 ] 127.0.0.1 /api.php?m=Api&c=api&a=activity
INFO: [ app_init ] --START--
INFO: Run Behavior\BuildLiteBehavior [ RunTime:0.000000s ]
INFO: [ app_init ] --END-- [ RunTime:0.001000s ]
INFO: [ app_begin ] --START--
INFO: Run Behavior\ReadHtmlCacheBehavior [ RunTime:0.003000s ]
INFO: [ app_begin ] --END-- [ RunTime:0.004000s ]
ERR: 模板不存在:./Application/Api/View/Api/activity.html

[ 2019-01-18T15:17:52+08:00 ] 127.0.0.1 /api.php?m=Api&c=api&a=activity
INFO: [ app_init ] --START--
INFO: Run Behavior\BuildLiteBehavior [ RunTime:0.000000s ]
INFO: [ app_init ] --END-- [ RunTime:0.001000s ]
INFO: [ app_begin ] --START--
INFO: Run Behavior\ReadHtmlCacheBehavior [ RunTime:0.002000s ]
INFO: [ app_begin ] --END-- [ RunTime:0.002000s ]
INFO: [ app_end ] --START--
INFO: Run Behavior\ShowPageTraceBehavior [ RunTime:0.002000s ]
INFO: [ app_end ] --END-- [ RunTime:0.002000s ]

[ 2019-01-18T15:18:37+08:00 ] 127.0.0.1 /api.php?m=Api&c=api&a=activity
INFO: [ app_init ] --START--
INFO: Run Behavior\BuildLiteBehavior [ RunTime:0.000000s ]
INFO: [ app_init ] --END-- [ RunTime:0.001000s ]
INFO: [ app_begin ] --START--
INFO: Run Behavior\ReadHtmlCacheBehavior [ RunTime:0.003000s ]
INFO: [ app_begin ] --END-- [ RunTime:0.004000s ]
INFO: [ app_end ] --START--
INFO: Run Behavior\ShowPageTraceBehavior [ RunTime:0.004000s ]
INFO: [ app_end ] --END-- [ RunTime:0.004000s ]

[ 2019-01-18T15:18:41+08:00 ] 127.0.0.1 /api.php?m=Api&c=api&a=activity
INFO: [ app_init ] --START--
INFO: Run Behavior\BuildLiteBehavior [ RunTime:0.000000s ]
INFO: [ app_init ] --END-- [ RunTime:0.001000s ]
INFO: [ app_begin ] --START--
INFO: Run Behavior\ReadHtmlCacheBehavior [ RunTime:0.002000s ]
INFO: [ app_begin ] --END-- [ RunTime:0.002000s ]
INFO: [ app_end ] --START--
INFO: Run Behavior\ShowPageTraceBehavior [ RunTime:0.002000s ]
INFO: [ app_end ] --END-- [ RunTime:0.002000s ]

[ 2019-01-18T15:18:55+08:00 ] 127.0.0.1 /api.php?m=Api&c=api&a=activity
INFO: [ app_init ] --START--
INFO: Run Behavior\BuildLiteBehavior [ RunTime:0.001000s ]
INFO: [ app_init ] --END-- [ RunTime:0.001000s ]
INFO: [ app_begin ] --START--
INFO: Run Behavior\ReadHtmlCacheBehavior [ RunTime:0.003000s ]
INFO: [ app_begin ] --END-- [ RunTime:0.004000s ]
INFO: [ app_end ] --START--
INFO: Run Behavior\ShowPageTraceBehavior [ RunTime:0.004000s ]
INFO: [ app_end ] --END-- [ RunTime:0.004000s ]

[ 2019-01-18T15:18:56+08:00 ] 127.0.0.1 /api.php?m=Api&c=api&a=activity
INFO: [ app_init ] --START--
INFO: Run Behavior\BuildLiteBehavior [ RunTime:0.000000s ]
INFO: [ app_init ] --END-- [ RunTime:0.001000s ]
INFO: [ app_begin ] --START--
INFO: Run Behavior\ReadHtmlCacheBehavior [ RunTime:0.002000s ]
INFO: [ app_begin ] --END-- [ RunTime:0.003000s ]
INFO: [ app_end ] --START--
INFO: Run Behavior\ShowPageTraceBehavior [ RunTime:0.002000s ]
INFO: [ app_end ] --END-- [ RunTime:0.002000s ]

[ 2019-01-18T15:18:56+08:00 ] 127.0.0.1 /api.php?m=Api&c=api&a=activity
INFO: [ app_init ] --START--
INFO: Run Behavior\BuildLiteBehavior [ RunTime:0.000000s ]
INFO: [ app_init ] --END-- [ RunTime:0.001000s ]
INFO: [ app_begin ] --START--
INFO: Run Behavior\ReadHtmlCacheBehavior [ RunTime:0.002000s ]
INFO: [ app_begin ] --END-- [ RunTime:0.002000s ]
INFO: [ app_end ] --START--
INFO: Run Behavior\ShowPageTraceBehavior [ RunTime:0.002001s ]
INFO: [ app_end ] --END-- [ RunTime:0.002001s ]

[ 2019-01-18T15:18:56+08:00 ] 127.0.0.1 /api.php?m=Api&c=api&a=activity
INFO: [ app_init ] --START--
INFO: Run Behavior\BuildLiteBehavior [ RunTime:0.000000s ]
INFO: [ app_init ] --END-- [ RunTime:0.001000s ]
INFO: [ app_begin ] --START--
INFO: Run Behavior\ReadHtmlCacheBehavior [ RunTime:0.003000s ]
INFO: [ app_begin ] --END-- [ RunTime:0.003000s ]
INFO: [ app_end ] --START--
INFO: Run Behavior\ShowPageTraceBehavior [ RunTime:0.003000s ]
INFO: [ app_end ] --END-- [ RunTime:0.003000s ]

[ 2019-01-18T15:18:57+08:00 ] 127.0.0.1 /api.php?m=Api&c=api&a=activity
INFO: [ app_init ] --START--
INFO: Run Behavior\BuildLiteBehavior [ RunTime:0.000000s ]
INFO: [ app_init ] --END-- [ RunTime:0.001000s ]
INFO: [ app_begin ] --START--
INFO: Run Behavior\ReadHtmlCacheBehavior [ RunTime:0.003000s ]
INFO: [ app_begin ] --END-- [ RunTime:0.003000s ]
INFO: [ app_end ] --START--
INFO: Run Behavior\ShowPageTraceBehavior [ RunTime:0.003000s ]
INFO: [ app_end ] --END-- [ RunTime:0.003000s ]

[ 2019-01-18T15:18:57+08:00 ] 127.0.0.1 /api.php?m=Api&c=api&a=activity
INFO: [ app_init ] --START--
INFO: Run Behavior\BuildLiteBehavior [ RunTime:0.000000s ]
INFO: [ app_init ] --END-- [ RunTime:0.001000s ]
INFO: [ app_begin ] --START--
INFO: Run Behavior\ReadHtmlCacheBehavior [ RunTime:0.003000s ]
INFO: [ app_begin ] --END-- [ RunTime:0.003000s ]
INFO: [ app_end ] --START--
INFO: Run Behavior\ShowPageTraceBehavior [ RunTime:0.003000s ]
INFO: [ app_end ] --END-- [ RunTime:0.003000s ]

[ 2019-01-18T15:19:01+08:00 ] 127.0.0.1 /api.php?m=Api&c=api&a=activity
INFO: [ app_init ] --START--
INFO: Run Behavior\BuildLiteBehavior [ RunTime:0.000000s ]
INFO: [ app_init ] --END-- [ RunTime:0.001000s ]
INFO: [ app_begin ] --START--
INFO: Run Behavior\ReadHtmlCacheBehavior [ RunTime:0.002001s ]
INFO: [ app_begin ] --END-- [ RunTime:0.002001s ]
INFO: [ view_parse ] --START--
NOTIC: [2] file_get_contents(./Application/Api/View/include/commonjs.html): failed to open stream: No such file or directory C:\Users\Administrator\Desktop\123456\game\#DFrame\Library\Think\Template.class.php 第 1393 行.
INFO: [ template_filter ] --START--
INFO: Run Behavior\ContentReplaceBehavior [ RunTime:0.000000s ]
INFO: [ template_filter ] --END-- [ RunTime:0.000000s ]
INFO: Run Behavior\ParseTemplateBehavior [ RunTime:0.021001s ]
INFO: [ view_parse ] --END-- [ RunTime:0.021001s ]
INFO: [ view_filter ] --START--
INFO: Run Behavior\WriteHtmlCacheBehavior [ RunTime:0.002000s ]
INFO: [ view_filter ] --END-- [ RunTime:0.002000s ]
INFO: [ app_end ] --START--
INFO: Run Behavior\ShowPageTraceBehavior [ RunTime:0.003000s ]
INFO: [ app_end ] --END-- [ RunTime:0.003000s ]

[ 2019-01-18T15:19:45+08:00 ] 127.0.0.1 /api.php?m=Api&c=api&a=activity
INFO: [ app_init ] --START--
INFO: Run Behavior\BuildLiteBehavior [ RunTime:0.000000s ]
INFO: [ app_init ] --END-- [ RunTime:0.001000s ]
INFO: [ app_begin ] --START--
INFO: Run Behavior\ReadHtmlCacheBehavior [ RunTime:0.003000s ]
INFO: [ app_begin ] --END-- [ RunTime:0.003000s ]
INFO: [ view_parse ] --START--
NOTIC: [2] file_get_contents(./Application/Api/View/include/commonjs.html): failed to open stream: No such file or directory C:\Users\Administrator\Desktop\123456\game\#DFrame\Library\Think\Template.class.php 第 1393 行.
INFO: [ template_filter ] --START--
INFO: Run Behavior\ContentReplaceBehavior [ RunTime:0.000000s ]
INFO: [ template_filter ] --END-- [ RunTime:0.000000s ]
INFO: Run Behavior\ParseTemplateBehavior [ RunTime:0.024001s ]
INFO: [ view_parse ] --END-- [ RunTime:0.024001s ]
INFO: [ view_filter ] --START--
INFO: Run Behavior\WriteHtmlCacheBehavior [ RunTime:0.004000s ]
INFO: [ view_filter ] --END-- [ RunTime:0.004000s ]
INFO: [ app_end ] --START--
INFO: Run Behavior\ShowPageTraceBehavior [ RunTime:0.004000s ]
INFO: [ app_end ] --END-- [ RunTime:0.004000s ]

[ 2019-01-18T15:21:36+08:00 ] 127.0.0.1 /api.php?m=Api&c=api&a=activity
INFO: [ app_init ] --START--
INFO: Run Behavior\BuildLiteBehavior [ RunTime:0.000000s ]
INFO: [ app_init ] --END-- [ RunTime:0.001000s ]
INFO: [ app_begin ] --START--
INFO: Run Behavior\ReadHtmlCacheBehavior [ RunTime:0.003000s ]
INFO: [ app_begin ] --END-- [ RunTime:0.003000s ]
INFO: [ view_parse ] --START--
NOTIC: [2] file_get_contents(./Application/Api/View/include/commonjs.html): failed to open stream: No such file or directory C:\Users\Administrator\Desktop\123456\game\#DFrame\Library\Think\Template.class.php 第 1393 行.
INFO: [ template_filter ] --START--
INFO: Run Behavior\ContentReplaceBehavior [ RunTime:0.000000s ]
INFO: [ template_filter ] --END-- [ RunTime:0.000000s ]
INFO: Run Behavior\ParseTemplateBehavior [ RunTime:0.019001s ]
INFO: [ view_parse ] --END-- [ RunTime:0.019001s ]
INFO: [ view_filter ] --START--
INFO: Run Behavior\WriteHtmlCacheBehavior [ RunTime:0.003000s ]
INFO: [ view_filter ] --END-- [ RunTime:0.003000s ]
INFO: [ app_end ] --START--
INFO: Run Behavior\ShowPageTraceBehavior [ RunTime:0.005000s ]
INFO: [ app_end ] --END-- [ RunTime:0.006000s ]

[ 2019-01-18T15:21:37+08:00 ] 127.0.0.1 /api.php?m=Api&c=api&a=activity
INFO: [ app_init ] --START--
INFO: Run Behavior\BuildLiteBehavior [ RunTime:0.000000s ]
INFO: [ app_init ] --END-- [ RunTime:0.002000s ]
INFO: [ app_begin ] --START--
INFO: Run Behavior\ReadHtmlCacheBehavior [ RunTime:0.003000s ]
INFO: [ app_begin ] --END-- [ RunTime:0.003000s ]
INFO: [ view_parse ] --START--
NOTIC: [2] file_get_contents(./Application/Api/View/include/commonjs.html): failed to open stream: No such file or directory C:\Users\Administrator\Desktop\123456\game\#DFrame\Library\Think\Template.class.php 第 1393 行.
INFO: [ template_filter ] --START--
INFO: Run Behavior\ContentReplaceBehavior [ RunTime:0.000000s ]
INFO: [ template_filter ] --END-- [ RunTime:0.001001s ]
INFO: Run Behavior\ParseTemplateBehavior [ RunTime:0.020001s ]
INFO: [ view_parse ] --END-- [ RunTime:0.021001s ]
INFO: [ view_filter ] --START--
INFO: Run Behavior\WriteHtmlCacheBehavior [ RunTime:0.002000s ]
INFO: [ view_filter ] --END-- [ RunTime:0.002000s ]
INFO: [ app_end ] --START--
INFO: Run Behavior\ShowPageTraceBehavior [ RunTime:0.002000s ]
INFO: [ app_end ] --END-- [ RunTime:0.002000s ]

[ 2019-01-18T15:21:44+08:00 ] 127.0.0.1 /api.php?m=Api&c=api&a=activity
INFO: [ app_init ] --START--
INFO: Run Behavior\BuildLiteBehavior [ RunTime:0.000000s ]
INFO: [ app_init ] --END-- [ RunTime:0.001000s ]
INFO: [ app_begin ] --START--
INFO: Run Behavior\ReadHtmlCacheBehavior [ RunTime:0.003000s ]
INFO: [ app_begin ] --END-- [ RunTime:0.003000s ]
INFO: [ view_parse ] --START--
NOTIC: [2] file_get_contents(./Application/Api/View/include/commonjs.html): failed to open stream: No such file or directory C:\Users\Administrator\Desktop\123456\game\#DFrame\Library\Think\Template.class.php 第 1393 行.
INFO: [ template_filter ] --START--
INFO: Run Behavior\ContentReplaceBehavior [ RunTime:0.000000s ]
INFO: [ template_filter ] --END-- [ RunTime:0.000000s ]
INFO: Run Behavior\ParseTemplateBehavior [ RunTime:0.021001s ]
INFO: [ view_parse ] --END-- [ RunTime:0.021001s ]
INFO: [ view_filter ] --START--
INFO: Run Behavior\WriteHtmlCacheBehavior [ RunTime:0.004000s ]
INFO: [ view_filter ] --END-- [ RunTime:0.005000s ]
INFO: [ app_end ] --START--
INFO: Run Behavior\ShowPageTraceBehavior [ RunTime:0.003000s ]
INFO: [ app_end ] --END-- [ RunTime:0.003000s ]

[ 2019-01-18T15:21:45+08:00 ] 127.0.0.1 /api.php?m=Api&c=api&a=activity
INFO: [ app_init ] --START--
INFO: Run Behavior\BuildLiteBehavior [ RunTime:0.000000s ]
INFO: [ app_init ] --END-- [ RunTime:0.001000s ]
INFO: [ app_begin ] --START--
INFO: Run Behavior\ReadHtmlCacheBehavior [ RunTime:0.002000s ]
INFO: [ app_begin ] --END-- [ RunTime:0.003000s ]
INFO: [ view_parse ] --START--
NOTIC: [2] file_get_contents(./Application/Api/View/include/commonjs.html): failed to open stream: No such file or directory C:\Users\Administrator\Desktop\123456\game\#DFrame\Library\Think\Template.class.php 第 1393 行.
INFO: [ template_filter ] --START--
INFO: Run Behavior\ContentReplaceBehavior [ RunTime:0.000000s ]
INFO: [ template_filter ] --END-- [ RunTime:0.000000s ]
INFO: Run Behavior\ParseTemplateBehavior [ RunTime:0.019001s ]
INFO: [ view_parse ] --END-- [ RunTime:0.019001s ]
INFO: [ view_filter ] --START--
INFO: Run Behavior\WriteHtmlCacheBehavior [ RunTime:0.003000s ]
INFO: [ view_filter ] --END-- [ RunTime:0.003000s ]
INFO: [ app_end ] --START--
INFO: Run Behavior\ShowPageTraceBehavior [ RunTime:0.002000s ]
INFO: [ app_end ] --END-- [ RunTime:0.003000s ]

[ 2019-01-18T15:21:45+08:00 ] 127.0.0.1 /api.php?m=Api&c=api&a=activity
INFO: [ app_init ] --START--
INFO: Run Behavior\BuildLiteBehavior [ RunTime:0.000000s ]
INFO: [ app_init ] --END-- [ RunTime:0.001000s ]
INFO: [ app_begin ] --START--
INFO: Run Behavior\ReadHtmlCacheBehavior [ RunTime:0.002000s ]
INFO: [ app_begin ] --END-- [ RunTime:0.002000s ]
INFO: [ view_parse ] --START--
NOTIC: [2] file_get_contents(./Application/Api/View/include/commonjs.html): failed to open stream: No such file or directory C:\Users\Administrator\Desktop\123456\game\#DFrame\Library\Think\Template.class.php 第 1393 行.
INFO: [ template_filter ] --START--
INFO: Run Behavior\ContentReplaceBehavior [ RunTime:0.000000s ]
INFO: [ template_filter ] --END-- [ RunTime:0.000000s ]
INFO: Run Behavior\ParseTemplateBehavior [ RunTime:0.018001s ]
INFO: [ view_parse ] --END-- [ RunTime:0.018001s ]
INFO: [ view_filter ] --START--
INFO: Run Behavior\WriteHtmlCacheBehavior [ RunTime:0.002001s ]
INFO: [ view_filter ] --END-- [ RunTime:0.003001s ]
INFO: [ app_end ] --START--
INFO: Run Behavior\ShowPageTraceBehavior [ RunTime:0.002000s ]
INFO: [ app_end ] --END-- [ RunTime:0.002000s ]

[ 2019-01-18T15:21:46+08:00 ] 127.0.0.1 /api.php?m=Api&c=api&a=activity
INFO: [ app_init ] --START--
INFO: Run Behavior\BuildLiteBehavior [ RunTime:0.000000s ]
INFO: [ app_init ] --END-- [ RunTime:0.001000s ]
INFO: [ app_begin ] --START--
INFO: Run Behavior\ReadHtmlCacheBehavior [ RunTime:0.002001s ]
INFO: [ app_begin ] --END-- [ RunTime:0.002001s ]
INFO: [ view_parse ] --START--
NOTIC: [2] file_get_contents(./Application/Api/View/include/commonjs.html): failed to open stream: No such file or directory C:\Users\Administrator\Desktop\123456\game\#DFrame\Library\Think\Template.class.php 第 1393 行.
INFO: [ template_filter ] --START--
INFO: Run Behavior\ContentReplaceBehavior [ RunTime:0.001000s ]
INFO: [ template_filter ] --END-- [ RunTime:0.001000s ]
INFO: Run Behavior\ParseTemplateBehavior [ RunTime:0.020001s ]
INFO: [ view_parse ] --END-- [ RunTime:0.021001s ]
INFO: [ view_filter ] --START--
INFO: Run Behavior\WriteHtmlCacheBehavior [ RunTime:0.002000s ]
INFO: [ view_filter ] --END-- [ RunTime:0.002000s ]
INFO: [ app_end ] --START--
INFO: Run Behavior\ShowPageTraceBehavior [ RunTime:0.004000s ]
INFO: [ app_end ] --END-- [ RunTime:0.004000s ]

[ 2019-01-18T15:22:46+08:00 ] 127.0.0.1 /api.php?m=Api&c=api&a=activity
INFO: [ app_init ] --START--
INFO: Run Behavior\BuildLiteBehavior [ RunTime:0.000000s ]
INFO: [ app_init ] --END-- [ RunTime:0.001000s ]
INFO: [ app_begin ] --START--
INFO: Run Behavior\ReadHtmlCacheBehavior [ RunTime:0.003000s ]
INFO: [ app_begin ] --END-- [ RunTime:0.003000s ]
INFO: [ view_parse ] --START--
NOTIC: [2] file_get_contents(./Application/Api/View/include/commonjs.html): failed to open stream: No such file or directory C:\Users\Administrator\Desktop\123456\game\#DFrame\Library\Think\Template.class.php 第 1393 行.
INFO: [ template_filter ] --START--
INFO: Run Behavior\ContentReplaceBehavior [ RunTime:0.000000s ]
INFO: [ template_filter ] --END-- [ RunTime:0.000000s ]
INFO: Run Behavior\ParseTemplateBehavior [ RunTime:0.021001s ]
INFO: [ view_parse ] --END-- [ RunTime:0.022001s ]
INFO: [ view_filter ] --START--
INFO: Run Behavior\WriteHtmlCacheBehavior [ RunTime:0.003000s ]
INFO: [ view_filter ] --END-- [ RunTime:0.003000s ]
INFO: [ app_end ] --START--
INFO: Run Behavior\ShowPageTraceBehavior [ RunTime:0.002000s ]
INFO: [ app_end ] --END-- [ RunTime:0.004000s ]

[ 2019-01-18T15:22:47+08:00 ] 127.0.0.1 /api.php?m=Api&c=api&a=activity
INFO: [ app_init ] --START--
INFO: Run Behavior\BuildLiteBehavior [ RunTime:0.000000s ]
INFO: [ app_init ] --END-- [ RunTime:0.001000s ]
INFO: [ app_begin ] --START--
INFO: Run Behavior\ReadHtmlCacheBehavior [ RunTime:0.002000s ]
INFO: [ app_begin ] --END-- [ RunTime:0.002000s ]
INFO: [ view_parse ] --START--
NOTIC: [2] file_get_contents(./Application/Api/View/include/commonjs.html): failed to open stream: No such file or directory C:\Users\Administrator\Desktop\123456\game\#DFrame\Library\Think\Template.class.php 第 1393 行.
INFO: [ template_filter ] --START--
INFO: Run Behavior\ContentReplaceBehavior [ RunTime:0.000000s ]
INFO: [ template_filter ] --END-- [ RunTime:0.001000s ]
INFO: Run Behavior\ParseTemplateBehavior [ RunTime:0.020001s ]
INFO: [ view_parse ] --END-- [ RunTime:0.020001s ]
INFO: [ view_filter ] --START--
INFO: Run Behavior\WriteHtmlCacheBehavior [ RunTime:0.003000s ]
INFO: [ view_filter ] --END-- [ RunTime:0.003000s ]
INFO: [ app_end ] --START--
INFO: Run Behavior\ShowPageTraceBehavior [ RunTime:0.002001s ]
INFO: [ app_end ] --END-- [ RunTime:0.003001s ]

[ 2019-01-18T15:23:36+08:00 ] 127.0.0.1 /api.php?m=Api&c=api&a=activity
INFO: [ app_init ] --START--
INFO: Run Behavior\BuildLiteBehavior [ RunTime:0.000000s ]
INFO: [ app_init ] --END-- [ RunTime:0.001000s ]
INFO: [ app_begin ] --START--
INFO: Run Behavior\ReadHtmlCacheBehavior [ RunTime:0.006000s ]
INFO: [ app_begin ] --END-- [ RunTime:0.006000s ]
INFO: [ view_parse ] --START--
NOTIC: [2] file_get_contents(./Application/Api/View/include/commonjs.html): failed to open stream: No such file or directory C:\Users\Administrator\Desktop\123456\game\#DFrame\Library\Think\Template.class.php 第 1393 行.
INFO: [ template_filter ] --START--
INFO: Run Behavior\ContentReplaceBehavior [ RunTime:0.000000s ]
INFO: [ template_filter ] --END-- [ RunTime:0.000000s ]
INFO: Run Behavior\ParseTemplateBehavior [ RunTime:0.049002s ]
INFO: [ view_parse ] --END-- [ RunTime:0.049002s ]
INFO: [ view_filter ] --START--
INFO: Run Behavior\WriteHtmlCacheBehavior [ RunTime:0.003001s ]
INFO: [ view_filter ] --END-- [ RunTime:0.003001s ]
INFO: [ app_end ] --START--
INFO: Run Behavior\ShowPageTraceBehavior [ RunTime:0.003000s ]
INFO: [ app_end ] --END-- [ RunTime:0.003000s ]

[ 2019-01-18T15:23:52+08:00 ] 127.0.0.1 /api.php?m=Api&c=api&a=activity
INFO: [ app_init ] --START--
INFO: Run Behavior\BuildLiteBehavior [ RunTime:0.000000s ]
INFO: [ app_init ] --END-- [ RunTime:0.001001s ]
INFO: [ app_begin ] --START--
INFO: Run Behavior\ReadHtmlCacheBehavior [ RunTime:0.002000s ]
INFO: [ app_begin ] --END-- [ RunTime:0.002000s ]
INFO: [ view_parse ] --START--
NOTIC: [2] file_get_contents(./Application/Api/View/include/commonjs.html): failed to open stream: No such file or directory C:\Users\Administrator\Desktop\123456\game\#DFrame\Library\Think\Template.class.php 第 1393 行.
INFO: [ template_filter ] --START--
INFO: Run Behavior\ContentReplaceBehavior [ RunTime:0.000000s ]
INFO: [ template_filter ] --END-- [ RunTime:0.000000s ]
INFO: Run Behavior\ParseTemplateBehavior [ RunTime:0.020001s ]
INFO: [ view_parse ] --END-- [ RunTime:0.020001s ]
INFO: [ view_filter ] --START--
INFO: Run Behavior\WriteHtmlCacheBehavior [ RunTime:0.006000s ]
INFO: [ view_filter ] --END-- [ RunTime:0.006000s ]
INFO: [ app_end ] --START--
INFO: Run Behavior\ShowPageTraceBehavior [ RunTime:0.006000s ]
INFO: [ app_end ] --END-- [ RunTime:0.006000s ]

[ 2019-01-18T15:23:52+08:00 ] 127.0.0.1 /api.php?m=Api&c=api&a=activity
INFO: [ app_init ] --START--
INFO: Run Behavior\BuildLiteBehavior [ RunTime:0.000000s ]
INFO: [ app_init ] --END-- [ RunTime:0.001000s ]
INFO: [ app_begin ] --START--
INFO: Run Behavior\ReadHtmlCacheBehavior [ RunTime:0.003000s ]
INFO: [ app_begin ] --END-- [ RunTime:0.003000s ]
INFO: [ view_parse ] --START--
NOTIC: [2] file_get_contents(./Application/Api/View/include/commonjs.html): failed to open stream: No such file or directory C:\Users\Administrator\Desktop\123456\game\#DFrame\Library\Think\Template.class.php 第 1393 行.
INFO: [ template_filter ] --START--
INFO: Run Behavior\ContentReplaceBehavior [ RunTime:0.000000s ]
INFO: [ template_filter ] --END-- [ RunTime:0.000000s ]
INFO: Run Behavior\ParseTemplateBehavior [ RunTime:0.025001s ]
INFO: [ view_parse ] --END-- [ RunTime:0.025001s ]
INFO: [ view_filter ] --START--
INFO: Run Behavior\WriteHtmlCacheBehavior [ RunTime:0.002000s ]
INFO: [ view_filter ] --END-- [ RunTime:0.002000s ]
INFO: [ app_end ] --START--
INFO: Run Behavior\ShowPageTraceBehavior [ RunTime:0.003000s ]
INFO: [ app_end ] --END-- [ RunTime:0.003000s ]

[ 2019-01-18T15:23:53+08:00 ] 127.0.0.1 /api.php?m=Api&c=api&a=activity
INFO: [ app_init ] --START--
INFO: Run Behavior\BuildLiteBehavior [ RunTime:0.000000s ]
INFO: [ app_init ] --END-- [ RunTime:0.001001s ]
INFO: [ app_begin ] --START--
INFO: Run Behavior\ReadHtmlCacheBehavior [ RunTime:0.003000s ]
INFO: [ app_begin ] --END-- [ RunTime:0.003000s ]
INFO: [ view_parse ] --START--
NOTIC: [2] file_get_contents(./Application/Api/View/include/commonjs.html): failed to open stream: No such file or directory C:\Users\Administrator\Desktop\123456\game\#DFrame\Library\Think\Template.class.php 第 1393 行.
INFO: [ template_filter ] --START--
INFO: Run Behavior\ContentReplaceBehavior [ RunTime:0.000000s ]
INFO: [ template_filter ] --END-- [ RunTime:0.000000s ]
INFO: Run Behavior\ParseTemplateBehavior [ RunTime:0.019001s ]
INFO: [ view_parse ] --END-- [ RunTime:0.019001s ]
INFO: [ view_filter ] --START--
INFO: Run Behavior\WriteHtmlCacheBehavior [ RunTime:0.002000s ]
INFO: [ view_filter ] --END-- [ RunTime:0.002000s ]
INFO: [ app_end ] --START--
INFO: Run Behavior\ShowPageTraceBehavior [ RunTime:0.003000s ]
INFO: [ app_end ] --END-- [ RunTime:0.003000s ]

[ 2019-01-18T15:23:57+08:00 ] 127.0.0.1 /api.php?m=Api&c=api&a=activity
INFO: [ app_init ] --START--
INFO: Run Behavior\BuildLiteBehavior [ RunTime:0.000000s ]
INFO: [ app_init ] --END-- [ RunTime:0.001000s ]
INFO: [ app_begin ] --START--
INFO: Run Behavior\ReadHtmlCacheBehavior [ RunTime:0.003000s ]
INFO: [ app_begin ] --END-- [ RunTime:0.003000s ]
INFO: [ view_parse ] --START--
NOTIC: [2] file_get_contents(./Application/Api/View/include/commonjs.html): failed to open stream: No such file or directory C:\Users\Administrator\Desktop\123456\game\#DFrame\Library\Think\Template.class.php 第 1393 行.
INFO: [ template_filter ] --START--
INFO: Run Behavior\ContentReplaceBehavior [ RunTime:0.000000s ]
INFO: [ template_filter ] --END-- [ RunTime:0.000000s ]
INFO: Run Behavior\ParseTemplateBehavior [ RunTime:0.027002s ]
INFO: [ view_parse ] --END-- [ RunTime:0.027002s ]
INFO: [ view_filter ] --START--
INFO: Run Behavior\WriteHtmlCacheBehavior [ RunTime:0.002000s ]
INFO: [ view_filter ] --END-- [ RunTime:0.003000s ]
INFO: [ app_end ] --START--
INFO: Run Behavior\ShowPageTraceBehavior [ RunTime:0.003000s ]
INFO: [ app_end ] --END-- [ RunTime:0.003000s ]

[ 2019-01-18T15:25:34+08:00 ] 127.0.0.1 /api.php?m=Api&c=api&a=activity
INFO: [ app_init ] --START--
INFO: Run Behavior\BuildLiteBehavior [ RunTime:0.000000s ]
INFO: [ app_init ] --END-- [ RunTime:0.001000s ]
INFO: [ app_begin ] --START--
INFO: Run Behavior\ReadHtmlCacheBehavior [ RunTime:0.005000s ]
INFO: [ app_begin ] --END-- [ RunTime:0.005000s ]
INFO: [ view_parse ] --START--
NOTIC: [2] file_get_contents(./Application/Api/View/include/commonjs.html): failed to open stream: No such file or directory C:\Users\Administrator\Desktop\123456\game\#DFrame\Library\Think\Template.class.php 第 1393 行.
INFO: [ template_filter ] --START--
INFO: Run Behavior\ContentReplaceBehavior [ RunTime:0.000000s ]
INFO: [ template_filter ] --END-- [ RunTime:0.001000s ]
INFO: Run Behavior\ParseTemplateBehavior [ RunTime:0.022001s ]
INFO: [ view_parse ] --END-- [ RunTime:0.022001s ]
INFO: [ view_filter ] --START--
INFO: Run Behavior\WriteHtmlCacheBehavior [ RunTime:0.002001s ]
INFO: [ view_filter ] --END-- [ RunTime:0.003001s ]
INFO: [ app_end ] --START--
INFO: Run Behavior\ShowPageTraceBehavior [ RunTime:0.003000s ]
INFO: [ app_end ] --END-- [ RunTime:0.003000s ]

[ 2019-01-18T15:28:06+08:00 ] 127.0.0.1 /api.php?m=Api&c=api&a=activity
INFO: [ app_init ] --START--
INFO: Run Behavior\BuildLiteBehavior [ RunTime:0.000000s ]
INFO: [ app_init ] --END-- [ RunTime:0.001000s ]
INFO: [ app_begin ] --START--
INFO: Run Behavior\ReadHtmlCacheBehavior [ RunTime:0.004000s ]
INFO: [ app_begin ] --END-- [ RunTime:0.004000s ]
SQL: SHOW COLUMNS FROM `dd_activity_info` [ RunTime:0.0150s ]
SQL: SELECT * FROM `dd_activity_info`  [ RunTime:0.0010s ]
INFO: [ view_parse ] --START--
NOTIC: [2] file_get_contents(./Application/Api/View/include/commonjs.html): failed to open stream: No such file or directory C:\Users\Administrator\Desktop\123456\game\#DFrame\Library\Think\Template.class.php 第 1393 行.
INFO: [ template_filter ] --START--
INFO: Run Behavior\ContentReplaceBehavior [ RunTime:0.000000s ]
INFO: [ template_filter ] --END-- [ RunTime:0.000000s ]
INFO: Run Behavior\ParseTemplateBehavior [ RunTime:0.021001s ]
INFO: [ view_parse ] --END-- [ RunTime:0.022001s ]
INFO: [ view_filter ] --START--
INFO: Run Behavior\WriteHtmlCacheBehavior [ RunTime:0.002000s ]
INFO: [ view_filter ] --END-- [ RunTime:0.002000s ]
INFO: [ app_end ] --START--
INFO: Run Behavior\ShowPageTraceBehavior [ RunTime:0.003001s ]
INFO: [ app_end ] --END-- [ RunTime:0.003001s ]

[ 2019-01-18T15:34:50+08:00 ] 127.0.0.1 /api.php?m=Api&c=api&a=activity
INFO: [ app_init ] --START--
INFO: Run Behavior\BuildLiteBehavior [ RunTime:0.000000s ]
INFO: [ app_init ] --END-- [ RunTime:0.001000s ]
INFO: [ app_begin ] --START--
INFO: Run Behavior\ReadHtmlCacheBehavior [ RunTime:0.002000s ]
INFO: [ app_begin ] --END-- [ RunTime:0.002000s ]
SQL: SHOW COLUMNS FROM `dd_activity_info` [ RunTime:0.0170s ]
SQL: SELECT * FROM `dd_activity_info`  [ RunTime:0.0000s ]
NOTIC: [8] Undefined index: send_time C:\Users\Administrator\Desktop\123456\game\Application\Api\Controller\ApiController.class.php 第 253 行.

[ 2019-01-18T15:35:27+08:00 ] 127.0.0.1 /api.php?m=Api&c=api&a=activity
INFO: [ app_init ] --START--
INFO: Run Behavior\BuildLiteBehavior [ RunTime:0.000000s ]
INFO: [ app_init ] --END-- [ RunTime:0.001000s ]
INFO: [ app_begin ] --START--
INFO: Run Behavior\ReadHtmlCacheBehavior [ RunTime:0.002000s ]
INFO: [ app_begin ] --END-- [ RunTime:0.002000s ]
SQL: SHOW COLUMNS FROM `dd_activity_info` [ RunTime:0.0160s ]
SQL: SELECT * FROM `dd_activity_info`  [ RunTime:0.0010s ]
NOTIC: [8] Undefined index: send_time C:\Users\Administrator\Desktop\123456\game\Application\Api\Controller\ApiController.class.php 第 253 行.

[ 2019-01-18T15:35:40+08:00 ] 127.0.0.1 /api.php?m=Api&c=api&a=activity
INFO: [ app_init ] --START--
INFO: Run Behavior\BuildLiteBehavior [ RunTime:0.000000s ]
INFO: [ app_init ] --END-- [ RunTime:0.001000s ]
INFO: [ app_begin ] --START--
INFO: Run Behavior\ReadHtmlCacheBehavior [ RunTime:0.003000s ]
INFO: [ app_begin ] --END-- [ RunTime:0.003000s ]
SQL: SHOW COLUMNS FROM `dd_activity_info` [ RunTime:0.0140s ]
SQL: SELECT * FROM `dd_activity_info`  [ RunTime:0.0010s ]
NOTIC: [8] Undefined index: send_time C:\Users\Administrator\Desktop\123456\game\Application\Api\Controller\ApiController.class.php 第 253 行.
NOTIC: [2] date() expects at least 1 parameter, 0 given C:\Users\Administrator\Desktop\123456\game\Application\Api\Controller\ApiController.class.php 第 254 行.

[ 2019-01-18T15:36:21+08:00 ] 127.0.0.1 /api.php?m=Api&c=api&a=activity
INFO: [ app_init ] --START--
INFO: Run Behavior\BuildLiteBehavior [ RunTime:0.000000s ]
INFO: [ app_init ] --END-- [ RunTime:0.001000s ]
INFO: [ app_begin ] --START--
INFO: Run Behavior\ReadHtmlCacheBehavior [ RunTime:0.002000s ]
INFO: [ app_begin ] --END-- [ RunTime:0.002000s ]
SQL: SHOW COLUMNS FROM `dd_activity_info` [ RunTime:0.0150s ]
SQL: SELECT * FROM `dd_activity_info`  [ RunTime:0.0010s ]
NOTIC: [8] Undefined index: send_time C:\Users\Administrator\Desktop\123456\game\Application\Api\Controller\ApiController.class.php 第 253 行.

[ 2019-01-18T15:36:47+08:00 ] 127.0.0.1 /api.php?m=Api&c=api&a=activity
INFO: [ app_init ] --START--
INFO: Run Behavior\BuildLiteBehavior [ RunTime:0.000000s ]
INFO: [ app_init ] --END-- [ RunTime:0.001000s ]
INFO: [ app_begin ] --START--
INFO: Run Behavior\ReadHtmlCacheBehavior [ RunTime:0.002000s ]
INFO: [ app_begin ] --END-- [ RunTime:0.002000s ]
SQL: SHOW COLUMNS FROM `dd_activity_info` [ RunTime:0.0150s ]
SQL: SELECT * FROM `dd_activity_info`  [ RunTime:0.0010s ]
NOTIC: [8] Undefined index: send_time C:\Users\Administrator\Desktop\123456\game\Application\Api\Controller\ApiController.class.php 第 253 行.
NOTIC: [8] Undefined index: send_time C:\Users\Administrator\Desktop\123456\game\Application\Api\Controller\ApiController.class.php 第 254 行.

[ 2019-01-18T15:37:12+08:00 ] 127.0.0.1 /api.php?m=Api&c=api&a=activity
INFO: [ app_init ] --START--
INFO: Run Behavior\BuildLiteBehavior [ RunTime:0.000000s ]
INFO: [ app_init ] --END-- [ RunTime:0.001000s ]
INFO: [ app_begin ] --START--
INFO: Run Behavior\ReadHtmlCacheBehavior [ RunTime:0.002000s ]
INFO: [ app_begin ] --END-- [ RunTime:0.002000s ]
SQL: SHOW COLUMNS FROM `dd_activity_info` [ RunTime:0.0140s ]
SQL: SELECT * FROM `dd_activity_info`  [ RunTime:0.0010s ]
INFO: [ view_parse ] --START--
NOTIC: [2] file_get_contents(./Application/Api/View/include/commonjs.html): failed to open stream: No such file or directory C:\Users\Administrator\Desktop\123456\game\#DFrame\Library\Think\Template.class.php 第 1393 行.
INFO: [ template_filter ] --START--
INFO: Run Behavior\ContentReplaceBehavior [ RunTime:0.001000s ]
INFO: [ template_filter ] --END-- [ RunTime:0.001000s ]
INFO: Run Behavior\ParseTemplateBehavior [ RunTime:0.022001s ]
INFO: [ view_parse ] --END-- [ RunTime:0.022001s ]
INFO: [ view_filter ] --START--
INFO: Run Behavior\WriteHtmlCacheBehavior [ RunTime:0.003001s ]
INFO: [ view_filter ] --END-- [ RunTime:0.003001s ]
INFO: [ app_end ] --START--
INFO: Run Behavior\ShowPageTraceBehavior [ RunTime:0.003000s ]
INFO: [ app_end ] --END-- [ RunTime:0.003000s ]

[ 2019-01-18T15:38:49+08:00 ] 127.0.0.1 /api.php?m=Api&c=api&a=activity
INFO: [ app_init ] --START--
INFO: Run Behavior\BuildLiteBehavior [ RunTime:0.001000s ]
INFO: [ app_init ] --END-- [ RunTime:0.002000s ]
INFO: [ app_begin ] --START--
INFO: Run Behavior\ReadHtmlCacheBehavior [ RunTime:0.003000s ]
INFO: [ app_begin ] --END-- [ RunTime:0.003000s ]

[ 2019-01-18T15:39:23+08:00 ] 127.0.0.1 /api.php?m=Api&c=api&a=activity
INFO: [ app_init ] --START--
INFO: Run Behavior\BuildLiteBehavior [ RunTime:0.000000s ]
INFO: [ app_init ] --END-- [ RunTime:0.001000s ]
INFO: [ app_begin ] --START--
INFO: Run Behavior\ReadHtmlCacheBehavior [ RunTime:0.003000s ]
INFO: [ app_begin ] --END-- [ RunTime:0.003000s ]
SQL: SHOW COLUMNS FROM `dd_activity_info` [ RunTime:0.0170s ]
SQL: SELECT * FROM `dd_activity_info`  [ RunTime:0.0010s ]
NOTIC: [8] Undefined index: send_time C:\Users\Administrator\Desktop\123456\game\Application\Api\Controller\ApiController.class.php 第 253 行.
INFO: [ view_parse ] --START--
NOTIC: [2] file_get_contents(./Application/Api/View/include/commonjs.html): failed to open stream: No such file or directory C:\Users\Administrator\Desktop\123456\game\#DFrame\Library\Think\Template.class.php 第 1393 行.
INFO: [ template_filter ] --START--
INFO: Run Behavior\ContentReplaceBehavior [ RunTime:0.001000s ]
INFO: [ template_filter ] --END-- [ RunTime:0.001000s ]
INFO: Run Behavior\ParseTemplateBehavior [ RunTime:0.045002s ]
INFO: [ view_parse ] --END-- [ RunTime:0.046002s ]
INFO: [ view_filter ] --START--
INFO: Run Behavior\WriteHtmlCacheBehavior [ RunTime:0.003000s ]
INFO: [ view_filter ] --END-- [ RunTime:0.003000s ]
INFO: [ app_end ] --START--
INFO: Run Behavior\ShowPageTraceBehavior [ RunTime:0.002000s ]
INFO: [ app_end ] --END-- [ RunTime:0.002000s ]

[ 2019-01-18T15:41:05+08:00 ] 127.0.0.1 /api.php?m=Api&c=api&a=activity
INFO: [ app_init ] --START--
INFO: Run Behavior\BuildLiteBehavior [ RunTime:0.000000s ]
INFO: [ app_init ] --END-- [ RunTime:0.001000s ]
INFO: [ app_begin ] --START--
INFO: Run Behavior\ReadHtmlCacheBehavior [ RunTime:0.004001s ]
INFO: [ app_begin ] --END-- [ RunTime:0.004001s ]
SQL: SHOW COLUMNS FROM `dd_activity_info` [ RunTime:0.0230s ]
SQL: SELECT * FROM `dd_activity_info`  [ RunTime:0.0010s ]
NOTIC: [8] Undefined index: send_time C:\Users\Administrator\Desktop\123456\game\Application\Api\Controller\ApiController.class.php 第 253 行.
INFO: [ view_parse ] --START--
NOTIC: [2] file_get_contents(./Application/Api/View/include/commonjs.html): failed to open stream: No such file or directory C:\Users\Administrator\Desktop\123456\game\#DFrame\Library\Think\Template.class.php 第 1393 行.
INFO: [ template_filter ] --START--
INFO: Run Behavior\ContentReplaceBehavior [ RunTime:0.000000s ]
INFO: [ template_filter ] --END-- [ RunTime:0.001000s ]
INFO: Run Behavior\ParseTemplateBehavior [ RunTime:0.021001s ]
INFO: [ view_parse ] --END-- [ RunTime:0.021001s ]
INFO: [ view_filter ] --START--
INFO: Run Behavior\WriteHtmlCacheBehavior [ RunTime:0.002001s ]
INFO: [ view_filter ] --END-- [ RunTime:0.003001s ]
INFO: [ app_end ] --START--
INFO: Run Behavior\ShowPageTraceBehavior [ RunTime:0.002000s ]
INFO: [ app_end ] --END-- [ RunTime:0.002000s ]

[ 2019-01-18T15:41:08+08:00 ] 127.0.0.1 /api.php?m=Api&c=api&a=activity
INFO: [ app_init ] --START--
INFO: Run Behavior\BuildLiteBehavior [ RunTime:0.001000s ]
INFO: [ app_init ] --END-- [ RunTime:0.002000s ]
INFO: [ app_begin ] --START--
INFO: Run Behavior\ReadHtmlCacheBehavior [ RunTime:0.002000s ]
INFO: [ app_begin ] --END-- [ RunTime:0.004000s ]
SQL: SHOW COLUMNS FROM `dd_activity_info` [ RunTime:0.0160s ]
SQL: SELECT * FROM `dd_activity_info`  [ RunTime:0.0010s ]
NOTIC: [8] Undefined index: send_time C:\Users\Administrator\Desktop\123456\game\Application\Api\Controller\ApiController.class.php 第 253 行.
INFO: [ view_parse ] --START--
NOTIC: [2] file_get_contents(./Application/Api/View/include/commonjs.html): failed to open stream: No such file or directory C:\Users\Administrator\Desktop\123456\game\#DFrame\Library\Think\Template.class.php 第 1393 行.
INFO: [ template_filter ] --START--
INFO: Run Behavior\ContentReplaceBehavior [ RunTime:0.000000s ]
INFO: [ template_filter ] --END-- [ RunTime:0.001000s ]
INFO: Run Behavior\ParseTemplateBehavior [ RunTime:0.024002s ]
INFO: [ view_parse ] --END-- [ RunTime:0.024002s ]
INFO: [ view_filter ] --START--
INFO: Run Behavior\WriteHtmlCacheBehavior [ RunTime:0.003000s ]
INFO: [ view_filter ] --END-- [ RunTime:0.003000s ]
INFO: [ app_end ] --START--
INFO: Run Behavior\ShowPageTraceBehavior [ RunTime:0.004000s ]
INFO: [ app_end ] --END-- [ RunTime:0.004000s ]

[ 2019-01-18T15:41:42+08:00 ] 127.0.0.1 /api.php?m=Api&c=api&a=activity
INFO: [ app_init ] --START--
INFO: Run Behavior\BuildLiteBehavior [ RunTime:0.000000s ]
INFO: [ app_init ] --END-- [ RunTime:0.001000s ]
INFO: [ app_begin ] --START--
INFO: Run Behavior\ReadHtmlCacheBehavior [ RunTime:0.003001s ]
INFO: [ app_begin ] --END-- [ RunTime:0.003001s ]
SQL: SHOW COLUMNS FROM `dd_activity_info` [ RunTime:0.0160s ]
SQL: SELECT * FROM `dd_activity_info` WHERE `id` = 1  [ RunTime:0.0010s ]
NOTIC: [8] Undefined index: send_time C:\Users\Administrator\Desktop\123456\game\Application\Api\Controller\ApiController.class.php 第 253 行.
INFO: [ view_parse ] --START--
NOTIC: [2] file_get_contents(./Application/Api/View/include/commonjs.html): failed to open stream: No such file or directory C:\Users\Administrator\Desktop\123456\game\#DFrame\Library\Think\Template.class.php 第 1393 行.
INFO: [ template_filter ] --START--
INFO: Run Behavior\ContentReplaceBehavior [ RunTime:0.000000s ]
INFO: [ template_filter ] --END-- [ RunTime:0.000000s ]
INFO: Run Behavior\ParseTemplateBehavior [ RunTime:0.022001s ]
INFO: [ view_parse ] --END-- [ RunTime:0.022001s ]
INFO: [ view_filter ] --START--
INFO: Run Behavior\WriteHtmlCacheBehavior [ RunTime:0.002000s ]
INFO: [ view_filter ] --END-- [ RunTime:0.002000s ]
INFO: [ app_end ] --START--
INFO: Run Behavior\ShowPageTraceBehavior [ RunTime:0.002000s ]
INFO: [ app_end ] --END-- [ RunTime:0.002000s ]

[ 2019-01-18T15:41:43+08:00 ] 127.0.0.1 /api.php?m=Api&c=api&a=activity
INFO: [ app_init ] --START--
INFO: Run Behavior\BuildLiteBehavior [ RunTime:0.001000s ]
INFO: [ app_init ] --END-- [ RunTime:0.001000s ]
INFO: [ app_begin ] --START--
INFO: Run Behavior\ReadHtmlCacheBehavior [ RunTime:0.004000s ]
INFO: [ app_begin ] --END-- [ RunTime:0.004000s ]
SQL: SHOW COLUMNS FROM `dd_activity_info` [ RunTime:0.0150s ]
SQL: SELECT * FROM `dd_activity_info` WHERE `id` = 1  [ RunTime:0.0010s ]
NOTIC: [8] Undefined index: send_time C:\Users\Administrator\Desktop\123456\game\Application\Api\Controller\ApiController.class.php 第 253 行.
INFO: [ view_parse ] --START--
NOTIC: [2] file_get_contents(./Application/Api/View/include/commonjs.html): failed to open stream: No such file or directory C:\Users\Administrator\Desktop\123456\game\#DFrame\Library\Think\Template.class.php 第 1393 行.
INFO: [ template_filter ] --START--
INFO: Run Behavior\ContentReplaceBehavior [ RunTime:0.000000s ]
INFO: [ template_filter ] --END-- [ RunTime:0.000000s ]
INFO: Run Behavior\ParseTemplateBehavior [ RunTime:0.022001s ]
INFO: [ view_parse ] --END-- [ RunTime:0.023001s ]
INFO: [ view_filter ] --START--
INFO: Run Behavior\WriteHtmlCacheBehavior [ RunTime:0.002000s ]
INFO: [ view_filter ] --END-- [ RunTime:0.003000s ]
INFO: [ app_end ] --START--
INFO: Run Behavior\ShowPageTraceBehavior [ RunTime:0.002000s ]
INFO: [ app_end ] --END-- [ RunTime:0.002000s ]

[ 2019-01-18T15:41:53+08:00 ] 127.0.0.1 /api.php?m=Api&c=api&a=activity
INFO: [ app_init ] --START--
INFO: Run Behavior\BuildLiteBehavior [ RunTime:0.000000s ]
INFO: [ app_init ] --END-- [ RunTime:0.001000s ]
INFO: [ app_begin ] --START--
INFO: Run Behavior\ReadHtmlCacheBehavior [ RunTime:0.002000s ]
INFO: [ app_begin ] --END-- [ RunTime:0.003000s ]
SQL: SHOW COLUMNS FROM `dd_activity_info` [ RunTime:0.0140s ]
SQL: SELECT * FROM `dd_activity_info` WHERE `id` = 1  [ RunTime:0.0010s ]
NOTIC: [8] Undefined index: send_time C:\Users\Administrator\Desktop\123456\game\Application\Api\Controller\ApiController.class.php 第 253 行.
INFO: [ view_parse ] --START--
NOTIC: [2] file_get_contents(./Application/Api/View/include/commonjs.html): failed to open stream: No such file or directory C:\Users\Administrator\Desktop\123456\game\#DFrame\Library\Think\Template.class.php 第 1393 行.
INFO: [ template_filter ] --START--
INFO: Run Behavior\ContentReplaceBehavior [ RunTime:0.001000s ]
INFO: [ template_filter ] --END-- [ RunTime:0.001000s ]
INFO: Run Behavior\ParseTemplateBehavior [ RunTime:0.021001s ]
INFO: [ view_parse ] --END-- [ RunTime:0.021001s ]
INFO: [ view_filter ] --START--
INFO: Run Behavior\WriteHtmlCacheBehavior [ RunTime:0.002000s ]
INFO: [ view_filter ] --END-- [ RunTime:0.002000s ]
INFO: [ app_end ] --START--
INFO: Run Behavior\ShowPageTraceBehavior [ RunTime:0.003000s ]
INFO: [ app_end ] --END-- [ RunTime:0.003000s ]

[ 2019-01-18T15:42:14+08:00 ] 127.0.0.1 /api.php?m=Api&c=api&a=activity
INFO: [ app_init ] --START--
INFO: Run Behavior\BuildLiteBehavior [ RunTime:0.000000s ]
INFO: [ app_init ] --END-- [ RunTime:0.001000s ]
INFO: [ app_begin ] --START--
INFO: Run Behavior\ReadHtmlCacheBehavior [ RunTime:0.005000s ]
INFO: [ app_begin ] --END-- [ RunTime:0.005000s ]
SQL: SHOW COLUMNS FROM `dd_activity_info` [ RunTime:0.0140s ]
SQL: SELECT * FROM `dd_activity_info` WHERE `id` = 1  [ RunTime:0.0020s ]
NOTIC: [8] Undefined index: send_time C:\Users\Administrator\Desktop\123456\game\Application\Api\Controller\ApiController.class.php 第 253 行.
INFO: [ view_parse ] --START--
NOTIC: [2] file_get_contents(./Application/Api/View/include/commonjs.html): failed to open stream: No such file or directory C:\Users\Administrator\Desktop\123456\game\#DFrame\Library\Think\Template.class.php 第 1393 行.
INFO: [ template_filter ] --START--
INFO: Run Behavior\ContentReplaceBehavior [ RunTime:0.000000s ]
INFO: [ template_filter ] --END-- [ RunTime:0.001000s ]
INFO: Run Behavior\ParseTemplateBehavior [ RunTime:0.021002s ]
INFO: [ view_parse ] --END-- [ RunTime:0.021002s ]
INFO: [ view_filter ] --START--
INFO: Run Behavior\WriteHtmlCacheBehavior [ RunTime:0.002000s ]
INFO: [ view_filter ] --END-- [ RunTime:0.002000s ]
INFO: [ app_end ] --START--
INFO: Run Behavior\ShowPageTraceBehavior [ RunTime:0.003000s ]
INFO: [ app_end ] --END-- [ RunTime:0.003000s ]

[ 2019-01-18T15:42:42+08:00 ] 127.0.0.1 /api.php?m=Api&c=api&a=activity
INFO: [ app_init ] --START--
INFO: Run Behavior\BuildLiteBehavior [ RunTime:0.000000s ]
INFO: [ app_init ] --END-- [ RunTime:0.001000s ]
INFO: [ app_begin ] --START--
INFO: Run Behavior\ReadHtmlCacheBehavior [ RunTime:0.002000s ]
INFO: [ app_begin ] --END-- [ RunTime:0.003000s ]
SQL: SHOW COLUMNS FROM `dd_activity_info` [ RunTime:0.0150s ]
SQL: SELECT * FROM `dd_activity_info` WHERE `id` = 1 LIMIT 1   [ RunTime:0.0010s ]
INFO: [ view_parse ] --START--
NOTIC: [2] file_get_contents(./Application/Api/View/include/commonjs.html): failed to open stream: No such file or directory C:\Users\Administrator\Desktop\123456\game\#DFrame\Library\Think\Template.class.php 第 1393 行.
INFO: [ template_filter ] --START--
INFO: Run Behavior\ContentReplaceBehavior [ RunTime:0.000000s ]
INFO: [ template_filter ] --END-- [ RunTime:0.001000s ]
NOTIC: [2] Illegal string offset 'title' C:\Users\Administrator\Desktop\123456\game\Application\Runtime\Cache\Api\293ceef4e74150b146c2b0a105864f19.php 第 21 行.
NOTIC: [2] Illegal string offset 'send_time' C:\Users\Administrator\Desktop\123456\game\Application\Runtime\Cache\Api\293ceef4e74150b146c2b0a105864f19.php 第 22 行.
NOTIC: [2] Illegal string offset 'title' C:\Users\Administrator\Desktop\123456\game\Application\Runtime\Cache\Api\293ceef4e74150b146c2b0a105864f19.php 第 21 行.
NOTIC: [2] Illegal string offset 'send_time' C:\Users\Administrator\Desktop\123456\game\Application\Runtime\Cache\Api\293ceef4e74150b146c2b0a105864f19.php 第 22 行.
NOTIC: [2] Illegal string offset 'title' C:\Users\Administrator\Desktop\123456\game\Application\Runtime\Cache\Api\293ceef4e74150b146c2b0a105864f19.php 第 21 行.
NOTIC: [2] Illegal string offset 'send_time' C:\Users\Administrator\Desktop\123456\game\Application\Runtime\Cache\Api\293ceef4e74150b146c2b0a105864f19.php 第 22 行.
NOTIC: [2] Illegal string offset 'title' C:\Users\Administrator\Desktop\123456\game\Application\Runtime\Cache\Api\293ceef4e74150b146c2b0a105864f19.php 第 21 行.
NOTIC: [2] Illegal string offset 'send_time' C:\Users\Administrator\Desktop\123456\game\Application\Runtime\Cache\Api\293ceef4e74150b146c2b0a105864f19.php 第 22 行.
NOTIC: [2] Illegal string offset 'title' C:\Users\Administrator\Desktop\123456\game\Application\Runtime\Cache\Api\293ceef4e74150b146c2b0a105864f19.php 第 21 行.
NOTIC: [2] Illegal string offset 'send_time' C:\Users\Administrator\Desktop\123456\game\Application\Runtime\Cache\Api\293ceef4e74150b146c2b0a105864f19.php 第 22 行.
NOTIC: [2] Illegal string offset 'title' C:\Users\Administrator\Desktop\123456\game\Application\Runtime\Cache\Api\293ceef4e74150b146c2b0a105864f19.php 第 21 行.
NOTIC: [2] Illegal string offset 'send_time' C:\Users\Administrator\Desktop\123456\game\Application\Runtime\Cache\Api\293ceef4e74150b146c2b0a105864f19.php 第 22 行.
NOTIC: [2] Illegal string offset 'title' C:\Users\Administrator\Desktop\123456\game\Application\Runtime\Cache\Api\293ceef4e74150b146c2b0a105864f19.php 第 21 行.
NOTIC: [2] Illegal string offset 'send_time' C:\Users\Administrator\Desktop\123456\game\Application\Runtime\Cache\Api\293ceef4e74150b146c2b0a105864f19.php 第 22 行.
INFO: Run Behavior\ParseTemplateBehavior [ RunTime:0.024001s ]
INFO: [ view_parse ] --END-- [ RunTime:0.024001s ]
INFO: [ view_filter ] --START--
INFO: Run Behavior\WriteHtmlCacheBehavior [ RunTime:0.004000s ]
INFO: [ view_filter ] --END-- [ RunTime:0.004000s ]
INFO: [ app_end ] --START--
INFO: Run Behavior\ShowPageTraceBehavior [ RunTime:0.003001s ]
INFO: [ app_end ] --END-- [ RunTime:0.003001s ]

[ 2019-01-18T15:42:49+08:00 ] 127.0.0.1 /api.php?m=Api&c=api&a=activity
INFO: [ app_init ] --START--
INFO: Run Behavior\BuildLiteBehavior [ RunTime:0.000000s ]
INFO: [ app_init ] --END-- [ RunTime:0.001000s ]
INFO: [ app_begin ] --START--
INFO: Run Behavior\ReadHtmlCacheBehavior [ RunTime:0.003000s ]
INFO: [ app_begin ] --END-- [ RunTime:0.003000s ]
SQL: SHOW COLUMNS FROM `dd_activity_info` [ RunTime:0.0160s ]
SQL: SELECT * FROM `dd_activity_info` WHERE `id` = 1 LIMIT 1   [ RunTime:0.0010s ]
INFO: [ view_parse ] --START--
NOTIC: [2] file_get_contents(./Application/Api/View/include/commonjs.html): failed to open stream: No such file or directory C:\Users\Administrator\Desktop\123456\game\#DFrame\Library\Think\Template.class.php 第 1393 行.
INFO: [ template_filter ] --START--
INFO: Run Behavior\ContentReplaceBehavior [ RunTime:0.000000s ]
INFO: [ template_filter ] --END-- [ RunTime:0.000000s ]
NOTIC: [2] Illegal string offset 'title' C:\Users\Administrator\Desktop\123456\game\Application\Runtime\Cache\Api\293ceef4e74150b146c2b0a105864f19.php 第 21 行.
NOTIC: [2] Illegal string offset 'send_time' C:\Users\Administrator\Desktop\123456\game\Application\Runtime\Cache\Api\293ceef4e74150b146c2b0a105864f19.php 第 22 行.
NOTIC: [2] Illegal string offset 'title' C:\Users\Administrator\Desktop\123456\game\Application\Runtime\Cache\Api\293ceef4e74150b146c2b0a105864f19.php 第 21 行.
NOTIC: [2] Illegal string offset 'send_time' C:\Users\Administrator\Desktop\123456\game\Application\Runtime\Cache\Api\293ceef4e74150b146c2b0a105864f19.php 第 22 行.
NOTIC: [2] Illegal string offset 'title' C:\Users\Administrator\Desktop\123456\game\Application\Runtime\Cache\Api\293ceef4e74150b146c2b0a105864f19.php 第 21 行.
NOTIC: [2] Illegal string offset 'send_time' C:\Users\Administrator\Desktop\123456\game\Application\Runtime\Cache\Api\293ceef4e74150b146c2b0a105864f19.php 第 22 行.
NOTIC: [2] Illegal string offset 'title' C:\Users\Administrator\Desktop\123456\game\Application\Runtime\Cache\Api\293ceef4e74150b146c2b0a105864f19.php 第 21 行.
NOTIC: [2] Illegal string offset 'send_time' C:\Users\Administrator\Desktop\123456\game\Application\Runtime\Cache\Api\293ceef4e74150b146c2b0a105864f19.php 第 22 行.
NOTIC: [2] Illegal string offset 'title' C:\Users\Administrator\Desktop\123456\game\Application\Runtime\Cache\Api\293ceef4e74150b146c2b0a105864f19.php 第 21 行.
NOTIC: [2] Illegal string offset 'send_time' C:\Users\Administrator\Desktop\123456\game\Application\Runtime\Cache\Api\293ceef4e74150b146c2b0a105864f19.php 第 22 行.
NOTIC: [2] Illegal string offset 'title' C:\Users\Administrator\Desktop\123456\game\Application\Runtime\Cache\Api\293ceef4e74150b146c2b0a105864f19.php 第 21 行.
NOTIC: [2] Illegal string offset 'send_time' C:\Users\Administrator\Desktop\123456\game\Application\Runtime\Cache\Api\293ceef4e74150b146c2b0a105864f19.php 第 22 行.
NOTIC: [2] Illegal string offset 'title' C:\Users\Administrator\Desktop\123456\game\Application\Runtime\Cache\Api\293ceef4e74150b146c2b0a105864f19.php 第 21 行.
NOTIC: [2] Illegal string offset 'send_time' C:\Users\Administrator\Desktop\123456\game\Application\Runtime\Cache\Api\293ceef4e74150b146c2b0a105864f19.php 第 22 行.
INFO: Run Behavior\ParseTemplateBehavior [ RunTime:0.023001s ]
INFO: [ view_parse ] --END-- [ RunTime:0.023001s ]
INFO: [ view_filter ] --START--
INFO: Run Behavior\WriteHtmlCacheBehavior [ RunTime:0.002000s ]
INFO: [ view_filter ] --END-- [ RunTime:0.002000s ]
INFO: [ app_end ] --START--
INFO: Run Behavior\ShowPageTraceBehavior [ RunTime:0.004000s ]
INFO: [ app_end ] --END-- [ RunTime:0.004000s ]

[ 2019-01-18T15:42:54+08:00 ] 127.0.0.1 /api.php?m=Api&c=api&a=activity
INFO: [ app_init ] --START--
INFO: Run Behavior\BuildLiteBehavior [ RunTime:0.000000s ]
INFO: [ app_init ] --END-- [ RunTime:0.001000s ]
INFO: [ app_begin ] --START--
INFO: Run Behavior\ReadHtmlCacheBehavior [ RunTime:0.002000s ]
INFO: [ app_begin ] --END-- [ RunTime:0.002000s ]
SQL: SHOW COLUMNS FROM `dd_activity_info` [ RunTime:0.0140s ]
SQL: SELECT * FROM `dd_activity_info` WHERE `id` = 1 LIMIT 1   [ RunTime:0.0010s ]
INFO: [ view_parse ] --START--
NOTIC: [2] file_get_contents(./Application/Api/View/include/commonjs.html): failed to open stream: No such file or directory C:\Users\Administrator\Desktop\123456\game\#DFrame\Library\Think\Template.class.php 第 1393 行.
INFO: [ template_filter ] --START--
INFO: Run Behavior\ContentReplaceBehavior [ RunTime:0.000000s ]
INFO: [ template_filter ] --END-- [ RunTime:0.000000s ]
NOTIC: [2] Illegal string offset 'title' C:\Users\Administrator\Desktop\123456\game\Application\Runtime\Cache\Api\293ceef4e74150b146c2b0a105864f19.php 第 21 行.
NOTIC: [2] Illegal string offset 'send_time' C:\Users\Administrator\Desktop\123456\game\Application\Runtime\Cache\Api\293ceef4e74150b146c2b0a105864f19.php 第 22 行.
NOTIC: [2] Illegal string offset 'title' C:\Users\Administrator\Desktop\123456\game\Application\Runtime\Cache\Api\293ceef4e74150b146c2b0a105864f19.php 第 21 行.
NOTIC: [2] Illegal string offset 'send_time' C:\Users\Administrator\Desktop\123456\game\Application\Runtime\Cache\Api\293ceef4e74150b146c2b0a105864f19.php 第 22 行.
NOTIC: [2] Illegal string offset 'title' C:\Users\Administrator\Desktop\123456\game\Application\Runtime\Cache\Api\293ceef4e74150b146c2b0a105864f19.php 第 21 行.
NOTIC: [2] Illegal string offset 'send_time' C:\Users\Administrator\Desktop\123456\game\Application\Runtime\Cache\Api\293ceef4e74150b146c2b0a105864f19.php 第 22 行.
NOTIC: [2] Illegal string offset 'title' C:\Users\Administrator\Desktop\123456\game\Application\Runtime\Cache\Api\293ceef4e74150b146c2b0a105864f19.php 第 21 行.
NOTIC: [2] Illegal string offset 'send_time' C:\Users\Administrator\Desktop\123456\game\Application\Runtime\Cache\Api\293ceef4e74150b146c2b0a105864f19.php 第 22 行.
NOTIC: [2] Illegal string offset 'title' C:\Users\Administrator\Desktop\123456\game\Application\Runtime\Cache\Api\293ceef4e74150b146c2b0a105864f19.php 第 21 行.
NOTIC: [2] Illegal string offset 'send_time' C:\Users\Administrator\Desktop\123456\game\Application\Runtime\Cache\Api\293ceef4e74150b146c2b0a105864f19.php 第 22 行.
NOTIC: [2] Illegal string offset 'title' C:\Users\Administrator\Desktop\123456\game\Application\Runtime\Cache\Api\293ceef4e74150b146c2b0a105864f19.php 第 21 行.
NOTIC: [2] Illegal string offset 'send_time' C:\Users\Administrator\Desktop\123456\game\Application\Runtime\Cache\Api\293ceef4e74150b146c2b0a105864f19.php 第 22 行.
NOTIC: [2] Illegal string offset 'title' C:\Users\Administrator\Desktop\123456\game\Application\Runtime\Cache\Api\293ceef4e74150b146c2b0a105864f19.php 第 21 行.
NOTIC: [2] Illegal string offset 'send_time' C:\Users\Administrator\Desktop\123456\game\Application\Runtime\Cache\Api\293ceef4e74150b146c2b0a105864f19.php 第 22 行.
INFO: Run Behavior\ParseTemplateBehavior [ RunTime:0.021001s ]
INFO: [ view_parse ] --END-- [ RunTime:0.021001s ]
INFO: [ view_filter ] --START--
INFO: Run Behavior\WriteHtmlCacheBehavior [ RunTime:0.002000s ]
INFO: [ view_filter ] --END-- [ RunTime:0.002000s ]
INFO: [ app_end ] --START--
INFO: Run Behavior\ShowPageTraceBehavior [ RunTime:0.003000s ]
INFO: [ app_end ] --END-- [ RunTime:0.004000s ]

[ 2019-01-18T17:00:39+08:00 ] 127.0.0.1 /api.php?m=Api&c=api&a=activity
INFO: [ app_init ] --START--
INFO: Run Behavior\BuildLiteBehavior [ RunTime:0.000000s ]
INFO: [ app_init ] --END-- [ RunTime:0.005000s ]
INFO: [ app_begin ] --START--
INFO: Run Behavior\ReadHtmlCacheBehavior [ RunTime:0.004000s ]
INFO: [ app_begin ] --END-- [ RunTime:0.004000s ]
SQL: SHOW COLUMNS FROM `dd_activity_info` [ RunTime:0.0340s ]
SQL: SELECT * FROM `dd_activity_info` WHERE `id` = 1 LIMIT 1   [ RunTime:0.0030s ]
INFO: [ view_parse ] --START--
NOTIC: [2] file_get_contents(./Application/Api/View/include/commonjs.html): failed to open stream: No such file or directory C:\Users\Administrator\Desktop\123456\game\#DFrame\Library\Think\Template.class.php 第 1393 行.
INFO: [ template_filter ] --START--
INFO: Run Behavior\ContentReplaceBehavior [ RunTime:0.000000s ]
INFO: [ template_filter ] --END-- [ RunTime:0.000000s ]
NOTIC: [2] Illegal string offset 'title' C:\Users\Administrator\Desktop\123456\game\Application\Runtime\Cache\Api\293ceef4e74150b146c2b0a105864f19.php 第 21 行.
NOTIC: [2] Illegal string offset 'send_time' C:\Users\Administrator\Desktop\123456\game\Application\Runtime\Cache\Api\293ceef4e74150b146c2b0a105864f19.php 第 22 行.
NOTIC: [2] Illegal string offset 'title' C:\Users\Administrator\Desktop\123456\game\Application\Runtime\Cache\Api\293ceef4e74150b146c2b0a105864f19.php 第 21 行.
NOTIC: [2] Illegal string offset 'send_time' C:\Users\Administrator\Desktop\123456\game\Application\Runtime\Cache\Api\293ceef4e74150b146c2b0a105864f19.php 第 22 行.
NOTIC: [2] Illegal string offset 'title' C:\Users\Administrator\Desktop\123456\game\Application\Runtime\Cache\Api\293ceef4e74150b146c2b0a105864f19.php 第 21 行.
NOTIC: [2] Illegal string offset 'send_time' C:\Users\Administrator\Desktop\123456\game\Application\Runtime\Cache\Api\293ceef4e74150b146c2b0a105864f19.php 第 22 行.
NOTIC: [2] Illegal string offset 'title' C:\Users\Administrator\Desktop\123456\game\Application\Runtime\Cache\Api\293ceef4e74150b146c2b0a105864f19.php 第 21 行.
NOTIC: [2] Illegal string offset 'send_time' C:\Users\Administrator\Desktop\123456\game\Application\Runtime\Cache\Api\293ceef4e74150b146c2b0a105864f19.php 第 22 行.
NOTIC: [2] Illegal string offset 'title' C:\Users\Administrator\Desktop\123456\game\Application\Runtime\Cache\Api\293ceef4e74150b146c2b0a105864f19.php 第 21 行.
NOTIC: [2] Illegal string offset 'send_time' C:\Users\Administrator\Desktop\123456\game\Application\Runtime\Cache\Api\293ceef4e74150b146c2b0a105864f19.php 第 22 行.
NOTIC: [2] Illegal string offset 'title' C:\Users\Administrator\Desktop\123456\game\Application\Runtime\Cache\Api\293ceef4e74150b146c2b0a105864f19.php 第 21 行.
NOTIC: [2] Illegal string offset 'send_time' C:\Users\Administrator\Desktop\123456\game\Application\Runtime\Cache\Api\293ceef4e74150b146c2b0a105864f19.php 第 22 行.
NOTIC: [2] Illegal string offset 'title' C:\Users\Administrator\Desktop\123456\game\Application\Runtime\Cache\Api\293ceef4e74150b146c2b0a105864f19.php 第 21 行.
NOTIC: [2] Illegal string offset 'send_time' C:\Users\Administrator\Desktop\123456\game\Application\Runtime\Cache\Api\293ceef4e74150b146c2b0a105864f19.php 第 22 行.
INFO: Run Behavior\ParseTemplateBehavior [ RunTime:0.063003s ]
INFO: [ view_parse ] --END-- [ RunTime:0.063003s ]
INFO: [ view_filter ] --START--
INFO: Run Behavior\WriteHtmlCacheBehavior [ RunTime:0.004000s ]
INFO: [ view_filter ] --END-- [ RunTime:0.004000s ]
INFO: [ app_end ] --START--
INFO: Run Behavior\ShowPageTraceBehavior [ RunTime:0.004001s ]
INFO: [ app_end ] --END-- [ RunTime:0.004001s ]

