[ 2019-05-19T09:57:42+08:00 ] 183.3.255.32 /api.php?m=Api&c=Index&a=clubInfo
INFO: [ app_init ] --START--
INFO: Run Behavior\BuildLiteBehavior [ RunTime:0.000016s ]
INFO: [ app_init ] --END-- [ RunTime:0.000243s ]
INFO: [ app_begin ] --START--
INFO: Run Behavior\ReadHtmlCacheBehavior [ RunTime:0.000316s ]
INFO: [ app_begin ] --END-- [ RunTime:0.000349s ]
NOTIC: [2048] Declaration of Api\Controller\IndexController::qrcode() should be compatible with Api\Controller\ApiController::qrcode($uid) /phpstudy/www/Gittext/game/Application/Api/Controller/IndexController.class.php 第 13 行.
SQL: SHOW COLUMNS FROM `dd_config` [ RunTime:0.0016s ]
SQL: SELECT * FROM `dd_config`  [ RunTime:0.0012s ]
ERR: Think\Controller:getUrl方法不存在！

[ 2019-05-19T09:57:45+08:00 ] 183.3.255.32 /api.php?m=Api&c=Index&a=clubInfo
INFO: [ app_init ] --START--
INFO: Run Behavior\BuildLiteBehavior [ RunTime:0.000015s ]
INFO: [ app_init ] --END-- [ RunTime:0.000225s ]
INFO: [ app_begin ] --START--
INFO: Run Behavior\ReadHtmlCacheBehavior [ RunTime:0.000298s ]
INFO: [ app_begin ] --END-- [ RunTime:0.000335s ]
NOTIC: [2048] Declaration of Api\Controller\IndexController::qrcode() should be compatible with Api\Controller\ApiController::qrcode($uid) /phpstudy/www/Gittext/game/Application/Api/Controller/IndexController.class.php 第 13 行.
SQL: SHOW COLUMNS FROM `dd_config` [ RunTime:0.0037s ]
SQL: SELECT * FROM `dd_config`  [ RunTime:0.0031s ]
ERR: Think\Controller:getUrl方法不存在！

[ 2019-05-19T09:58:20+08:00 ] 183.3.255.32 /api.php?m=Api&c=Index&a=clubInfo
INFO: [ app_init ] --START--
INFO: Run Behavior\BuildLiteBehavior [ RunTime:0.000017s ]
INFO: [ app_init ] --END-- [ RunTime:0.000235s ]
INFO: [ app_begin ] --START--
INFO: Run Behavior\ReadHtmlCacheBehavior [ RunTime:0.000342s ]
INFO: [ app_begin ] --END-- [ RunTime:0.000389s ]
NOTIC: [2048] Declaration of Api\Controller\IndexController::qrcode() should be compatible with Api\Controller\ApiController::qrcode($uid) /phpstudy/www/Gittext/game/Application/Api/Controller/IndexController.class.php 第 13 行.
SQL: SHOW COLUMNS FROM `dd_config` [ RunTime:0.0028s ]
SQL: SELECT * FROM `dd_config`  [ RunTime:0.0024s ]
ERR: Think\Controller:getUrl方法不存在！

[ 2019-05-19T09:58:23+08:00 ] 183.3.255.32 /api.php?m=Index&c=index&a=clubRecords
INFO: [ app_init ] --START--
INFO: Run Behavior\BuildLiteBehavior [ RunTime:0.000018s ]
INFO: [ app_init ] --END-- [ RunTime:0.000280s ]
INFO: [ app_begin ] --START--
INFO: Run Behavior\ReadHtmlCacheBehavior [ RunTime:0.000291s ]
INFO: [ app_begin ] --END-- [ RunTime:0.000325s ]
NOTIC: [2048] Declaration of Api\Controller\IndexController::qrcode() should be compatible with Api\Controller\ApiController::qrcode($uid) /phpstudy/www/Gittext/game/Application/Api/Controller/IndexController.class.php 第 13 行.
SQL: SHOW COLUMNS FROM `dd_config` [ RunTime:0.0018s ]
SQL: SELECT * FROM `dd_config`  [ RunTime:0.0014s ]
ERR: Think\Controller:getUrl方法不存在！

[ 2019-05-19T09:58:24+08:00 ] 113.87.43.215 /api.php?m=Index&c=index&a=clubRecords
INFO: [ app_init ] --START--
INFO: Run Behavior\BuildLiteBehavior [ RunTime:0.000015s ]
INFO: [ app_init ] --END-- [ RunTime:0.000259s ]
INFO: [ app_begin ] --START--
INFO: Run Behavior\ReadHtmlCacheBehavior [ RunTime:0.000299s ]
INFO: [ app_begin ] --END-- [ RunTime:0.000336s ]
NOTIC: [2048] Declaration of Api\Controller\IndexController::qrcode() should be compatible with Api\Controller\ApiController::qrcode($uid) /phpstudy/www/Gittext/game/Application/Api/Controller/IndexController.class.php 第 13 行.
SQL: SHOW COLUMNS FROM `dd_config` [ RunTime:0.0021s ]
SQL: SELECT * FROM `dd_config`  [ RunTime:0.0017s ]
ERR: Think\Controller:getUrl方法不存在！

[ 2019-05-19T09:58:24+08:00 ] 183.3.255.32 /api.php?m=Index&c=index&a=clubRecords
INFO: [ app_init ] --START--
INFO: Run Behavior\BuildLiteBehavior [ RunTime:0.000014s ]
INFO: [ app_init ] --END-- [ RunTime:0.000233s ]
INFO: [ app_begin ] --START--
INFO: Run Behavior\ReadHtmlCacheBehavior [ RunTime:0.000281s ]
INFO: [ app_begin ] --END-- [ RunTime:0.000317s ]
NOTIC: [2048] Declaration of Api\Controller\IndexController::qrcode() should be compatible with Api\Controller\ApiController::qrcode($uid) /phpstudy/www/Gittext/game/Application/Api/Controller/IndexController.class.php 第 13 行.
SQL: SHOW COLUMNS FROM `dd_config` [ RunTime:0.0028s ]
SQL: SELECT * FROM `dd_config`  [ RunTime:0.0024s ]
ERR: Think\Controller:getUrl方法不存在！

[ 2019-05-19T09:58:26+08:00 ] 183.3.255.32 /api.php?m=Index&c=index&a=clubRecords
INFO: [ app_init ] --START--
INFO: Run Behavior\BuildLiteBehavior [ RunTime:0.000013s ]
INFO: [ app_init ] --END-- [ RunTime:0.000244s ]
INFO: [ app_begin ] --START--
INFO: Run Behavior\ReadHtmlCacheBehavior [ RunTime:0.000291s ]
INFO: [ app_begin ] --END-- [ RunTime:0.000331s ]
NOTIC: [2048] Declaration of Api\Controller\IndexController::qrcode() should be compatible with Api\Controller\ApiController::qrcode($uid) /phpstudy/www/Gittext/game/Application/Api/Controller/IndexController.class.php 第 13 行.
SQL: SHOW COLUMNS FROM `dd_config` [ RunTime:0.0019s ]
SQL: SELECT * FROM `dd_config`  [ RunTime:0.0015s ]
ERR: Think\Controller:getUrl方法不存在！

[ 2019-05-19T09:58:26+08:00 ] 183.3.255.32 /api.php?m=Index&c=index&a=clubRecords
INFO: [ app_init ] --START--
INFO: Run Behavior\BuildLiteBehavior [ RunTime:0.000012s ]
INFO: [ app_init ] --END-- [ RunTime:0.000236s ]
INFO: [ app_begin ] --START--
INFO: Run Behavior\ReadHtmlCacheBehavior [ RunTime:0.000307s ]
INFO: [ app_begin ] --END-- [ RunTime:0.000347s ]
NOTIC: [2048] Declaration of Api\Controller\IndexController::qrcode() should be compatible with Api\Controller\ApiController::qrcode($uid) /phpstudy/www/Gittext/game/Application/Api/Controller/IndexController.class.php 第 13 行.
SQL: SHOW COLUMNS FROM `dd_config` [ RunTime:0.0028s ]
SQL: SELECT * FROM `dd_config`  [ RunTime:0.0025s ]
ERR: Think\Controller:getUrl方法不存在！

[ 2019-05-19T09:58:26+08:00 ] 183.3.255.32 /api.php?m=Index&c=index&a=clubRecords
INFO: [ app_init ] --START--
INFO: Run Behavior\BuildLiteBehavior [ RunTime:0.000015s ]
INFO: [ app_init ] --END-- [ RunTime:0.000262s ]
INFO: [ app_begin ] --START--
INFO: Run Behavior\ReadHtmlCacheBehavior [ RunTime:0.000326s ]
INFO: [ app_begin ] --END-- [ RunTime:0.000363s ]
NOTIC: [2048] Declaration of Api\Controller\IndexController::qrcode() should be compatible with Api\Controller\ApiController::qrcode($uid) /phpstudy/www/Gittext/game/Application/Api/Controller/IndexController.class.php 第 13 行.
SQL: SHOW COLUMNS FROM `dd_config` [ RunTime:0.0024s ]
SQL: SELECT * FROM `dd_config`  [ RunTime:0.0019s ]
ERR: Think\Controller:getUrl方法不存在！

[ 2019-05-19T09:58:26+08:00 ] 183.3.255.32 /api.php?m=Index&c=index&a=clubRecords
INFO: [ app_init ] --START--
INFO: Run Behavior\BuildLiteBehavior [ RunTime:0.000013s ]
INFO: [ app_init ] --END-- [ RunTime:0.000230s ]
INFO: [ app_begin ] --START--
INFO: Run Behavior\ReadHtmlCacheBehavior [ RunTime:0.000339s ]
INFO: [ app_begin ] --END-- [ RunTime:0.000378s ]
NOTIC: [2048] Declaration of Api\Controller\IndexController::qrcode() should be compatible with Api\Controller\ApiController::qrcode($uid) /phpstudy/www/Gittext/game/Application/Api/Controller/IndexController.class.php 第 13 行.
SQL: SHOW COLUMNS FROM `dd_config` [ RunTime:0.0023s ]
SQL: SELECT * FROM `dd_config`  [ RunTime:0.0020s ]
ERR: Think\Controller:getUrl方法不存在！

[ 2019-05-19T09:58:26+08:00 ] 183.3.255.32 /api.php?m=Index&c=index&a=clubRecords
INFO: [ app_init ] --START--
INFO: Run Behavior\BuildLiteBehavior [ RunTime:0.000014s ]
INFO: [ app_init ] --END-- [ RunTime:0.000235s ]
INFO: [ app_begin ] --START--
INFO: Run Behavior\ReadHtmlCacheBehavior [ RunTime:0.000352s ]
INFO: [ app_begin ] --END-- [ RunTime:0.000389s ]
NOTIC: [2048] Declaration of Api\Controller\IndexController::qrcode() should be compatible with Api\Controller\ApiController::qrcode($uid) /phpstudy/www/Gittext/game/Application/Api/Controller/IndexController.class.php 第 13 行.
SQL: SHOW COLUMNS FROM `dd_config` [ RunTime:0.0032s ]
SQL: SELECT * FROM `dd_config`  [ RunTime:0.0028s ]
ERR: Think\Controller:getUrl方法不存在！

[ 2019-05-19T09:58:27+08:00 ] 183.3.255.32 /api.php?m=Index&c=index&a=clubRecords
INFO: [ app_init ] --START--
INFO: Run Behavior\BuildLiteBehavior [ RunTime:0.000015s ]
INFO: [ app_init ] --END-- [ RunTime:0.000490s ]
INFO: [ app_begin ] --START--
INFO: Run Behavior\ReadHtmlCacheBehavior [ RunTime:0.000312s ]
INFO: [ app_begin ] --END-- [ RunTime:0.000349s ]
NOTIC: [2048] Declaration of Api\Controller\IndexController::qrcode() should be compatible with Api\Controller\ApiController::qrcode($uid) /phpstudy/www/Gittext/game/Application/Api/Controller/IndexController.class.php 第 13 行.
SQL: SHOW COLUMNS FROM `dd_config` [ RunTime:0.0027s ]
SQL: SELECT * FROM `dd_config`  [ RunTime:0.0023s ]
ERR: Think\Controller:getUrl方法不存在！

[ 2019-05-19T09:58:52+08:00 ] 183.3.255.32 /api.php?m=Api&c=Index&a=clubInfo
INFO: [ app_init ] --START--
INFO: Run Behavior\BuildLiteBehavior [ RunTime:0.000013s ]
INFO: [ app_init ] --END-- [ RunTime:0.000228s ]
INFO: [ app_begin ] --START--
INFO: Run Behavior\ReadHtmlCacheBehavior [ RunTime:0.000295s ]
INFO: [ app_begin ] --END-- [ RunTime:0.000326s ]
NOTIC: [2048] Declaration of Api\Controller\IndexController::qrcode() should be compatible with Api\Controller\ApiController::qrcode($uid) /phpstudy/www/Gittext/game/Application/Api/Controller/IndexController.class.php 第 13 行.
SQL: SHOW COLUMNS FROM `dd_config` [ RunTime:0.0022s ]
SQL: SELECT * FROM `dd_config`  [ RunTime:0.0019s ]
ERR: Think\Controller:getUrl方法不存在！

[ 2019-05-19T09:58:54+08:00 ] 117.136.39.84 /api.php?m=Api&c=Index&a=clubInfo
INFO: [ app_init ] --START--
INFO: Run Behavior\BuildLiteBehavior [ RunTime:0.000013s ]
INFO: [ app_init ] --END-- [ RunTime:0.000232s ]
INFO: [ app_begin ] --START--
INFO: Run Behavior\ReadHtmlCacheBehavior [ RunTime:0.000291s ]
INFO: [ app_begin ] --END-- [ RunTime:0.000322s ]
NOTIC: [2048] Declaration of Api\Controller\IndexController::qrcode() should be compatible with Api\Controller\ApiController::qrcode($uid) /phpstudy/www/Gittext/game/Application/Api/Controller/IndexController.class.php 第 13 行.
SQL: SHOW COLUMNS FROM `dd_config` [ RunTime:0.0021s ]
SQL: SELECT * FROM `dd_config`  [ RunTime:0.0017s ]
ERR: Think\Controller:getUrl方法不存在！

[ 2019-05-19T09:58:55+08:00 ] 113.87.43.215 /api.php?m=Api&c=Index&a=clubInfo
INFO: [ app_init ] --START--
INFO: Run Behavior\BuildLiteBehavior [ RunTime:0.000017s ]
INFO: [ app_init ] --END-- [ RunTime:0.000276s ]
INFO: [ app_begin ] --START--
INFO: Run Behavior\ReadHtmlCacheBehavior [ RunTime:0.000288s ]
INFO: [ app_begin ] --END-- [ RunTime:0.000323s ]
NOTIC: [2048] Declaration of Api\Controller\IndexController::qrcode() should be compatible with Api\Controller\ApiController::qrcode($uid) /phpstudy/www/Gittext/game/Application/Api/Controller/IndexController.class.php 第 13 行.
SQL: SHOW COLUMNS FROM `dd_config` [ RunTime:0.0027s ]
SQL: SELECT * FROM `dd_config`  [ RunTime:0.0023s ]
ERR: Think\Controller:getUrl方法不存在！

[ 2019-05-19T09:58:56+08:00 ] 183.3.255.32 /api.php?m=Api&c=Index&a=clubInfo
INFO: [ app_init ] --START--
INFO: Run Behavior\BuildLiteBehavior [ RunTime:0.000015s ]
INFO: [ app_init ] --END-- [ RunTime:0.000251s ]
INFO: [ app_begin ] --START--
INFO: Run Behavior\ReadHtmlCacheBehavior [ RunTime:0.000288s ]
INFO: [ app_begin ] --END-- [ RunTime:0.000319s ]
NOTIC: [2048] Declaration of Api\Controller\IndexController::qrcode() should be compatible with Api\Controller\ApiController::qrcode($uid) /phpstudy/www/Gittext/game/Application/Api/Controller/IndexController.class.php 第 13 行.
SQL: SHOW COLUMNS FROM `dd_config` [ RunTime:0.0027s ]
SQL: SELECT * FROM `dd_config`  [ RunTime:0.0023s ]
ERR: Think\Controller:getUrl方法不存在！

[ 2019-05-19T09:58:57+08:00 ] 183.3.255.32 /api.php?m=Api&c=Index&a=clubInfo
INFO: [ app_init ] --START--
INFO: Run Behavior\BuildLiteBehavior [ RunTime:0.000014s ]
INFO: [ app_init ] --END-- [ RunTime:0.000227s ]
INFO: [ app_begin ] --START--
INFO: Run Behavior\ReadHtmlCacheBehavior [ RunTime:0.000302s ]
INFO: [ app_begin ] --END-- [ RunTime:0.000341s ]
NOTIC: [2048] Declaration of Api\Controller\IndexController::qrcode() should be compatible with Api\Controller\ApiController::qrcode($uid) /phpstudy/www/Gittext/game/Application/Api/Controller/IndexController.class.php 第 13 行.
SQL: SHOW COLUMNS FROM `dd_config` [ RunTime:0.0023s ]
SQL: SELECT * FROM `dd_config`  [ RunTime:0.0019s ]
ERR: Think\Controller:getUrl方法不存在！

[ 2019-05-19T09:58:59+08:00 ] 183.3.255.32 /api.php?m=Api&c=Index&a=clubInfo
INFO: [ app_init ] --START--
INFO: Run Behavior\BuildLiteBehavior [ RunTime:0.000013s ]
INFO: [ app_init ] --END-- [ RunTime:0.000227s ]
INFO: [ app_begin ] --START--
INFO: Run Behavior\ReadHtmlCacheBehavior [ RunTime:0.000346s ]
INFO: [ app_begin ] --END-- [ RunTime:0.000382s ]
NOTIC: [2048] Declaration of Api\Controller\IndexController::qrcode() should be compatible with Api\Controller\ApiController::qrcode($uid) /phpstudy/www/Gittext/game/Application/Api/Controller/IndexController.class.php 第 13 行.
SQL: SHOW COLUMNS FROM `dd_config` [ RunTime:0.0021s ]
SQL: SELECT * FROM `dd_config`  [ RunTime:0.0018s ]
ERR: Think\Controller:getUrl方法不存在！

[ 2019-05-19T10:00:03+08:00 ] 183.3.255.32 /api.php?m=Api&c=Index&a=clubInfo
INFO: [ app_init ] --START--
INFO: Run Behavior\BuildLiteBehavior [ RunTime:0.000017s ]
INFO: [ app_init ] --END-- [ RunTime:0.000275s ]
INFO: [ app_begin ] --START--
INFO: Run Behavior\ReadHtmlCacheBehavior [ RunTime:0.000297s ]
INFO: [ app_begin ] --END-- [ RunTime:0.000334s ]
NOTIC: [2048] Declaration of Api\Controller\IndexController::qrcode() should be compatible with Api\Controller\ApiController::qrcode($uid) /phpstudy/www/Gittext/game/Application/Api/Controller/IndexController.class.php 第 13 行.
SQL: SHOW COLUMNS FROM `dd_config` [ RunTime:0.0028s ]
SQL: SELECT * FROM `dd_config`  [ RunTime:0.0024s ]
ERR: Think\Controller:getUrl方法不存在！

[ 2019-05-19T10:00:05+08:00 ] 183.3.255.32 /api.php?m=Api&c=Index&a=clubInfo
INFO: [ app_init ] --START--
INFO: Run Behavior\BuildLiteBehavior [ RunTime:0.000015s ]
INFO: [ app_init ] --END-- [ RunTime:0.000259s ]
INFO: [ app_begin ] --START--
INFO: Run Behavior\ReadHtmlCacheBehavior [ RunTime:0.000284s ]
INFO: [ app_begin ] --END-- [ RunTime:0.000315s ]
NOTIC: [2048] Declaration of Api\Controller\IndexController::qrcode() should be compatible with Api\Controller\ApiController::qrcode($uid) /phpstudy/www/Gittext/game/Application/Api/Controller/IndexController.class.php 第 13 行.
SQL: SHOW COLUMNS FROM `dd_config` [ RunTime:0.0034s ]
SQL: SELECT * FROM `dd_config`  [ RunTime:0.0031s ]
ERR: Think\Controller:getUrl方法不存在！

[ 2019-05-19T10:00:06+08:00 ] 183.3.255.32 /api.php?m=Api&c=Index&a=clubInfo
INFO: [ app_init ] --START--
INFO: Run Behavior\BuildLiteBehavior [ RunTime:0.000015s ]
INFO: [ app_init ] --END-- [ RunTime:0.000231s ]
INFO: [ app_begin ] --START--
INFO: Run Behavior\ReadHtmlCacheBehavior [ RunTime:0.000290s ]
INFO: [ app_begin ] --END-- [ RunTime:0.000321s ]
NOTIC: [2048] Declaration of Api\Controller\IndexController::qrcode() should be compatible with Api\Controller\ApiController::qrcode($uid) /phpstudy/www/Gittext/game/Application/Api/Controller/IndexController.class.php 第 13 行.
SQL: SHOW COLUMNS FROM `dd_config` [ RunTime:0.0026s ]
SQL: SELECT * FROM `dd_config`  [ RunTime:0.0022s ]
ERR: Think\Controller:getUrl方法不存在！

[ 2019-05-19T10:00:11+08:00 ] 183.3.255.32 /api.php?m=Index&c=index&a=clubRecords
INFO: [ app_init ] --START--
INFO: Run Behavior\BuildLiteBehavior [ RunTime:0.000018s ]
INFO: [ app_init ] --END-- [ RunTime:0.000260s ]
INFO: [ app_begin ] --START--
INFO: Run Behavior\ReadHtmlCacheBehavior [ RunTime:0.000315s ]
INFO: [ app_begin ] --END-- [ RunTime:0.000357s ]
NOTIC: [2048] Declaration of Api\Controller\IndexController::qrcode() should be compatible with Api\Controller\ApiController::qrcode($uid) /phpstudy/www/Gittext/game/Application/Api/Controller/IndexController.class.php 第 13 行.
SQL: SHOW COLUMNS FROM `dd_config` [ RunTime:0.0018s ]
SQL: SELECT * FROM `dd_config`  [ RunTime:0.0013s ]
ERR: Think\Controller:getUrl方法不存在！

[ 2019-05-19T10:00:11+08:00 ] 183.3.255.32 /api.php?m=Index&c=index&a=clubRecords
INFO: [ app_init ] --START--
INFO: Run Behavior\BuildLiteBehavior [ RunTime:0.000014s ]
INFO: [ app_init ] --END-- [ RunTime:0.000225s ]
INFO: [ app_begin ] --START--
INFO: Run Behavior\ReadHtmlCacheBehavior [ RunTime:0.000289s ]
INFO: [ app_begin ] --END-- [ RunTime:0.000322s ]
NOTIC: [2048] Declaration of Api\Controller\IndexController::qrcode() should be compatible with Api\Controller\ApiController::qrcode($uid) /phpstudy/www/Gittext/game/Application/Api/Controller/IndexController.class.php 第 13 行.
SQL: SHOW COLUMNS FROM `dd_config` [ RunTime:0.0031s ]
SQL: SELECT * FROM `dd_config`  [ RunTime:0.0028s ]
ERR: Think\Controller:getUrl方法不存在！

[ 2019-05-19T10:00:11+08:00 ] 183.3.255.32 /api.php?m=Index&c=index&a=clubRecords
INFO: [ app_init ] --START--
INFO: Run Behavior\BuildLiteBehavior [ RunTime:0.000013s ]
INFO: [ app_init ] --END-- [ RunTime:0.000243s ]
INFO: [ app_begin ] --START--
INFO: Run Behavior\ReadHtmlCacheBehavior [ RunTime:0.000280s ]
INFO: [ app_begin ] --END-- [ RunTime:0.000311s ]
NOTIC: [2048] Declaration of Api\Controller\IndexController::qrcode() should be compatible with Api\Controller\ApiController::qrcode($uid) /phpstudy/www/Gittext/game/Application/Api/Controller/IndexController.class.php 第 13 行.
SQL: SHOW COLUMNS FROM `dd_config` [ RunTime:0.0024s ]
SQL: SELECT * FROM `dd_config`  [ RunTime:0.0022s ]
ERR: Think\Controller:getUrl方法不存在！

[ 2019-05-19T10:32:42+08:00 ] 183.3.255.32 /api.php?m=Api&c=Index&a=clubInfo
INFO: [ app_init ] --START--
INFO: Run Behavior\BuildLiteBehavior [ RunTime:0.000013s ]
INFO: [ app_init ] --END-- [ RunTime:0.000226s ]
INFO: [ app_begin ] --START--
INFO: Run Behavior\ReadHtmlCacheBehavior [ RunTime:0.000304s ]
INFO: [ app_begin ] --END-- [ RunTime:0.000343s ]
NOTIC: [2048] Declaration of Api\Controller\IndexController::qrcode() should be compatible with Api\Controller\ApiController::qrcode($uid) /phpstudy/www/Gittext/game/Application/Api/Controller/IndexController.class.php 第 13 行.
SQL: SHOW COLUMNS FROM `dd_config` [ RunTime:0.0021s ]
SQL: SELECT * FROM `dd_config`  [ RunTime:0.0017s ]
ERR: Think\Controller:getUrl方法不存在！

[ 2019-05-19T10:52:46+08:00 ] 14.116.137.166 /api.php?m=Api&c=Index&a=clubInfo
INFO: [ app_init ] --START--
INFO: Run Behavior\BuildLiteBehavior [ RunTime:0.000022s ]
INFO: [ app_init ] --END-- [ RunTime:0.000252s ]
INFO: [ app_begin ] --START--
INFO: Run Behavior\ReadHtmlCacheBehavior [ RunTime:0.000286s ]
INFO: [ app_begin ] --END-- [ RunTime:0.000318s ]
NOTIC: [2048] Declaration of Api\Controller\IndexController::qrcode() should be compatible with Api\Controller\ApiController::qrcode($uid) /phpstudy/www/Gittext/game/Application/Api/Controller/IndexController.class.php 第 13 行.
SQL: SHOW COLUMNS FROM `dd_config` [ RunTime:0.0027s ]
SQL: SELECT * FROM `dd_config`  [ RunTime:0.0024s ]
ERR: Think\Controller:getUrl方法不存在！

[ 2019-05-19T10:53:01+08:00 ] 14.116.137.166 /api.php?m=Api&c=Index&a=clubInfo
INFO: [ app_init ] --START--
INFO: Run Behavior\BuildLiteBehavior [ RunTime:0.000014s ]
INFO: [ app_init ] --END-- [ RunTime:0.000233s ]
INFO: [ app_begin ] --START--
INFO: Run Behavior\ReadHtmlCacheBehavior [ RunTime:0.000355s ]
INFO: [ app_begin ] --END-- [ RunTime:0.000392s ]
NOTIC: [2048] Declaration of Api\Controller\IndexController::qrcode() should be compatible with Api\Controller\ApiController::qrcode($uid) /phpstudy/www/Gittext/game/Application/Api/Controller/IndexController.class.php 第 13 行.
SQL: SHOW COLUMNS FROM `dd_config` [ RunTime:0.0024s ]
SQL: SELECT * FROM `dd_config`  [ RunTime:0.0021s ]
ERR: Think\Controller:getUrl方法不存在！

[ 2019-05-19T11:34:53+08:00 ] 117.136.39.84 /api.php?m=Api&c=Index&a=clubInfo
INFO: [ app_init ] --START--
INFO: Run Behavior\BuildLiteBehavior [ RunTime:0.000016s ]
INFO: [ app_init ] --END-- [ RunTime:0.000233s ]
INFO: [ app_begin ] --START--
INFO: Run Behavior\ReadHtmlCacheBehavior [ RunTime:0.000310s ]
INFO: [ app_begin ] --END-- [ RunTime:0.000344s ]
NOTIC: [2048] Declaration of Api\Controller\IndexController::qrcode() should be compatible with Api\Controller\ApiController::qrcode($uid) /phpstudy/www/Gittext/game/Application/Api/Controller/IndexController.class.php 第 13 行.
SQL: SHOW COLUMNS FROM `dd_config` [ RunTime:0.0016s ]
SQL: SELECT * FROM `dd_config`  [ RunTime:0.0012s ]
ERR: Think\Controller:getUrl方法不存在！

[ 2019-05-19T14:57:52+08:00 ] 183.3.255.32 /api.php?m=Api&c=Index&a=clubInfo
INFO: [ app_init ] --START--
INFO: Run Behavior\BuildLiteBehavior [ RunTime:0.000020s ]
INFO: [ app_init ] --END-- [ RunTime:0.000393s ]
INFO: [ app_begin ] --START--
INFO: Run Behavior\ReadHtmlCacheBehavior [ RunTime:0.000341s ]
INFO: [ app_begin ] --END-- [ RunTime:0.000385s ]
NOTIC: [2048] Declaration of Api\Controller\IndexController::qrcode() should be compatible with Api\Controller\ApiController::qrcode($uid) /phpstudy/www/Gittext/game/Application/Api/Controller/IndexController.class.php 第 13 行.
SQL: SHOW COLUMNS FROM `dd_config` [ RunTime:0.0021s ]
SQL: SELECT * FROM `dd_config`  [ RunTime:0.0016s ]
ERR: Think\Controller:getUrl方法不存在！

[ 2019-05-19T14:57:55+08:00 ] 183.3.255.32 /api.php?m=Api&c=Index&a=clubInfo
INFO: [ app_init ] --START--
INFO: Run Behavior\BuildLiteBehavior [ RunTime:0.000014s ]
INFO: [ app_init ] --END-- [ RunTime:0.000233s ]
INFO: [ app_begin ] --START--
INFO: Run Behavior\ReadHtmlCacheBehavior [ RunTime:0.000297s ]
INFO: [ app_begin ] --END-- [ RunTime:0.000329s ]
NOTIC: [2048] Declaration of Api\Controller\IndexController::qrcode() should be compatible with Api\Controller\ApiController::qrcode($uid) /phpstudy/www/Gittext/game/Application/Api/Controller/IndexController.class.php 第 13 行.
SQL: SHOW COLUMNS FROM `dd_config` [ RunTime:0.0026s ]
SQL: SELECT * FROM `dd_config`  [ RunTime:0.0022s ]
ERR: Think\Controller:getUrl方法不存在！

[ 2019-05-19T14:57:57+08:00 ] 183.3.255.32 /api.php?m=Index&c=index&a=clubRecords
INFO: [ app_init ] --START--
INFO: Run Behavior\BuildLiteBehavior [ RunTime:0.000017s ]
INFO: [ app_init ] --END-- [ RunTime:0.000279s ]
INFO: [ app_begin ] --START--
INFO: Run Behavior\ReadHtmlCacheBehavior [ RunTime:0.000305s ]
INFO: [ app_begin ] --END-- [ RunTime:0.000345s ]
NOTIC: [2048] Declaration of Api\Controller\IndexController::qrcode() should be compatible with Api\Controller\ApiController::qrcode($uid) /phpstudy/www/Gittext/game/Application/Api/Controller/IndexController.class.php 第 13 行.
SQL: SHOW COLUMNS FROM `dd_config` [ RunTime:0.0024s ]
SQL: SELECT * FROM `dd_config`  [ RunTime:0.0020s ]
ERR: Think\Controller:getUrl方法不存在！

[ 2019-05-19T14:58:16+08:00 ] 183.3.255.32 /api.php?m=Api&c=Index&a=clubInfo
INFO: [ app_init ] --START--
INFO: Run Behavior\BuildLiteBehavior [ RunTime:0.000014s ]
INFO: [ app_init ] --END-- [ RunTime:0.000278s ]
INFO: [ app_begin ] --START--
INFO: Run Behavior\ReadHtmlCacheBehavior [ RunTime:0.000301s ]
INFO: [ app_begin ] --END-- [ RunTime:0.000334s ]
NOTIC: [2048] Declaration of Api\Controller\IndexController::qrcode() should be compatible with Api\Controller\ApiController::qrcode($uid) /phpstudy/www/Gittext/game/Application/Api/Controller/IndexController.class.php 第 13 行.
SQL: SHOW COLUMNS FROM `dd_config` [ RunTime:0.0021s ]
SQL: SELECT * FROM `dd_config`  [ RunTime:0.0018s ]
ERR: Think\Controller:getUrl方法不存在！

[ 2019-05-19T14:58:19+08:00 ] 183.3.255.32 /api.php?m=Api&c=Index&a=clubInfo
INFO: [ app_init ] --START--
INFO: Run Behavior\BuildLiteBehavior [ RunTime:0.000015s ]
INFO: [ app_init ] --END-- [ RunTime:0.000360s ]
INFO: [ app_begin ] --START--
INFO: Run Behavior\ReadHtmlCacheBehavior [ RunTime:0.000290s ]
INFO: [ app_begin ] --END-- [ RunTime:0.000322s ]
NOTIC: [2048] Declaration of Api\Controller\IndexController::qrcode() should be compatible with Api\Controller\ApiController::qrcode($uid) /phpstudy/www/Gittext/game/Application/Api/Controller/IndexController.class.php 第 13 行.
SQL: SHOW COLUMNS FROM `dd_config` [ RunTime:0.0029s ]
SQL: SELECT * FROM `dd_config`  [ RunTime:0.0025s ]
ERR: Think\Controller:getUrl方法不存在！

[ 2019-05-19T14:58:21+08:00 ] 183.3.255.32 /api.php?m=Api&c=Index&a=clubInfo
INFO: [ app_init ] --START--
INFO: Run Behavior\BuildLiteBehavior [ RunTime:0.000014s ]
INFO: [ app_init ] --END-- [ RunTime:0.000226s ]
INFO: [ app_begin ] --START--
INFO: Run Behavior\ReadHtmlCacheBehavior [ RunTime:0.000290s ]
INFO: [ app_begin ] --END-- [ RunTime:0.000322s ]
NOTIC: [2048] Declaration of Api\Controller\IndexController::qrcode() should be compatible with Api\Controller\ApiController::qrcode($uid) /phpstudy/www/Gittext/game/Application/Api/Controller/IndexController.class.php 第 13 行.
SQL: SHOW COLUMNS FROM `dd_config` [ RunTime:0.0026s ]
SQL: SELECT * FROM `dd_config`  [ RunTime:0.0022s ]
ERR: Think\Controller:getUrl方法不存在！

[ 2019-05-19T14:58:43+08:00 ] 183.3.255.32 /api.php?m=Index&c=index&a=clubRecords
INFO: [ app_init ] --START--
INFO: Run Behavior\BuildLiteBehavior [ RunTime:0.000019s ]
INFO: [ app_init ] --END-- [ RunTime:0.000386s ]
INFO: [ app_begin ] --START--
INFO: Run Behavior\ReadHtmlCacheBehavior [ RunTime:0.000338s ]
INFO: [ app_begin ] --END-- [ RunTime:0.000382s ]
NOTIC: [2048] Declaration of Api\Controller\IndexController::qrcode() should be compatible with Api\Controller\ApiController::qrcode($uid) /phpstudy/www/Gittext/game/Application/Api/Controller/IndexController.class.php 第 13 行.
SQL: SHOW COLUMNS FROM `dd_config` [ RunTime:0.0021s ]
SQL: SELECT * FROM `dd_config`  [ RunTime:0.0017s ]
ERR: Think\Controller:getUrl方法不存在！

[ 2019-05-19T14:58:44+08:00 ] 183.3.255.32 /api.php?m=Index&c=index&a=clubRecords
INFO: [ app_init ] --START--
INFO: Run Behavior\BuildLiteBehavior [ RunTime:0.000014s ]
INFO: [ app_init ] --END-- [ RunTime:0.000248s ]
INFO: [ app_begin ] --START--
INFO: Run Behavior\ReadHtmlCacheBehavior [ RunTime:0.000349s ]
INFO: [ app_begin ] --END-- [ RunTime:0.000387s ]
NOTIC: [2048] Declaration of Api\Controller\IndexController::qrcode() should be compatible with Api\Controller\ApiController::qrcode($uid) /phpstudy/www/Gittext/game/Application/Api/Controller/IndexController.class.php 第 13 行.
SQL: SHOW COLUMNS FROM `dd_config` [ RunTime:0.0020s ]
SQL: SELECT * FROM `dd_config`  [ RunTime:0.0016s ]
ERR: Think\Controller:getUrl方法不存在！

[ 2019-05-19T14:58:44+08:00 ] 183.3.255.32 /api.php?m=Index&c=index&a=clubRecords
INFO: [ app_init ] --START--
INFO: Run Behavior\BuildLiteBehavior [ RunTime:0.000014s ]
INFO: [ app_init ] --END-- [ RunTime:0.000246s ]
INFO: [ app_begin ] --START--
INFO: Run Behavior\ReadHtmlCacheBehavior [ RunTime:0.000297s ]
INFO: [ app_begin ] --END-- [ RunTime:0.000329s ]
NOTIC: [2048] Declaration of Api\Controller\IndexController::qrcode() should be compatible with Api\Controller\ApiController::qrcode($uid) /phpstudy/www/Gittext/game/Application/Api/Controller/IndexController.class.php 第 13 行.
SQL: SHOW COLUMNS FROM `dd_config` [ RunTime:0.0018s ]
SQL: SELECT * FROM `dd_config`  [ RunTime:0.0013s ]
ERR: Think\Controller:getUrl方法不存在！

[ 2019-05-19T14:58:46+08:00 ] 157.255.172.14 /api.php?m=Index&c=index&a=clubRecords
INFO: [ app_init ] --START--
INFO: Run Behavior\BuildLiteBehavior [ RunTime:0.000026s ]
INFO: [ app_init ] --END-- [ RunTime:0.000253s ]
INFO: [ app_begin ] --START--
INFO: Run Behavior\ReadHtmlCacheBehavior [ RunTime:0.000297s ]
INFO: [ app_begin ] --END-- [ RunTime:0.000331s ]
NOTIC: [2048] Declaration of Api\Controller\IndexController::qrcode() should be compatible with Api\Controller\ApiController::qrcode($uid) /phpstudy/www/Gittext/game/Application/Api/Controller/IndexController.class.php 第 13 行.
SQL: SHOW COLUMNS FROM `dd_config` [ RunTime:0.0026s ]
SQL: SELECT * FROM `dd_config`  [ RunTime:0.0022s ]
ERR: Think\Controller:getUrl方法不存在！

[ 2019-05-19T14:58:47+08:00 ] 183.3.255.32 /api.php?m=Index&c=index&a=clubRecords
INFO: [ app_init ] --START--
INFO: Run Behavior\BuildLiteBehavior [ RunTime:0.000018s ]
INFO: [ app_init ] --END-- [ RunTime:0.000228s ]
INFO: [ app_begin ] --START--
INFO: Run Behavior\ReadHtmlCacheBehavior [ RunTime:0.000275s ]
INFO: [ app_begin ] --END-- [ RunTime:0.000306s ]
NOTIC: [2048] Declaration of Api\Controller\IndexController::qrcode() should be compatible with Api\Controller\ApiController::qrcode($uid) /phpstudy/www/Gittext/game/Application/Api/Controller/IndexController.class.php 第 13 行.
SQL: SHOW COLUMNS FROM `dd_config` [ RunTime:0.0024s ]
SQL: SELECT * FROM `dd_config`  [ RunTime:0.0021s ]
ERR: Think\Controller:getUrl方法不存在！

[ 2019-05-19T14:58:48+08:00 ] 183.3.255.32 /api.php?m=Index&c=index&a=clubRecords
INFO: [ app_init ] --START--
INFO: Run Behavior\BuildLiteBehavior [ RunTime:0.000014s ]
INFO: [ app_init ] --END-- [ RunTime:0.000255s ]
INFO: [ app_begin ] --START--
INFO: Run Behavior\ReadHtmlCacheBehavior [ RunTime:0.000298s ]
INFO: [ app_begin ] --END-- [ RunTime:0.000334s ]
NOTIC: [2048] Declaration of Api\Controller\IndexController::qrcode() should be compatible with Api\Controller\ApiController::qrcode($uid) /phpstudy/www/Gittext/game/Application/Api/Controller/IndexController.class.php 第 13 行.
SQL: SHOW COLUMNS FROM `dd_config` [ RunTime:0.0024s ]
SQL: SELECT * FROM `dd_config`  [ RunTime:0.0021s ]
ERR: Think\Controller:getUrl方法不存在！

[ 2019-05-19T14:58:49+08:00 ] 183.3.255.32 /api.php?m=Index&c=index&a=clubRecords
INFO: [ app_init ] --START--
INFO: Run Behavior\BuildLiteBehavior [ RunTime:0.000012s ]
INFO: [ app_init ] --END-- [ RunTime:0.000222s ]
INFO: [ app_begin ] --START--
INFO: Run Behavior\ReadHtmlCacheBehavior [ RunTime:0.000288s ]
INFO: [ app_begin ] --END-- [ RunTime:0.000358s ]
NOTIC: [2048] Declaration of Api\Controller\IndexController::qrcode() should be compatible with Api\Controller\ApiController::qrcode($uid) /phpstudy/www/Gittext/game/Application/Api/Controller/IndexController.class.php 第 13 行.
SQL: SHOW COLUMNS FROM `dd_config` [ RunTime:0.0026s ]
SQL: SELECT * FROM `dd_config`  [ RunTime:0.0024s ]
ERR: Think\Controller:getUrl方法不存在！

[ 2019-05-19T14:58:49+08:00 ] 183.3.255.32 /api.php?m=Index&c=index&a=clubRecords
INFO: [ app_init ] --START--
INFO: Run Behavior\BuildLiteBehavior [ RunTime:0.000019s ]
INFO: [ app_init ] --END-- [ RunTime:0.000264s ]
INFO: [ app_begin ] --START--
INFO: Run Behavior\ReadHtmlCacheBehavior [ RunTime:0.000323s ]
INFO: [ app_begin ] --END-- [ RunTime:0.000360s ]
NOTIC: [2048] Declaration of Api\Controller\IndexController::qrcode() should be compatible with Api\Controller\ApiController::qrcode($uid) /phpstudy/www/Gittext/game/Application/Api/Controller/IndexController.class.php 第 13 行.
SQL: SHOW COLUMNS FROM `dd_config` [ RunTime:0.0024s ]
SQL: SELECT * FROM `dd_config`  [ RunTime:0.0020s ]
ERR: Think\Controller:getUrl方法不存在！

[ 2019-05-19T14:58:49+08:00 ] 183.3.255.32 /api.php?m=Index&c=index&a=clubRecords
INFO: [ app_init ] --START--
INFO: Run Behavior\BuildLiteBehavior [ RunTime:0.000015s ]
INFO: [ app_init ] --END-- [ RunTime:0.000285s ]
INFO: [ app_begin ] --START--
INFO: Run Behavior\ReadHtmlCacheBehavior [ RunTime:0.000312s ]
INFO: [ app_begin ] --END-- [ RunTime:0.000346s ]
NOTIC: [2048] Declaration of Api\Controller\IndexController::qrcode() should be compatible with Api\Controller\ApiController::qrcode($uid) /phpstudy/www/Gittext/game/Application/Api/Controller/IndexController.class.php 第 13 行.
SQL: SHOW COLUMNS FROM `dd_config` [ RunTime:0.0020s ]
SQL: SELECT * FROM `dd_config`  [ RunTime:0.0016s ]
ERR: Think\Controller:getUrl方法不存在！

[ 2019-05-19T14:58:49+08:00 ] 183.3.255.32 /api.php?m=Index&c=index&a=clubRecords
INFO: [ app_init ] --START--
INFO: Run Behavior\BuildLiteBehavior [ RunTime:0.000014s ]
INFO: [ app_init ] --END-- [ RunTime:0.000225s ]
INFO: [ app_begin ] --START--
INFO: Run Behavior\ReadHtmlCacheBehavior [ RunTime:0.000295s ]
INFO: [ app_begin ] --END-- [ RunTime:0.000327s ]
NOTIC: [2048] Declaration of Api\Controller\IndexController::qrcode() should be compatible with Api\Controller\ApiController::qrcode($uid) /phpstudy/www/Gittext/game/Application/Api/Controller/IndexController.class.php 第 13 行.
SQL: SHOW COLUMNS FROM `dd_config` [ RunTime:0.0016s ]
SQL: SELECT * FROM `dd_config`  [ RunTime:0.0013s ]
ERR: Think\Controller:getUrl方法不存在！

[ 2019-05-19T14:58:49+08:00 ] 157.255.172.14 /api.php?m=Index&c=index&a=clubRecords
INFO: [ app_init ] --START--
INFO: Run Behavior\BuildLiteBehavior [ RunTime:0.000013s ]
INFO: [ app_init ] --END-- [ RunTime:0.000236s ]
INFO: [ app_begin ] --START--
INFO: Run Behavior\ReadHtmlCacheBehavior [ RunTime:0.000282s ]
INFO: [ app_begin ] --END-- [ RunTime:0.000322s ]
NOTIC: [2048] Declaration of Api\Controller\IndexController::qrcode() should be compatible with Api\Controller\ApiController::qrcode($uid) /phpstudy/www/Gittext/game/Application/Api/Controller/IndexController.class.php 第 13 行.
SQL: SHOW COLUMNS FROM `dd_config` [ RunTime:0.0022s ]
SQL: SELECT * FROM `dd_config`  [ RunTime:0.0018s ]
ERR: Think\Controller:getUrl方法不存在！

[ 2019-05-19T14:58:51+08:00 ] 157.255.172.14 /api.php?m=Index&c=index&a=clubRecords
INFO: [ app_init ] --START--
INFO: Run Behavior\BuildLiteBehavior [ RunTime:0.000013s ]
INFO: [ app_init ] --END-- [ RunTime:0.000227s ]
INFO: [ app_begin ] --START--
INFO: Run Behavior\ReadHtmlCacheBehavior [ RunTime:0.000313s ]
INFO: [ app_begin ] --END-- [ RunTime:0.000352s ]
NOTIC: [2048] Declaration of Api\Controller\IndexController::qrcode() should be compatible with Api\Controller\ApiController::qrcode($uid) /phpstudy/www/Gittext/game/Application/Api/Controller/IndexController.class.php 第 13 行.
SQL: SHOW COLUMNS FROM `dd_config` [ RunTime:0.0028s ]
SQL: SELECT * FROM `dd_config`  [ RunTime:0.0025s ]
ERR: Think\Controller:getUrl方法不存在！

[ 2019-05-19T15:01:03+08:00 ] 157.255.172.14 /api.php?m=Api&c=Index&a=clubInfo
INFO: [ app_init ] --START--
INFO: Run Behavior\BuildLiteBehavior [ RunTime:0.000017s ]
INFO: [ app_init ] --END-- [ RunTime:0.000287s ]
INFO: [ app_begin ] --START--
INFO: Run Behavior\ReadHtmlCacheBehavior [ RunTime:0.000291s ]
INFO: [ app_begin ] --END-- [ RunTime:0.000323s ]
NOTIC: [2048] Declaration of Api\Controller\IndexController::qrcode() should be compatible with Api\Controller\ApiController::qrcode($uid) /phpstudy/www/Gittext/game/Application/Api/Controller/IndexController.class.php 第 13 行.
SQL: SHOW COLUMNS FROM `dd_config` [ RunTime:0.0029s ]
SQL: SELECT * FROM `dd_config`  [ RunTime:0.0026s ]
ERR: Think\Controller:getUrl方法不存在！

[ 2019-05-19T15:01:06+08:00 ] 157.255.172.14 /api.php?m=Api&c=Index&a=clubInfo
INFO: [ app_init ] --START--
INFO: Run Behavior\BuildLiteBehavior [ RunTime:0.000015s ]
INFO: [ app_init ] --END-- [ RunTime:0.000271s ]
INFO: [ app_begin ] --START--
INFO: Run Behavior\ReadHtmlCacheBehavior [ RunTime:0.000390s ]
INFO: [ app_begin ] --END-- [ RunTime:0.000434s ]
NOTIC: [2048] Declaration of Api\Controller\IndexController::qrcode() should be compatible with Api\Controller\ApiController::qrcode($uid) /phpstudy/www/Gittext/game/Application/Api/Controller/IndexController.class.php 第 13 行.
SQL: SHOW COLUMNS FROM `dd_config` [ RunTime:0.0029s ]
SQL: SELECT * FROM `dd_config`  [ RunTime:0.0025s ]
ERR: Think\Controller:getUrl方法不存在！

[ 2019-05-19T15:01:09+08:00 ] 183.3.255.32 /api.php?m=Api&c=Index&a=clubInfo
INFO: [ app_init ] --START--
INFO: Run Behavior\BuildLiteBehavior [ RunTime:0.000018s ]
INFO: [ app_init ] --END-- [ RunTime:0.000328s ]
INFO: [ app_begin ] --START--
INFO: Run Behavior\ReadHtmlCacheBehavior [ RunTime:0.000438s ]
INFO: [ app_begin ] --END-- [ RunTime:0.000488s ]
NOTIC: [2048] Declaration of Api\Controller\IndexController::qrcode() should be compatible with Api\Controller\ApiController::qrcode($uid) /phpstudy/www/Gittext/game/Application/Api/Controller/IndexController.class.php 第 13 行.
SQL: SHOW COLUMNS FROM `dd_config` [ RunTime:0.0025s ]
SQL: SELECT * FROM `dd_config`  [ RunTime:0.0021s ]
ERR: Think\Controller:getUrl方法不存在！

[ 2019-05-19T15:01:22+08:00 ] 183.3.255.32 /api.php?m=Index&c=index&a=clubRecords
INFO: [ app_init ] --START--
INFO: Run Behavior\BuildLiteBehavior [ RunTime:0.000018s ]
INFO: [ app_init ] --END-- [ RunTime:0.000293s ]
INFO: [ app_begin ] --START--
INFO: Run Behavior\ReadHtmlCacheBehavior [ RunTime:0.000343s ]
INFO: [ app_begin ] --END-- [ RunTime:0.000380s ]
NOTIC: [2048] Declaration of Api\Controller\IndexController::qrcode() should be compatible with Api\Controller\ApiController::qrcode($uid) /phpstudy/www/Gittext/game/Application/Api/Controller/IndexController.class.php 第 13 行.
SQL: SHOW COLUMNS FROM `dd_config` [ RunTime:0.0021s ]
SQL: SELECT * FROM `dd_config`  [ RunTime:0.0018s ]
ERR: Think\Controller:getUrl方法不存在！

[ 2019-05-19T15:01:47+08:00 ] 157.255.172.14 /api.php?m=Api&c=Index&a=clubInfo
INFO: [ app_init ] --START--
INFO: Run Behavior\BuildLiteBehavior [ RunTime:0.000014s ]
INFO: [ app_init ] --END-- [ RunTime:0.000230s ]
INFO: [ app_begin ] --START--
INFO: Run Behavior\ReadHtmlCacheBehavior [ RunTime:0.000292s ]
INFO: [ app_begin ] --END-- [ RunTime:0.000325s ]
NOTIC: [2048] Declaration of Api\Controller\IndexController::qrcode() should be compatible with Api\Controller\ApiController::qrcode($uid) /phpstudy/www/Gittext/game/Application/Api/Controller/IndexController.class.php 第 13 行.
SQL: SHOW COLUMNS FROM `dd_config` [ RunTime:0.0023s ]
SQL: SELECT * FROM `dd_config`  [ RunTime:0.0020s ]
ERR: Think\Controller:getUrl方法不存在！

[ 2019-05-19T15:01:49+08:00 ] 157.255.172.14 /api.php?m=Api&c=Index&a=clubInfo
INFO: [ app_init ] --START--
INFO: Run Behavior\BuildLiteBehavior [ RunTime:0.000020s ]
INFO: [ app_init ] --END-- [ RunTime:0.000287s ]
INFO: [ app_begin ] --START--
INFO: Run Behavior\ReadHtmlCacheBehavior [ RunTime:0.000373s ]
INFO: [ app_begin ] --END-- [ RunTime:0.000410s ]
NOTIC: [2048] Declaration of Api\Controller\IndexController::qrcode() should be compatible with Api\Controller\ApiController::qrcode($uid) /phpstudy/www/Gittext/game/Application/Api/Controller/IndexController.class.php 第 13 行.
SQL: SHOW COLUMNS FROM `dd_config` [ RunTime:0.0034s ]
SQL: SELECT * FROM `dd_config`  [ RunTime:0.0030s ]
ERR: Think\Controller:getUrl方法不存在！

[ 2019-05-19T15:01:53+08:00 ] 183.3.255.32 /api.php?m=Api&c=Index&a=clubInfo
INFO: [ app_init ] --START--
INFO: Run Behavior\BuildLiteBehavior [ RunTime:0.000014s ]
INFO: [ app_init ] --END-- [ RunTime:0.000242s ]
INFO: [ app_begin ] --START--
INFO: Run Behavior\ReadHtmlCacheBehavior [ RunTime:0.000284s ]
INFO: [ app_begin ] --END-- [ RunTime:0.000315s ]
NOTIC: [2048] Declaration of Api\Controller\IndexController::qrcode() should be compatible with Api\Controller\ApiController::qrcode($uid) /phpstudy/www/Gittext/game/Application/Api/Controller/IndexController.class.php 第 13 行.
SQL: SHOW COLUMNS FROM `dd_config` [ RunTime:0.0020s ]
SQL: SELECT * FROM `dd_config`  [ RunTime:0.0016s ]
ERR: Think\Controller:getUrl方法不存在！

[ 2019-05-19T15:01:56+08:00 ] 157.255.172.14 /api.php?m=Api&c=Index&a=clubInfo
INFO: [ app_init ] --START--
INFO: Run Behavior\BuildLiteBehavior [ RunTime:0.000014s ]
INFO: [ app_init ] --END-- [ RunTime:0.000234s ]
INFO: [ app_begin ] --START--
INFO: Run Behavior\ReadHtmlCacheBehavior [ RunTime:0.000297s ]
INFO: [ app_begin ] --END-- [ RunTime:0.000329s ]
NOTIC: [2048] Declaration of Api\Controller\IndexController::qrcode() should be compatible with Api\Controller\ApiController::qrcode($uid) /phpstudy/www/Gittext/game/Application/Api/Controller/IndexController.class.php 第 13 行.
SQL: SHOW COLUMNS FROM `dd_config` [ RunTime:0.0023s ]
SQL: SELECT * FROM `dd_config`  [ RunTime:0.0019s ]
ERR: Think\Controller:getUrl方法不存在！

[ 2019-05-19T15:02:03+08:00 ] 157.255.172.14 /api.php?m=Index&c=index&a=clubRecords
INFO: [ app_init ] --START--
INFO: Run Behavior\BuildLiteBehavior [ RunTime:0.000016s ]
INFO: [ app_init ] --END-- [ RunTime:0.000243s ]
INFO: [ app_begin ] --START--
INFO: Run Behavior\ReadHtmlCacheBehavior [ RunTime:0.000295s ]
INFO: [ app_begin ] --END-- [ RunTime:0.000330s ]
NOTIC: [2048] Declaration of Api\Controller\IndexController::qrcode() should be compatible with Api\Controller\ApiController::qrcode($uid) /phpstudy/www/Gittext/game/Application/Api/Controller/IndexController.class.php 第 13 行.
SQL: SHOW COLUMNS FROM `dd_config` [ RunTime:0.0026s ]
SQL: SELECT * FROM `dd_config`  [ RunTime:0.0020s ]
ERR: Think\Controller:getUrl方法不存在！

[ 2019-05-19T15:03:07+08:00 ] 183.3.255.32 /api.php?m=Api&c=Index&a=clubInfo
INFO: [ app_init ] --START--
INFO: Run Behavior\BuildLiteBehavior [ RunTime:0.000014s ]
INFO: [ app_init ] --END-- [ RunTime:0.000281s ]
INFO: [ app_begin ] --START--
INFO: Run Behavior\ReadHtmlCacheBehavior [ RunTime:0.000308s ]
INFO: [ app_begin ] --END-- [ RunTime:0.000341s ]
NOTIC: [2048] Declaration of Api\Controller\IndexController::qrcode() should be compatible with Api\Controller\ApiController::qrcode($uid) /phpstudy/www/Gittext/game/Application/Api/Controller/IndexController.class.php 第 13 行.
SQL: SHOW COLUMNS FROM `dd_config` [ RunTime:0.0026s ]
SQL: SELECT * FROM `dd_config`  [ RunTime:0.0022s ]
ERR: Think\Controller:getUrl方法不存在！

[ 2019-05-19T16:03:03+08:00 ] 183.3.255.32 /api.php?m=Api&c=Index&a=clubInfo
INFO: [ app_init ] --START--
INFO: Run Behavior\BuildLiteBehavior [ RunTime:0.000013s ]
INFO: [ app_init ] --END-- [ RunTime:0.000229s ]
INFO: [ app_begin ] --START--
INFO: Run Behavior\ReadHtmlCacheBehavior [ RunTime:0.000336s ]
INFO: [ app_begin ] --END-- [ RunTime:0.000374s ]
NOTIC: [2048] Declaration of Api\Controller\IndexController::qrcode() should be compatible with Api\Controller\ApiController::qrcode($uid) /phpstudy/www/Gittext/game/Application/Api/Controller/IndexController.class.php 第 13 行.
SQL: SHOW COLUMNS FROM `dd_config` [ RunTime:0.0019s ]
SQL: SELECT * FROM `dd_config`  [ RunTime:0.0015s ]
ERR: Think\Controller:getUrl方法不存在！

[ 2019-05-19T16:03:33+08:00 ] 183.3.255.32 /api.php?m=Api&c=Index&a=clubInfo
INFO: [ app_init ] --START--
INFO: Run Behavior\BuildLiteBehavior [ RunTime:0.000013s ]
INFO: [ app_init ] --END-- [ RunTime:0.000246s ]
INFO: [ app_begin ] --START--
INFO: Run Behavior\ReadHtmlCacheBehavior [ RunTime:0.000352s ]
INFO: [ app_begin ] --END-- [ RunTime:0.000387s ]
NOTIC: [2048] Declaration of Api\Controller\IndexController::qrcode() should be compatible with Api\Controller\ApiController::qrcode($uid) /phpstudy/www/Gittext/game/Application/Api/Controller/IndexController.class.php 第 13 行.
SQL: SHOW COLUMNS FROM `dd_config` [ RunTime:0.0023s ]
SQL: SELECT * FROM `dd_config`  [ RunTime:0.0020s ]
ERR: Think\Controller:getUrl方法不存在！

[ 2019-05-19T16:04:28+08:00 ] 183.3.255.32 /api.php?m=Api&c=Index&a=clubInfo
INFO: [ app_init ] --START--
INFO: Run Behavior\BuildLiteBehavior [ RunTime:0.000014s ]
INFO: [ app_init ] --END-- [ RunTime:0.000224s ]
INFO: [ app_begin ] --START--
INFO: Run Behavior\ReadHtmlCacheBehavior [ RunTime:0.000313s ]
INFO: [ app_begin ] --END-- [ RunTime:0.000349s ]
NOTIC: [2048] Declaration of Api\Controller\IndexController::qrcode() should be compatible with Api\Controller\ApiController::qrcode($uid) /phpstudy/www/Gittext/game/Application/Api/Controller/IndexController.class.php 第 13 行.
SQL: SHOW COLUMNS FROM `dd_config` [ RunTime:0.0029s ]
SQL: SELECT * FROM `dd_config`  [ RunTime:0.0025s ]
ERR: Think\Controller:getUrl方法不存在！

[ 2019-05-19T16:05:46+08:00 ] 183.3.255.32 /api.php?m=Api&c=Index&a=clubInfo
INFO: [ app_init ] --START--
INFO: Run Behavior\BuildLiteBehavior [ RunTime:0.000015s ]
INFO: [ app_init ] --END-- [ RunTime:0.000290s ]
INFO: [ app_begin ] --START--
INFO: Run Behavior\ReadHtmlCacheBehavior [ RunTime:0.000309s ]
INFO: [ app_begin ] --END-- [ RunTime:0.000346s ]
NOTIC: [2048] Declaration of Api\Controller\IndexController::qrcode() should be compatible with Api\Controller\ApiController::qrcode($uid) /phpstudy/www/Gittext/game/Application/Api/Controller/IndexController.class.php 第 13 行.
SQL: SHOW COLUMNS FROM `dd_config` [ RunTime:0.0023s ]
SQL: SELECT * FROM `dd_config`  [ RunTime:0.0020s ]
ERR: Think\Controller:getUrl方法不存在！

[ 2019-05-19T16:05:51+08:00 ] 183.3.255.32 /api.php?m=Api&c=Index&a=clubInfo
INFO: [ app_init ] --START--
INFO: Run Behavior\BuildLiteBehavior [ RunTime:0.000013s ]
INFO: [ app_init ] --END-- [ RunTime:0.000250s ]
INFO: [ app_begin ] --START--
INFO: Run Behavior\ReadHtmlCacheBehavior [ RunTime:0.000323s ]
INFO: [ app_begin ] --END-- [ RunTime:0.000363s ]
NOTIC: [2048] Declaration of Api\Controller\IndexController::qrcode() should be compatible with Api\Controller\ApiController::qrcode($uid) /phpstudy/www/Gittext/game/Application/Api/Controller/IndexController.class.php 第 13 行.
SQL: SHOW COLUMNS FROM `dd_config` [ RunTime:0.0021s ]
SQL: SELECT * FROM `dd_config`  [ RunTime:0.0018s ]
ERR: Think\Controller:getUrl方法不存在！

[ 2019-05-19T16:05:56+08:00 ] 183.3.255.32 /api.php?m=Api&c=Index&a=clubInfo
INFO: [ app_init ] --START--
INFO: Run Behavior\BuildLiteBehavior [ RunTime:0.000015s ]
INFO: [ app_init ] --END-- [ RunTime:0.000245s ]
INFO: [ app_begin ] --START--
INFO: Run Behavior\ReadHtmlCacheBehavior [ RunTime:0.000314s ]
INFO: [ app_begin ] --END-- [ RunTime:0.000352s ]
NOTIC: [2048] Declaration of Api\Controller\IndexController::qrcode() should be compatible with Api\Controller\ApiController::qrcode($uid) /phpstudy/www/Gittext/game/Application/Api/Controller/IndexController.class.php 第 13 行.
SQL: SHOW COLUMNS FROM `dd_config` [ RunTime:0.0018s ]
SQL: SELECT * FROM `dd_config`  [ RunTime:0.0014s ]
ERR: Think\Controller:getUrl方法不存在！

[ 2019-05-19T16:05:59+08:00 ] 183.3.255.32 /api.php?m=Api&c=Index&a=clubInfo
INFO: [ app_init ] --START--
INFO: Run Behavior\BuildLiteBehavior [ RunTime:0.000014s ]
INFO: [ app_init ] --END-- [ RunTime:0.000238s ]
INFO: [ app_begin ] --START--
INFO: Run Behavior\ReadHtmlCacheBehavior [ RunTime:0.000281s ]
INFO: [ app_begin ] --END-- [ RunTime:0.000311s ]
NOTIC: [2048] Declaration of Api\Controller\IndexController::qrcode() should be compatible with Api\Controller\ApiController::qrcode($uid) /phpstudy/www/Gittext/game/Application/Api/Controller/IndexController.class.php 第 13 行.
SQL: SHOW COLUMNS FROM `dd_config` [ RunTime:0.0021s ]
SQL: SELECT * FROM `dd_config`  [ RunTime:0.0018s ]
ERR: Think\Controller:getUrl方法不存在！

[ 2019-05-19T16:06:00+08:00 ] 223.104.63.195 /api.php?m=Api&c=Index&a=clubInfo
INFO: [ app_init ] --START--
INFO: Run Behavior\BuildLiteBehavior [ RunTime:0.000016s ]
INFO: [ app_init ] --END-- [ RunTime:0.000253s ]
INFO: [ app_begin ] --START--
INFO: Run Behavior\ReadHtmlCacheBehavior [ RunTime:0.000303s ]
INFO: [ app_begin ] --END-- [ RunTime:0.000445s ]
NOTIC: [2048] Declaration of Api\Controller\IndexController::qrcode() should be compatible with Api\Controller\ApiController::qrcode($uid) /phpstudy/www/Gittext/game/Application/Api/Controller/IndexController.class.php 第 13 行.
SQL: SHOW COLUMNS FROM `dd_config` [ RunTime:0.0032s ]
SQL: SELECT * FROM `dd_config`  [ RunTime:0.0029s ]
ERR: Think\Controller:getUrl方法不存在！

[ 2019-05-19T16:06:02+08:00 ] 183.3.255.32 /api.php?m=Api&c=Index&a=clubInfo
INFO: [ app_init ] --START--
INFO: Run Behavior\BuildLiteBehavior [ RunTime:0.000015s ]
INFO: [ app_init ] --END-- [ RunTime:0.000243s ]
INFO: [ app_begin ] --START--
INFO: Run Behavior\ReadHtmlCacheBehavior [ RunTime:0.000346s ]
INFO: [ app_begin ] --END-- [ RunTime:0.000384s ]
NOTIC: [2048] Declaration of Api\Controller\IndexController::qrcode() should be compatible with Api\Controller\ApiController::qrcode($uid) /phpstudy/www/Gittext/game/Application/Api/Controller/IndexController.class.php 第 13 行.
SQL: SHOW COLUMNS FROM `dd_config` [ RunTime:0.0025s ]
SQL: SELECT * FROM `dd_config`  [ RunTime:0.0021s ]
ERR: Think\Controller:getUrl方法不存在！

[ 2019-05-19T16:06:02+08:00 ] 112.97.55.37 /api.php?m=Api&c=Index&a=clubInfo
INFO: [ app_init ] --START--
INFO: Run Behavior\BuildLiteBehavior [ RunTime:0.000013s ]
INFO: [ app_init ] --END-- [ RunTime:0.000241s ]
INFO: [ app_begin ] --START--
INFO: Run Behavior\ReadHtmlCacheBehavior [ RunTime:0.000295s ]
INFO: [ app_begin ] --END-- [ RunTime:0.000332s ]
NOTIC: [2048] Declaration of Api\Controller\IndexController::qrcode() should be compatible with Api\Controller\ApiController::qrcode($uid) /phpstudy/www/Gittext/game/Application/Api/Controller/IndexController.class.php 第 13 行.
SQL: SHOW COLUMNS FROM `dd_config` [ RunTime:0.0028s ]
SQL: SELECT * FROM `dd_config`  [ RunTime:0.0023s ]
ERR: Think\Controller:getUrl方法不存在！

[ 2019-05-19T16:06:05+08:00 ] 223.104.63.195 /api.php?m=Index&c=index&a=clubMembers
INFO: [ app_init ] --START--
INFO: Run Behavior\BuildLiteBehavior [ RunTime:0.000014s ]
INFO: [ app_init ] --END-- [ RunTime:0.000242s ]
INFO: [ app_begin ] --START--
INFO: Run Behavior\ReadHtmlCacheBehavior [ RunTime:0.000328s ]
INFO: [ app_begin ] --END-- [ RunTime:0.000363s ]
NOTIC: [2048] Declaration of Api\Controller\IndexController::qrcode() should be compatible with Api\Controller\ApiController::qrcode($uid) /phpstudy/www/Gittext/game/Application/Api/Controller/IndexController.class.php 第 13 行.
SQL: SHOW COLUMNS FROM `dd_config` [ RunTime:0.0025s ]
SQL: SELECT * FROM `dd_config`  [ RunTime:0.0022s ]
ERR: Think\Controller:getUrl方法不存在！

[ 2019-05-19T16:06:06+08:00 ] 223.104.63.195 /api.php?m=Index&c=index&a=clubMembers
INFO: [ app_init ] --START--
INFO: Run Behavior\BuildLiteBehavior [ RunTime:0.000016s ]
INFO: [ app_init ] --END-- [ RunTime:0.000250s ]
INFO: [ app_begin ] --START--
INFO: Run Behavior\ReadHtmlCacheBehavior [ RunTime:0.000346s ]
INFO: [ app_begin ] --END-- [ RunTime:0.000386s ]
NOTIC: [2048] Declaration of Api\Controller\IndexController::qrcode() should be compatible with Api\Controller\ApiController::qrcode($uid) /phpstudy/www/Gittext/game/Application/Api/Controller/IndexController.class.php 第 13 行.
SQL: SHOW COLUMNS FROM `dd_config` [ RunTime:0.0024s ]
SQL: SELECT * FROM `dd_config`  [ RunTime:0.4074s ]
ERR: Think\Controller:getUrl方法不存在！

[ 2019-05-19T16:10:27+08:00 ] 183.3.255.32 /api.php?m=Api&c=Index&a=clubInfo
INFO: [ app_init ] --START--
INFO: Run Behavior\BuildLiteBehavior [ RunTime:0.000013s ]
INFO: [ app_init ] --END-- [ RunTime:0.000235s ]
INFO: [ app_begin ] --START--
INFO: Run Behavior\ReadHtmlCacheBehavior [ RunTime:0.000275s ]
INFO: [ app_begin ] --END-- [ RunTime:0.000306s ]
NOTIC: [2048] Declaration of Api\Controller\IndexController::qrcode() should be compatible with Api\Controller\ApiController::qrcode($uid) /phpstudy/www/Gittext/game/Application/Api/Controller/IndexController.class.php 第 13 行.
SQL: SHOW COLUMNS FROM `dd_config` [ RunTime:0.0027s ]
SQL: SELECT * FROM `dd_config`  [ RunTime:0.0022s ]
ERR: Think\Controller:getUrl方法不存在！

[ 2019-05-19T16:11:12+08:00 ] 183.3.255.32 /api.php?m=Index&c=index&a=clubRecords
INFO: [ app_init ] --START--
INFO: Run Behavior\BuildLiteBehavior [ RunTime:0.000019s ]
INFO: [ app_init ] --END-- [ RunTime:0.000301s ]
INFO: [ app_begin ] --START--
INFO: Run Behavior\ReadHtmlCacheBehavior [ RunTime:0.000395s ]
INFO: [ app_begin ] --END-- [ RunTime:0.000435s ]
NOTIC: [2048] Declaration of Api\Controller\IndexController::qrcode() should be compatible with Api\Controller\ApiController::qrcode($uid) /phpstudy/www/Gittext/game/Application/Api/Controller/IndexController.class.php 第 13 行.
SQL: SHOW COLUMNS FROM `dd_config` [ RunTime:0.0029s ]
SQL: SELECT * FROM `dd_config`  [ RunTime:0.0025s ]
ERR: Think\Controller:getUrl方法不存在！

[ 2019-05-19T16:11:14+08:00 ] 183.3.255.32 /api.php?m=Index&c=index&a=clubRecords
INFO: [ app_init ] --START--
INFO: Run Behavior\BuildLiteBehavior [ RunTime:0.000018s ]
INFO: [ app_init ] --END-- [ RunTime:0.000275s ]
INFO: [ app_begin ] --START--
INFO: Run Behavior\ReadHtmlCacheBehavior [ RunTime:0.000337s ]
INFO: [ app_begin ] --END-- [ RunTime:0.000375s ]
NOTIC: [2048] Declaration of Api\Controller\IndexController::qrcode() should be compatible with Api\Controller\ApiController::qrcode($uid) /phpstudy/www/Gittext/game/Application/Api/Controller/IndexController.class.php 第 13 行.
SQL: SHOW COLUMNS FROM `dd_config` [ RunTime:0.0020s ]
SQL: SELECT * FROM `dd_config`  [ RunTime:0.0018s ]
ERR: Think\Controller:getUrl方法不存在！

[ 2019-05-19T16:21:06+08:00 ] 223.104.63.195 /api.php?m=Api&c=Index&a=clubInfo
INFO: [ app_init ] --START--
INFO: Run Behavior\BuildLiteBehavior [ RunTime:0.000015s ]
INFO: [ app_init ] --END-- [ RunTime:0.000304s ]
INFO: [ app_begin ] --START--
INFO: Run Behavior\ReadHtmlCacheBehavior [ RunTime:0.000308s ]
INFO: [ app_begin ] --END-- [ RunTime:0.000344s ]
NOTIC: [2048] Declaration of Api\Controller\IndexController::qrcode() should be compatible with Api\Controller\ApiController::qrcode($uid) /phpstudy/www/Gittext/game/Application/Api/Controller/IndexController.class.php 第 13 行.
SQL: SHOW COLUMNS FROM `dd_config` [ RunTime:0.0026s ]
SQL: SELECT * FROM `dd_config`  [ RunTime:0.0022s ]
ERR: Think\Controller:getUrl方法不存在！

[ 2019-05-19T16:21:10+08:00 ] 223.104.63.195 /api.php?m=Index&c=index&a=clubRecords
INFO: [ app_init ] --START--
INFO: Run Behavior\BuildLiteBehavior [ RunTime:0.000016s ]
INFO: [ app_init ] --END-- [ RunTime:0.000261s ]
INFO: [ app_begin ] --START--
INFO: Run Behavior\ReadHtmlCacheBehavior [ RunTime:0.000324s ]
INFO: [ app_begin ] --END-- [ RunTime:0.000365s ]
NOTIC: [2048] Declaration of Api\Controller\IndexController::qrcode() should be compatible with Api\Controller\ApiController::qrcode($uid) /phpstudy/www/Gittext/game/Application/Api/Controller/IndexController.class.php 第 13 行.
SQL: SHOW COLUMNS FROM `dd_config` [ RunTime:0.0018s ]
SQL: SELECT * FROM `dd_config`  [ RunTime:0.0014s ]
ERR: Think\Controller:getUrl方法不存在！

[ 2019-05-19T16:21:11+08:00 ] 223.104.63.195 /api.php?m=Index&c=index&a=clubRecords
INFO: [ app_init ] --START--
INFO: Run Behavior\BuildLiteBehavior [ RunTime:0.000019s ]
INFO: [ app_init ] --END-- [ RunTime:0.000274s ]
INFO: [ app_begin ] --START--
INFO: Run Behavior\ReadHtmlCacheBehavior [ RunTime:0.000350s ]
INFO: [ app_begin ] --END-- [ RunTime:0.000396s ]
NOTIC: [2048] Declaration of Api\Controller\IndexController::qrcode() should be compatible with Api\Controller\ApiController::qrcode($uid) /phpstudy/www/Gittext/game/Application/Api/Controller/IndexController.class.php 第 13 行.
SQL: SHOW COLUMNS FROM `dd_config` [ RunTime:0.0021s ]
SQL: SELECT * FROM `dd_config`  [ RunTime:0.0017s ]
ERR: Think\Controller:getUrl方法不存在！

[ 2019-05-19T16:21:12+08:00 ] 223.104.63.195 /api.php?m=Index&c=index&a=clubRecords
INFO: [ app_init ] --START--
INFO: Run Behavior\BuildLiteBehavior [ RunTime:0.000014s ]
INFO: [ app_init ] --END-- [ RunTime:0.000234s ]
INFO: [ app_begin ] --START--
INFO: Run Behavior\ReadHtmlCacheBehavior [ RunTime:0.000274s ]
INFO: [ app_begin ] --END-- [ RunTime:0.000304s ]
NOTIC: [2048] Declaration of Api\Controller\IndexController::qrcode() should be compatible with Api\Controller\ApiController::qrcode($uid) /phpstudy/www/Gittext/game/Application/Api/Controller/IndexController.class.php 第 13 行.
SQL: SHOW COLUMNS FROM `dd_config` [ RunTime:0.0020s ]
SQL: SELECT * FROM `dd_config`  [ RunTime:0.0016s ]
ERR: Think\Controller:getUrl方法不存在！

[ 2019-05-19T16:21:12+08:00 ] 223.104.63.195 /api.php?m=Index&c=index&a=clubRecords
INFO: [ app_init ] --START--
INFO: Run Behavior\BuildLiteBehavior [ RunTime:0.000013s ]
INFO: [ app_init ] --END-- [ RunTime:0.000221s ]
INFO: [ app_begin ] --START--
INFO: Run Behavior\ReadHtmlCacheBehavior [ RunTime:0.000286s ]
INFO: [ app_begin ] --END-- [ RunTime:0.000317s ]
NOTIC: [2048] Declaration of Api\Controller\IndexController::qrcode() should be compatible with Api\Controller\ApiController::qrcode($uid) /phpstudy/www/Gittext/game/Application/Api/Controller/IndexController.class.php 第 13 行.
SQL: SHOW COLUMNS FROM `dd_config` [ RunTime:0.0027s ]
SQL: SELECT * FROM `dd_config`  [ RunTime:0.0021s ]
ERR: Think\Controller:getUrl方法不存在！

[ 2019-05-19T16:21:13+08:00 ] 223.104.63.195 /api.php?m=Index&c=index&a=clubRecords
INFO: [ app_init ] --START--
INFO: Run Behavior\BuildLiteBehavior [ RunTime:0.000021s ]
INFO: [ app_init ] --END-- [ RunTime:0.000288s ]
INFO: [ app_begin ] --START--
INFO: Run Behavior\ReadHtmlCacheBehavior [ RunTime:0.000340s ]
INFO: [ app_begin ] --END-- [ RunTime:0.000382s ]
NOTIC: [2048] Declaration of Api\Controller\IndexController::qrcode() should be compatible with Api\Controller\ApiController::qrcode($uid) /phpstudy/www/Gittext/game/Application/Api/Controller/IndexController.class.php 第 13 行.
SQL: SHOW COLUMNS FROM `dd_config` [ RunTime:0.0022s ]
SQL: SELECT * FROM `dd_config`  [ RunTime:0.0018s ]
ERR: Think\Controller:getUrl方法不存在！

[ 2019-05-19T16:21:14+08:00 ] 223.104.63.195 /api.php?m=Index&c=index&a=clubRecords
INFO: [ app_init ] --START--
INFO: Run Behavior\BuildLiteBehavior [ RunTime:0.000016s ]
INFO: [ app_init ] --END-- [ RunTime:0.000228s ]
INFO: [ app_begin ] --START--
INFO: Run Behavior\ReadHtmlCacheBehavior [ RunTime:0.000321s ]
INFO: [ app_begin ] --END-- [ RunTime:0.000363s ]
NOTIC: [2048] Declaration of Api\Controller\IndexController::qrcode() should be compatible with Api\Controller\ApiController::qrcode($uid) /phpstudy/www/Gittext/game/Application/Api/Controller/IndexController.class.php 第 13 行.
SQL: SHOW COLUMNS FROM `dd_config` [ RunTime:0.0021s ]
SQL: SELECT * FROM `dd_config`  [ RunTime:0.0017s ]
ERR: Think\Controller:getUrl方法不存在！

[ 2019-05-19T16:21:14+08:00 ] 223.104.63.195 /api.php?m=Index&c=index&a=clubRecords
INFO: [ app_init ] --START--
INFO: Run Behavior\BuildLiteBehavior [ RunTime:0.000013s ]
INFO: [ app_init ] --END-- [ RunTime:0.000230s ]
INFO: [ app_begin ] --START--
INFO: Run Behavior\ReadHtmlCacheBehavior [ RunTime:0.000278s ]
INFO: [ app_begin ] --END-- [ RunTime:0.000307s ]
NOTIC: [2048] Declaration of Api\Controller\IndexController::qrcode() should be compatible with Api\Controller\ApiController::qrcode($uid) /phpstudy/www/Gittext/game/Application/Api/Controller/IndexController.class.php 第 13 行.
SQL: SHOW COLUMNS FROM `dd_config` [ RunTime:0.0026s ]
SQL: SELECT * FROM `dd_config`  [ RunTime:0.0022s ]
ERR: Think\Controller:getUrl方法不存在！

[ 2019-05-19T16:21:14+08:00 ] 223.104.63.195 /api.php?m=Index&c=index&a=clubRecords
INFO: [ app_init ] --START--
INFO: Run Behavior\BuildLiteBehavior [ RunTime:0.000014s ]
INFO: [ app_init ] --END-- [ RunTime:0.000238s ]
INFO: [ app_begin ] --START--
INFO: Run Behavior\ReadHtmlCacheBehavior [ RunTime:0.000285s ]
INFO: [ app_begin ] --END-- [ RunTime:0.000315s ]
NOTIC: [2048] Declaration of Api\Controller\IndexController::qrcode() should be compatible with Api\Controller\ApiController::qrcode($uid) /phpstudy/www/Gittext/game/Application/Api/Controller/IndexController.class.php 第 13 行.
SQL: SHOW COLUMNS FROM `dd_config` [ RunTime:0.0024s ]
SQL: SELECT * FROM `dd_config`  [ RunTime:0.0021s ]
ERR: Think\Controller:getUrl方法不存在！

[ 2019-05-19T16:21:15+08:00 ] 223.104.63.195 /api.php?m=Index&c=index&a=clubRecords
INFO: [ app_init ] --START--
INFO: Run Behavior\BuildLiteBehavior [ RunTime:0.000013s ]
INFO: [ app_init ] --END-- [ RunTime:0.000230s ]
INFO: [ app_begin ] --START--
INFO: Run Behavior\ReadHtmlCacheBehavior [ RunTime:0.000281s ]
INFO: [ app_begin ] --END-- [ RunTime:0.000312s ]
NOTIC: [2048] Declaration of Api\Controller\IndexController::qrcode() should be compatible with Api\Controller\ApiController::qrcode($uid) /phpstudy/www/Gittext/game/Application/Api/Controller/IndexController.class.php 第 13 行.
SQL: SHOW COLUMNS FROM `dd_config` [ RunTime:0.0022s ]
SQL: SELECT * FROM `dd_config`  [ RunTime:0.0018s ]
ERR: Think\Controller:getUrl方法不存在！

[ 2019-05-19T16:21:15+08:00 ] 223.104.63.195 /api.php?m=Index&c=index&a=clubRecords
INFO: [ app_init ] --START--
INFO: Run Behavior\BuildLiteBehavior [ RunTime:0.000013s ]
INFO: [ app_init ] --END-- [ RunTime:0.000233s ]
INFO: [ app_begin ] --START--
INFO: Run Behavior\ReadHtmlCacheBehavior [ RunTime:0.000289s ]
INFO: [ app_begin ] --END-- [ RunTime:0.000325s ]
NOTIC: [2048] Declaration of Api\Controller\IndexController::qrcode() should be compatible with Api\Controller\ApiController::qrcode($uid) /phpstudy/www/Gittext/game/Application/Api/Controller/IndexController.class.php 第 13 行.
SQL: SHOW COLUMNS FROM `dd_config` [ RunTime:0.0030s ]
SQL: SELECT * FROM `dd_config`  [ RunTime:0.0027s ]
ERR: Think\Controller:getUrl方法不存在！

[ 2019-05-19T16:21:15+08:00 ] 223.104.63.195 /api.php?m=Index&c=index&a=clubRecords
INFO: [ app_init ] --START--
INFO: Run Behavior\BuildLiteBehavior [ RunTime:0.000014s ]
INFO: [ app_init ] --END-- [ RunTime:0.000240s ]
INFO: [ app_begin ] --START--
INFO: Run Behavior\ReadHtmlCacheBehavior [ RunTime:0.000319s ]
INFO: [ app_begin ] --END-- [ RunTime:0.000353s ]
NOTIC: [2048] Declaration of Api\Controller\IndexController::qrcode() should be compatible with Api\Controller\ApiController::qrcode($uid) /phpstudy/www/Gittext/game/Application/Api/Controller/IndexController.class.php 第 13 行.
SQL: SHOW COLUMNS FROM `dd_config` [ RunTime:0.0031s ]
SQL: SELECT * FROM `dd_config`  [ RunTime:0.0025s ]
ERR: Think\Controller:getUrl方法不存在！

[ 2019-05-19T16:21:16+08:00 ] 223.104.63.195 /api.php?m=Index&c=index&a=clubRecords
INFO: [ app_init ] --START--
INFO: Run Behavior\BuildLiteBehavior [ RunTime:0.000018s ]
INFO: [ app_init ] --END-- [ RunTime:0.000255s ]
INFO: [ app_begin ] --START--
INFO: Run Behavior\ReadHtmlCacheBehavior [ RunTime:0.000303s ]
INFO: [ app_begin ] --END-- [ RunTime:0.000337s ]
NOTIC: [2048] Declaration of Api\Controller\IndexController::qrcode() should be compatible with Api\Controller\ApiController::qrcode($uid) /phpstudy/www/Gittext/game/Application/Api/Controller/IndexController.class.php 第 13 行.
SQL: SHOW COLUMNS FROM `dd_config` [ RunTime:0.0024s ]
SQL: SELECT * FROM `dd_config`  [ RunTime:0.0020s ]
ERR: Think\Controller:getUrl方法不存在！

[ 2019-05-19T16:21:16+08:00 ] 223.104.63.195 /api.php?m=Index&c=index&a=clubRecords
INFO: [ app_init ] --START--
INFO: Run Behavior\BuildLiteBehavior [ RunTime:0.000015s ]
INFO: [ app_init ] --END-- [ RunTime:0.000233s ]
INFO: [ app_begin ] --START--
INFO: Run Behavior\ReadHtmlCacheBehavior [ RunTime:0.000314s ]
INFO: [ app_begin ] --END-- [ RunTime:0.000353s ]
NOTIC: [2048] Declaration of Api\Controller\IndexController::qrcode() should be compatible with Api\Controller\ApiController::qrcode($uid) /phpstudy/www/Gittext/game/Application/Api/Controller/IndexController.class.php 第 13 行.
SQL: SHOW COLUMNS FROM `dd_config` [ RunTime:0.0027s ]
SQL: SELECT * FROM `dd_config`  [ RunTime:0.0024s ]
ERR: Think\Controller:getUrl方法不存在！

[ 2019-05-19T16:21:17+08:00 ] 223.104.63.195 /api.php?m=Index&c=index&a=clubRecords
INFO: [ app_init ] --START--
INFO: Run Behavior\BuildLiteBehavior [ RunTime:0.000013s ]
INFO: [ app_init ] --END-- [ RunTime:0.000238s ]
INFO: [ app_begin ] --START--
INFO: Run Behavior\ReadHtmlCacheBehavior [ RunTime:0.000338s ]
INFO: [ app_begin ] --END-- [ RunTime:0.000374s ]
NOTIC: [2048] Declaration of Api\Controller\IndexController::qrcode() should be compatible with Api\Controller\ApiController::qrcode($uid) /phpstudy/www/Gittext/game/Application/Api/Controller/IndexController.class.php 第 13 行.
SQL: SHOW COLUMNS FROM `dd_config` [ RunTime:0.0021s ]
SQL: SELECT * FROM `dd_config`  [ RunTime:0.0017s ]
ERR: Think\Controller:getUrl方法不存在！

[ 2019-05-19T16:21:18+08:00 ] 223.104.63.195 /api.php?m=Index&c=index&a=clubRecords
INFO: [ app_init ] --START--
INFO: Run Behavior\BuildLiteBehavior [ RunTime:0.000014s ]
INFO: [ app_init ] --END-- [ RunTime:0.000247s ]
INFO: [ app_begin ] --START--
INFO: Run Behavior\ReadHtmlCacheBehavior [ RunTime:0.000350s ]
INFO: [ app_begin ] --END-- [ RunTime:0.000392s ]
NOTIC: [2048] Declaration of Api\Controller\IndexController::qrcode() should be compatible with Api\Controller\ApiController::qrcode($uid) /phpstudy/www/Gittext/game/Application/Api/Controller/IndexController.class.php 第 13 行.
SQL: SHOW COLUMNS FROM `dd_config` [ RunTime:0.0016s ]
SQL: SELECT * FROM `dd_config`  [ RunTime:0.0013s ]
ERR: Think\Controller:getUrl方法不存在！

[ 2019-05-19T16:21:19+08:00 ] 223.104.63.195 /api.php?m=Index&c=index&a=clubRecords
INFO: [ app_init ] --START--
INFO: Run Behavior\BuildLiteBehavior [ RunTime:0.000014s ]
INFO: [ app_init ] --END-- [ RunTime:0.000232s ]
INFO: [ app_begin ] --START--
INFO: Run Behavior\ReadHtmlCacheBehavior [ RunTime:0.000285s ]
INFO: [ app_begin ] --END-- [ RunTime:0.000316s ]
NOTIC: [2048] Declaration of Api\Controller\IndexController::qrcode() should be compatible with Api\Controller\ApiController::qrcode($uid) /phpstudy/www/Gittext/game/Application/Api/Controller/IndexController.class.php 第 13 行.
SQL: SHOW COLUMNS FROM `dd_config` [ RunTime:0.0023s ]
SQL: SELECT * FROM `dd_config`  [ RunTime:0.0018s ]
ERR: Think\Controller:getUrl方法不存在！

[ 2019-05-19T16:21:20+08:00 ] 183.3.255.35 /api.php?m=Index&c=index&a=clubRecords
INFO: [ app_init ] --START--
INFO: Run Behavior\BuildLiteBehavior [ RunTime:0.000014s ]
INFO: [ app_init ] --END-- [ RunTime:0.000237s ]
INFO: [ app_begin ] --START--
INFO: Run Behavior\ReadHtmlCacheBehavior [ RunTime:0.000318s ]
INFO: [ app_begin ] --END-- [ RunTime:0.000352s ]
NOTIC: [2048] Declaration of Api\Controller\IndexController::qrcode() should be compatible with Api\Controller\ApiController::qrcode($uid) /phpstudy/www/Gittext/game/Application/Api/Controller/IndexController.class.php 第 13 行.
SQL: SHOW COLUMNS FROM `dd_config` [ RunTime:0.0020s ]
SQL: SELECT * FROM `dd_config`  [ RunTime:0.0018s ]
ERR: Think\Controller:getUrl方法不存在！

[ 2019-05-19T16:21:23+08:00 ] 183.3.255.35 /api.php?m=Index&c=index&a=clubRecords
INFO: [ app_init ] --START--
INFO: Run Behavior\BuildLiteBehavior [ RunTime:0.000021s ]
INFO: [ app_init ] --END-- [ RunTime:0.000257s ]
INFO: [ app_begin ] --START--
INFO: Run Behavior\ReadHtmlCacheBehavior [ RunTime:0.000290s ]
INFO: [ app_begin ] --END-- [ RunTime:0.000323s ]
NOTIC: [2048] Declaration of Api\Controller\IndexController::qrcode() should be compatible with Api\Controller\ApiController::qrcode($uid) /phpstudy/www/Gittext/game/Application/Api/Controller/IndexController.class.php 第 13 行.
SQL: SHOW COLUMNS FROM `dd_config` [ RunTime:0.0022s ]
SQL: SELECT * FROM `dd_config`  [ RunTime:0.0018s ]
ERR: Think\Controller:getUrl方法不存在！

[ 2019-05-19T16:21:23+08:00 ] 223.104.63.195 /api.php?m=Index&c=index&a=clubRecords
INFO: [ app_init ] --START--
INFO: Run Behavior\BuildLiteBehavior [ RunTime:0.000019s ]
INFO: [ app_init ] --END-- [ RunTime:0.000318s ]
INFO: [ app_begin ] --START--
INFO: Run Behavior\ReadHtmlCacheBehavior [ RunTime:0.000319s ]
INFO: [ app_begin ] --END-- [ RunTime:0.000359s ]
NOTIC: [2048] Declaration of Api\Controller\IndexController::qrcode() should be compatible with Api\Controller\ApiController::qrcode($uid) /phpstudy/www/Gittext/game/Application/Api/Controller/IndexController.class.php 第 13 行.
SQL: SHOW COLUMNS FROM `dd_config` [ RunTime:0.0022s ]
SQL: SELECT * FROM `dd_config`  [ RunTime:0.0019s ]
ERR: Think\Controller:getUrl方法不存在！

[ 2019-05-19T16:21:23+08:00 ] 223.104.63.195 /api.php?m=Index&c=index&a=clubRecords
INFO: [ app_init ] --START--
INFO: Run Behavior\BuildLiteBehavior [ RunTime:0.000015s ]
INFO: [ app_init ] --END-- [ RunTime:0.000261s ]
INFO: [ app_begin ] --START--
INFO: Run Behavior\ReadHtmlCacheBehavior [ RunTime:0.000329s ]
INFO: [ app_begin ] --END-- [ RunTime:0.000363s ]
NOTIC: [2048] Declaration of Api\Controller\IndexController::qrcode() should be compatible with Api\Controller\ApiController::qrcode($uid) /phpstudy/www/Gittext/game/Application/Api/Controller/IndexController.class.php 第 13 行.
SQL: SHOW COLUMNS FROM `dd_config` [ RunTime:0.0016s ]
SQL: SELECT * FROM `dd_config`  [ RunTime:0.0015s ]
ERR: Think\Controller:getUrl方法不存在！

[ 2019-05-19T16:26:22+08:00 ] 112.97.63.187 /api.php?m=Api&c=Index&a=clubInfo
INFO: [ app_init ] --START--
INFO: Run Behavior\BuildLiteBehavior [ RunTime:0.000019s ]
INFO: [ app_init ] --END-- [ RunTime:0.000454s ]
INFO: [ app_begin ] --START--
INFO: Run Behavior\ReadHtmlCacheBehavior [ RunTime:0.000306s ]
INFO: [ app_begin ] --END-- [ RunTime:0.000338s ]
NOTIC: [2048] Declaration of Api\Controller\IndexController::qrcode() should be compatible with Api\Controller\ApiController::qrcode($uid) /phpstudy/www/Gittext/game/Application/Api/Controller/IndexController.class.php 第 13 行.
SQL: SHOW COLUMNS FROM `dd_config` [ RunTime:0.0022s ]
SQL: SELECT * FROM `dd_config`  [ RunTime:0.0018s ]
ERR: Think\Controller:getUrl方法不存在！

[ 2019-05-19T16:26:24+08:00 ] 112.97.63.187 /api.php?m=Index&c=index&a=clubMembers
INFO: [ app_init ] --START--
INFO: Run Behavior\BuildLiteBehavior [ RunTime:0.000015s ]
INFO: [ app_init ] --END-- [ RunTime:0.000279s ]
INFO: [ app_begin ] --START--
INFO: Run Behavior\ReadHtmlCacheBehavior [ RunTime:0.000305s ]
INFO: [ app_begin ] --END-- [ RunTime:0.000342s ]
NOTIC: [2048] Declaration of Api\Controller\IndexController::qrcode() should be compatible with Api\Controller\ApiController::qrcode($uid) /phpstudy/www/Gittext/game/Application/Api/Controller/IndexController.class.php 第 13 行.
SQL: SHOW COLUMNS FROM `dd_config` [ RunTime:0.0027s ]
SQL: SELECT * FROM `dd_config`  [ RunTime:0.0023s ]
ERR: Think\Controller:getUrl方法不存在！

[ 2019-05-19T16:26:25+08:00 ] 112.97.63.187 /api.php?m=Index&c=index&a=clubMembers
INFO: [ app_init ] --START--
INFO: Run Behavior\BuildLiteBehavior [ RunTime:0.000013s ]
INFO: [ app_init ] --END-- [ RunTime:0.000229s ]
INFO: [ app_begin ] --START--
INFO: Run Behavior\ReadHtmlCacheBehavior [ RunTime:0.000330s ]
INFO: [ app_begin ] --END-- [ RunTime:0.000366s ]
NOTIC: [2048] Declaration of Api\Controller\IndexController::qrcode() should be compatible with Api\Controller\ApiController::qrcode($uid) /phpstudy/www/Gittext/game/Application/Api/Controller/IndexController.class.php 第 13 行.
SQL: SHOW COLUMNS FROM `dd_config` [ RunTime:0.0029s ]
SQL: SELECT * FROM `dd_config`  [ RunTime:0.0025s ]
ERR: Think\Controller:getUrl方法不存在！

[ 2019-05-19T16:26:25+08:00 ] 112.97.63.187 /api.php?m=Index&c=index&a=clubMembers
INFO: [ app_init ] --START--
INFO: Run Behavior\BuildLiteBehavior [ RunTime:0.000014s ]
INFO: [ app_init ] --END-- [ RunTime:0.000267s ]
INFO: [ app_begin ] --START--
INFO: Run Behavior\ReadHtmlCacheBehavior [ RunTime:0.000287s ]
INFO: [ app_begin ] --END-- [ RunTime:0.000319s ]
NOTIC: [2048] Declaration of Api\Controller\IndexController::qrcode() should be compatible with Api\Controller\ApiController::qrcode($uid) /phpstudy/www/Gittext/game/Application/Api/Controller/IndexController.class.php 第 13 行.
SQL: SHOW COLUMNS FROM `dd_config` [ RunTime:0.0032s ]
SQL: SELECT * FROM `dd_config`  [ RunTime:0.0028s ]
ERR: Think\Controller:getUrl方法不存在！

[ 2019-05-19T16:26:26+08:00 ] 112.97.63.187 /api.php?m=Index&c=index&a=clubMembers
INFO: [ app_init ] --START--
INFO: Run Behavior\BuildLiteBehavior [ RunTime:0.000026s ]
INFO: [ app_init ] --END-- [ RunTime:0.000245s ]
INFO: [ app_begin ] --START--
INFO: Run Behavior\ReadHtmlCacheBehavior [ RunTime:0.000287s ]
INFO: [ app_begin ] --END-- [ RunTime:0.000319s ]
NOTIC: [2048] Declaration of Api\Controller\IndexController::qrcode() should be compatible with Api\Controller\ApiController::qrcode($uid) /phpstudy/www/Gittext/game/Application/Api/Controller/IndexController.class.php 第 13 行.
SQL: SHOW COLUMNS FROM `dd_config` [ RunTime:0.0016s ]
SQL: SELECT * FROM `dd_config`  [ RunTime:0.0012s ]
ERR: Think\Controller:getUrl方法不存在！

[ 2019-05-19T16:26:26+08:00 ] 112.97.63.187 /api.php?m=Index&c=index&a=quitClub
INFO: [ app_init ] --START--
INFO: Run Behavior\BuildLiteBehavior [ RunTime:0.000013s ]
INFO: [ app_init ] --END-- [ RunTime:0.000220s ]
INFO: [ app_begin ] --START--
INFO: Run Behavior\ReadHtmlCacheBehavior [ RunTime:0.000326s ]
INFO: [ app_begin ] --END-- [ RunTime:0.000361s ]
NOTIC: [2048] Declaration of Api\Controller\IndexController::qrcode() should be compatible with Api\Controller\ApiController::qrcode($uid) /phpstudy/www/Gittext/game/Application/Api/Controller/IndexController.class.php 第 13 行.
SQL: SHOW COLUMNS FROM `dd_config` [ RunTime:0.0025s ]
SQL: SELECT * FROM `dd_config`  [ RunTime:0.0021s ]
ERR: Think\Controller:getUrl方法不存在！

[ 2019-05-19T16:26:27+08:00 ] 112.97.63.187 /api.php?m=Index&c=index&a=quitClub
INFO: [ app_init ] --START--
INFO: Run Behavior\BuildLiteBehavior [ RunTime:0.000015s ]
INFO: [ app_init ] --END-- [ RunTime:0.000233s ]
INFO: [ app_begin ] --START--
INFO: Run Behavior\ReadHtmlCacheBehavior [ RunTime:0.000281s ]
INFO: [ app_begin ] --END-- [ RunTime:0.000312s ]
NOTIC: [2048] Declaration of Api\Controller\IndexController::qrcode() should be compatible with Api\Controller\ApiController::qrcode($uid) /phpstudy/www/Gittext/game/Application/Api/Controller/IndexController.class.php 第 13 行.
SQL: SHOW COLUMNS FROM `dd_config` [ RunTime:0.0019s ]
SQL: SELECT * FROM `dd_config`  [ RunTime:0.0016s ]
ERR: Think\Controller:getUrl方法不存在！

[ 2019-05-19T16:26:28+08:00 ] 112.97.63.187 /api.php?m=Index&c=index&a=quitClub
INFO: [ app_init ] --START--
INFO: Run Behavior\BuildLiteBehavior [ RunTime:0.000013s ]
INFO: [ app_init ] --END-- [ RunTime:0.000236s ]
INFO: [ app_begin ] --START--
INFO: Run Behavior\ReadHtmlCacheBehavior [ RunTime:0.000274s ]
INFO: [ app_begin ] --END-- [ RunTime:0.000304s ]
NOTIC: [2048] Declaration of Api\Controller\IndexController::qrcode() should be compatible with Api\Controller\ApiController::qrcode($uid) /phpstudy/www/Gittext/game/Application/Api/Controller/IndexController.class.php 第 13 行.
SQL: SHOW COLUMNS FROM `dd_config` [ RunTime:0.0032s ]
SQL: SELECT * FROM `dd_config`  [ RunTime:0.0028s ]
ERR: Think\Controller:getUrl方法不存在！

[ 2019-05-19T16:26:28+08:00 ] 112.97.63.187 /api.php?m=Index&c=index&a=quitClub
INFO: [ app_init ] --START--
INFO: Run Behavior\BuildLiteBehavior [ RunTime:0.000018s ]
INFO: [ app_init ] --END-- [ RunTime:0.000311s ]
INFO: [ app_begin ] --START--
INFO: Run Behavior\ReadHtmlCacheBehavior [ RunTime:0.000371s ]
INFO: [ app_begin ] --END-- [ RunTime:0.000422s ]
NOTIC: [2048] Declaration of Api\Controller\IndexController::qrcode() should be compatible with Api\Controller\ApiController::qrcode($uid) /phpstudy/www/Gittext/game/Application/Api/Controller/IndexController.class.php 第 13 行.
SQL: SHOW COLUMNS FROM `dd_config` [ RunTime:0.0024s ]
SQL: SELECT * FROM `dd_config`  [ RunTime:0.0020s ]
ERR: Think\Controller:getUrl方法不存在！

[ 2019-05-19T16:26:28+08:00 ] 112.97.63.187 /api.php?m=Index&c=index&a=quitClub
INFO: [ app_init ] --START--
INFO: Run Behavior\BuildLiteBehavior [ RunTime:0.000014s ]
INFO: [ app_init ] --END-- [ RunTime:0.000234s ]
INFO: [ app_begin ] --START--
INFO: Run Behavior\ReadHtmlCacheBehavior [ RunTime:0.000299s ]
INFO: [ app_begin ] --END-- [ RunTime:0.000335s ]
NOTIC: [2048] Declaration of Api\Controller\IndexController::qrcode() should be compatible with Api\Controller\ApiController::qrcode($uid) /phpstudy/www/Gittext/game/Application/Api/Controller/IndexController.class.php 第 13 行.
SQL: SHOW COLUMNS FROM `dd_config` [ RunTime:0.0018s ]
SQL: SELECT * FROM `dd_config`  [ RunTime:0.0015s ]
ERR: Think\Controller:getUrl方法不存在！

[ 2019-05-19T16:26:29+08:00 ] 112.97.63.187 /api.php?m=Index&c=index&a=clubMembers
INFO: [ app_init ] --START--
INFO: Run Behavior\BuildLiteBehavior [ RunTime:0.000014s ]
INFO: [ app_init ] --END-- [ RunTime:0.000242s ]
INFO: [ app_begin ] --START--
INFO: Run Behavior\ReadHtmlCacheBehavior [ RunTime:0.000315s ]
INFO: [ app_begin ] --END-- [ RunTime:0.000355s ]
NOTIC: [2048] Declaration of Api\Controller\IndexController::qrcode() should be compatible with Api\Controller\ApiController::qrcode($uid) /phpstudy/www/Gittext/game/Application/Api/Controller/IndexController.class.php 第 13 行.
SQL: SHOW COLUMNS FROM `dd_config` [ RunTime:0.0017s ]
SQL: SELECT * FROM `dd_config`  [ RunTime:0.0013s ]
ERR: Think\Controller:getUrl方法不存在！

[ 2019-05-19T16:26:29+08:00 ] 112.97.63.187 /api.php?m=Index&c=index&a=quitClub
INFO: [ app_init ] --START--
INFO: Run Behavior\BuildLiteBehavior [ RunTime:0.000018s ]
INFO: [ app_init ] --END-- [ RunTime:0.000302s ]
INFO: [ app_begin ] --START--
INFO: Run Behavior\ReadHtmlCacheBehavior [ RunTime:0.000340s ]
INFO: [ app_begin ] --END-- [ RunTime:0.000381s ]
NOTIC: [2048] Declaration of Api\Controller\IndexController::qrcode() should be compatible with Api\Controller\ApiController::qrcode($uid) /phpstudy/www/Gittext/game/Application/Api/Controller/IndexController.class.php 第 13 行.
SQL: SHOW COLUMNS FROM `dd_config` [ RunTime:0.0020s ]
SQL: SELECT * FROM `dd_config`  [ RunTime:0.0016s ]
ERR: Think\Controller:getUrl方法不存在！

[ 2019-05-19T16:26:29+08:00 ] 112.97.63.187 /api.php?m=Index&c=index&a=clubMembers
INFO: [ app_init ] --START--
INFO: Run Behavior\BuildLiteBehavior [ RunTime:0.000013s ]
INFO: [ app_init ] --END-- [ RunTime:0.000223s ]
INFO: [ app_begin ] --START--
INFO: Run Behavior\ReadHtmlCacheBehavior [ RunTime:0.000284s ]
INFO: [ app_begin ] --END-- [ RunTime:0.000316s ]
NOTIC: [2048] Declaration of Api\Controller\IndexController::qrcode() should be compatible with Api\Controller\ApiController::qrcode($uid) /phpstudy/www/Gittext/game/Application/Api/Controller/IndexController.class.php 第 13 行.
SQL: SHOW COLUMNS FROM `dd_config` [ RunTime:0.0018s ]
SQL: SELECT * FROM `dd_config`  [ RunTime:0.0013s ]
ERR: Think\Controller:getUrl方法不存在！

[ 2019-05-19T16:28:10+08:00 ] 112.97.63.187 /api.php?m=Index&c=index&a=clubRecords
INFO: [ app_init ] --START--
INFO: Run Behavior\BuildLiteBehavior [ RunTime:0.000013s ]
INFO: [ app_init ] --END-- [ RunTime:0.000241s ]
INFO: [ app_begin ] --START--
INFO: Run Behavior\ReadHtmlCacheBehavior [ RunTime:0.000304s ]
INFO: [ app_begin ] --END-- [ RunTime:0.000343s ]
NOTIC: [2048] Declaration of Api\Controller\IndexController::qrcode() should be compatible with Api\Controller\ApiController::qrcode($uid) /phpstudy/www/Gittext/game/Application/Api/Controller/IndexController.class.php 第 13 行.
SQL: SHOW COLUMNS FROM `dd_config` [ RunTime:0.0025s ]
SQL: SELECT * FROM `dd_config`  [ RunTime:0.0021s ]
ERR: Think\Controller:getUrl方法不存在！

[ 2019-05-19T16:28:10+08:00 ] 112.97.63.187 /api.php?m=Index&c=index&a=clubRecords
INFO: [ app_init ] --START--
INFO: Run Behavior\BuildLiteBehavior [ RunTime:0.000014s ]
INFO: [ app_init ] --END-- [ RunTime:0.000232s ]
INFO: [ app_begin ] --START--
INFO: Run Behavior\ReadHtmlCacheBehavior [ RunTime:0.000304s ]
INFO: [ app_begin ] --END-- [ RunTime:0.000343s ]
NOTIC: [2048] Declaration of Api\Controller\IndexController::qrcode() should be compatible with Api\Controller\ApiController::qrcode($uid) /phpstudy/www/Gittext/game/Application/Api/Controller/IndexController.class.php 第 13 行.
SQL: SHOW COLUMNS FROM `dd_config` [ RunTime:0.0024s ]
SQL: SELECT * FROM `dd_config`  [ RunTime:0.0020s ]
ERR: Think\Controller:getUrl方法不存在！

[ 2019-05-19T16:28:33+08:00 ] 183.17.125.147 /api.php?m=Api&c=Index&a=clubInfo
INFO: [ app_init ] --START--
INFO: Run Behavior\BuildLiteBehavior [ RunTime:0.000013s ]
INFO: [ app_init ] --END-- [ RunTime:0.000234s ]
INFO: [ app_begin ] --START--
INFO: Run Behavior\ReadHtmlCacheBehavior [ RunTime:0.000294s ]
INFO: [ app_begin ] --END-- [ RunTime:0.000325s ]
NOTIC: [2048] Declaration of Api\Controller\IndexController::qrcode() should be compatible with Api\Controller\ApiController::qrcode($uid) /phpstudy/www/Gittext/game/Application/Api/Controller/IndexController.class.php 第 13 行.
SQL: SHOW COLUMNS FROM `dd_config` [ RunTime:0.0034s ]
SQL: SELECT * FROM `dd_config`  [ RunTime:0.0030s ]
ERR: Think\Controller:getUrl方法不存在！

[ 2019-05-19T22:53:44+08:00 ] 113.87.43.215 /api.php?m=Index&c=index&a=slime
INFO: [ app_init ] --START--
INFO: Run Behavior\BuildLiteBehavior [ RunTime:0.000014s ]
INFO: [ app_init ] --END-- [ RunTime:0.000236s ]
INFO: [ app_begin ] --START--
INFO: Run Behavior\ReadHtmlCacheBehavior [ RunTime:0.000368s ]
INFO: [ app_begin ] --END-- [ RunTime:0.000407s ]
NOTIC: [2048] Declaration of Api\Controller\IndexController::qrcode() should be compatible with Api\Controller\ApiController::qrcode($uid) /phpstudy/www/Gittext/game/Application/Api/Controller/IndexController.class.php 第 13 行.
SQL: SHOW COLUMNS FROM `dd_config` [ RunTime:0.0025s ]
SQL: SELECT * FROM `dd_config`  [ RunTime:0.0022s ]
ERR: Think\Controller:getUrl方法不存在！

[ 2019-05-19T22:53:47+08:00 ] 113.87.43.215 /api.php?m=Index&c=index&a=slime
INFO: [ app_init ] --START--
INFO: Run Behavior\BuildLiteBehavior [ RunTime:0.000014s ]
INFO: [ app_init ] --END-- [ RunTime:0.000247s ]
INFO: [ app_begin ] --START--
INFO: Run Behavior\ReadHtmlCacheBehavior [ RunTime:0.000286s ]
INFO: [ app_begin ] --END-- [ RunTime:0.000318s ]
NOTIC: [2048] Declaration of Api\Controller\IndexController::qrcode() should be compatible with Api\Controller\ApiController::qrcode($uid) /phpstudy/www/Gittext/game/Application/Api/Controller/IndexController.class.php 第 13 行.
SQL: SHOW COLUMNS FROM `dd_config` [ RunTime:0.0022s ]
SQL: SELECT * FROM `dd_config`  [ RunTime:0.0018s ]
ERR: Think\Controller:getUrl方法不存在！

[ 2019-05-19T22:56:49+08:00 ] 113.87.43.215 /api.php?m=Index&c=index&a=slime
INFO: [ app_init ] --START--
INFO: Run Behavior\BuildLiteBehavior [ RunTime:0.000014s ]
INFO: [ app_init ] --END-- [ RunTime:0.000244s ]
INFO: [ app_begin ] --START--
INFO: Run Behavior\ReadHtmlCacheBehavior [ RunTime:0.000299s ]
INFO: [ app_begin ] --END-- [ RunTime:0.000333s ]
NOTIC: [2048] Declaration of Api\Controller\IndexController::qrcode() should be compatible with Api\Controller\ApiController::qrcode($uid) /phpstudy/www/Gittext/game/Application/Api/Controller/IndexController.class.php 第 13 行.
SQL: SHOW COLUMNS FROM `dd_config` [ RunTime:0.0025s ]
SQL: SELECT * FROM `dd_config`  [ RunTime:0.0020s ]
ERR: Think\Controller:getUrl方法不存在！

[ 2019-05-19T22:57:26+08:00 ] 113.87.43.215 /api.php?m=Index&c=index&a=slime
INFO: [ app_init ] --START--
INFO: Run Behavior\BuildLiteBehavior [ RunTime:0.000015s ]
INFO: [ app_init ] --END-- [ RunTime:0.000229s ]
INFO: [ app_begin ] --START--
INFO: Run Behavior\ReadHtmlCacheBehavior [ RunTime:0.000283s ]
INFO: [ app_begin ] --END-- [ RunTime:0.000314s ]
NOTIC: [2048] Declaration of Api\Controller\IndexController::qrcode() should be compatible with Api\Controller\ApiController::qrcode($uid) /phpstudy/www/Gittext/game/Application/Api/Controller/IndexController.class.php 第 13 行.
SQL: SHOW COLUMNS FROM `dd_config` [ RunTime:0.0025s ]
SQL: SELECT * FROM `dd_config`  [ RunTime:0.0020s ]
NOTIC: [8] Undefined index: rand /phpstudy/www/Gittext/game/Application/Api/Controller/IndexController.class.php 第 18 行.
SQL: SELECT  g.s_id,g.u_id,g.blue,g.blood,g.exp,o.id,o.name,o.skill,o.skill_introduction,o.slime_introduction FROM   dd_slime  o   LEFT JOIN dd_user_slime g ON o.id = g.s_id  AND g.u_id = 182  order by o.id asc ; [ RunTime:0.0022s ]
SQL: SHOW COLUMNS FROM `dd_user` [ RunTime:0.0034s ]
SQL: SELECT `candy`,`candy1`,`candy2` FROM `dd_user` WHERE `id` = 182 LIMIT 1   [ RunTime:0.0020s ]
INFO: [ app_end ] --START--
INFO: Run Behavior\ShowPageTraceBehavior [ RunTime:0.000455s ]
INFO: [ app_end ] --END-- [ RunTime:0.000495s ]

[ 2019-05-19T22:57:47+08:00 ] 113.87.43.215 /api.php?m=Index&c=index&a=clubRecords
INFO: [ app_init ] --START--
INFO: Run Behavior\BuildLiteBehavior [ RunTime:0.000013s ]
INFO: [ app_init ] --END-- [ RunTime:0.000229s ]
INFO: [ app_begin ] --START--
INFO: Run Behavior\ReadHtmlCacheBehavior [ RunTime:0.000301s ]
INFO: [ app_begin ] --END-- [ RunTime:0.000332s ]
NOTIC: [2048] Declaration of Api\Controller\IndexController::qrcode() should be compatible with Api\Controller\ApiController::qrcode($uid) /phpstudy/www/Gittext/game/Application/Api/Controller/IndexController.class.php 第 13 行.
SQL: SHOW COLUMNS FROM `dd_config` [ RunTime:0.0025s ]
SQL: SELECT * FROM `dd_config`  [ RunTime:0.0022s ]
NOTIC: [8] Undefined index: rand /phpstudy/www/Gittext/game/Application/Api/Controller/IndexController.class.php 第 18 行.
SQL: SHOW COLUMNS FROM `dd_user` [ RunTime:0.0031s ]
SQL: SELECT `is_club_owner` FROM `dd_user` WHERE `id` = 182 LIMIT 1   [ RunTime:0.0022s ]
SQL: SELECT  o.id, o.title,o.content,o.create_time,o.category,o.create_user,   g.`status`   FROM   dd_message_info o   LEFT JOIN dd_message_log g ON o.id = g.msg_id    AND g.uid = 182  WHERE    ( g.msg_id IS NULL or g.status='1') and  o.send_to  in ('all',182) and o.category in(1,2) and o.send_time < CURRENT_TIMESTAMP AND o.expire_time > CURRENT_TIMESTAMP order by id desc; [ RunTime:0.0023s ]
INFO: [ app_end ] --START--
INFO: Run Behavior\ShowPageTraceBehavior [ RunTime:0.000446s ]
INFO: [ app_end ] --END-- [ RunTime:0.000479s ]

[ 2019-05-19T22:57:49+08:00 ] 113.87.43.215 /api.php?m=Api&c=Index&a=clubInfo
INFO: [ app_init ] --START--
INFO: Run Behavior\BuildLiteBehavior [ RunTime:0.000025s ]
INFO: [ app_init ] --END-- [ RunTime:0.000241s ]
INFO: [ app_begin ] --START--
INFO: Run Behavior\ReadHtmlCacheBehavior [ RunTime:0.000352s ]
INFO: [ app_begin ] --END-- [ RunTime:0.000395s ]
NOTIC: [2048] Declaration of Api\Controller\IndexController::qrcode() should be compatible with Api\Controller\ApiController::qrcode($uid) /phpstudy/www/Gittext/game/Application/Api/Controller/IndexController.class.php 第 13 行.
SQL: SHOW COLUMNS FROM `dd_config` [ RunTime:0.0024s ]
SQL: SELECT * FROM `dd_config`  [ RunTime:0.0020s ]
NOTIC: [8] Undefined index: rand /phpstudy/www/Gittext/game/Application/Api/Controller/IndexController.class.php 第 18 行.
SQL: SHOW COLUMNS FROM `dd_user` [ RunTime:0.0031s ]
SQL: SELECT `club_id` FROM `dd_user` WHERE `id` = 182 LIMIT 1   [ RunTime:0.0020s ]
SQL: SHOW COLUMNS FROM `dd_club_info` [ RunTime:0.0024s ]
SQL: SELECT * FROM `dd_club_info` WHERE `id` = 3 LIMIT 1   [ RunTime:0.0020s ]
SQL: SELECT COUNT(*) AS tp_count FROM `dd_user` WHERE `club_id` = 3 LIMIT 1   [ RunTime:0.0020s ]
SQL: SELECT SUM(active_point) AS tp_sum FROM `dd_user` WHERE `club_id` = 3 LIMIT 1   [ RunTime:0.0019s ]
SQL: SELECT `is_club_owner` FROM `dd_user` WHERE `id` = 182 LIMIT 1   [ RunTime:0.0019s ]
SQL: SELECT `headimg` FROM `dd_user` WHERE `id` = 182 LIMIT 1   [ RunTime:0.0019s ]
NOTIC: [2] Illegal string offset 'headimg' /phpstudy/www/Gittext/game/Application/Api/Controller/IndexController.class.php 第 396 行.

[ 2019-05-19T23:05:29+08:00 ] 113.87.43.215 /api.php?m=Index&c=index&a=slime
INFO: [ app_init ] --START--
INFO: Run Behavior\BuildLiteBehavior [ RunTime:0.000013s ]
INFO: [ app_init ] --END-- [ RunTime:0.000325s ]
INFO: [ app_begin ] --START--
INFO: Run Behavior\ReadHtmlCacheBehavior [ RunTime:0.000304s ]
INFO: [ app_begin ] --END-- [ RunTime:0.000336s ]
NOTIC: [2048] Declaration of Api\Controller\IndexController::qrcode() should be compatible with Api\Controller\ApiController::qrcode($uid) /phpstudy/www/Gittext/game/Application/Api/Controller/IndexController.class.php 第 13 行.
SQL: SHOW COLUMNS FROM `dd_config` [ RunTime:0.0030s ]
SQL: SELECT * FROM `dd_config`  [ RunTime:0.0026s ]
NOTIC: [8] Undefined index: REQUEST_SCHEME /phpstudy/www/Gittext/game/Application/Common/Common/function.php 第 2695 行.
NOTIC: [8] Undefined index: rand /phpstudy/www/Gittext/game/Application/Api/Controller/IndexController.class.php 第 18 行.
NOTIC: [8] Undefined index: REQUEST_SCHEME /phpstudy/www/Gittext/game/Application/Common/Common/function.php 第 2695 行.

[ 2019-05-19T23:05:36+08:00 ] 113.87.43.215 /api.php?m=Index&c=index&a=slime
INFO: [ app_init ] --START--
INFO: Run Behavior\BuildLiteBehavior [ RunTime:0.000015s ]
INFO: [ app_init ] --END-- [ RunTime:0.000279s ]
INFO: [ app_begin ] --START--
INFO: Run Behavior\ReadHtmlCacheBehavior [ RunTime:0.000290s ]
INFO: [ app_begin ] --END-- [ RunTime:0.000320s ]
NOTIC: [2048] Declaration of Api\Controller\IndexController::qrcode() should be compatible with Api\Controller\ApiController::qrcode($uid) /phpstudy/www/Gittext/game/Application/Api/Controller/IndexController.class.php 第 13 行.
SQL: SHOW COLUMNS FROM `dd_config` [ RunTime:0.0022s ]
SQL: SELECT * FROM `dd_config`  [ RunTime:0.0018s ]
NOTIC: [8] Undefined index: REQUEST_SCHEME /phpstudy/www/Gittext/game/Application/Common/Common/function.php 第 2695 行.
NOTIC: [8] Undefined index: rand /phpstudy/www/Gittext/game/Application/Api/Controller/IndexController.class.php 第 18 行.
NOTIC: [8] Undefined index: REQUEST_SCHEME /phpstudy/www/Gittext/game/Application/Common/Common/function.php 第 2695 行.

[ 2019-05-19T23:08:25+08:00 ] 113.87.43.215 /api.php?m=Index&c=index&a=slime
INFO: [ app_init ] --START--
INFO: Run Behavior\BuildLiteBehavior [ RunTime:0.000014s ]
INFO: [ app_init ] --END-- [ RunTime:0.000231s ]
INFO: [ app_begin ] --START--
INFO: Run Behavior\ReadHtmlCacheBehavior [ RunTime:0.000297s ]
INFO: [ app_begin ] --END-- [ RunTime:0.000329s ]
NOTIC: [2048] Declaration of Api\Controller\IndexController::qrcode() should be compatible with Api\Controller\ApiController::qrcode($uid) /phpstudy/www/Gittext/game/Application/Api/Controller/IndexController.class.php 第 13 行.
SQL: SHOW COLUMNS FROM `dd_config` [ RunTime:0.0029s ]
SQL: SELECT * FROM `dd_config`  [ RunTime:0.0025s ]
NOTIC: [8] Undefined index: REQUEST_SCHEME /phpstudy/www/Gittext/game/Application/Common/Common/function.php 第 2695 行.
NOTIC: [8] Undefined index: rand /phpstudy/www/Gittext/game/Application/Api/Controller/IndexController.class.php 第 18 行.
NOTIC: [8] Undefined index: current_uid /phpstudy/www/Gittext/game/Application/Api/Controller/IndexController.class.php 第 706 行.
ERR: SQLSTATE[42000]: Syntax error or access violation: 1064 You have an error in your SQL syntax; check the manual that corresponds to your MySQL server version for the right syntax to use near 'order by o.id asc' at line 1

[ 2019-05-19T23:08:25+08:00 ] 113.87.43.215 /api.php?m=Index&c=index&a=slime
INFO: [ app_init ] --START--
INFO: Run Behavior\BuildLiteBehavior [ RunTime:0.000013s ]
INFO: [ app_init ] --END-- [ RunTime:0.000244s ]
INFO: [ app_begin ] --START--
INFO: Run Behavior\ReadHtmlCacheBehavior [ RunTime:0.000286s ]
INFO: [ app_begin ] --END-- [ RunTime:0.000316s ]
NOTIC: [2048] Declaration of Api\Controller\IndexController::qrcode() should be compatible with Api\Controller\ApiController::qrcode($uid) /phpstudy/www/Gittext/game/Application/Api/Controller/IndexController.class.php 第 13 行.
SQL: SHOW COLUMNS FROM `dd_config` [ RunTime:0.0025s ]
SQL: SELECT * FROM `dd_config`  [ RunTime:0.0021s ]
NOTIC: [8] Undefined index: REQUEST_SCHEME /phpstudy/www/Gittext/game/Application/Common/Common/function.php 第 2695 行.
NOTIC: [8] Undefined index: rand /phpstudy/www/Gittext/game/Application/Api/Controller/IndexController.class.php 第 18 行.
NOTIC: [8] Undefined index: current_uid /phpstudy/www/Gittext/game/Application/Api/Controller/IndexController.class.php 第 706 行.
ERR: SQLSTATE[42000]: Syntax error or access violation: 1064 You have an error in your SQL syntax; check the manual that corresponds to your MySQL server version for the right syntax to use near 'order by o.id asc' at line 1

[ 2019-05-19T23:08:30+08:00 ] 113.87.43.215 /api.php?m=Index&c=index&a=slime
INFO: [ app_init ] --START--
INFO: Run Behavior\BuildLiteBehavior [ RunTime:0.000013s ]
INFO: [ app_init ] --END-- [ RunTime:0.000247s ]
INFO: [ app_begin ] --START--
INFO: Run Behavior\ReadHtmlCacheBehavior [ RunTime:0.000291s ]
INFO: [ app_begin ] --END-- [ RunTime:0.000323s ]
NOTIC: [2048] Declaration of Api\Controller\IndexController::qrcode() should be compatible with Api\Controller\ApiController::qrcode($uid) /phpstudy/www/Gittext/game/Application/Api/Controller/IndexController.class.php 第 13 行.
SQL: SHOW COLUMNS FROM `dd_config` [ RunTime:0.0022s ]
SQL: SELECT * FROM `dd_config`  [ RunTime:0.0018s ]
NOTIC: [8] Undefined index: REQUEST_SCHEME /phpstudy/www/Gittext/game/Application/Common/Common/function.php 第 2695 行.
NOTIC: [8] Undefined index: rand /phpstudy/www/Gittext/game/Application/Api/Controller/IndexController.class.php 第 18 行.
NOTIC: [8] Undefined index: current_uid /phpstudy/www/Gittext/game/Application/Api/Controller/IndexController.class.php 第 706 行.
ERR: SQLSTATE[42000]: Syntax error or access violation: 1064 You have an error in your SQL syntax; check the manual that corresponds to your MySQL server version for the right syntax to use near 'order by o.id asc' at line 1

[ 2019-05-19T23:08:43+08:00 ] 113.87.43.215 /api.php?m=Index&c=index&a=slime
INFO: [ app_init ] --START--
INFO: Run Behavior\BuildLiteBehavior [ RunTime:0.000013s ]
INFO: [ app_init ] --END-- [ RunTime:0.000229s ]
INFO: [ app_begin ] --START--
INFO: Run Behavior\ReadHtmlCacheBehavior [ RunTime:0.000349s ]
INFO: [ app_begin ] --END-- [ RunTime:0.000384s ]
NOTIC: [2048] Declaration of Api\Controller\IndexController::qrcode() should be compatible with Api\Controller\ApiController::qrcode($uid) /phpstudy/www/Gittext/game/Application/Api/Controller/IndexController.class.php 第 13 行.
SQL: SHOW COLUMNS FROM `dd_config` [ RunTime:0.0016s ]
SQL: SELECT * FROM `dd_config`  [ RunTime:0.0013s ]
NOTIC: [8] Undefined index: REQUEST_SCHEME /phpstudy/www/Gittext/game/Application/Common/Common/function.php 第 2695 行.
NOTIC: [8] Undefined index: rand /phpstudy/www/Gittext/game/Application/Api/Controller/IndexController.class.php 第 18 行.
SQL: SELECT  g.s_id,g.u_id,g.blue,g.blood,g.exp,o.id,o.name,o.skill,o.skill_introduction,o.slime_introduction FROM   dd_slime  o   LEFT JOIN dd_user_slime g ON o.id = g.s_id  AND g.u_id = 182  order by o.id asc ; [ RunTime:0.0015s ]
SQL: SHOW COLUMNS FROM `dd_user` [ RunTime:0.0023s ]
SQL: SELECT `candy`,`candy1`,`candy2` FROM `dd_user` WHERE `id` = 182 LIMIT 1   [ RunTime:0.0012s ]
INFO: [ app_end ] --START--
INFO: Run Behavior\ShowPageTraceBehavior [ RunTime:0.000451s ]
INFO: [ app_end ] --END-- [ RunTime:0.000485s ]

[ 2019-05-19T23:44:30+08:00 ] 113.87.43.215 /api.php?m=Index&c=index&a=slime
INFO: [ app_init ] --START--
INFO: Run Behavior\BuildLiteBehavior [ RunTime:0.000013s ]
INFO: [ app_init ] --END-- [ RunTime:0.000243s ]
INFO: [ app_begin ] --START--
INFO: Run Behavior\ReadHtmlCacheBehavior [ RunTime:0.000369s ]
INFO: [ app_begin ] --END-- [ RunTime:0.000414s ]
NOTIC: [2048] Declaration of Api\Controller\IndexController::qrcode() should be compatible with Api\Controller\ApiController::qrcode($uid) /phpstudy/www/Gittext/game/Application/Api/Controller/IndexController.class.php 第 13 行.
SQL: SHOW COLUMNS FROM `dd_config` [ RunTime:0.0020s ]
SQL: SELECT * FROM `dd_config`  [ RunTime:0.0017s ]
NOTIC: [8] Undefined index: token /phpstudy/www/Gittext/game/Application/Api/Controller/ApiController.class.php 第 12 行.

[ 2019-05-19T23:46:00+08:00 ] 113.87.43.215 /api.php?m=Api&c=Index&a=clubs
INFO: [ app_init ] --START--
INFO: Run Behavior\BuildLiteBehavior [ RunTime:0.000012s ]
INFO: [ app_init ] --END-- [ RunTime:0.000228s ]
INFO: [ app_begin ] --START--
INFO: Run Behavior\ReadHtmlCacheBehavior [ RunTime:0.000299s ]
INFO: [ app_begin ] --END-- [ RunTime:0.000330s ]
NOTIC: [2048] Declaration of Api\Controller\IndexController::qrcode() should be compatible with Api\Controller\ApiController::qrcode($uid) /phpstudy/www/Gittext/game/Application/Api/Controller/IndexController.class.php 第 13 行.
SQL: SHOW COLUMNS FROM `dd_config` [ RunTime:0.0025s ]
SQL: SELECT * FROM `dd_config`  [ RunTime:0.0021s ]
NOTIC: [8] Undefined index: token /phpstudy/www/Gittext/game/Application/Api/Controller/ApiController.class.php 第 12 行.

[ 2019-05-19T23:46:13+08:00 ] 113.87.43.215 /api.php?m=Index&c=index&a=slime
INFO: [ app_init ] --START--
INFO: Run Behavior\BuildLiteBehavior [ RunTime:0.000014s ]
INFO: [ app_init ] --END-- [ RunTime:0.000250s ]
INFO: [ app_begin ] --START--
INFO: Run Behavior\ReadHtmlCacheBehavior [ RunTime:0.000332s ]
INFO: [ app_begin ] --END-- [ RunTime:0.000372s ]
NOTIC: [2048] Declaration of Api\Controller\IndexController::qrcode() should be compatible with Api\Controller\ApiController::qrcode($uid) /phpstudy/www/Gittext/game/Application/Api/Controller/IndexController.class.php 第 13 行.
SQL: SHOW COLUMNS FROM `dd_config` [ RunTime:0.0022s ]
SQL: SELECT * FROM `dd_config`  [ RunTime:0.0018s ]
NOTIC: [8] Undefined index: token /phpstudy/www/Gittext/game/Application/Api/Controller/ApiController.class.php 第 12 行.

