[ 2019-05-01T14:30:33+08:00 ] 113.81.198.118 /api.php?m=Api&c=Index&a=clubInfo
INFO: [ app_init ] --START--
INFO: Run Behavior\BuildLiteBehavior [ RunTime:0.000013s ]
INFO: [ app_init ] --END-- [ RunTime:0.000255s ]
INFO: [ app_begin ] --START--
INFO: Run Behavior\ReadHtmlCacheBehavior [ RunTime:0.000288s ]
INFO: [ app_begin ] --END-- [ RunTime:0.000321s ]
SQL: SHOW COLUMNS FROM `dd_config` [ RunTime:0.0029s ]
SQL: SELECT * FROM `dd_config`  [ RunTime:0.0025s ]
NOTIC: [8] Undefined index: rand /phpstudy/www/Gittext/game/Application/Api/Controller/IndexController.class.php 第 16 行.
SQL: SHOW COLUMNS FROM `dd_user` [ RunTime:0.0035s ]
SQL: SELECT `club_id` FROM `dd_user` WHERE `id` = 182 LIMIT 1   [ RunTime:0.0025s ]
SQL: SHOW COLUMNS FROM `dd_club_info` [ RunTime:0.0028s ]
SQL: SELECT * FROM `dd_club_info` WHERE `id` = 3 LIMIT 1   [ RunTime:0.0025s ]
SQL: SELECT COUNT(*) AS tp_count FROM `dd_user` WHERE `club_id` = 3 LIMIT 1   [ RunTime:0.0024s ]
SQL: SELECT SUM(active_point) AS tp_sum FROM `dd_user` WHERE `club_id` = 3 LIMIT 1   [ RunTime:0.0024s ]
SQL: SELECT `is_club_owner` FROM `dd_user` WHERE `id` = 182 LIMIT 1   [ RunTime:0.0024s ]
SQL: SELECT `headimg` FROM `dd_user` WHERE `id` = 182 LIMIT 1   [ RunTime:0.0024s ]
NOTIC: [2] Illegal string offset 'headimg' /phpstudy/www/Gittext/game/Application/Api/Controller/IndexController.class.php 第 333 行.

[ 2019-05-01T14:38:56+08:00 ] 113.81.198.118 /api.php?m=Api&c=Index&a=clubInfo
INFO: [ app_init ] --START--
INFO: Run Behavior\BuildLiteBehavior [ RunTime:0.000017s ]
INFO: [ app_init ] --END-- [ RunTime:0.000273s ]
INFO: [ app_begin ] --START--
INFO: Run Behavior\ReadHtmlCacheBehavior [ RunTime:0.000320s ]
INFO: [ app_begin ] --END-- [ RunTime:0.000364s ]
SQL: SHOW COLUMNS FROM `dd_config` [ RunTime:0.0020s ]
SQL: SELECT * FROM `dd_config`  [ RunTime:0.0017s ]
NOTIC: [8] Undefined index: rand /phpstudy/www/Gittext/game/Application/Api/Controller/IndexController.class.php 第 16 行.
SQL: SHOW COLUMNS FROM `dd_user` [ RunTime:0.0026s ]
SQL: SELECT `club_id` FROM `dd_user` WHERE `id` = 182 LIMIT 1   [ RunTime:0.0018s ]
SQL: SHOW COLUMNS FROM `dd_club_info` [ RunTime:0.0020s ]
SQL: SELECT * FROM `dd_club_info` WHERE `id` = 3 LIMIT 1   [ RunTime:0.0017s ]
SQL: SELECT COUNT(*) AS tp_count FROM `dd_user` WHERE `club_id` = 3 LIMIT 1   [ RunTime:0.0017s ]
SQL: SELECT SUM(active_point) AS tp_sum FROM `dd_user` WHERE `club_id` = 3 LIMIT 1   [ RunTime:0.0017s ]
SQL: SELECT `is_club_owner` FROM `dd_user` WHERE `id` = 182 LIMIT 1   [ RunTime:0.0017s ]
SQL: SELECT `headimg` FROM `dd_user` WHERE `id` = 182 LIMIT 1   [ RunTime:0.0016s ]
NOTIC: [2] Illegal string offset 'headimg' /phpstudy/www/Gittext/game/Application/Api/Controller/IndexController.class.php 第 333 行.

[ 2019-05-01T15:04:28+08:00 ] 113.81.198.118 /api.php?m=Index&c=index&a=clubRecords
INFO: [ app_init ] --START--
INFO: Run Behavior\BuildLiteBehavior [ RunTime:0.000013s ]
INFO: [ app_init ] --END-- [ RunTime:0.000232s ]
INFO: [ app_begin ] --START--
INFO: Run Behavior\ReadHtmlCacheBehavior [ RunTime:0.000287s ]
INFO: [ app_begin ] --END-- [ RunTime:0.000318s ]
SQL: SHOW COLUMNS FROM `dd_config` [ RunTime:0.0016s ]
SQL: SELECT * FROM `dd_config`  [ RunTime:0.0012s ]
NOTIC: [8] Undefined index: rand /phpstudy/www/Gittext/game/Application/Api/Controller/IndexController.class.php 第 16 行.
SQL: SHOW COLUMNS FROM `dd_user` [ RunTime:0.0021s ]
SQL: SELECT `is_club_owner` FROM `dd_user` WHERE `id` = 182 LIMIT 1   [ RunTime:0.0012s ]
SQL: SELECT  o.id, o.title,o.content,o.create_time,o.category,o.create_user,   g.`status`   FROM   dd_message_info o   LEFT JOIN dd_message_log g ON o.id = g.msg_id    AND g.uid = 182  WHERE    ( g.msg_id IS NULL or g.status='1') and  o.send_to  in ('all',182) and o.category in(1,2) and o.send_time < CURRENT_TIMESTAMP AND o.expire_time > CURRENT_TIMESTAMP order by id desc; [ RunTime:0.0014s ]
NOTIC: [2] Illegal string offset 'id' /phpstudy/www/Gittext/game/Application/Api/Controller/IndexController.class.php 第 541 行.
NOTIC: [8] Undefined offset: 50 /phpstudy/www/Gittext/game/Application/Api/Controller/IndexController.class.php 第 543 行.
NOTIC: [2] Illegal string offset 'id' /phpstudy/www/Gittext/game/Application/Api/Controller/IndexController.class.php 第 541 行.
NOTIC: [8] Undefined offset: 49 /phpstudy/www/Gittext/game/Application/Api/Controller/IndexController.class.php 第 543 行.
NOTIC: [2] Illegal string offset 'id' /phpstudy/www/Gittext/game/Application/Api/Controller/IndexController.class.php 第 541 行.
NOTIC: [8] Undefined offset: 15 /phpstudy/www/Gittext/game/Application/Api/Controller/IndexController.class.php 第 543 行.
NOTIC: [2] Illegal string offset 'id' /phpstudy/www/Gittext/game/Application/Api/Controller/IndexController.class.php 第 541 行.
NOTIC: [2] Illegal string offset 'id' /phpstudy/www/Gittext/game/Application/Api/Controller/IndexController.class.php 第 541 行.
INFO: [ app_end ] --START--
INFO: Run Behavior\ShowPageTraceBehavior [ RunTime:0.000393s ]
INFO: [ app_end ] --END-- [ RunTime:0.000424s ]

[ 2019-05-01T15:06:05+08:00 ] 113.81.198.118 /api.php?m=Index&c=index&a=clubRecords
INFO: [ app_init ] --START--
INFO: Run Behavior\BuildLiteBehavior [ RunTime:0.000015s ]
INFO: [ app_init ] --END-- [ RunTime:0.000250s ]
INFO: [ app_begin ] --START--
INFO: Run Behavior\ReadHtmlCacheBehavior [ RunTime:0.000316s ]
INFO: [ app_begin ] --END-- [ RunTime:0.000354s ]
SQL: SHOW COLUMNS FROM `dd_config` [ RunTime:0.0020s ]
SQL: SELECT * FROM `dd_config`  [ RunTime:0.0016s ]
NOTIC: [8] Undefined index: rand /phpstudy/www/Gittext/game/Application/Api/Controller/IndexController.class.php 第 16 行.
SQL: SHOW COLUMNS FROM `dd_user` [ RunTime:0.0026s ]
SQL: SELECT `is_club_owner` FROM `dd_user` WHERE `id` = 182 LIMIT 1   [ RunTime:0.0017s ]
SQL: SELECT  o.id, o.title,o.content,o.create_time,o.category,o.create_user,   g.`status`   FROM   dd_message_info o   LEFT JOIN dd_message_log g ON o.id = g.msg_id    AND g.uid = 182  WHERE    ( g.msg_id IS NULL or g.status='1') and  o.send_to  in ('all',182) and o.category in(1,2) and o.send_time < CURRENT_TIMESTAMP AND o.expire_time > CURRENT_TIMESTAMP order by id desc; [ RunTime:0.0018s ]
NOTIC: [2] Illegal string offset 'id' /phpstudy/www/Gittext/game/Application/Api/Controller/IndexController.class.php 第 541 行.
NOTIC: [8] Undefined offset: 50 /phpstudy/www/Gittext/game/Application/Api/Controller/IndexController.class.php 第 543 行.
NOTIC: [2] Illegal string offset 'id' /phpstudy/www/Gittext/game/Application/Api/Controller/IndexController.class.php 第 541 行.
NOTIC: [8] Undefined offset: 49 /phpstudy/www/Gittext/game/Application/Api/Controller/IndexController.class.php 第 543 行.
NOTIC: [2] Illegal string offset 'id' /phpstudy/www/Gittext/game/Application/Api/Controller/IndexController.class.php 第 541 行.
NOTIC: [8] Undefined offset: 15 /phpstudy/www/Gittext/game/Application/Api/Controller/IndexController.class.php 第 543 行.
NOTIC: [2] Illegal string offset 'id' /phpstudy/www/Gittext/game/Application/Api/Controller/IndexController.class.php 第 541 行.
NOTIC: [2] Illegal string offset 'id' /phpstudy/www/Gittext/game/Application/Api/Controller/IndexController.class.php 第 541 行.
INFO: [ app_end ] --START--
INFO: Run Behavior\ShowPageTraceBehavior [ RunTime:0.000411s ]
INFO: [ app_end ] --END-- [ RunTime:0.000443s ]

[ 2019-05-01T15:19:28+08:00 ] 113.81.198.118 /api.php?m=Index&c=index&a=clubRecords
INFO: [ app_init ] --START--
INFO: Run Behavior\BuildLiteBehavior [ RunTime:0.000014s ]
INFO: [ app_init ] --END-- [ RunTime:0.000228s ]
INFO: [ app_begin ] --START--
INFO: Run Behavior\ReadHtmlCacheBehavior [ RunTime:0.000304s ]
INFO: [ app_begin ] --END-- [ RunTime:0.000358s ]
SQL: SHOW COLUMNS FROM `dd_config` [ RunTime:0.0030s ]
SQL: SELECT * FROM `dd_config`  [ RunTime:0.0026s ]
NOTIC: [8] Undefined index: rand /phpstudy/www/Gittext/game/Application/Api/Controller/IndexController.class.php 第 16 行.
SQL: SHOW COLUMNS FROM `dd_user` [ RunTime:0.0036s ]
SQL: SELECT `is_club_owner` FROM `dd_user` WHERE `id` = 182 LIMIT 1   [ RunTime:0.0026s ]
SQL: SELECT  o.id, o.title,o.content,o.create_time,o.category,o.create_user,   g.`status`   FROM   dd_message_info o   LEFT JOIN dd_message_log g ON o.id = g.msg_id    AND g.uid = 182  WHERE    ( g.msg_id IS NULL or g.status='1') and  o.send_to  in ('all',182) and o.category in(1,2) and o.send_time < CURRENT_TIMESTAMP AND o.expire_time > CURRENT_TIMESTAMP order by id desc; [ RunTime:0.0028s ]
NOTIC: [2] Illegal string offset 'id' /phpstudy/www/Gittext/game/Application/Api/Controller/IndexController.class.php 第 541 行.
NOTIC: [8] Undefined offset: 50 /phpstudy/www/Gittext/game/Application/Api/Controller/IndexController.class.php 第 543 行.
NOTIC: [2] Illegal string offset 'id' /phpstudy/www/Gittext/game/Application/Api/Controller/IndexController.class.php 第 541 行.
NOTIC: [8] Undefined offset: 49 /phpstudy/www/Gittext/game/Application/Api/Controller/IndexController.class.php 第 543 行.
NOTIC: [2] Illegal string offset 'id' /phpstudy/www/Gittext/game/Application/Api/Controller/IndexController.class.php 第 541 行.
NOTIC: [8] Undefined offset: 15 /phpstudy/www/Gittext/game/Application/Api/Controller/IndexController.class.php 第 543 行.
NOTIC: [2] Illegal string offset 'id' /phpstudy/www/Gittext/game/Application/Api/Controller/IndexController.class.php 第 541 行.
NOTIC: [2] Illegal string offset 'id' /phpstudy/www/Gittext/game/Application/Api/Controller/IndexController.class.php 第 541 行.
INFO: [ app_end ] --START--
INFO: Run Behavior\ShowPageTraceBehavior [ RunTime:0.000540s ]
INFO: [ app_end ] --END-- [ RunTime:0.000578s ]

[ 2019-05-01T16:00:02+08:00 ] 113.81.198.118 /api.php?m=Api&c=Index&a=clubInfo
INFO: [ app_init ] --START--
INFO: Run Behavior\BuildLiteBehavior [ RunTime:0.000014s ]
INFO: [ app_init ] --END-- [ RunTime:0.000224s ]
INFO: [ app_begin ] --START--
INFO: Run Behavior\ReadHtmlCacheBehavior [ RunTime:0.000313s ]
INFO: [ app_begin ] --END-- [ RunTime:0.000345s ]
SQL: SHOW COLUMNS FROM `dd_config` [ RunTime:0.0030s ]
SQL: SELECT * FROM `dd_config`  [ RunTime:0.0026s ]
NOTIC: [8] Undefined index: rand /phpstudy/www/Gittext/game/Application/Api/Controller/IndexController.class.php 第 16 行.
SQL: SHOW COLUMNS FROM `dd_user` [ RunTime:0.0036s ]
SQL: SELECT `club_id` FROM `dd_user` WHERE `id` = 182 LIMIT 1   [ RunTime:0.0027s ]
SQL: SHOW COLUMNS FROM `dd_club_info` [ RunTime:0.0030s ]
SQL: SELECT * FROM `dd_club_info` WHERE `id` = 3 LIMIT 1   [ RunTime:0.0027s ]
SQL: SELECT COUNT(*) AS tp_count FROM `dd_user` WHERE `club_id` = 3 LIMIT 1   [ RunTime:0.0026s ]
SQL: SELECT SUM(active_point) AS tp_sum FROM `dd_user` WHERE `club_id` = 3 LIMIT 1   [ RunTime:0.0026s ]
SQL: SELECT `is_club_owner` FROM `dd_user` WHERE `id` = 182 LIMIT 1   [ RunTime:0.0026s ]
SQL: SELECT `headimg` FROM `dd_user` WHERE `id` = 182 LIMIT 1   [ RunTime:0.0025s ]
NOTIC: [2] Illegal string offset 'headimg' /phpstudy/www/Gittext/game/Application/Api/Controller/IndexController.class.php 第 333 行.

[ 2019-05-01T16:04:47+08:00 ] 113.81.198.118 /api.php?m=Api&c=Index&a=clubInfo
INFO: [ app_init ] --START--
INFO: Run Behavior\BuildLiteBehavior [ RunTime:0.000026s ]
INFO: [ app_init ] --END-- [ RunTime:0.000253s ]
INFO: [ app_begin ] --START--
INFO: Run Behavior\ReadHtmlCacheBehavior [ RunTime:0.000327s ]
INFO: [ app_begin ] --END-- [ RunTime:0.000367s ]
SQL: SHOW COLUMNS FROM `dd_config` [ RunTime:0.0034s ]
SQL: SELECT * FROM `dd_config`  [ RunTime:0.0030s ]
NOTIC: [8] Undefined index: rand /phpstudy/www/Gittext/game/Application/Api/Controller/IndexController.class.php 第 16 行.
SQL: SHOW COLUMNS FROM `dd_user` [ RunTime:0.0040s ]
SQL: SELECT `club_id` FROM `dd_user` WHERE `id` = 182 LIMIT 1   [ RunTime:0.0031s ]
SQL: SHOW COLUMNS FROM `dd_club_info` [ RunTime:0.0035s ]
SQL: SELECT * FROM `dd_club_info` WHERE `id` = 3 LIMIT 1   [ RunTime:0.0030s ]
SQL: SELECT COUNT(*) AS tp_count FROM `dd_user` WHERE `club_id` = 3 LIMIT 1   [ RunTime:0.0030s ]
SQL: SELECT SUM(active_point) AS tp_sum FROM `dd_user` WHERE `club_id` = 3 LIMIT 1   [ RunTime:0.0030s ]
SQL: SELECT `is_club_owner` FROM `dd_user` WHERE `id` = 182 LIMIT 1   [ RunTime:0.0029s ]
SQL: SELECT `headimg` FROM `dd_user` WHERE `id` = 182 LIMIT 1   [ RunTime:0.0030s ]
NOTIC: [2] Illegal string offset 'headimg' /phpstudy/www/Gittext/game/Application/Api/Controller/IndexController.class.php 第 333 行.

[ 2019-05-01T16:06:38+08:00 ] 113.81.198.118 /api.php?m=Api&c=Index&a=clubInfo
INFO: [ app_init ] --START--
INFO: Run Behavior\BuildLiteBehavior [ RunTime:0.000013s ]
INFO: [ app_init ] --END-- [ RunTime:0.000249s ]
INFO: [ app_begin ] --START--
INFO: Run Behavior\ReadHtmlCacheBehavior [ RunTime:0.000278s ]
INFO: [ app_begin ] --END-- [ RunTime:0.000310s ]
SQL: SHOW COLUMNS FROM `dd_config` [ RunTime:0.0028s ]
SQL: SELECT * FROM `dd_config`  [ RunTime:0.0024s ]
NOTIC: [8] Undefined index: rand /phpstudy/www/Gittext/game/Application/Api/Controller/IndexController.class.php 第 16 行.
SQL: SHOW COLUMNS FROM `dd_user` [ RunTime:0.0033s ]
SQL: SELECT `club_id` FROM `dd_user` WHERE `id` = 182 LIMIT 1   [ RunTime:0.0024s ]
SQL: SHOW COLUMNS FROM `dd_club_info` [ RunTime:0.0028s ]
SQL: SELECT * FROM `dd_club_info` WHERE `id` = 3 LIMIT 1   [ RunTime:0.0023s ]
SQL: SELECT COUNT(*) AS tp_count FROM `dd_user` WHERE `club_id` = 3 LIMIT 1   [ RunTime:0.0023s ]
SQL: SELECT SUM(active_point) AS tp_sum FROM `dd_user` WHERE `club_id` = 3 LIMIT 1   [ RunTime:0.0023s ]
SQL: SELECT `is_club_owner` FROM `dd_user` WHERE `id` = 182 LIMIT 1   [ RunTime:0.0023s ]
SQL: SELECT `headimg` FROM `dd_user` WHERE `id` = 182 LIMIT 1   [ RunTime:0.0022s ]
NOTIC: [2] Illegal string offset 'headimg' /phpstudy/www/Gittext/game/Application/Api/Controller/IndexController.class.php 第 333 行.

[ 2019-05-01T16:07:25+08:00 ] 113.81.198.118 /api.php?m=Api&c=Index&a=clubInfo
INFO: [ app_init ] --START--
INFO: Run Behavior\BuildLiteBehavior [ RunTime:0.000013s ]
INFO: [ app_init ] --END-- [ RunTime:0.000226s ]
INFO: [ app_begin ] --START--
INFO: Run Behavior\ReadHtmlCacheBehavior [ RunTime:0.000306s ]
INFO: [ app_begin ] --END-- [ RunTime:0.000338s ]
SQL: SHOW COLUMNS FROM `dd_config` [ RunTime:0.0025s ]
SQL: SELECT * FROM `dd_config`  [ RunTime:0.0021s ]
NOTIC: [8] Undefined index: rand /phpstudy/www/Gittext/game/Application/Api/Controller/IndexController.class.php 第 16 行.
SQL: SHOW COLUMNS FROM `dd_user` [ RunTime:0.0031s ]
SQL: SELECT `club_id` FROM `dd_user` WHERE `id` = 182 LIMIT 1   [ RunTime:0.0022s ]
SQL: SHOW COLUMNS FROM `dd_club_info` [ RunTime:0.0025s ]
SQL: SELECT * FROM `dd_club_info` WHERE `id` = 3 LIMIT 1   [ RunTime:0.0021s ]
SQL: SELECT COUNT(*) AS tp_count FROM `dd_user` WHERE `club_id` = 3 LIMIT 1   [ RunTime:0.0020s ]
SQL: SELECT SUM(active_point) AS tp_sum FROM `dd_user` WHERE `club_id` = 3 LIMIT 1   [ RunTime:0.0020s ]
SQL: SELECT `is_club_owner` FROM `dd_user` WHERE `id` = 182 LIMIT 1   [ RunTime:0.0020s ]
SQL: SELECT `headimg` FROM `dd_user` WHERE `id` = 182 LIMIT 1   [ RunTime:0.0020s ]
NOTIC: [2] Illegal string offset 'headimg' /phpstudy/www/Gittext/game/Application/Api/Controller/IndexController.class.php 第 333 行.

[ 2019-05-01T16:07:41+08:00 ] 113.81.198.118 /api.php?m=Api&c=Index&a=clubInfo
INFO: [ app_init ] --START--
INFO: Run Behavior\BuildLiteBehavior [ RunTime:0.000014s ]
INFO: [ app_init ] --END-- [ RunTime:0.000226s ]
INFO: [ app_begin ] --START--
INFO: Run Behavior\ReadHtmlCacheBehavior [ RunTime:0.000326s ]
INFO: [ app_begin ] --END-- [ RunTime:0.000366s ]
SQL: SHOW COLUMNS FROM `dd_config` [ RunTime:0.0020s ]
SQL: SELECT * FROM `dd_config`  [ RunTime:0.0017s ]
NOTIC: [8] Undefined index: rand /phpstudy/www/Gittext/game/Application/Api/Controller/IndexController.class.php 第 16 行.
SQL: SHOW COLUMNS FROM `dd_user` [ RunTime:0.0026s ]
SQL: SELECT `club_id` FROM `dd_user` WHERE `id` = 182 LIMIT 1   [ RunTime:0.0017s ]
SQL: SHOW COLUMNS FROM `dd_club_info` [ RunTime:0.0019s ]
SQL: SELECT * FROM `dd_club_info` WHERE `id` = 3 LIMIT 1   [ RunTime:0.0016s ]
SQL: SELECT COUNT(*) AS tp_count FROM `dd_user` WHERE `club_id` = 3 LIMIT 1   [ RunTime:0.0016s ]
SQL: SELECT SUM(active_point) AS tp_sum FROM `dd_user` WHERE `club_id` = 3 LIMIT 1   [ RunTime:0.0016s ]
SQL: SELECT `is_club_owner` FROM `dd_user` WHERE `id` = 182 LIMIT 1   [ RunTime:0.0016s ]
SQL: SELECT `headimg` FROM `dd_user` WHERE `id` = 182 LIMIT 1   [ RunTime:0.0016s ]
NOTIC: [2] Illegal string offset 'headimg' /phpstudy/www/Gittext/game/Application/Api/Controller/IndexController.class.php 第 333 行.

[ 2019-05-01T16:10:37+08:00 ] 113.81.198.118 /api.php?m=Api&c=Index&a=clubInfo
INFO: [ app_init ] --START--
INFO: Run Behavior\BuildLiteBehavior [ RunTime:0.000012s ]
INFO: [ app_init ] --END-- [ RunTime:0.000227s ]
INFO: [ app_begin ] --START--
INFO: Run Behavior\ReadHtmlCacheBehavior [ RunTime:0.000367s ]
INFO: [ app_begin ] --END-- [ RunTime:0.000403s ]
SQL: SHOW COLUMNS FROM `dd_config` [ RunTime:0.0031s ]
SQL: SELECT * FROM `dd_config`  [ RunTime:0.0027s ]
NOTIC: [8] Undefined index: rand /phpstudy/www/Gittext/game/Application/Api/Controller/IndexController.class.php 第 16 行.
SQL: SHOW COLUMNS FROM `dd_user` [ RunTime:0.0036s ]
SQL: SELECT `club_id` FROM `dd_user` WHERE `id` = 182 LIMIT 1   [ RunTime:0.0028s ]
SQL: SHOW COLUMNS FROM `dd_club_info` [ RunTime:0.0030s ]
SQL: SELECT * FROM `dd_club_info` WHERE `id` = 3 LIMIT 1   [ RunTime:0.0027s ]
SQL: SELECT COUNT(*) AS tp_count FROM `dd_user` WHERE `club_id` = 3 LIMIT 1   [ RunTime:0.0027s ]
SQL: SELECT SUM(active_point) AS tp_sum FROM `dd_user` WHERE `club_id` = 3 LIMIT 1   [ RunTime:0.0026s ]
SQL: SELECT `is_club_owner` FROM `dd_user` WHERE `id` = 182 LIMIT 1   [ RunTime:0.0026s ]
SQL: SELECT `headimg` FROM `dd_user` WHERE `id` = 182 LIMIT 1   [ RunTime:0.0026s ]
NOTIC: [2] Illegal string offset 'headimg' /phpstudy/www/Gittext/game/Application/Api/Controller/IndexController.class.php 第 333 行.

[ 2019-05-01T16:12:40+08:00 ] 113.81.198.118 /api.php?m=Index&c=index&a=clubMembers
INFO: [ app_init ] --START--
INFO: Run Behavior\BuildLiteBehavior [ RunTime:0.000013s ]
INFO: [ app_init ] --END-- [ RunTime:0.000255s ]
INFO: [ app_begin ] --START--
INFO: Run Behavior\ReadHtmlCacheBehavior [ RunTime:0.000289s ]
INFO: [ app_begin ] --END-- [ RunTime:0.000330s ]
SQL: SHOW COLUMNS FROM `dd_config` [ RunTime:0.0025s ]
SQL: SELECT * FROM `dd_config`  [ RunTime:0.0021s ]
NOTIC: [8] Undefined index: rand /phpstudy/www/Gittext/game/Application/Api/Controller/IndexController.class.php 第 16 行.
SQL: SHOW COLUMNS FROM `dd_user` [ RunTime:0.0031s ]
SQL: SELECT `id`,`nickname`,`is_club_owner`,`headimg`,`rank`,`last_login_time`,`active_point`,`slime`,`match_amount`,`win_amount` FROM `dd_user` WHERE `club_id` = 3  [ RunTime:0.0023s ]
NOTIC: [2] Illegal string offset 'id' /phpstudy/www/Gittext/game/Application/Api/Controller/IndexController.class.php 第 377 行.
NOTIC: [8] Undefined index: exp /phpstudy/www/Gittext/game/Application/Api/Controller/IndexController.class.php 第 382 行.
NOTIC: [2048] Non-static method Api\Service\GameService::getDuan() should not be called statically, assuming $this from incompatible context /phpstudy/www/Gittext/game/Application/Api/Controller/IndexController.class.php 第 385 行.
NOTIC: [2] Illegal string offset 'id' /phpstudy/www/Gittext/game/Application/Api/Controller/IndexController.class.php 第 377 行.
NOTIC: [8] Undefined index: exp /phpstudy/www/Gittext/game/Application/Api/Controller/IndexController.class.php 第 382 行.
NOTIC: [2048] Non-static method Api\Service\GameService::getDuan() should not be called statically, assuming $this from incompatible context /phpstudy/www/Gittext/game/Application/Api/Controller/IndexController.class.php 第 385 行.
NOTIC: [2] Illegal string offset 'id' /phpstudy/www/Gittext/game/Application/Api/Controller/IndexController.class.php 第 377 行.
NOTIC: [8] Undefined index: exp /phpstudy/www/Gittext/game/Application/Api/Controller/IndexController.class.php 第 382 行.
NOTIC: [2048] Non-static method Api\Service\GameService::getDuan() should not be called statically, assuming $this from incompatible context /phpstudy/www/Gittext/game/Application/Api/Controller/IndexController.class.php 第 385 行.
NOTIC: [2] Illegal string offset 'id' /phpstudy/www/Gittext/game/Application/Api/Controller/IndexController.class.php 第 377 行.
NOTIC: [2] Division by zero /phpstudy/www/Gittext/game/Application/Api/Controller/IndexController.class.php 第 379 行.
NOTIC: [2048] Non-static method Api\Service\GameService::getDuan() should not be called statically, assuming $this from incompatible context /phpstudy/www/Gittext/game/Application/Api/Controller/IndexController.class.php 第 385 行.
NOTIC: [2] Illegal string offset 'id' /phpstudy/www/Gittext/game/Application/Api/Controller/IndexController.class.php 第 377 行.
NOTIC: [2] Division by zero /phpstudy/www/Gittext/game/Application/Api/Controller/IndexController.class.php 第 379 行.
NOTIC: [2048] Non-static method Api\Service\GameService::getDuan() should not be called statically, assuming $this from incompatible context /phpstudy/www/Gittext/game/Application/Api/Controller/IndexController.class.php 第 385 行.
INFO: [ app_end ] --START--
INFO: Run Behavior\ShowPageTraceBehavior [ RunTime:0.000369s ]
INFO: [ app_end ] --END-- [ RunTime:0.000402s ]

[ 2019-05-01T16:12:48+08:00 ] 113.81.198.118 /api.php?m=Index&c=index&a=clubMembers
INFO: [ app_init ] --START--
INFO: Run Behavior\BuildLiteBehavior [ RunTime:0.000026s ]
INFO: [ app_init ] --END-- [ RunTime:0.000267s ]
INFO: [ app_begin ] --START--
INFO: Run Behavior\ReadHtmlCacheBehavior [ RunTime:0.000301s ]
INFO: [ app_begin ] --END-- [ RunTime:0.000342s ]
SQL: SHOW COLUMNS FROM `dd_config` [ RunTime:0.0023s ]
SQL: SELECT * FROM `dd_config`  [ RunTime:0.0020s ]
NOTIC: [8] Undefined index: rand /phpstudy/www/Gittext/game/Application/Api/Controller/IndexController.class.php 第 16 行.
SQL: SHOW COLUMNS FROM `dd_user` [ RunTime:0.0029s ]
SQL: SELECT `id`,`nickname`,`is_club_owner`,`headimg`,`rank`,`last_login_time`,`active_point`,`slime`,`match_amount`,`win_amount` FROM `dd_user` WHERE `club_id` = 3  [ RunTime:0.0020s ]
NOTIC: [2] Illegal string offset 'id' /phpstudy/www/Gittext/game/Application/Api/Controller/IndexController.class.php 第 377 行.
NOTIC: [8] Undefined index: exp /phpstudy/www/Gittext/game/Application/Api/Controller/IndexController.class.php 第 382 行.
NOTIC: [2048] Non-static method Api\Service\GameService::getDuan() should not be called statically, assuming $this from incompatible context /phpstudy/www/Gittext/game/Application/Api/Controller/IndexController.class.php 第 385 行.
NOTIC: [2] Illegal string offset 'id' /phpstudy/www/Gittext/game/Application/Api/Controller/IndexController.class.php 第 377 行.
NOTIC: [8] Undefined index: exp /phpstudy/www/Gittext/game/Application/Api/Controller/IndexController.class.php 第 382 行.
NOTIC: [2048] Non-static method Api\Service\GameService::getDuan() should not be called statically, assuming $this from incompatible context /phpstudy/www/Gittext/game/Application/Api/Controller/IndexController.class.php 第 385 行.
NOTIC: [2] Illegal string offset 'id' /phpstudy/www/Gittext/game/Application/Api/Controller/IndexController.class.php 第 377 行.
NOTIC: [8] Undefined index: exp /phpstudy/www/Gittext/game/Application/Api/Controller/IndexController.class.php 第 382 行.
NOTIC: [2048] Non-static method Api\Service\GameService::getDuan() should not be called statically, assuming $this from incompatible context /phpstudy/www/Gittext/game/Application/Api/Controller/IndexController.class.php 第 385 行.
NOTIC: [2] Illegal string offset 'id' /phpstudy/www/Gittext/game/Application/Api/Controller/IndexController.class.php 第 377 行.
NOTIC: [2] Division by zero /phpstudy/www/Gittext/game/Application/Api/Controller/IndexController.class.php 第 379 行.
NOTIC: [2048] Non-static method Api\Service\GameService::getDuan() should not be called statically, assuming $this from incompatible context /phpstudy/www/Gittext/game/Application/Api/Controller/IndexController.class.php 第 385 行.
NOTIC: [2] Illegal string offset 'id' /phpstudy/www/Gittext/game/Application/Api/Controller/IndexController.class.php 第 377 行.
NOTIC: [2] Division by zero /phpstudy/www/Gittext/game/Application/Api/Controller/IndexController.class.php 第 379 行.
NOTIC: [2048] Non-static method Api\Service\GameService::getDuan() should not be called statically, assuming $this from incompatible context /phpstudy/www/Gittext/game/Application/Api/Controller/IndexController.class.php 第 385 行.
INFO: [ app_end ] --START--
INFO: Run Behavior\ShowPageTraceBehavior [ RunTime:0.000396s ]
INFO: [ app_end ] --END-- [ RunTime:0.000430s ]

