[ 2019-05-30T09:22:08+08:00 ] 113.87.27.57 /api.php?m=Index&c=index&a=slime
INFO: [ app_init ] --START--
INFO: Run Behavior\BuildLiteBehavior [ RunTime:0.000019s ]
INFO: [ app_init ] --END-- [ RunTime:0.000309s ]
INFO: [ app_begin ] --START--
INFO: Run Behavior\ReadHtmlCacheBehavior [ RunTime:0.000418s ]
INFO: [ app_begin ] --END-- [ RunTime:0.000467s ]
SQL: SHOW COLUMNS FROM `dd_config` [ RunTime:0.0023s ]
SQL: SELECT * FROM `dd_config`  [ RunTime:0.0020s ]
NOTIC: [8] Undefined index: rand /phpstudy/www/Gittext/game/Application/Api/Controller/IndexController.class.php 第 19 行.
SQL: SELECT  g.s_id,g.u_id,g.blue,g.blood,g.exp,o.id,o.name,o.skill,o.skill_introduction,o.slime_introduction FROM   dd_slime  o   LEFT JOIN dd_user_slime g ON o.id = g.s_id  AND g.u_id = 182  order by o.id asc ; [ RunTime:0.0022s ]
SQL: SHOW COLUMNS FROM `dd_user` [ RunTime:0.0026s ]
SQL: SELECT `candy`,`candy1`,`candy2` FROM `dd_user` WHERE `user_id` = 182 LIMIT 1   [ RunTime:0.0018s ]
INFO: [ app_end ] --START--
INFO: Run Behavior\ShowPageTraceBehavior [ RunTime:0.000439s ]
INFO: [ app_end ] --END-- [ RunTime:0.000473s ]

[ 2019-05-30T09:22:15+08:00 ] 113.87.27.57 /api.php?m=Index&c=index&a=slime
INFO: [ app_init ] --START--
INFO: Run Behavior\BuildLiteBehavior [ RunTime:0.000019s ]
INFO: [ app_init ] --END-- [ RunTime:0.000339s ]
INFO: [ app_begin ] --START--
INFO: Run Behavior\ReadHtmlCacheBehavior [ RunTime:0.000438s ]
INFO: [ app_begin ] --END-- [ RunTime:0.000487s ]
SQL: SHOW COLUMNS FROM `dd_config` [ RunTime:0.0028s ]
SQL: SELECT * FROM `dd_config`  [ RunTime:0.0024s ]
NOTIC: [8] Undefined index: rand /phpstudy/www/Gittext/game/Application/Api/Controller/IndexController.class.php 第 19 行.
SQL: SELECT  g.s_id,g.u_id,g.blue,g.blood,g.exp,o.id,o.name,o.skill,o.skill_introduction,o.slime_introduction FROM   dd_slime  o   LEFT JOIN dd_user_slime g ON o.id = g.s_id  AND g.u_id = 182  order by o.id asc ; [ RunTime:0.0026s ]
SQL: SHOW COLUMNS FROM `dd_user` [ RunTime:0.0031s ]
SQL: SELECT `candy`,`candy1`,`candy2` FROM `dd_user` WHERE `user_id` = 182 LIMIT 1   [ RunTime:0.0023s ]
INFO: [ app_end ] --START--
INFO: Run Behavior\ShowPageTraceBehavior [ RunTime:0.000540s ]
INFO: [ app_end ] --END-- [ RunTime:0.000585s ]

[ 2019-05-30T10:45:07+08:00 ] 113.87.27.57 /api.php?m=Api&c=Api&a=login&uid=163
INFO: [ app_init ] --START--
INFO: Run Behavior\BuildLiteBehavior [ RunTime:0.000014s ]
INFO: [ app_init ] --END-- [ RunTime:0.000238s ]
INFO: [ app_begin ] --START--
INFO: Run Behavior\ReadHtmlCacheBehavior [ RunTime:0.000302s ]
INFO: [ app_begin ] --END-- [ RunTime:0.000334s ]
NOTIC: [8] A session had already been started - ignoring session_start() /phpstudy/www/Gittext/game/Application/Api/Controller/ApiController.class.php 第 44 行.
SQL: SHOW COLUMNS FROM `dd_config` [ RunTime:0.0032s ]
SQL: SELECT * FROM `dd_config`  [ RunTime:0.0028s ]
NOTIC: [8] Undefined index: source /phpstudy/www/Gittext/game/Application/Api/Controller/ApiController.class.php 第 62 行.
SQL: SHOW COLUMNS FROM `dd_user_base` [ RunTime:0.0037s ]
SQL: SELECT * FROM `dd_user_base` WHERE `openid` = 'oH1545ILnsMqzIqcYgz0_OpeqZ94' LIMIT 1   [ RunTime:0.0030s ]
NOTIC: [8] Undefined index: userId /phpstudy/www/Gittext/game/Application/Api/Service/UserService.class.php 第 70 行.
SQL: SHOW COLUMNS FROM `dd_user` [ RunTime:0.0034s ]
SQL: SELECT * FROM `dd_user` WHERE `openid` = 'oH1545ILnsMqzIqcYgz0_OpeqZ94' LIMIT 1   [ RunTime:0.0030s ]
NOTIC: [2048] Non-static method Api\Service\GameService::getDuan() should not be called statically, assuming $this from incompatible context /phpstudy/www/Gittext/game/Application/Api/Service/UserService.class.php 第 88 行.
SQL: SHOW COLUMNS FROM `dd_login_reward` [ RunTime:0.0033s ]
SQL: SELECT * FROM `dd_login_reward` WHERE `user_id` = '183' AND `create_date` BETWEEN '2019-05-27 0:0:0' AND '2019-06-02 23:59:59' ORDER BY create_date asc  [ RunTime:0.0029s ]
SQL: SELECT * FROM `dd_login_reward` WHERE `user_id` = '183' AND `create_date` BETWEEN '2019-05-30 0:0:0' AND '2019-05-30 23:59:59' LIMIT 1   [ RunTime:0.0029s ]
SQL: INSERT INTO `dd_login_reward` (`user_id`,`accu_login_days`,`reward_num`,`reward_type`,`create_date`,`expire_date`,`is_draw`) VALUES ('183','1','5','candy','2019-05-30 10:45:06','2019-06-02 23:59:59','N') [ RunTime:0.0156s ]
INFO: [ app_end ] --START--
INFO: Run Behavior\ShowPageTraceBehavior [ RunTime:0.000480s ]
INFO: [ app_end ] --END-- [ RunTime:0.000523s ]

[ 2019-05-30T11:25:27+08:00 ] 113.87.27.57 /api.php?m=Index&c=index&a=slime
INFO: [ app_init ] --START--
INFO: Run Behavior\BuildLiteBehavior [ RunTime:0.000013s ]
INFO: [ app_init ] --END-- [ RunTime:0.000237s ]
INFO: [ app_begin ] --START--
INFO: Run Behavior\ReadHtmlCacheBehavior [ RunTime:0.000289s ]
INFO: [ app_begin ] --END-- [ RunTime:0.000368s ]
SQL: SHOW COLUMNS FROM `dd_config` [ RunTime:0.0026s ]
SQL: SELECT * FROM `dd_config`  [ RunTime:0.0021s ]
NOTIC: [8] Undefined index: rand /phpstudy/www/Gittext/game/Application/Api/Controller/IndexController.class.php 第 19 行.
SQL: SELECT  g.s_id,g.u_id,g.blue,g.blood,g.exp,o.id,o.name,o.skill,o.skill_introduction,o.slime_introduction FROM   dd_slime  o   LEFT JOIN dd_user_slime g ON o.id = g.s_id  AND g.u_id = 182  order by o.id asc ; [ RunTime:0.0023s ]
SQL: SHOW COLUMNS FROM `dd_user` [ RunTime:0.0026s ]
SQL: SELECT `candy`,`candy1`,`candy2` FROM `dd_user` WHERE `user_id` = 182 LIMIT 1   [ RunTime:0.0020s ]
INFO: [ app_end ] --START--
INFO: Run Behavior\ShowPageTraceBehavior [ RunTime:0.000459s ]
INFO: [ app_end ] --END-- [ RunTime:0.000501s ]

[ 2019-05-30T11:25:28+08:00 ] 113.87.27.57 /api.php?m=Index&c=index&a=slime
INFO: [ app_init ] --START--
INFO: Run Behavior\BuildLiteBehavior [ RunTime:0.000013s ]
INFO: [ app_init ] --END-- [ RunTime:0.000227s ]
INFO: [ app_begin ] --START--
INFO: Run Behavior\ReadHtmlCacheBehavior [ RunTime:0.000354s ]
INFO: [ app_begin ] --END-- [ RunTime:0.000389s ]
SQL: SHOW COLUMNS FROM `dd_config` [ RunTime:0.0026s ]
SQL: SELECT * FROM `dd_config`  [ RunTime:0.0024s ]
NOTIC: [8] Undefined index: rand /phpstudy/www/Gittext/game/Application/Api/Controller/IndexController.class.php 第 19 行.
SQL: SELECT  g.s_id,g.u_id,g.blue,g.blood,g.exp,o.id,o.name,o.skill,o.skill_introduction,o.slime_introduction FROM   dd_slime  o   LEFT JOIN dd_user_slime g ON o.id = g.s_id  AND g.u_id = 182  order by o.id asc ; [ RunTime:0.0025s ]
SQL: SHOW COLUMNS FROM `dd_user` [ RunTime:0.0030s ]
SQL: SELECT `candy`,`candy1`,`candy2` FROM `dd_user` WHERE `user_id` = 182 LIMIT 1   [ RunTime:0.0024s ]
INFO: [ app_end ] --START--
INFO: Run Behavior\ShowPageTraceBehavior [ RunTime:0.000460s ]
INFO: [ app_end ] --END-- [ RunTime:0.000497s ]

[ 2019-05-30T12:35:19+08:00 ] 113.87.27.57 /api.php?m=Index&c=index&a=test
INFO: [ app_init ] --START--
INFO: Run Behavior\BuildLiteBehavior [ RunTime:0.000016s ]
INFO: [ app_init ] --END-- [ RunTime:0.000384s ]
INFO: [ app_begin ] --START--
INFO: Run Behavior\ReadHtmlCacheBehavior [ RunTime:0.000362s ]
INFO: [ app_begin ] --END-- [ RunTime:0.000409s ]
SQL: SHOW COLUMNS FROM `dd_config` [ RunTime:0.0030s ]
SQL: SELECT * FROM `dd_config`  [ RunTime:0.0025s ]
NOTIC: [8] Undefined index: rand /phpstudy/www/Gittext/game/Application/Api/Controller/IndexController.class.php 第 19 行.
SQL: SHOW COLUMNS FROM `dd_login_reward` [ RunTime:0.0029s ]
SQL: SELECT * FROM `dd_login_reward` WHERE `user_id` = 205 AND `create_date` BETWEEN '2019-05-27 0:0:0' AND '2019-06-02 23:59:59' ORDER BY create_date desc  [ RunTime:0.0027s ]

[ 2019-05-30T12:36:00+08:00 ] 113.87.27.57 /api.php?m=Index&c=index&a=test
INFO: [ app_init ] --START--
INFO: Run Behavior\BuildLiteBehavior [ RunTime:0.000015s ]
INFO: [ app_init ] --END-- [ RunTime:0.000225s ]
INFO: [ app_begin ] --START--
INFO: Run Behavior\ReadHtmlCacheBehavior [ RunTime:0.000332s ]
INFO: [ app_begin ] --END-- [ RunTime:0.000366s ]

[ 2019-05-30T12:36:09+08:00 ] 113.87.27.57 /api.php?m=Index&c=index&a=test
INFO: [ app_init ] --START--
INFO: Run Behavior\BuildLiteBehavior [ RunTime:0.000014s ]
INFO: [ app_init ] --END-- [ RunTime:0.000234s ]
INFO: [ app_begin ] --START--
INFO: Run Behavior\ReadHtmlCacheBehavior [ RunTime:0.000302s ]
INFO: [ app_begin ] --END-- [ RunTime:0.000334s ]
SQL: SHOW COLUMNS FROM `dd_config` [ RunTime:0.0021s ]
SQL: SELECT * FROM `dd_config`  [ RunTime:0.0017s ]
NOTIC: [8] Undefined index: rand /phpstudy/www/Gittext/game/Application/Api/Controller/IndexController.class.php 第 19 行.

[ 2019-05-30T14:57:59+08:00 ] 113.87.27.57 /api.php?m=Index&c=index&a=zhScore
INFO: [ app_init ] --START--
INFO: Run Behavior\BuildLiteBehavior [ RunTime:0.000014s ]
INFO: [ app_init ] --END-- [ RunTime:0.000234s ]
INFO: [ app_begin ] --START--
INFO: Run Behavior\ReadHtmlCacheBehavior [ RunTime:0.000341s ]
INFO: [ app_begin ] --END-- [ RunTime:0.000371s ]

[ 2019-05-30T14:58:12+08:00 ] 113.87.27.57 /api.php?m=Index&c=index&a=zhScore
INFO: [ app_init ] --START--
INFO: Run Behavior\BuildLiteBehavior [ RunTime:0.000027s ]
INFO: [ app_init ] --END-- [ RunTime:0.000313s ]
INFO: [ app_begin ] --START--
INFO: Run Behavior\ReadHtmlCacheBehavior [ RunTime:0.000309s ]
INFO: [ app_begin ] --END-- [ RunTime:0.000345s ]
SQL: SHOW COLUMNS FROM `dd_config` [ RunTime:0.0027s ]
SQL: SELECT * FROM `dd_config`  [ RunTime:0.0024s ]
NOTIC: [8] Undefined index: rand /phpstudy/www/Gittext/game/Application/Api/Controller/IndexController.class.php 第 19 行.
SQL: SHOW COLUMNS FROM `dd_user` [ RunTime:0.0031s ]
ERR: SQLSTATE[42S22]: Column not found: 1054 Unknown column 'win_match_amount' in 'field list'

[ 2019-05-30T14:58:33+08:00 ] 113.87.27.57 /api.php?m=Index&c=index&a=zhScore
INFO: [ app_init ] --START--
INFO: Run Behavior\BuildLiteBehavior [ RunTime:0.000014s ]
INFO: [ app_init ] --END-- [ RunTime:0.000237s ]
INFO: [ app_begin ] --START--
INFO: Run Behavior\ReadHtmlCacheBehavior [ RunTime:0.000347s ]
INFO: [ app_begin ] --END-- [ RunTime:0.000383s ]
SQL: SHOW COLUMNS FROM `dd_config` [ RunTime:0.0024s ]
SQL: SELECT * FROM `dd_config`  [ RunTime:0.0021s ]
NOTIC: [8] Undefined index: rand /phpstudy/www/Gittext/game/Application/Api/Controller/IndexController.class.php 第 19 行.
SQL: SHOW COLUMNS FROM `dd_user` [ RunTime:0.0025s ]
SQL: SELECT `match_amount`,`win_amount`,`fun_amount`,`fun_win_amount` FROM `dd_user` WHERE `user_id` = 182 LIMIT 1   [ RunTime:0.0021s ]
NOTIC: [8] Undefined index: win_match_amount /phpstudy/www/Gittext/game/Application/Api/Controller/IndexController.class.php 第 862 行.

[ 2019-05-30T15:00:15+08:00 ] 113.87.27.57 /api.php?m=Index&c=index&a=zhScore
INFO: [ app_init ] --START--
INFO: Run Behavior\BuildLiteBehavior [ RunTime:0.000015s ]
INFO: [ app_init ] --END-- [ RunTime:0.000234s ]
INFO: [ app_begin ] --START--
INFO: Run Behavior\ReadHtmlCacheBehavior [ RunTime:0.000400s ]
INFO: [ app_begin ] --END-- [ RunTime:0.000443s ]
SQL: SHOW COLUMNS FROM `dd_config` [ RunTime:0.0026s ]
SQL: SELECT * FROM `dd_config`  [ RunTime:0.0020s ]
NOTIC: [8] Undefined index: rand /phpstudy/www/Gittext/game/Application/Api/Controller/IndexController.class.php 第 19 行.
SQL: SHOW COLUMNS FROM `dd_user` [ RunTime:0.0027s ]
SQL: SELECT `match_amount`,`win_amount`,`fun_amount`,`fun_win_amount` FROM `dd_user` WHERE `user_id` = 182 LIMIT 1   [ RunTime:0.0019s ]
NOTIC: [8] Undefined index: win_match_amount /phpstudy/www/Gittext/game/Application/Api/Controller/IndexController.class.php 第 862 行.

[ 2019-05-30T15:00:16+08:00 ] 113.87.27.57 /api.php?m=Index&c=index&a=zhScore
INFO: [ app_init ] --START--
INFO: Run Behavior\BuildLiteBehavior [ RunTime:0.000016s ]
INFO: [ app_init ] --END-- [ RunTime:0.000247s ]
INFO: [ app_begin ] --START--
INFO: Run Behavior\ReadHtmlCacheBehavior [ RunTime:0.000317s ]
INFO: [ app_begin ] --END-- [ RunTime:0.000352s ]
SQL: SHOW COLUMNS FROM `dd_config` [ RunTime:0.0027s ]
SQL: SELECT * FROM `dd_config`  [ RunTime:0.0024s ]
NOTIC: [8] Undefined index: rand /phpstudy/www/Gittext/game/Application/Api/Controller/IndexController.class.php 第 19 行.
SQL: SHOW COLUMNS FROM `dd_user` [ RunTime:0.0030s ]
SQL: SELECT `match_amount`,`win_amount`,`fun_amount`,`fun_win_amount` FROM `dd_user` WHERE `user_id` = 182 LIMIT 1   [ RunTime:0.0023s ]
NOTIC: [8] Undefined index: win_match_amount /phpstudy/www/Gittext/game/Application/Api/Controller/IndexController.class.php 第 862 行.

[ 2019-05-30T15:00:36+08:00 ] 113.87.27.57 /api.php?m=Index&c=index&a=zhScore
INFO: [ app_init ] --START--
INFO: Run Behavior\BuildLiteBehavior [ RunTime:0.000032s ]
INFO: [ app_init ] --END-- [ RunTime:0.000414s ]
INFO: [ app_begin ] --START--
INFO: Run Behavior\ReadHtmlCacheBehavior [ RunTime:0.000291s ]
INFO: [ app_begin ] --END-- [ RunTime:0.000322s ]
SQL: SHOW COLUMNS FROM `dd_config` [ RunTime:0.0017s ]
SQL: SELECT * FROM `dd_config`  [ RunTime:0.0013s ]
NOTIC: [8] Undefined index: rand /phpstudy/www/Gittext/game/Application/Api/Controller/IndexController.class.php 第 19 行.
SQL: SHOW COLUMNS FROM `dd_user` [ RunTime:0.0018s ]
SQL: SELECT `match_amount`,`win_amount`,`fun_amount`,`fun_win_amount` FROM `dd_user` WHERE `user_id` = 182 LIMIT 1   [ RunTime:0.0012s ]

[ 2019-05-30T15:00:36+08:00 ] 113.87.27.57 /api.php?m=Index&c=index&a=zhScore
INFO: [ app_init ] --START--
INFO: Run Behavior\BuildLiteBehavior [ RunTime:0.000014s ]
INFO: [ app_init ] --END-- [ RunTime:0.000242s ]
INFO: [ app_begin ] --START--
INFO: Run Behavior\ReadHtmlCacheBehavior [ RunTime:0.000356s ]
INFO: [ app_begin ] --END-- [ RunTime:0.000396s ]
SQL: SHOW COLUMNS FROM `dd_config` [ RunTime:0.0021s ]
SQL: SELECT * FROM `dd_config`  [ RunTime:0.0017s ]
NOTIC: [8] Undefined index: rand /phpstudy/www/Gittext/game/Application/Api/Controller/IndexController.class.php 第 19 行.
SQL: SHOW COLUMNS FROM `dd_user` [ RunTime:0.0023s ]
SQL: SELECT `match_amount`,`win_amount`,`fun_amount`,`fun_win_amount` FROM `dd_user` WHERE `user_id` = 182 LIMIT 1   [ RunTime:0.0018s ]

[ 2019-05-30T15:01:05+08:00 ] 113.87.27.57 /api.php?m=Index&c=index&a=zhScore
INFO: [ app_init ] --START--
INFO: Run Behavior\BuildLiteBehavior [ RunTime:0.000018s ]
INFO: [ app_init ] --END-- [ RunTime:0.000395s ]
INFO: [ app_begin ] --START--
INFO: Run Behavior\ReadHtmlCacheBehavior [ RunTime:0.000374s ]
INFO: [ app_begin ] --END-- [ RunTime:0.000429s ]
SQL: SHOW COLUMNS FROM `dd_config` [ RunTime:0.0022s ]
SQL: SELECT * FROM `dd_config`  [ RunTime:0.0018s ]
NOTIC: [8] Undefined index: rand /phpstudy/www/Gittext/game/Application/Api/Controller/IndexController.class.php 第 19 行.
SQL: SHOW COLUMNS FROM `dd_user` [ RunTime:0.0025s ]
SQL: SELECT `match_amount`,`win_amount`,`fun_amount`,`fun_win_amount` FROM `dd_user` WHERE `user_id` = 182 LIMIT 1   [ RunTime:0.0018s ]

[ 2019-05-30T15:03:14+08:00 ] 113.87.27.57 /api.php?m=Index&c=index&a=zhScore
INFO: [ app_init ] --START--
INFO: Run Behavior\BuildLiteBehavior [ RunTime:0.000019s ]
INFO: [ app_init ] --END-- [ RunTime:0.000269s ]
INFO: [ app_begin ] --START--
INFO: Run Behavior\ReadHtmlCacheBehavior [ RunTime:0.000347s ]
INFO: [ app_begin ] --END-- [ RunTime:0.000389s ]
SQL: SHOW COLUMNS FROM `dd_config` [ RunTime:0.0022s ]
SQL: SELECT * FROM `dd_config`  [ RunTime:0.0020s ]
NOTIC: [8] Undefined index: rand /phpstudy/www/Gittext/game/Application/Api/Controller/IndexController.class.php 第 19 行.
SQL: SHOW COLUMNS FROM `dd_user` [ RunTime:0.0025s ]
SQL: SELECT `match_amount`,`win_amount`,`fun_amount`,`fun_win_amount` FROM `dd_user` WHERE `user_id` = 182 LIMIT 1   [ RunTime:0.0019s ]

[ 2019-05-30T15:03:15+08:00 ] 113.87.27.57 /api.php?m=Index&c=index&a=zhScore
INFO: [ app_init ] --START--
INFO: Run Behavior\BuildLiteBehavior [ RunTime:0.000015s ]
INFO: [ app_init ] --END-- [ RunTime:0.000239s ]
INFO: [ app_begin ] --START--
INFO: Run Behavior\ReadHtmlCacheBehavior [ RunTime:0.000287s ]
INFO: [ app_begin ] --END-- [ RunTime:0.000318s ]
SQL: SHOW COLUMNS FROM `dd_config` [ RunTime:0.0017s ]
SQL: SELECT * FROM `dd_config`  [ RunTime:0.0013s ]
NOTIC: [8] Undefined index: rand /phpstudy/www/Gittext/game/Application/Api/Controller/IndexController.class.php 第 19 行.
SQL: SHOW COLUMNS FROM `dd_user` [ RunTime:0.0019s ]
SQL: SELECT `match_amount`,`win_amount`,`fun_amount`,`fun_win_amount` FROM `dd_user` WHERE `user_id` = 182 LIMIT 1   [ RunTime:0.0013s ]

[ 2019-05-30T15:03:55+08:00 ] 113.87.27.57 /api.php?m=Index&c=index&a=zhScore
INFO: [ app_init ] --START--
INFO: Run Behavior\BuildLiteBehavior [ RunTime:0.000014s ]
INFO: [ app_init ] --END-- [ RunTime:0.000251s ]
INFO: [ app_begin ] --START--
INFO: Run Behavior\ReadHtmlCacheBehavior [ RunTime:0.000284s ]
INFO: [ app_begin ] --END-- [ RunTime:0.000315s ]

[ 2019-05-30T15:04:03+08:00 ] 113.87.27.57 /api.php?m=Index&c=index&a=zhScore
INFO: [ app_init ] --START--
INFO: Run Behavior\BuildLiteBehavior [ RunTime:0.000014s ]
INFO: [ app_init ] --END-- [ RunTime:0.000257s ]
INFO: [ app_begin ] --START--
INFO: Run Behavior\ReadHtmlCacheBehavior [ RunTime:0.000331s ]
INFO: [ app_begin ] --END-- [ RunTime:0.000369s ]
SQL: SHOW COLUMNS FROM `dd_config` [ RunTime:0.0025s ]
SQL: SELECT * FROM `dd_config`  [ RunTime:0.0022s ]
NOTIC: [8] Undefined index: rand /phpstudy/www/Gittext/game/Application/Api/Controller/IndexController.class.php 第 19 行.
SQL: SHOW COLUMNS FROM `dd_user` [ RunTime:0.0028s ]
SQL: SELECT `match_amount`,`win_amount`,`fun_amount`,`fun_win_amount` FROM `dd_user` WHERE `user_id` = 182 LIMIT 1   [ RunTime:0.0021s ]

[ 2019-05-30T15:04:27+08:00 ] 113.87.27.57 /api.php?m=Index&c=index&a=zhScore
INFO: [ app_init ] --START--
INFO: Run Behavior\BuildLiteBehavior [ RunTime:0.000014s ]
INFO: [ app_init ] --END-- [ RunTime:0.000246s ]
INFO: [ app_begin ] --START--
INFO: Run Behavior\ReadHtmlCacheBehavior [ RunTime:0.000292s ]
INFO: [ app_begin ] --END-- [ RunTime:0.000322s ]
SQL: SHOW COLUMNS FROM `dd_config` [ RunTime:0.0030s ]
SQL: SELECT * FROM `dd_config`  [ RunTime:0.0028s ]
NOTIC: [8] Undefined index: rand /phpstudy/www/Gittext/game/Application/Api/Controller/IndexController.class.php 第 19 行.
SQL: SHOW COLUMNS FROM `dd_user` [ RunTime:0.0032s ]
SQL: SELECT `match_amount`,`win_amount`,`fun_amount`,`fun_win_amount` FROM `dd_user` WHERE `user_id` = 182 LIMIT 1   [ RunTime:0.0025s ]

[ 2019-05-30T15:05:16+08:00 ] 113.87.27.57 /api.php?m=Index&c=index&a=zhScore
INFO: [ app_init ] --START--
INFO: Run Behavior\BuildLiteBehavior [ RunTime:0.000014s ]
INFO: [ app_init ] --END-- [ RunTime:0.000235s ]
INFO: [ app_begin ] --START--
INFO: Run Behavior\ReadHtmlCacheBehavior [ RunTime:0.000302s ]
INFO: [ app_begin ] --END-- [ RunTime:0.000333s ]
SQL: SHOW COLUMNS FROM `dd_config` [ RunTime:0.0027s ]
SQL: SELECT * FROM `dd_config`  [ RunTime:0.0023s ]
NOTIC: [8] Undefined index: rand /phpstudy/www/Gittext/game/Application/Api/Controller/IndexController.class.php 第 19 行.
SQL: SHOW COLUMNS FROM `dd_user` [ RunTime:0.0028s ]
SQL: SELECT `match_amount`,`win_amount`,`fun_amount`,`fun_win_amount` FROM `dd_user` WHERE `user_id` = 182 LIMIT 1   [ RunTime:0.0021s ]

[ 2019-05-30T15:05:33+08:00 ] 113.87.27.57 /api.php?m=Index&c=index&a=zhScore
INFO: [ app_init ] --START--
INFO: Run Behavior\BuildLiteBehavior [ RunTime:0.000013s ]
INFO: [ app_init ] --END-- [ RunTime:0.000246s ]
INFO: [ app_begin ] --START--
INFO: Run Behavior\ReadHtmlCacheBehavior [ RunTime:0.000377s ]
INFO: [ app_begin ] --END-- [ RunTime:0.000432s ]
SQL: SHOW COLUMNS FROM `dd_config` [ RunTime:0.0025s ]
SQL: SELECT * FROM `dd_config`  [ RunTime:0.0021s ]
NOTIC: [8] Undefined index: rand /phpstudy/www/Gittext/game/Application/Api/Controller/IndexController.class.php 第 19 行.
SQL: SHOW COLUMNS FROM `dd_user` [ RunTime:0.0026s ]
SQL: SELECT `match_amount`,`win_amount`,`fun_amount`,`fun_win_amount` FROM `dd_user` WHERE `user_id` = 182 LIMIT 1   [ RunTime:0.0020s ]

[ 2019-05-30T15:07:15+08:00 ] 113.87.27.57 /api.php?m=Index&c=index&a=zhScore
INFO: [ app_init ] --START--
INFO: Run Behavior\BuildLiteBehavior [ RunTime:0.000017s ]
INFO: [ app_init ] --END-- [ RunTime:0.000271s ]
INFO: [ app_begin ] --START--
INFO: Run Behavior\ReadHtmlCacheBehavior [ RunTime:0.000348s ]
INFO: [ app_begin ] --END-- [ RunTime:0.000390s ]
SQL: SHOW COLUMNS FROM `dd_config` [ RunTime:0.0022s ]
SQL: SELECT * FROM `dd_config`  [ RunTime:0.0017s ]
NOTIC: [8] Undefined index: rand /phpstudy/www/Gittext/game/Application/Api/Controller/IndexController.class.php 第 19 行.
SQL: SHOW COLUMNS FROM `dd_user` [ RunTime:0.0023s ]
SQL: SELECT `match_amount`,`win_amount`,`fun_amount`,`fun_win_amount` FROM `dd_user` WHERE `user_id` = 182 LIMIT 1   [ RunTime:0.0019s ]

[ 2019-05-30T15:07:47+08:00 ] 113.87.27.57 /api.php?m=Index&c=index&a=zhScore
INFO: [ app_init ] --START--
INFO: Run Behavior\BuildLiteBehavior [ RunTime:0.000013s ]
INFO: [ app_init ] --END-- [ RunTime:0.000244s ]
INFO: [ app_begin ] --START--
INFO: Run Behavior\ReadHtmlCacheBehavior [ RunTime:0.000295s ]
INFO: [ app_begin ] --END-- [ RunTime:0.000329s ]
SQL: SHOW COLUMNS FROM `dd_config` [ RunTime:0.0029s ]
SQL: SELECT * FROM `dd_config`  [ RunTime:0.0023s ]
NOTIC: [8] Undefined index: rand /phpstudy/www/Gittext/game/Application/Api/Controller/IndexController.class.php 第 19 行.
SQL: SHOW COLUMNS FROM `dd_user` [ RunTime:0.0029s ]
SQL: SELECT `match_amount`,`win_amount`,`fun_amount`,`fun_win_amount` FROM `dd_user` WHERE `user_id` = 182 LIMIT 1   [ RunTime:0.0022s ]

[ 2019-05-30T15:07:48+08:00 ] 113.87.27.57 /api.php?m=Index&c=index&a=zhScore
INFO: [ app_init ] --START--
INFO: Run Behavior\BuildLiteBehavior [ RunTime:0.000019s ]
INFO: [ app_init ] --END-- [ RunTime:0.000328s ]
INFO: [ app_begin ] --START--
INFO: Run Behavior\ReadHtmlCacheBehavior [ RunTime:0.000311s ]
INFO: [ app_begin ] --END-- [ RunTime:0.000345s ]
SQL: SHOW COLUMNS FROM `dd_config` [ RunTime:0.0021s ]
SQL: SELECT * FROM `dd_config`  [ RunTime:0.0015s ]
NOTIC: [8] Undefined index: rand /phpstudy/www/Gittext/game/Application/Api/Controller/IndexController.class.php 第 19 行.
SQL: SHOW COLUMNS FROM `dd_user` [ RunTime:0.0022s ]
SQL: SELECT `match_amount`,`win_amount`,`fun_amount`,`fun_win_amount` FROM `dd_user` WHERE `user_id` = 182 LIMIT 1   [ RunTime:0.0015s ]

[ 2019-05-30T15:08:14+08:00 ] 113.87.27.57 /api.php?m=Index&c=index&a=zhScore
INFO: [ app_init ] --START--
INFO: Run Behavior\BuildLiteBehavior [ RunTime:0.000013s ]
INFO: [ app_init ] --END-- [ RunTime:0.000228s ]
INFO: [ app_begin ] --START--
INFO: Run Behavior\ReadHtmlCacheBehavior [ RunTime:0.000277s ]
INFO: [ app_begin ] --END-- [ RunTime:0.000307s ]
SQL: SHOW COLUMNS FROM `dd_config` [ RunTime:0.0016s ]
SQL: SELECT * FROM `dd_config`  [ RunTime:0.0013s ]
NOTIC: [8] Undefined index: rand /phpstudy/www/Gittext/game/Application/Api/Controller/IndexController.class.php 第 19 行.
SQL: SHOW COLUMNS FROM `dd_user` [ RunTime:0.0018s ]
SQL: SELECT `match_amount`,`win_amount`,`fun_amount`,`fun_win_amount` FROM `dd_user` WHERE `user_id` = 182 LIMIT 1   [ RunTime:0.0012s ]

[ 2019-05-30T15:16:11+08:00 ] 113.87.27.57 /api.php?m=Index&c=index&a=zhScore
INFO: [ app_init ] --START--
INFO: Run Behavior\BuildLiteBehavior [ RunTime:0.000014s ]
INFO: [ app_init ] --END-- [ RunTime:0.000237s ]
INFO: [ app_begin ] --START--
INFO: Run Behavior\ReadHtmlCacheBehavior [ RunTime:0.000291s ]
INFO: [ app_begin ] --END-- [ RunTime:0.000322s ]
SQL: SHOW COLUMNS FROM `dd_config` [ RunTime:0.0030s ]
SQL: SELECT * FROM `dd_config`  [ RunTime:0.0027s ]
NOTIC: [8] Undefined index: rand /phpstudy/www/Gittext/game/Application/Api/Controller/IndexController.class.php 第 19 行.
SQL: SHOW COLUMNS FROM `dd_user` [ RunTime:0.0036s ]
SQL: SELECT `match_amount`,`win_amount`,`fun_amount`,`fun_win_amount` FROM `dd_user` WHERE `user_id` = 182 LIMIT 1   [ RunTime:0.0027s ]
SQL: SHOW COLUMNS FROM `dd_play_log` [ RunTime:0.0030s ]
SQL: SELECT MAX(score) AS tp_max FROM `dd_play_log` WHERE `user_id` = 182 LIMIT 1   [ RunTime:0.0259s ]

[ 2019-05-30T15:22:20+08:00 ] 113.87.27.57 /api.php?m=Index&c=index&a=zhScore
INFO: [ app_init ] --START--
INFO: Run Behavior\BuildLiteBehavior [ RunTime:0.000019s ]
INFO: [ app_init ] --END-- [ RunTime:0.000291s ]
INFO: [ app_begin ] --START--
INFO: Run Behavior\ReadHtmlCacheBehavior [ RunTime:0.000356s ]
INFO: [ app_begin ] --END-- [ RunTime:0.000398s ]

[ 2019-05-30T15:22:34+08:00 ] 113.87.27.57 /api.php?m=Index&c=index&a=zhScore
INFO: [ app_init ] --START--
INFO: Run Behavior\BuildLiteBehavior [ RunTime:0.000016s ]
INFO: [ app_init ] --END-- [ RunTime:0.000281s ]
INFO: [ app_begin ] --START--
INFO: Run Behavior\ReadHtmlCacheBehavior [ RunTime:0.000355s ]
INFO: [ app_begin ] --END-- [ RunTime:0.000394s ]

[ 2019-05-30T15:23:12+08:00 ] 113.87.27.57 /api.php?m=Index&c=index&a=zhScore
INFO: [ app_init ] --START--
INFO: Run Behavior\BuildLiteBehavior [ RunTime:0.000015s ]
INFO: [ app_init ] --END-- [ RunTime:0.000265s ]
INFO: [ app_begin ] --START--
INFO: Run Behavior\ReadHtmlCacheBehavior [ RunTime:0.000315s ]
INFO: [ app_begin ] --END-- [ RunTime:0.000350s ]

[ 2019-05-30T15:23:13+08:00 ] 113.87.27.57 /api.php?m=Index&c=index&a=zhScore
INFO: [ app_init ] --START--
INFO: Run Behavior\BuildLiteBehavior [ RunTime:0.000013s ]
INFO: [ app_init ] --END-- [ RunTime:0.000229s ]
INFO: [ app_begin ] --START--
INFO: Run Behavior\ReadHtmlCacheBehavior [ RunTime:0.000297s ]
INFO: [ app_begin ] --END-- [ RunTime:0.000328s ]

[ 2019-05-30T15:23:14+08:00 ] 113.87.27.57 /api.php?m=Index&c=index&a=zhScore
INFO: [ app_init ] --START--
INFO: Run Behavior\BuildLiteBehavior [ RunTime:0.000013s ]
INFO: [ app_init ] --END-- [ RunTime:0.000232s ]
INFO: [ app_begin ] --START--
INFO: Run Behavior\ReadHtmlCacheBehavior [ RunTime:0.000338s ]
INFO: [ app_begin ] --END-- [ RunTime:0.000377s ]

[ 2019-05-30T15:23:14+08:00 ] 113.87.27.57 /api.php?m=Index&c=index&a=zhScore
INFO: [ app_init ] --START--
INFO: Run Behavior\BuildLiteBehavior [ RunTime:0.000013s ]
INFO: [ app_init ] --END-- [ RunTime:0.000225s ]
INFO: [ app_begin ] --START--
INFO: Run Behavior\ReadHtmlCacheBehavior [ RunTime:0.000329s ]
INFO: [ app_begin ] --END-- [ RunTime:0.000367s ]

[ 2019-05-30T15:23:36+08:00 ] 113.87.27.57 /api.php?m=Index&c=index&a=zhScore
INFO: [ app_init ] --START--
INFO: Run Behavior\BuildLiteBehavior [ RunTime:0.000012s ]
INFO: [ app_init ] --END-- [ RunTime:0.000231s ]
INFO: [ app_begin ] --START--
INFO: Run Behavior\ReadHtmlCacheBehavior [ RunTime:0.000276s ]
INFO: [ app_begin ] --END-- [ RunTime:0.000306s ]

[ 2019-05-30T15:25:16+08:00 ] 113.87.27.57 /api.php?m=Index&c=index&a=zhScore
INFO: [ app_init ] --START--
INFO: Run Behavior\BuildLiteBehavior [ RunTime:0.000014s ]
INFO: [ app_init ] --END-- [ RunTime:0.000250s ]
INFO: [ app_begin ] --START--
INFO: Run Behavior\ReadHtmlCacheBehavior [ RunTime:0.000284s ]
INFO: [ app_begin ] --END-- [ RunTime:0.000314s ]
SQL: SHOW COLUMNS FROM `dd_config` [ RunTime:0.0024s ]
SQL: SELECT * FROM `dd_config`  [ RunTime:0.0020s ]
NOTIC: [8] Undefined index: rand /phpstudy/www/Gittext/game/Application/Api/Controller/IndexController.class.php 第 19 行.
SQL: SHOW COLUMNS FROM `dd_user` [ RunTime:0.0025s ]
SQL: SELECT `match_amount`,`win_amount`,`fun_amount`,`fun_win_amount`,`club_id` FROM `dd_user` WHERE `user_id` = 182 LIMIT 1   [ RunTime:0.0020s ]
SQL: SHOW COLUMNS FROM `dd_club_info` [ RunTime:0.0024s ]
SQL: SELECT `club_name` FROM `dd_club_info` WHERE `id` = '3' LIMIT 1   [ RunTime:0.0019s ]
SQL: SHOW COLUMNS FROM `dd_play_log` [ RunTime:0.0028s ]
SQL: SELECT MAX(score) AS tp_max FROM `dd_play_log` WHERE `user_id` = 182 LIMIT 1   [ RunTime:0.0019s ]

[ 2019-05-30T15:31:42+08:00 ] 113.87.27.57 /api.php?m=Index&c=index&a=zhScore
INFO: [ app_init ] --START--
INFO: Run Behavior\BuildLiteBehavior [ RunTime:0.000013s ]
INFO: [ app_init ] --END-- [ RunTime:0.000230s ]
INFO: [ app_begin ] --START--
INFO: Run Behavior\ReadHtmlCacheBehavior [ RunTime:0.000307s ]
INFO: [ app_begin ] --END-- [ RunTime:0.000339s ]

[ 2019-05-30T15:31:56+08:00 ] 113.87.27.57 /api.php?m=Index&c=index&a=zhScore
INFO: [ app_init ] --START--
INFO: Run Behavior\BuildLiteBehavior [ RunTime:0.000017s ]
INFO: [ app_init ] --END-- [ RunTime:0.000296s ]
INFO: [ app_begin ] --START--
INFO: Run Behavior\ReadHtmlCacheBehavior [ RunTime:0.000310s ]
INFO: [ app_begin ] --END-- [ RunTime:0.000343s ]
SQL: SHOW COLUMNS FROM `dd_config` [ RunTime:0.0023s ]
SQL: SELECT * FROM `dd_config`  [ RunTime:0.0018s ]
NOTIC: [8] Undefined index: rand /phpstudy/www/Gittext/game/Application/Api/Controller/IndexController.class.php 第 19 行.
SQL: SHOW COLUMNS FROM `dd_user` [ RunTime:0.0025s ]
SQL: SELECT `match_amount`,`win_amount`,`fun_amount`,`fun_win_amount`,`club_id` FROM `dd_user` WHERE `user_id` = 182 LIMIT 1   [ RunTime:0.0018s ]
SQL: SHOW COLUMNS FROM `dd_club_info` [ RunTime:0.0022s ]
SQL: SELECT `club_name` FROM `dd_club_info` WHERE `id` = '3' LIMIT 1   [ RunTime:0.0018s ]
SQL: SHOW COLUMNS FROM `dd_play_log` [ RunTime:0.0022s ]
SQL: SELECT MAX(score) AS tp_max FROM `dd_play_log` WHERE `user_id` = 182 LIMIT 1   [ RunTime:0.0018s ]
NOTIC: [8] Undefined index: rank /phpstudy/www/Gittext/game/Application/Api/Controller/IndexController.class.php 第 881 行.

[ 2019-05-30T15:32:11+08:00 ] 113.87.27.57 /api.php?m=Index&c=index&a=zhScore
INFO: [ app_init ] --START--
INFO: Run Behavior\BuildLiteBehavior [ RunTime:0.000019s ]
INFO: [ app_init ] --END-- [ RunTime:0.000327s ]
INFO: [ app_begin ] --START--
INFO: Run Behavior\ReadHtmlCacheBehavior [ RunTime:0.000418s ]
INFO: [ app_begin ] --END-- [ RunTime:0.000464s ]
SQL: SHOW COLUMNS FROM `dd_config` [ RunTime:0.0020s ]
SQL: SELECT * FROM `dd_config`  [ RunTime:0.0016s ]
NOTIC: [8] Undefined index: rand /phpstudy/www/Gittext/game/Application/Api/Controller/IndexController.class.php 第 19 行.
SQL: SHOW COLUMNS FROM `dd_user` [ RunTime:0.0022s ]
SQL: SELECT `match_amount`,`win_amount`,`fun_amount`,`fun_win_amount`,`club_id`,`rank` FROM `dd_user` WHERE `user_id` = 182 LIMIT 1   [ RunTime:0.0015s ]
SQL: SHOW COLUMNS FROM `dd_club_info` [ RunTime:0.0020s ]
SQL: SELECT `club_name` FROM `dd_club_info` WHERE `id` = '3' LIMIT 1   [ RunTime:0.0015s ]
SQL: SHOW COLUMNS FROM `dd_play_log` [ RunTime:0.0020s ]
SQL: SELECT MAX(score) AS tp_max FROM `dd_play_log` WHERE `user_id` = 182 LIMIT 1   [ RunTime:0.0016s ]

[ 2019-05-30T15:33:14+08:00 ] 113.87.27.57 /api.php?m=Index&c=index&a=zhScore
INFO: [ app_init ] --START--
INFO: Run Behavior\BuildLiteBehavior [ RunTime:0.000013s ]
INFO: [ app_init ] --END-- [ RunTime:0.000227s ]
INFO: [ app_begin ] --START--
INFO: Run Behavior\ReadHtmlCacheBehavior [ RunTime:0.000297s ]
INFO: [ app_begin ] --END-- [ RunTime:0.000327s ]
SQL: SHOW COLUMNS FROM `dd_config` [ RunTime:0.0028s ]
SQL: SELECT * FROM `dd_config`  [ RunTime:0.0024s ]
NOTIC: [8] Undefined index: rand /phpstudy/www/Gittext/game/Application/Api/Controller/IndexController.class.php 第 19 行.
SQL: SHOW COLUMNS FROM `dd_user` [ RunTime:0.0029s ]
SQL: SELECT `match_amount`,`win_amount`,`fun_amount`,`fun_win_amount`,`club_id`,`rank` FROM `dd_user` WHERE `user_id` = 182 LIMIT 1   [ RunTime:0.0023s ]
SQL: SHOW COLUMNS FROM `dd_club_info` [ RunTime:0.0027s ]
SQL: SELECT `club_name` FROM `dd_club_info` WHERE `id` = '3' LIMIT 1   [ RunTime:0.0023s ]
SQL: SHOW COLUMNS FROM `dd_play_log` [ RunTime:0.0027s ]
SQL: SELECT MAX(score) AS tp_max FROM `dd_play_log` WHERE `user_id` = 182 LIMIT 1   [ RunTime:0.0023s ]

[ 2019-05-30T15:35:57+08:00 ] 113.87.27.57 /api.php?m=Index&c=index&a=zhScore
INFO: [ app_init ] --START--
INFO: Run Behavior\BuildLiteBehavior [ RunTime:0.000015s ]
INFO: [ app_init ] --END-- [ RunTime:0.000231s ]
INFO: [ app_begin ] --START--
INFO: Run Behavior\ReadHtmlCacheBehavior [ RunTime:0.000344s ]
INFO: [ app_begin ] --END-- [ RunTime:0.000390s ]
SQL: SHOW COLUMNS FROM `dd_config` [ RunTime:0.0021s ]
SQL: SELECT * FROM `dd_config`  [ RunTime:0.0017s ]
NOTIC: [8] Undefined index: rand /phpstudy/www/Gittext/game/Application/Api/Controller/IndexController.class.php 第 19 行.
SQL: SHOW COLUMNS FROM `dd_user` [ RunTime:0.0025s ]
SQL: SELECT `match_amount`,`win_amount`,`fun_amount`,`fun_win_amount`,`club_id`,`rank` FROM `dd_user` WHERE `user_id` = 182 LIMIT 1   [ RunTime:0.0017s ]
SQL: SHOW COLUMNS FROM `dd_club_info` [ RunTime:0.0022s ]
SQL: SELECT `club_name` FROM `dd_club_info` WHERE `id` = '3' LIMIT 1   [ RunTime:0.0016s ]
SQL: SHOW COLUMNS FROM `dd_play_log` [ RunTime:0.0021s ]
SQL: SELECT MAX(score) AS tp_max FROM `dd_play_log` WHERE `user_id` = 182 LIMIT 1   [ RunTime:0.0016s ]
INFO: [ app_end ] --START--
INFO: Run Behavior\ShowPageTraceBehavior [ RunTime:0.000469s ]
INFO: [ app_end ] --END-- [ RunTime:0.000511s ]

[ 2019-05-30T15:36:02+08:00 ] 113.87.27.57 /api.php?m=Index&c=index&a=zhScore
INFO: [ app_init ] --START--
INFO: Run Behavior\BuildLiteBehavior [ RunTime:0.000013s ]
INFO: [ app_init ] --END-- [ RunTime:0.000240s ]
INFO: [ app_begin ] --START--
INFO: Run Behavior\ReadHtmlCacheBehavior [ RunTime:0.000338s ]
INFO: [ app_begin ] --END-- [ RunTime:0.000380s ]
SQL: SHOW COLUMNS FROM `dd_config` [ RunTime:0.0023s ]
SQL: SELECT * FROM `dd_config`  [ RunTime:0.0019s ]
NOTIC: [8] Undefined index: rand /phpstudy/www/Gittext/game/Application/Api/Controller/IndexController.class.php 第 19 行.
SQL: SHOW COLUMNS FROM `dd_user` [ RunTime:0.0025s ]
SQL: SELECT `match_amount`,`win_amount`,`fun_amount`,`fun_win_amount`,`club_id`,`rank` FROM `dd_user` WHERE `user_id` = 182 LIMIT 1   [ RunTime:0.0019s ]
SQL: SHOW COLUMNS FROM `dd_club_info` [ RunTime:0.0024s ]
SQL: SELECT `club_name` FROM `dd_club_info` WHERE `id` = '3' LIMIT 1   [ RunTime:0.0019s ]
SQL: SHOW COLUMNS FROM `dd_play_log` [ RunTime:0.0025s ]
SQL: SELECT MAX(score) AS tp_max FROM `dd_play_log` WHERE `user_id` = 182 LIMIT 1   [ RunTime:0.0020s ]
INFO: [ app_end ] --START--
INFO: Run Behavior\ShowPageTraceBehavior [ RunTime:0.000496s ]
INFO: [ app_end ] --END-- [ RunTime:0.000535s ]

[ 2019-05-30T15:44:29+08:00 ] 113.87.27.57 /api.php?m=Index&c=index&a=playHistory
INFO: [ app_init ] --START--
INFO: Run Behavior\BuildLiteBehavior [ RunTime:0.000026s ]
INFO: [ app_init ] --END-- [ RunTime:0.000238s ]
INFO: [ app_begin ] --START--
INFO: Run Behavior\ReadHtmlCacheBehavior [ RunTime:0.000286s ]
INFO: [ app_begin ] --END-- [ RunTime:0.000316s ]
SQL: SHOW COLUMNS FROM `dd_config` [ RunTime:0.0019s ]
SQL: SELECT * FROM `dd_config`  [ RunTime:0.0015s ]
NOTIC: [8] Undefined index: rand /phpstudy/www/Gittext/game/Application/Api/Controller/IndexController.class.php 第 19 行.
SQL: SHOW COLUMNS FROM `dd_play_log` [ RunTime:0.0020s ]
NOTIC: [8] Undefined variable: user_id /phpstudy/www/Gittext/game/Application/Api/Controller/IndexController.class.php 第 908 行.
SQL: SELECT * FROM `dd_play_log` WHERE `user_id` = null AND `type` = 1  [ RunTime:0.0015s ]
INFO: [ app_end ] --START--
INFO: Run Behavior\ShowPageTraceBehavior [ RunTime:0.000523s ]
INFO: [ app_end ] --END-- [ RunTime:0.000561s ]

[ 2019-05-30T15:44:45+08:00 ] 113.87.27.57 /api.php?m=Index&c=index&a=playHistory
INFO: [ app_init ] --START--
INFO: Run Behavior\BuildLiteBehavior [ RunTime:0.000014s ]
INFO: [ app_init ] --END-- [ RunTime:0.000264s ]
INFO: [ app_begin ] --START--
INFO: Run Behavior\ReadHtmlCacheBehavior [ RunTime:0.000303s ]
INFO: [ app_begin ] --END-- [ RunTime:0.000340s ]
SQL: SHOW COLUMNS FROM `dd_config` [ RunTime:0.0030s ]
SQL: SELECT * FROM `dd_config`  [ RunTime:0.0027s ]
NOTIC: [8] Undefined index: rand /phpstudy/www/Gittext/game/Application/Api/Controller/IndexController.class.php 第 19 行.
SQL: SHOW COLUMNS FROM `dd_play_log` [ RunTime:0.0033s ]
SQL: SELECT * FROM `dd_play_log` WHERE `user_id` = 182 AND `type` = 1  [ RunTime:0.0027s ]
INFO: [ app_end ] --START--
INFO: Run Behavior\ShowPageTraceBehavior [ RunTime:0.000634s ]
INFO: [ app_end ] --END-- [ RunTime:0.000701s ]

[ 2019-05-30T16:28:43+08:00 ] 113.87.27.57 /api.php?m=Index&c=index&a=playHistory
INFO: [ app_init ] --START--
INFO: Run Behavior\BuildLiteBehavior [ RunTime:0.000018s ]
INFO: [ app_init ] --END-- [ RunTime:0.000271s ]
INFO: [ app_begin ] --START--
INFO: Run Behavior\ReadHtmlCacheBehavior [ RunTime:0.000344s ]
INFO: [ app_begin ] --END-- [ RunTime:0.000379s ]

[ 2019-05-30T16:28:57+08:00 ] 113.87.27.57 /api.php?m=Index&c=index&a=playHistory
INFO: [ app_init ] --START--
INFO: Run Behavior\BuildLiteBehavior [ RunTime:0.000015s ]
INFO: [ app_init ] --END-- [ RunTime:0.000258s ]
INFO: [ app_begin ] --START--
INFO: Run Behavior\ReadHtmlCacheBehavior [ RunTime:0.000297s ]
INFO: [ app_begin ] --END-- [ RunTime:0.000332s ]
SQL: SHOW COLUMNS FROM `dd_config` [ RunTime:0.0028s ]
SQL: SELECT * FROM `dd_config`  [ RunTime:0.0024s ]
NOTIC: [8] Undefined index: rand /phpstudy/www/Gittext/game/Application/Api/Controller/IndexController.class.php 第 19 行.
SQL: SHOW COLUMNS FROM `dd_play_log` [ RunTime:0.0029s ]
ERR: SQLSTATE[42S22]: Column not found: 1054 Unknown column 'boun' in 'field list'

[ 2019-05-30T16:29:10+08:00 ] 113.87.27.57 /api.php?m=Index&c=index&a=playHistory
INFO: [ app_init ] --START--
INFO: Run Behavior\BuildLiteBehavior [ RunTime:0.000015s ]
INFO: [ app_init ] --END-- [ RunTime:0.000247s ]
INFO: [ app_begin ] --START--
INFO: Run Behavior\ReadHtmlCacheBehavior [ RunTime:0.000362s ]
INFO: [ app_begin ] --END-- [ RunTime:0.000404s ]
SQL: SHOW COLUMNS FROM `dd_config` [ RunTime:0.0027s ]
SQL: SELECT * FROM `dd_config`  [ RunTime:0.0023s ]
NOTIC: [8] Undefined index: rand /phpstudy/www/Gittext/game/Application/Api/Controller/IndexController.class.php 第 19 行.
SQL: SHOW COLUMNS FROM `dd_play_log` [ RunTime:0.0026s ]
SQL: SELECT `rank`,`score`,`bonu`,`ranks`,`end_time` FROM `dd_play_log` WHERE `user_id` = 182 AND `type` = 1  [ RunTime:0.0021s ]
NOTIC: [8] Undefined variable: datas /phpstudy/www/Gittext/game/Application/Api/Controller/IndexController.class.php 第 914 行.
INFO: [ app_end ] --START--
INFO: Run Behavior\ShowPageTraceBehavior [ RunTime:0.000432s ]
INFO: [ app_end ] --END-- [ RunTime:0.000464s ]

[ 2019-05-30T16:33:19+08:00 ] 113.87.27.57 /api.php?m=Index&c=index&a=playHistory
INFO: [ app_init ] --START--
INFO: Run Behavior\BuildLiteBehavior [ RunTime:0.000014s ]
INFO: [ app_init ] --END-- [ RunTime:0.000243s ]
INFO: [ app_begin ] --START--
INFO: Run Behavior\ReadHtmlCacheBehavior [ RunTime:0.000285s ]
INFO: [ app_begin ] --END-- [ RunTime:0.000316s ]
SQL: SHOW COLUMNS FROM `dd_config` [ RunTime:0.0023s ]
SQL: SELECT * FROM `dd_config`  [ RunTime:0.0018s ]
NOTIC: [8] Undefined index: rand /phpstudy/www/Gittext/game/Application/Api/Controller/IndexController.class.php 第 19 行.
SQL: SHOW COLUMNS FROM `dd_play_log` [ RunTime:0.0023s ]
SQL: SELECT `rank`,`score`,`bonu`,`ranks`,`end_time` FROM `dd_play_log` WHERE `user_id` = 182 AND `type` = 1  [ RunTime:0.0019s ]
NOTIC: [8] Undefined variable: datas /phpstudy/www/Gittext/game/Application/Api/Controller/IndexController.class.php 第 920 行.
INFO: [ app_end ] --START--
INFO: Run Behavior\ShowPageTraceBehavior [ RunTime:0.000492s ]
INFO: [ app_end ] --END-- [ RunTime:0.000537s ]

[ 2019-05-30T16:33:20+08:00 ] 113.87.27.57 /api.php?m=Index&c=index&a=playHistory
INFO: [ app_init ] --START--
INFO: Run Behavior\BuildLiteBehavior [ RunTime:0.000014s ]
INFO: [ app_init ] --END-- [ RunTime:0.000240s ]
INFO: [ app_begin ] --START--
INFO: Run Behavior\ReadHtmlCacheBehavior [ RunTime:0.000283s ]
INFO: [ app_begin ] --END-- [ RunTime:0.000313s ]
SQL: SHOW COLUMNS FROM `dd_config` [ RunTime:0.0027s ]
SQL: SELECT * FROM `dd_config`  [ RunTime:0.0025s ]
NOTIC: [8] Undefined index: rand /phpstudy/www/Gittext/game/Application/Api/Controller/IndexController.class.php 第 19 行.
SQL: SHOW COLUMNS FROM `dd_play_log` [ RunTime:0.0028s ]
SQL: SELECT `rank`,`score`,`bonu`,`ranks`,`end_time` FROM `dd_play_log` WHERE `user_id` = 182 AND `type` = 1  [ RunTime:0.0025s ]
NOTIC: [8] Undefined variable: datas /phpstudy/www/Gittext/game/Application/Api/Controller/IndexController.class.php 第 920 行.
INFO: [ app_end ] --START--
INFO: Run Behavior\ShowPageTraceBehavior [ RunTime:0.000445s ]
INFO: [ app_end ] --END-- [ RunTime:0.000478s ]

[ 2019-05-30T16:33:51+08:00 ] 113.87.27.57 /api.php?m=Index&c=index&a=playHistory
INFO: [ app_init ] --START--
INFO: Run Behavior\BuildLiteBehavior [ RunTime:0.000014s ]
INFO: [ app_init ] --END-- [ RunTime:0.000245s ]
INFO: [ app_begin ] --START--
INFO: Run Behavior\ReadHtmlCacheBehavior [ RunTime:0.000331s ]
INFO: [ app_begin ] --END-- [ RunTime:0.000374s ]
SQL: SHOW COLUMNS FROM `dd_config` [ RunTime:0.0023s ]
SQL: SELECT * FROM `dd_config`  [ RunTime:0.0019s ]
NOTIC: [8] Undefined index: rand /phpstudy/www/Gittext/game/Application/Api/Controller/IndexController.class.php 第 19 行.
SQL: SHOW COLUMNS FROM `dd_play_log` [ RunTime:0.0025s ]
SQL: SELECT `rank`,`score`,`bonu`,`ranks`,`end_time` FROM `dd_play_log` WHERE `user_id` = 182 AND `type` = 1  [ RunTime:0.0019s ]
NOTIC: [8] Undefined variable: datas /phpstudy/www/Gittext/game/Application/Api/Controller/IndexController.class.php 第 921 行.
INFO: [ app_end ] --START--
INFO: Run Behavior\ShowPageTraceBehavior [ RunTime:0.000422s ]
INFO: [ app_end ] --END-- [ RunTime:0.000466s ]

[ 2019-05-30T16:33:51+08:00 ] 113.87.27.57 /api.php?m=Index&c=index&a=playHistory
INFO: [ app_init ] --START--
INFO: Run Behavior\BuildLiteBehavior [ RunTime:0.000014s ]
INFO: [ app_init ] --END-- [ RunTime:0.000235s ]
INFO: [ app_begin ] --START--
INFO: Run Behavior\ReadHtmlCacheBehavior [ RunTime:0.000320s ]
INFO: [ app_begin ] --END-- [ RunTime:0.000352s ]
SQL: SHOW COLUMNS FROM `dd_config` [ RunTime:0.0024s ]
SQL: SELECT * FROM `dd_config`  [ RunTime:0.0021s ]
NOTIC: [8] Undefined index: rand /phpstudy/www/Gittext/game/Application/Api/Controller/IndexController.class.php 第 19 行.
SQL: SHOW COLUMNS FROM `dd_play_log` [ RunTime:0.0026s ]
SQL: SELECT `rank`,`score`,`bonu`,`ranks`,`end_time` FROM `dd_play_log` WHERE `user_id` = 182 AND `type` = 1  [ RunTime:0.0021s ]
NOTIC: [8] Undefined variable: datas /phpstudy/www/Gittext/game/Application/Api/Controller/IndexController.class.php 第 921 行.
INFO: [ app_end ] --START--
INFO: Run Behavior\ShowPageTraceBehavior [ RunTime:0.000444s ]
INFO: [ app_end ] --END-- [ RunTime:0.000476s ]

[ 2019-05-30T16:34:07+08:00 ] 113.87.27.57 /api.php?m=Index&c=index&a=playHistory
INFO: [ app_init ] --START--
INFO: Run Behavior\BuildLiteBehavior [ RunTime:0.000018s ]
INFO: [ app_init ] --END-- [ RunTime:0.000273s ]
INFO: [ app_begin ] --START--
INFO: Run Behavior\ReadHtmlCacheBehavior [ RunTime:0.000298s ]
INFO: [ app_begin ] --END-- [ RunTime:0.000336s ]

[ 2019-05-30T16:34:18+08:00 ] 113.87.27.57 /api.php?m=Index&c=index&a=playHistory
INFO: [ app_init ] --START--
INFO: Run Behavior\BuildLiteBehavior [ RunTime:0.000014s ]
INFO: [ app_init ] --END-- [ RunTime:0.000236s ]
INFO: [ app_begin ] --START--
INFO: Run Behavior\ReadHtmlCacheBehavior [ RunTime:0.000309s ]
INFO: [ app_begin ] --END-- [ RunTime:0.000343s ]
SQL: SHOW COLUMNS FROM `dd_config` [ RunTime:0.0027s ]
SQL: SELECT * FROM `dd_config`  [ RunTime:0.0023s ]
NOTIC: [8] Undefined index: rand /phpstudy/www/Gittext/game/Application/Api/Controller/IndexController.class.php 第 19 行.
SQL: SHOW COLUMNS FROM `dd_play_log` [ RunTime:0.0027s ]
SQL: SELECT `rank`,`score`,`bonu`,`ranks`,`end_time` FROM `dd_play_log` WHERE `user_id` = 182 AND `type` = 1  [ RunTime:0.0023s ]

[ 2019-05-30T16:34:49+08:00 ] 113.87.27.57 /api.php?m=Index&c=index&a=playHistory
INFO: [ app_init ] --START--
INFO: Run Behavior\BuildLiteBehavior [ RunTime:0.000014s ]
INFO: [ app_init ] --END-- [ RunTime:0.000264s ]
INFO: [ app_begin ] --START--
INFO: Run Behavior\ReadHtmlCacheBehavior [ RunTime:0.000314s ]
INFO: [ app_begin ] --END-- [ RunTime:0.000350s ]
SQL: SHOW COLUMNS FROM `dd_config` [ RunTime:0.0028s ]
SQL: SELECT * FROM `dd_config`  [ RunTime:0.0025s ]
NOTIC: [8] Undefined index: rand /phpstudy/www/Gittext/game/Application/Api/Controller/IndexController.class.php 第 19 行.
SQL: SHOW COLUMNS FROM `dd_play_log` [ RunTime:0.0030s ]
SQL: SELECT `rank`,`score`,`bonu`,`ranks`,`end_time` FROM `dd_play_log` WHERE `user_id` = 182 AND `type` = 1  [ RunTime:0.0026s ]

[ 2019-05-30T16:36:00+08:00 ] 113.87.27.57 /api.php?m=Index&c=index&a=playHistory
INFO: [ app_init ] --START--
INFO: Run Behavior\BuildLiteBehavior [ RunTime:0.000013s ]
INFO: [ app_init ] --END-- [ RunTime:0.000245s ]
INFO: [ app_begin ] --START--
INFO: Run Behavior\ReadHtmlCacheBehavior [ RunTime:0.000286s ]
INFO: [ app_begin ] --END-- [ RunTime:0.000316s ]
SQL: SHOW COLUMNS FROM `dd_config` [ RunTime:0.0020s ]
SQL: SELECT * FROM `dd_config`  [ RunTime:0.0017s ]
NOTIC: [8] Undefined index: rand /phpstudy/www/Gittext/game/Application/Api/Controller/IndexController.class.php 第 19 行.
SQL: SHOW COLUMNS FROM `dd_play_log` [ RunTime:0.0022s ]
SQL: SELECT `rank`,`score`,`bonu`,`ranks`,`end_time` FROM `dd_play_log` WHERE `user_id` = 182 AND `type` = 1  [ RunTime:0.0017s ]

[ 2019-05-30T16:36:01+08:00 ] 113.87.27.57 /api.php?m=Index&c=index&a=playHistory
INFO: [ app_init ] --START--
INFO: Run Behavior\BuildLiteBehavior [ RunTime:0.000018s ]
INFO: [ app_init ] --END-- [ RunTime:0.000324s ]
INFO: [ app_begin ] --START--
INFO: Run Behavior\ReadHtmlCacheBehavior [ RunTime:0.000409s ]
INFO: [ app_begin ] --END-- [ RunTime:0.000458s ]
SQL: SHOW COLUMNS FROM `dd_config` [ RunTime:0.0027s ]
SQL: SELECT * FROM `dd_config`  [ RunTime:0.0023s ]
NOTIC: [8] Undefined index: rand /phpstudy/www/Gittext/game/Application/Api/Controller/IndexController.class.php 第 19 行.
SQL: SHOW COLUMNS FROM `dd_play_log` [ RunTime:0.0027s ]
SQL: SELECT `rank`,`score`,`bonu`,`ranks`,`end_time` FROM `dd_play_log` WHERE `user_id` = 182 AND `type` = 1  [ RunTime:0.0022s ]
NOTIC: [8] Undefined variable: datas /phpstudy/www/Gittext/game/Application/Api/Controller/IndexController.class.php 第 926 行.
INFO: [ app_end ] --START--
INFO: Run Behavior\ShowPageTraceBehavior [ RunTime:0.000467s ]
INFO: [ app_end ] --END-- [ RunTime:0.000500s ]

[ 2019-05-30T16:36:10+08:00 ] 113.87.27.57 /api.php?m=Index&c=index&a=playHistory
INFO: [ app_init ] --START--
INFO: Run Behavior\BuildLiteBehavior [ RunTime:0.000017s ]
INFO: [ app_init ] --END-- [ RunTime:0.000444s ]
INFO: [ app_begin ] --START--
INFO: Run Behavior\ReadHtmlCacheBehavior [ RunTime:0.000311s ]
INFO: [ app_begin ] --END-- [ RunTime:0.000347s ]
SQL: SHOW COLUMNS FROM `dd_config` [ RunTime:0.0021s ]
SQL: SELECT * FROM `dd_config`  [ RunTime:0.0017s ]
NOTIC: [8] Undefined index: rand /phpstudy/www/Gittext/game/Application/Api/Controller/IndexController.class.php 第 19 行.
SQL: SHOW COLUMNS FROM `dd_play_log` [ RunTime:0.0022s ]
SQL: SELECT `rank`,`score`,`bonu`,`ranks`,`end_time` FROM `dd_play_log` WHERE `user_id` = 182 AND `type` = 1  [ RunTime:0.0017s ]
NOTIC: [8] Undefined variable: datas /phpstudy/www/Gittext/game/Application/Api/Controller/IndexController.class.php 第 926 行.
INFO: [ app_end ] --START--
INFO: Run Behavior\ShowPageTraceBehavior [ RunTime:0.000471s ]
INFO: [ app_end ] --END-- [ RunTime:0.000524s ]

[ 2019-05-30T16:36:12+08:00 ] 113.87.27.57 /api.php?m=Index&c=index&a=playHistory
INFO: [ app_init ] --START--
INFO: Run Behavior\BuildLiteBehavior [ RunTime:0.000019s ]
INFO: [ app_init ] --END-- [ RunTime:0.000340s ]
INFO: [ app_begin ] --START--
INFO: Run Behavior\ReadHtmlCacheBehavior [ RunTime:0.000436s ]
INFO: [ app_begin ] --END-- [ RunTime:0.000483s ]
SQL: SHOW COLUMNS FROM `dd_config` [ RunTime:0.0025s ]
SQL: SELECT * FROM `dd_config`  [ RunTime:0.0021s ]
NOTIC: [8] Undefined index: rand /phpstudy/www/Gittext/game/Application/Api/Controller/IndexController.class.php 第 19 行.
SQL: SHOW COLUMNS FROM `dd_play_log` [ RunTime:0.0026s ]
SQL: SELECT `rank`,`score`,`bonu`,`ranks`,`end_time` FROM `dd_play_log` WHERE `user_id` = 182 AND `type` = 1  [ RunTime:0.0021s ]
NOTIC: [8] Undefined variable: datas /phpstudy/www/Gittext/game/Application/Api/Controller/IndexController.class.php 第 926 行.
INFO: [ app_end ] --START--
INFO: Run Behavior\ShowPageTraceBehavior [ RunTime:0.000494s ]
INFO: [ app_end ] --END-- [ RunTime:0.000530s ]

[ 2019-05-30T16:36:25+08:00 ] 113.87.27.57 /api.php?m=Index&c=index&a=playHistory
INFO: [ app_init ] --START--
INFO: Run Behavior\BuildLiteBehavior [ RunTime:0.000014s ]
INFO: [ app_init ] --END-- [ RunTime:0.000233s ]
INFO: [ app_begin ] --START--
INFO: Run Behavior\ReadHtmlCacheBehavior [ RunTime:0.000312s ]
INFO: [ app_begin ] --END-- [ RunTime:0.000344s ]
SQL: SHOW COLUMNS FROM `dd_config` [ RunTime:0.0016s ]
SQL: SELECT * FROM `dd_config`  [ RunTime:0.0012s ]
NOTIC: [8] Undefined index: rand /phpstudy/www/Gittext/game/Application/Api/Controller/IndexController.class.php 第 19 行.
SQL: SHOW COLUMNS FROM `dd_play_log` [ RunTime:0.0018s ]
SQL: SELECT `rank`,`score`,`bonu`,`ranks`,`end_time` FROM `dd_play_log` WHERE `user_id` = 182 AND `type` = 1  [ RunTime:0.0013s ]
INFO: [ app_end ] --START--
INFO: Run Behavior\ShowPageTraceBehavior [ RunTime:0.000480s ]
INFO: [ app_end ] --END-- [ RunTime:0.000528s ]

[ 2019-05-30T16:36:53+08:00 ] 113.87.27.57 /api.php?m=Index&c=index&a=playHistory
INFO: [ app_init ] --START--
INFO: Run Behavior\BuildLiteBehavior [ RunTime:0.000014s ]
INFO: [ app_init ] --END-- [ RunTime:0.000239s ]
INFO: [ app_begin ] --START--
INFO: Run Behavior\ReadHtmlCacheBehavior [ RunTime:0.000324s ]
INFO: [ app_begin ] --END-- [ RunTime:0.000358s ]
SQL: SHOW COLUMNS FROM `dd_config` [ RunTime:0.0024s ]
SQL: SELECT * FROM `dd_config`  [ RunTime:0.0021s ]
NOTIC: [8] Undefined index: rand /phpstudy/www/Gittext/game/Application/Api/Controller/IndexController.class.php 第 19 行.
SQL: SHOW COLUMNS FROM `dd_play_log` [ RunTime:0.0024s ]
SQL: SELECT `rank`,`score`,`bonu`,`ranks`,`end_time` FROM `dd_play_log` WHERE `user_id` = 182 AND `type` = 1  [ RunTime:0.0021s ]
INFO: [ app_end ] --START--
INFO: Run Behavior\ShowPageTraceBehavior [ RunTime:0.000634s ]
INFO: [ app_end ] --END-- [ RunTime:0.000672s ]

[ 2019-05-30T16:40:07+08:00 ] 113.87.27.57 /api.php?m=Index&c=index&a=playHistory
INFO: [ app_init ] --START--
INFO: Run Behavior\BuildLiteBehavior [ RunTime:0.000018s ]
INFO: [ app_init ] --END-- [ RunTime:0.000266s ]
INFO: [ app_begin ] --START--
INFO: Run Behavior\ReadHtmlCacheBehavior [ RunTime:0.000305s ]
INFO: [ app_begin ] --END-- [ RunTime:0.000338s ]
SQL: SHOW COLUMNS FROM `dd_config` [ RunTime:0.0028s ]
SQL: SELECT * FROM `dd_config`  [ RunTime:0.0023s ]
NOTIC: [8] Undefined index: rand /phpstudy/www/Gittext/game/Application/Api/Controller/IndexController.class.php 第 19 行.
SQL: SHOW COLUMNS FROM `dd_play_log` [ RunTime:0.0029s ]
SQL: SELECT `rank`,`score`,`bonu`,`ranks`,`end_time` FROM `dd_play_log` WHERE `user_id` = 182 AND `type` = '1'  [ RunTime:0.0028s ]
INFO: [ app_end ] --START--
INFO: Run Behavior\ShowPageTraceBehavior [ RunTime:0.000509s ]
INFO: [ app_end ] --END-- [ RunTime:0.000557s ]

[ 2019-05-30T16:43:13+08:00 ] 113.87.27.57 /api.php?m=Index&c=index&a=playHistory
INFO: [ app_init ] --START--
INFO: Run Behavior\BuildLiteBehavior [ RunTime:0.000013s ]
INFO: [ app_init ] --END-- [ RunTime:0.000259s ]
INFO: [ app_begin ] --START--
INFO: Run Behavior\ReadHtmlCacheBehavior [ RunTime:0.000281s ]
INFO: [ app_begin ] --END-- [ RunTime:0.000312s ]
SQL: SHOW COLUMNS FROM `dd_config` [ RunTime:0.0023s ]
SQL: SELECT * FROM `dd_config`  [ RunTime:0.0018s ]
NOTIC: [8] Undefined index: rand /phpstudy/www/Gittext/game/Application/Api/Controller/IndexController.class.php 第 19 行.
SQL: SHOW COLUMNS FROM `dd_play_log` [ RunTime:0.0024s ]
SQL: SELECT `rank`,`score`,`bonu`,`ranks`,`end_time`,`user_id` FROM `dd_play_log` WHERE `user_id` = 182 AND `type` = '1'  [ RunTime:0.0019s ]
SQL: SHOW COLUMNS FROM `dd_user` [ RunTime:0.0025s ]
SQL: SELECT `rank` FROM `dd_user` WHERE `user_id` = 182 LIMIT 1   [ RunTime:0.0018s ]
SQL: SELECT `rank` FROM `dd_user` WHERE `user_id` = 182 LIMIT 1   [ RunTime:0.0018s ]
SQL: SELECT `rank` FROM `dd_user` WHERE `user_id` = 182 LIMIT 1   [ RunTime:0.0017s ]
SQL: SELECT `rank` FROM `dd_user` WHERE `user_id` = 182 LIMIT 1   [ RunTime:0.0017s ]
SQL: SELECT `rank` FROM `dd_user` WHERE `user_id` = 182 LIMIT 1   [ RunTime:0.0018s ]
SQL: SELECT `rank` FROM `dd_user` WHERE `user_id` = 182 LIMIT 1   [ RunTime:0.0017s ]
SQL: SELECT `rank` FROM `dd_user` WHERE `user_id` = 182 LIMIT 1   [ RunTime:0.0018s ]
INFO: [ app_end ] --START--
INFO: Run Behavior\ShowPageTraceBehavior [ RunTime:0.000585s ]
INFO: [ app_end ] --END-- [ RunTime:0.000638s ]

[ 2019-05-30T16:50:50+08:00 ] 113.87.27.57 /api.php?m=Index&c=Index&a=clubInfo
INFO: [ app_init ] --START--
INFO: Run Behavior\BuildLiteBehavior [ RunTime:0.000015s ]
INFO: [ app_init ] --END-- [ RunTime:0.000279s ]
INFO: [ app_begin ] --START--
INFO: Run Behavior\ReadHtmlCacheBehavior [ RunTime:0.000305s ]
INFO: [ app_begin ] --END-- [ RunTime:0.000340s ]
SQL: SHOW COLUMNS FROM `dd_config` [ RunTime:0.0028s ]
SQL: SELECT * FROM `dd_config`  [ RunTime:0.0025s ]
NOTIC: [8] Undefined index: rand /phpstudy/www/Gittext/game/Application/Api/Controller/IndexController.class.php 第 19 行.
SQL: SHOW COLUMNS FROM `dd_user` [ RunTime:0.0031s ]
SQL: SELECT `club_id` FROM `dd_user` WHERE `id` = 182 LIMIT 1   [ RunTime:0.0024s ]
SQL: SHOW COLUMNS FROM `dd_club_info` [ RunTime:0.0028s ]
SQL: SELECT * FROM `dd_club_info` WHERE `id` = 3 LIMIT 1   [ RunTime:0.0024s ]
SQL: SELECT COUNT(*) AS tp_count FROM `dd_user` WHERE `club_id` = 3 LIMIT 1   [ RunTime:0.0024s ]
SQL: SELECT SUM(active_point) AS tp_sum FROM `dd_user` WHERE `club_id` = 3 LIMIT 1   [ RunTime:0.0024s ]
SQL: SELECT `is_club_owner` FROM `dd_user` WHERE `id` = 182 LIMIT 1   [ RunTime:0.0023s ]
ERR: SQLSTATE[42S22]: Column not found: 1054 Unknown column 'headimg' in 'field list'

[ 2019-05-30T16:50:58+08:00 ] 113.87.27.57 /api.php?m=Index&c=index&a=clubRecords
INFO: [ app_init ] --START--
INFO: Run Behavior\BuildLiteBehavior [ RunTime:0.000013s ]
INFO: [ app_init ] --END-- [ RunTime:0.000241s ]
INFO: [ app_begin ] --START--
INFO: Run Behavior\ReadHtmlCacheBehavior [ RunTime:0.000372s ]
INFO: [ app_begin ] --END-- [ RunTime:0.000416s ]
SQL: SHOW COLUMNS FROM `dd_config` [ RunTime:0.0022s ]
SQL: SELECT * FROM `dd_config`  [ RunTime:0.0019s ]
NOTIC: [8] Undefined index: rand /phpstudy/www/Gittext/game/Application/Api/Controller/IndexController.class.php 第 19 行.
SQL: SHOW COLUMNS FROM `dd_user` [ RunTime:0.0024s ]
SQL: SELECT `is_club_owner` FROM `dd_user` WHERE `user_id` = 182 LIMIT 1   [ RunTime:0.0018s ]
SQL: SELECT  o.id, o.title,o.content,o.create_time,o.category,o.create_user,   g.`status`   FROM   dd_message_info o   LEFT JOIN dd_message_log g ON o.id = g.msg_id    AND g.uid = 182  WHERE   ( g.msg_id IS NULL or g.status='1') and  o.send_to  in ('all',182) and o.category in(1,2) and o.send_time < CURRENT_TIMESTAMP AND o.expire_time > CURRENT_TIMESTAMP order by id desc; [ RunTime:0.0020s ]
INFO: [ app_end ] --START--
INFO: Run Behavior\ShowPageTraceBehavior [ RunTime:0.000456s ]
INFO: [ app_end ] --END-- [ RunTime:0.000489s ]

[ 2019-05-30T17:50:13+08:00 ] 113.87.27.57 /api.php?m=Index&c=index&a=slime
INFO: [ app_init ] --START--
INFO: Run Behavior\BuildLiteBehavior [ RunTime:0.000014s ]
INFO: [ app_init ] --END-- [ RunTime:0.000249s ]
INFO: [ app_begin ] --START--
INFO: Run Behavior\ReadHtmlCacheBehavior [ RunTime:0.000294s ]
INFO: [ app_begin ] --END-- [ RunTime:0.000324s ]
SQL: SHOW COLUMNS FROM `dd_config` [ RunTime:0.0020s ]
SQL: SELECT * FROM `dd_config`  [ RunTime:0.0016s ]
NOTIC: [8] Undefined index: rand /phpstudy/www/Gittext/game/Application/Api/Controller/IndexController.class.php 第 19 行.
SQL: SELECT  g.s_id,g.u_id,g.blue,g.blood,g.exp,o.id,o.name,o.skill,o.skill_introduction,o.slime_introduction FROM   dd_slime  o   LEFT JOIN dd_user_slime g ON o.id = g.s_id  AND g.u_id = 182  order by o.id asc ; [ RunTime:0.0018s ]
SQL: SHOW COLUMNS FROM `dd_user` [ RunTime:0.0021s ]
SQL: SELECT `candy`,`candy1`,`candy2` FROM `dd_user` WHERE `user_id` = 182 LIMIT 1   [ RunTime:0.0015s ]
INFO: [ app_end ] --START--
INFO: Run Behavior\ShowPageTraceBehavior [ RunTime:0.000436s ]
INFO: [ app_end ] --END-- [ RunTime:0.000468s ]

[ 2019-05-30T17:53:15+08:00 ] 113.87.27.57 /api.php?m=Index&c=index&a=zhScore
INFO: [ app_init ] --START--
INFO: Run Behavior\BuildLiteBehavior [ RunTime:0.000013s ]
INFO: [ app_init ] --END-- [ RunTime:0.000227s ]
INFO: [ app_begin ] --START--
INFO: Run Behavior\ReadHtmlCacheBehavior [ RunTime:0.000289s ]
INFO: [ app_begin ] --END-- [ RunTime:0.000320s ]
ERR: Think\Controller:_initialize方法不存在！

[ 2019-05-30T17:53:43+08:00 ] 113.87.27.57 /api.php?m=Index&c=index&a=zhScore
INFO: [ app_init ] --START--
INFO: Run Behavior\BuildLiteBehavior [ RunTime:0.000015s ]
INFO: [ app_init ] --END-- [ RunTime:0.000244s ]
INFO: [ app_begin ] --START--
INFO: Run Behavior\ReadHtmlCacheBehavior [ RunTime:0.000344s ]
INFO: [ app_begin ] --END-- [ RunTime:0.000387s ]
ERR: Think\Controller:_initialize方法不存在！

[ 2019-05-30T17:53:55+08:00 ] 113.87.27.57 /api.php?m=Index&c=index&a=zhScore
INFO: [ app_init ] --START--
INFO: Run Behavior\BuildLiteBehavior [ RunTime:0.000014s ]
INFO: [ app_init ] --END-- [ RunTime:0.000268s ]
INFO: [ app_begin ] --START--
INFO: Run Behavior\ReadHtmlCacheBehavior [ RunTime:0.000290s ]
INFO: [ app_begin ] --END-- [ RunTime:0.000323s ]
ERR: Think\Controller:_initialize方法不存在！

[ 2019-05-30T17:54:16+08:00 ] 113.87.27.57 /api.php?m=Index&c=index&a=zhScore
INFO: [ app_init ] --START--
INFO: Run Behavior\BuildLiteBehavior [ RunTime:0.000015s ]
INFO: [ app_init ] --END-- [ RunTime:0.000233s ]
INFO: [ app_begin ] --START--
INFO: Run Behavior\ReadHtmlCacheBehavior [ RunTime:0.000311s ]
INFO: [ app_begin ] --END-- [ RunTime:0.000346s ]
SQL: SHOW COLUMNS FROM `dd_config` [ RunTime:0.0022s ]
SQL: SELECT * FROM `dd_config`  [ RunTime:0.0018s ]
NOTIC: [8] Undefined index: rand /phpstudy/www/Gittext/game/Application/Api/Controller/IndexController.class.php 第 19 行.
SQL: SHOW COLUMNS FROM `dd_user` [ RunTime:0.0025s ]
SQL: SELECT `match_amount`,`win_amount`,`fun_amount`,`fun_win_amount`,`club_id`,`rank` FROM `dd_user` WHERE `user_id` = 182 LIMIT 1   [ RunTime:0.0018s ]
SQL: SHOW COLUMNS FROM `dd_club_info` [ RunTime:0.0022s ]
SQL: SELECT `club_name` FROM `dd_club_info` WHERE `id` = '3' LIMIT 1   [ RunTime:0.0018s ]
SQL: SHOW COLUMNS FROM `dd_play_log` [ RunTime:0.0022s ]
SQL: SELECT MAX(score) AS tp_max FROM `dd_play_log` WHERE `user_id` = 182 LIMIT 1   [ RunTime:0.0018s ]
INFO: [ app_end ] --START--
INFO: Run Behavior\ShowPageTraceBehavior [ RunTime:0.000502s ]
INFO: [ app_end ] --END-- [ RunTime:0.000545s ]

[ 2019-05-30T17:54:17+08:00 ] 113.87.27.57 /api.php?m=Index&c=index&a=zhScore
INFO: [ app_init ] --START--
INFO: Run Behavior\BuildLiteBehavior [ RunTime:0.000013s ]
INFO: [ app_init ] --END-- [ RunTime:0.000221s ]
INFO: [ app_begin ] --START--
INFO: Run Behavior\ReadHtmlCacheBehavior [ RunTime:0.000280s ]
INFO: [ app_begin ] --END-- [ RunTime:0.000310s ]
SQL: SHOW COLUMNS FROM `dd_config` [ RunTime:0.0024s ]
SQL: SELECT * FROM `dd_config`  [ RunTime:0.0020s ]
NOTIC: [8] Undefined index: rand /phpstudy/www/Gittext/game/Application/Api/Controller/IndexController.class.php 第 19 行.
SQL: SHOW COLUMNS FROM `dd_user` [ RunTime:0.0027s ]
SQL: SELECT `match_amount`,`win_amount`,`fun_amount`,`fun_win_amount`,`club_id`,`rank` FROM `dd_user` WHERE `user_id` = 182 LIMIT 1   [ RunTime:0.0019s ]
SQL: SHOW COLUMNS FROM `dd_club_info` [ RunTime:0.0023s ]
SQL: SELECT `club_name` FROM `dd_club_info` WHERE `id` = '3' LIMIT 1   [ RunTime:0.0019s ]
SQL: SHOW COLUMNS FROM `dd_play_log` [ RunTime:0.0024s ]
SQL: SELECT MAX(score) AS tp_max FROM `dd_play_log` WHERE `user_id` = 182 LIMIT 1   [ RunTime:0.0018s ]
INFO: [ app_end ] --START--
INFO: Run Behavior\ShowPageTraceBehavior [ RunTime:0.000452s ]
INFO: [ app_end ] --END-- [ RunTime:0.000487s ]

[ 2019-05-30T17:54:18+08:00 ] 113.87.27.57 /api.php?m=Index&c=index&a=zhScore
INFO: [ app_init ] --START--
INFO: Run Behavior\BuildLiteBehavior [ RunTime:0.000013s ]
INFO: [ app_init ] --END-- [ RunTime:0.000245s ]
INFO: [ app_begin ] --START--
INFO: Run Behavior\ReadHtmlCacheBehavior [ RunTime:0.000277s ]
INFO: [ app_begin ] --END-- [ RunTime:0.000307s ]
SQL: SHOW COLUMNS FROM `dd_config` [ RunTime:0.0023s ]
SQL: SELECT * FROM `dd_config`  [ RunTime:0.0019s ]
NOTIC: [8] Undefined index: rand /phpstudy/www/Gittext/game/Application/Api/Controller/IndexController.class.php 第 19 行.
SQL: SHOW COLUMNS FROM `dd_user` [ RunTime:0.0026s ]
SQL: SELECT `match_amount`,`win_amount`,`fun_amount`,`fun_win_amount`,`club_id`,`rank` FROM `dd_user` WHERE `user_id` = 182 LIMIT 1   [ RunTime:0.0017s ]
SQL: SHOW COLUMNS FROM `dd_club_info` [ RunTime:0.0022s ]
SQL: SELECT `club_name` FROM `dd_club_info` WHERE `id` = '3' LIMIT 1   [ RunTime:0.0018s ]
SQL: SHOW COLUMNS FROM `dd_play_log` [ RunTime:0.0022s ]
SQL: SELECT MAX(score) AS tp_max FROM `dd_play_log` WHERE `user_id` = 182 LIMIT 1   [ RunTime:0.0017s ]
INFO: [ app_end ] --START--
INFO: Run Behavior\ShowPageTraceBehavior [ RunTime:0.000451s ]
INFO: [ app_end ] --END-- [ RunTime:0.000489s ]

[ 2019-05-30T18:01:56+08:00 ] 113.87.27.57 /api.php?m=Index&c=index&a=zhScore
INFO: [ app_init ] --START--
INFO: Run Behavior\BuildLiteBehavior [ RunTime:0.000024s ]
INFO: [ app_init ] --END-- [ RunTime:0.000288s ]
INFO: [ app_begin ] --START--
INFO: Run Behavior\ReadHtmlCacheBehavior [ RunTime:0.000320s ]
INFO: [ app_begin ] --END-- [ RunTime:0.000354s ]
SQL: SHOW COLUMNS FROM `dd_config` [ RunTime:0.0019s ]
SQL: SELECT * FROM `dd_config`  [ RunTime:0.0015s ]
NOTIC: [8] Undefined index: rand /phpstudy/www/Gittext/game/Application/Api/Controller/IndexController.class.php 第 19 行.
SQL: SHOW COLUMNS FROM `dd_user` [ RunTime:0.0021s ]
SQL: SELECT `match_amount`,`win_amount`,`fun_amount`,`fun_win_amount`,`club_id`,`rank` FROM `dd_user` WHERE `user_id` = 182 LIMIT 1   [ RunTime:0.0015s ]
SQL: SHOW COLUMNS FROM `dd_club_info` [ RunTime:0.0019s ]
SQL: SELECT `club_name` FROM `dd_club_info` WHERE `id` = '3' LIMIT 1   [ RunTime:0.0014s ]
SQL: SHOW COLUMNS FROM `dd_play_log` [ RunTime:0.0020s ]
SQL: SELECT MAX(score) AS tp_max FROM `dd_play_log` WHERE `user_id` = 182 LIMIT 1   [ RunTime:0.0015s ]
INFO: [ app_end ] --START--
INFO: Run Behavior\ShowPageTraceBehavior [ RunTime:0.000477s ]
INFO: [ app_end ] --END-- [ RunTime:0.000520s ]

[ 2019-05-30T18:03:39+08:00 ] 113.87.27.57 /api.php?m=Index&c=index&a=zhScore
INFO: [ app_init ] --START--
INFO: Run Behavior\BuildLiteBehavior [ RunTime:0.000018s ]
INFO: [ app_init ] --END-- [ RunTime:0.000278s ]
INFO: [ app_begin ] --START--
INFO: Run Behavior\ReadHtmlCacheBehavior [ RunTime:0.000337s ]
INFO: [ app_begin ] --END-- [ RunTime:0.000375s ]
SQL: SHOW COLUMNS FROM `dd_config` [ RunTime:0.0019s ]
SQL: SELECT * FROM `dd_config`  [ RunTime:0.0017s ]
NOTIC: [8] Undefined index: rand /phpstudy/www/Gittext/game/Application/Api/Controller/IndexController.class.php 第 19 行.
SQL: SHOW COLUMNS FROM `dd_user` [ RunTime:0.0021s ]
SQL: SELECT `match_amount`,`win_amount`,`fun_amount`,`fun_win_amount`,`club_id`,`rank` FROM `dd_user` WHERE `user_id` = 182 LIMIT 1   [ RunTime:0.0015s ]
SQL: SHOW COLUMNS FROM `dd_club_info` [ RunTime:0.0018s ]
SQL: SELECT `club_name` FROM `dd_club_info` WHERE `id` = '3' LIMIT 1   [ RunTime:0.0015s ]
SQL: SHOW COLUMNS FROM `dd_play_log` [ RunTime:0.0019s ]
SQL: SELECT MAX(score) AS tp_max FROM `dd_play_log` WHERE `user_id` = 182 LIMIT 1   [ RunTime:0.0014s ]
INFO: [ app_end ] --START--
INFO: Run Behavior\ShowPageTraceBehavior [ RunTime:0.000459s ]
INFO: [ app_end ] --END-- [ RunTime:0.000501s ]

[ 2019-05-30T18:06:02+08:00 ] 113.87.27.57 /api.php?m=Index&c=index&a=zhScore
INFO: [ app_init ] --START--
INFO: Run Behavior\BuildLiteBehavior [ RunTime:0.000015s ]
INFO: [ app_init ] --END-- [ RunTime:0.000242s ]
INFO: [ app_begin ] --START--
INFO: Run Behavior\ReadHtmlCacheBehavior [ RunTime:0.000394s ]
INFO: [ app_begin ] --END-- [ RunTime:0.000433s ]
SQL: SHOW COLUMNS FROM `dd_config` [ RunTime:0.0022s ]
SQL: SELECT * FROM `dd_config`  [ RunTime:0.0019s ]
NOTIC: [8] Undefined index: rand /phpstudy/www/Gittext/game/Application/Api/Controller/IndexController.class.php 第 19 行.
SQL: SHOW COLUMNS FROM `dd_user` [ RunTime:0.0025s ]
SQL: SELECT `match_amount`,`win_amount`,`fun_amount`,`fun_win_amount`,`club_id`,`rank` FROM `dd_user` WHERE `user_id` = 182 LIMIT 1   [ RunTime:0.0018s ]
SQL: SHOW COLUMNS FROM `dd_club_info` [ RunTime:0.0023s ]
SQL: SELECT `club_name` FROM `dd_club_info` WHERE `id` = '3' LIMIT 1   [ RunTime:0.0018s ]
SQL: SHOW COLUMNS FROM `dd_play_log` [ RunTime:0.0023s ]
SQL: SELECT MAX(score) AS tp_max FROM `dd_play_log` WHERE `user_id` = 182 LIMIT 1   [ RunTime:0.0018s ]
INFO: [ app_end ] --START--
INFO: Run Behavior\ShowPageTraceBehavior [ RunTime:0.000457s ]
INFO: [ app_end ] --END-- [ RunTime:0.000492s ]

[ 2019-05-30T18:07:54+08:00 ] 113.87.27.57 /api.php?m=Index&c=index&a=zhScore
INFO: [ app_init ] --START--
INFO: Run Behavior\BuildLiteBehavior [ RunTime:0.000015s ]
INFO: [ app_init ] --END-- [ RunTime:0.000278s ]
INFO: [ app_begin ] --START--
INFO: Run Behavior\ReadHtmlCacheBehavior [ RunTime:0.000309s ]
INFO: [ app_begin ] --END-- [ RunTime:0.000343s ]
SQL: SHOW COLUMNS FROM `dd_config` [ RunTime:0.0029s ]
SQL: SELECT * FROM `dd_config`  [ RunTime:0.0027s ]
NOTIC: [8] Undefined index: rand /phpstudy/www/Gittext/game/Application/Api/Controller/IndexController.class.php 第 19 行.
SQL: SHOW COLUMNS FROM `dd_user` [ RunTime:0.0031s ]
SQL: SELECT `match_amount`,`win_amount`,`fun_amount`,`fun_win_amount`,`club_id`,`rank` FROM `dd_user` WHERE `user_id` = 182 LIMIT 1   [ RunTime:0.0025s ]
SQL: SHOW COLUMNS FROM `dd_club_info` [ RunTime:0.0029s ]
SQL: SELECT `club_name` FROM `dd_club_info` WHERE `id` = '3' LIMIT 1   [ RunTime:0.0026s ]
SQL: SHOW COLUMNS FROM `dd_play_log` [ RunTime:0.0030s ]
SQL: SELECT MAX(score) AS tp_max FROM `dd_play_log` WHERE `user_id` = 182 LIMIT 1   [ RunTime:0.0025s ]
INFO: [ app_end ] --START--
INFO: Run Behavior\ShowPageTraceBehavior [ RunTime:0.000451s ]
INFO: [ app_end ] --END-- [ RunTime:0.000489s ]

[ 2019-05-30T18:09:25+08:00 ] 113.87.27.57 /api.php?m=Index&c=index&a=zhScore
INFO: [ app_init ] --START--
INFO: Run Behavior\BuildLiteBehavior [ RunTime:0.000018s ]
INFO: [ app_init ] --END-- [ RunTime:0.000300s ]
INFO: [ app_begin ] --START--
INFO: Run Behavior\ReadHtmlCacheBehavior [ RunTime:0.000315s ]
INFO: [ app_begin ] --END-- [ RunTime:0.000354s ]
SQL: SHOW COLUMNS FROM `dd_config` [ RunTime:0.0020s ]
SQL: SELECT * FROM `dd_config`  [ RunTime:0.0016s ]
NOTIC: [8] Undefined index: rand /phpstudy/www/Gittext/game/Application/Api/Controller/IndexController.class.php 第 19 行.
SQL: SHOW COLUMNS FROM `dd_user` [ RunTime:0.0023s ]
SQL: SELECT `match_amount`,`win_amount`,`fun_amount`,`fun_win_amount`,`club_id`,`rank` FROM `dd_user` WHERE `user_id` = 182 LIMIT 1   [ RunTime:0.0018s ]
SQL: SHOW COLUMNS FROM `dd_club_info` [ RunTime:0.0021s ]
SQL: SELECT `club_name` FROM `dd_club_info` WHERE `id` = '3' LIMIT 1   [ RunTime:0.0016s ]
SQL: SHOW COLUMNS FROM `dd_play_log` [ RunTime:0.0022s ]
SQL: SELECT MAX(score) AS tp_max FROM `dd_play_log` WHERE `user_id` = 182 LIMIT 1   [ RunTime:0.0016s ]
INFO: [ app_end ] --START--
INFO: Run Behavior\ShowPageTraceBehavior [ RunTime:0.000470s ]
INFO: [ app_end ] --END-- [ RunTime:0.000507s ]

[ 2019-05-30T18:19:23+08:00 ] 113.87.27.57 /api.php?m=Index&c=index&a=zhScore
INFO: [ app_init ] --START--
INFO: Run Behavior\BuildLiteBehavior [ RunTime:0.000019s ]
INFO: [ app_init ] --END-- [ RunTime:0.000342s ]
INFO: [ app_begin ] --START--
INFO: Run Behavior\ReadHtmlCacheBehavior [ RunTime:0.000446s ]
INFO: [ app_begin ] --END-- [ RunTime:0.000498s ]
SQL: SHOW COLUMNS FROM `dd_config` [ RunTime:0.0030s ]
SQL: SELECT * FROM `dd_config`  [ RunTime:0.0028s ]
NOTIC: [8] Undefined index: rand /phpstudy/www/Gittext/game/Application/Api/Controller/IndexController.class.php 第 19 行.
SQL: SHOW COLUMNS FROM `dd_user` [ RunTime:0.0033s ]
SQL: SELECT `match_amount`,`win_amount`,`fun_amount`,`fun_win_amount`,`club_id`,`rank` FROM `dd_user` WHERE `user_id` = 182 LIMIT 1   [ RunTime:0.0025s ]
SQL: SHOW COLUMNS FROM `dd_club_info` [ RunTime:0.0029s ]
SQL: SELECT `club_name` FROM `dd_club_info` WHERE `id` = '3' LIMIT 1   [ RunTime:0.0025s ]
SQL: SHOW COLUMNS FROM `dd_play_log` [ RunTime:0.0029s ]
SQL: SELECT MAX(score) AS tp_max FROM `dd_play_log` WHERE `user_id` = 182 LIMIT 1   [ RunTime:0.0025s ]
INFO: [ app_end ] --START--
INFO: Run Behavior\ShowPageTraceBehavior [ RunTime:0.000468s ]
INFO: [ app_end ] --END-- [ RunTime:0.000506s ]

[ 2019-05-30T18:22:33+08:00 ] 113.87.27.57 /api.php?m=Index&c=index&a=zhScore
INFO: [ app_init ] --START--
INFO: Run Behavior\BuildLiteBehavior [ RunTime:0.000017s ]
INFO: [ app_init ] --END-- [ RunTime:0.000231s ]
INFO: [ app_begin ] --START--
INFO: Run Behavior\ReadHtmlCacheBehavior [ RunTime:0.000309s ]
INFO: [ app_begin ] --END-- [ RunTime:0.000341s ]
SQL: SHOW COLUMNS FROM `dd_config` [ RunTime:0.0025s ]
SQL: SELECT * FROM `dd_config`  [ RunTime:0.0020s ]
NOTIC: [8] Undefined index: rand /phpstudy/www/Gittext/game/Application/Api/Controller/IndexController.class.php 第 19 行.
SQL: SHOW COLUMNS FROM `dd_user` [ RunTime:0.0026s ]
SQL: SELECT `match_amount`,`win_amount`,`fun_amount`,`fun_win_amount`,`club_id`,`rank` FROM `dd_user` WHERE `user_id` = 182 LIMIT 1   [ RunTime:0.0022s ]
SQL: SHOW COLUMNS FROM `dd_club_info` [ RunTime:0.0026s ]
SQL: SELECT `club_name` FROM `dd_club_info` WHERE `id` = '3' LIMIT 1   [ RunTime:0.0021s ]
SQL: SHOW COLUMNS FROM `dd_play_log` [ RunTime:0.0025s ]
SQL: SELECT MAX(score) AS tp_max FROM `dd_play_log` WHERE `user_id` = 182 LIMIT 1   [ RunTime:0.0022s ]
INFO: [ app_end ] --START--
INFO: Run Behavior\ShowPageTraceBehavior [ RunTime:0.000522s ]
INFO: [ app_end ] --END-- [ RunTime:0.000565s ]

[ 2019-05-30T18:23:30+08:00 ] 113.87.27.57 /api.php?m=Index&c=index&a=zhScore
INFO: [ app_init ] --START--
INFO: Run Behavior\BuildLiteBehavior [ RunTime:0.000014s ]
INFO: [ app_init ] --END-- [ RunTime:0.000223s ]
INFO: [ app_begin ] --START--
INFO: Run Behavior\ReadHtmlCacheBehavior [ RunTime:0.000277s ]
INFO: [ app_begin ] --END-- [ RunTime:0.000308s ]
SQL: SHOW COLUMNS FROM `dd_config` [ RunTime:0.0030s ]
SQL: SELECT * FROM `dd_config`  [ RunTime:0.0026s ]
NOTIC: [8] Undefined index: rand /phpstudy/www/Gittext/game/Application/Api/Controller/IndexController.class.php 第 19 行.
SQL: SHOW COLUMNS FROM `dd_user` [ RunTime:0.0032s ]
SQL: SELECT `match_amount`,`win_amount`,`fun_amount`,`fun_win_amount`,`club_id`,`rank` FROM `dd_user` WHERE `user_id` = 182 LIMIT 1   [ RunTime:0.0028s ]
SQL: SHOW COLUMNS FROM `dd_club_info` [ RunTime:0.0032s ]
SQL: SELECT `club_name` FROM `dd_club_info` WHERE `id` = '3' LIMIT 1   [ RunTime:0.0025s ]
SQL: SHOW COLUMNS FROM `dd_play_log` [ RunTime:0.0030s ]
SQL: SELECT MAX(score) AS tp_max FROM `dd_play_log` WHERE `user_id` = 182 LIMIT 1   [ RunTime:0.0026s ]
INFO: [ app_end ] --START--
INFO: Run Behavior\ShowPageTraceBehavior [ RunTime:0.000476s ]
INFO: [ app_end ] --END-- [ RunTime:0.000513s ]

[ 2019-05-30T18:23:30+08:00 ] 113.87.27.57 /api.php?m=Index&c=index&a=zhScore
INFO: [ app_init ] --START--
INFO: Run Behavior\BuildLiteBehavior [ RunTime:0.000017s ]
INFO: [ app_init ] --END-- [ RunTime:0.000280s ]
INFO: [ app_begin ] --START--
INFO: Run Behavior\ReadHtmlCacheBehavior [ RunTime:0.000281s ]
INFO: [ app_begin ] --END-- [ RunTime:0.000312s ]
SQL: SHOW COLUMNS FROM `dd_config` [ RunTime:0.0023s ]
SQL: SELECT * FROM `dd_config`  [ RunTime:0.0020s ]
NOTIC: [8] Undefined index: rand /phpstudy/www/Gittext/game/Application/Api/Controller/IndexController.class.php 第 19 行.
SQL: SHOW COLUMNS FROM `dd_user` [ RunTime:0.0028s ]
SQL: SELECT `match_amount`,`win_amount`,`fun_amount`,`fun_win_amount`,`club_id`,`rank` FROM `dd_user` WHERE `user_id` = 182 LIMIT 1   [ RunTime:0.0019s ]
SQL: SHOW COLUMNS FROM `dd_club_info` [ RunTime:0.0026s ]
SQL: SELECT `club_name` FROM `dd_club_info` WHERE `id` = '3' LIMIT 1   [ RunTime:0.0019s ]
SQL: SHOW COLUMNS FROM `dd_play_log` [ RunTime:0.0024s ]
SQL: SELECT MAX(score) AS tp_max FROM `dd_play_log` WHERE `user_id` = 182 LIMIT 1   [ RunTime:0.0019s ]
INFO: [ app_end ] --START--
INFO: Run Behavior\ShowPageTraceBehavior [ RunTime:0.000480s ]
INFO: [ app_end ] --END-- [ RunTime:0.000522s ]

[ 2019-05-30T18:24:23+08:00 ] 113.87.27.57 /api.php?m=Index&c=index&a=zhScore
INFO: [ app_init ] --START--
INFO: Run Behavior\BuildLiteBehavior [ RunTime:0.000013s ]
INFO: [ app_init ] --END-- [ RunTime:0.000227s ]
INFO: [ app_begin ] --START--
INFO: Run Behavior\ReadHtmlCacheBehavior [ RunTime:0.000285s ]
INFO: [ app_begin ] --END-- [ RunTime:0.000317s ]
SQL: SHOW COLUMNS FROM `dd_config` [ RunTime:0.0026s ]
SQL: SELECT * FROM `dd_config`  [ RunTime:0.0022s ]
NOTIC: [8] Undefined index: rand /phpstudy/www/Gittext/game/Application/Api/Controller/IndexController.class.php 第 19 行.
SQL: SHOW COLUMNS FROM `dd_user` [ RunTime:0.0028s ]
SQL: SELECT `match_amount`,`win_amount`,`fun_amount`,`fun_win_amount`,`club_id`,`rank` FROM `dd_user` WHERE `user_id` = 182 LIMIT 1   [ RunTime:0.0021s ]
SQL: SHOW COLUMNS FROM `dd_club_info` [ RunTime:0.0025s ]
SQL: SELECT `club_name` FROM `dd_club_info` WHERE `id` = '3' LIMIT 1   [ RunTime:0.0025s ]
SQL: SHOW COLUMNS FROM `dd_play_log` [ RunTime:0.0029s ]
SQL: SELECT MAX(score) AS tp_max FROM `dd_play_log` WHERE `user_id` = 182 LIMIT 1   [ RunTime:0.0023s ]
INFO: [ app_end ] --START--
INFO: Run Behavior\ShowPageTraceBehavior [ RunTime:0.000510s ]
INFO: [ app_end ] --END-- [ RunTime:0.000554s ]

[ 2019-05-30T18:24:46+08:00 ] 113.87.27.57 /api.php?m=Index&c=index&a=zhScore
INFO: [ app_init ] --START--
INFO: Run Behavior\BuildLiteBehavior [ RunTime:0.000015s ]
INFO: [ app_init ] --END-- [ RunTime:0.000273s ]
INFO: [ app_begin ] --START--
INFO: Run Behavior\ReadHtmlCacheBehavior [ RunTime:0.000304s ]
INFO: [ app_begin ] --END-- [ RunTime:0.000335s ]
SQL: SHOW COLUMNS FROM `dd_config` [ RunTime:0.0021s ]
SQL: SELECT * FROM `dd_config`  [ RunTime:0.0018s ]
NOTIC: [8] Undefined index: rand /phpstudy/www/Gittext/game/Application/Api/Controller/IndexController.class.php 第 19 行.
SQL: SHOW COLUMNS FROM `dd_user` [ RunTime:0.0023s ]
SQL: SELECT `match_amount`,`win_amount`,`fun_amount`,`fun_win_amount`,`club_id`,`rank` FROM `dd_user` WHERE `user_id` = 182 LIMIT 1   [ RunTime:0.0017s ]
SQL: SHOW COLUMNS FROM `dd_club_info` [ RunTime:0.0022s ]
SQL: SELECT `club_name` FROM `dd_club_info` WHERE `id` = '3' LIMIT 1   [ RunTime:0.0017s ]
SQL: SHOW COLUMNS FROM `dd_play_log` [ RunTime:0.0022s ]
SQL: SELECT MAX(score) AS tp_max FROM `dd_play_log` WHERE `user_id` = 182 LIMIT 1   [ RunTime:0.0017s ]
INFO: [ app_end ] --START--
INFO: Run Behavior\ShowPageTraceBehavior [ RunTime:0.000479s ]
INFO: [ app_end ] --END-- [ RunTime:0.000516s ]

[ 2019-05-30T18:25:14+08:00 ] 113.87.27.57 /api.php?m=Index&c=index&a=zhScore
INFO: [ app_init ] --START--
INFO: Run Behavior\BuildLiteBehavior [ RunTime:0.000014s ]
INFO: [ app_init ] --END-- [ RunTime:0.000243s ]
INFO: [ app_begin ] --START--
INFO: Run Behavior\ReadHtmlCacheBehavior [ RunTime:0.000279s ]
INFO: [ app_begin ] --END-- [ RunTime:0.000309s ]
SQL: SHOW COLUMNS FROM `dd_config` [ RunTime:0.0019s ]
SQL: SELECT * FROM `dd_config`  [ RunTime:0.0015s ]
NOTIC: [8] Undefined index: rand /phpstudy/www/Gittext/game/Application/Api/Controller/IndexController.class.php 第 19 行.
SQL: SHOW COLUMNS FROM `dd_user` [ RunTime:0.0021s ]
SQL: SELECT `match_amount`,`win_amount`,`fun_amount`,`fun_win_amount`,`club_id`,`rank` FROM `dd_user` WHERE `user_id` = 182 LIMIT 1   [ RunTime:0.0015s ]
SQL: SHOW COLUMNS FROM `dd_club_info` [ RunTime:0.0019s ]
SQL: SELECT `club_name` FROM `dd_club_info` WHERE `id` = '3' LIMIT 1   [ RunTime:0.0015s ]
SQL: SHOW COLUMNS FROM `dd_play_log` [ RunTime:0.0019s ]
SQL: SELECT MAX(score) AS tp_max FROM `dd_play_log` WHERE `user_id` = 182 LIMIT 1   [ RunTime:0.0015s ]
INFO: [ app_end ] --START--
INFO: Run Behavior\ShowPageTraceBehavior [ RunTime:0.000453s ]
INFO: [ app_end ] --END-- [ RunTime:0.000493s ]

[ 2019-05-30T18:25:25+08:00 ] 113.87.27.57 /api.php?m=Index&c=index&a=zhScore
INFO: [ app_init ] --START--
INFO: Run Behavior\BuildLiteBehavior [ RunTime:0.000018s ]
INFO: [ app_init ] --END-- [ RunTime:0.000313s ]
INFO: [ app_begin ] --START--
INFO: Run Behavior\ReadHtmlCacheBehavior [ RunTime:0.000316s ]
INFO: [ app_begin ] --END-- [ RunTime:0.000355s ]
SQL: SHOW COLUMNS FROM `dd_config` [ RunTime:0.0022s ]
SQL: SELECT * FROM `dd_config`  [ RunTime:0.0018s ]
NOTIC: [8] Undefined index: rand /phpstudy/www/Gittext/game/Application/Api/Controller/IndexController.class.php 第 19 行.
SQL: SHOW COLUMNS FROM `dd_user` [ RunTime:0.0025s ]
SQL: SELECT `match_amount`,`win_amount`,`fun_amount`,`fun_win_amount`,`club_id`,`rank` FROM `dd_user` WHERE `user_id` = 182 LIMIT 1   [ RunTime:0.0018s ]
SQL: SHOW COLUMNS FROM `dd_club_info` [ RunTime:0.0022s ]
SQL: SELECT `club_name` FROM `dd_club_info` WHERE `id` = '3' LIMIT 1   [ RunTime:0.0018s ]
SQL: SHOW COLUMNS FROM `dd_play_log` [ RunTime:0.0024s ]
SQL: SELECT MAX(score) AS tp_max FROM `dd_play_log` WHERE `user_id` = 182 LIMIT 1   [ RunTime:0.0018s ]
INFO: [ app_end ] --START--
INFO: Run Behavior\ShowPageTraceBehavior [ RunTime:0.000454s ]
INFO: [ app_end ] --END-- [ RunTime:0.000489s ]

[ 2019-05-30T18:25:36+08:00 ] 113.87.27.57 /api.php?m=Index&c=index&a=zhScore
INFO: [ app_init ] --START--
INFO: Run Behavior\BuildLiteBehavior [ RunTime:0.000015s ]
INFO: [ app_init ] --END-- [ RunTime:0.000278s ]
INFO: [ app_begin ] --START--
INFO: Run Behavior\ReadHtmlCacheBehavior [ RunTime:0.000318s ]
INFO: [ app_begin ] --END-- [ RunTime:0.000357s ]
SQL: SHOW COLUMNS FROM `dd_config` [ RunTime:0.0028s ]
SQL: SELECT * FROM `dd_config`  [ RunTime:0.0024s ]
NOTIC: [8] Undefined index: rand /phpstudy/www/Gittext/game/Application/Api/Controller/IndexController.class.php 第 19 行.
SQL: SHOW COLUMNS FROM `dd_user` [ RunTime:0.0031s ]
SQL: SELECT `match_amount`,`win_amount`,`fun_amount`,`fun_win_amount`,`club_id`,`rank` FROM `dd_user` WHERE `user_id` = 182 LIMIT 1   [ RunTime:0.0023s ]
SQL: SHOW COLUMNS FROM `dd_club_info` [ RunTime:0.0029s ]
SQL: SELECT `club_name` FROM `dd_club_info` WHERE `id` = '3' LIMIT 1   [ RunTime:0.0023s ]
SQL: SHOW COLUMNS FROM `dd_play_log` [ RunTime:0.0029s ]
SQL: SELECT MAX(score) AS tp_max FROM `dd_play_log` WHERE `user_id` = 182 LIMIT 1   [ RunTime:0.0024s ]
INFO: [ app_end ] --START--
INFO: Run Behavior\ShowPageTraceBehavior [ RunTime:0.000641s ]
INFO: [ app_end ] --END-- [ RunTime:0.000695s ]

[ 2019-05-30T18:26:33+08:00 ] 113.87.27.57 /api.php?m=Index&c=index&a=zhScore
INFO: [ app_init ] --START--
INFO: Run Behavior\BuildLiteBehavior [ RunTime:0.000018s ]
INFO: [ app_init ] --END-- [ RunTime:0.000294s ]
INFO: [ app_begin ] --START--
INFO: Run Behavior\ReadHtmlCacheBehavior [ RunTime:0.000368s ]
INFO: [ app_begin ] --END-- [ RunTime:0.000409s ]
SQL: SHOW COLUMNS FROM `dd_config` [ RunTime:0.0026s ]
SQL: SELECT * FROM `dd_config`  [ RunTime:0.0020s ]
NOTIC: [8] Undefined index: rand /phpstudy/www/Gittext/game/Application/Api/Controller/IndexController.class.php 第 19 行.
SQL: SHOW COLUMNS FROM `dd_user` [ RunTime:0.0026s ]
SQL: SELECT `match_amount`,`win_amount`,`fun_amount`,`fun_win_amount`,`club_id`,`rank` FROM `dd_user` WHERE `user_id` = 182 LIMIT 1   [ RunTime:0.0020s ]
SQL: SHOW COLUMNS FROM `dd_club_info` [ RunTime:0.0025s ]
SQL: SELECT `club_name` FROM `dd_club_info` WHERE `id` = '3' LIMIT 1   [ RunTime:0.0019s ]
SQL: SHOW COLUMNS FROM `dd_play_log` [ RunTime:0.0024s ]
SQL: SELECT MAX(score) AS tp_max FROM `dd_play_log` WHERE `user_id` = 182 LIMIT 1   [ RunTime:0.0019s ]
INFO: [ app_end ] --START--
INFO: Run Behavior\ShowPageTraceBehavior [ RunTime:0.000583s ]
INFO: [ app_end ] --END-- [ RunTime:0.000645s ]

[ 2019-05-30T18:26:38+08:00 ] 113.87.27.57 /api.php?m=Index&c=index&a=zhScore
INFO: [ app_init ] --START--
INFO: Run Behavior\BuildLiteBehavior [ RunTime:0.000014s ]
INFO: [ app_init ] --END-- [ RunTime:0.000247s ]
INFO: [ app_begin ] --START--
INFO: Run Behavior\ReadHtmlCacheBehavior [ RunTime:0.000290s ]
INFO: [ app_begin ] --END-- [ RunTime:0.000321s ]
SQL: SHOW COLUMNS FROM `dd_config` [ RunTime:0.0024s ]
SQL: SELECT * FROM `dd_config`  [ RunTime:0.0021s ]
NOTIC: [8] Undefined index: rand /phpstudy/www/Gittext/game/Application/Api/Controller/IndexController.class.php 第 19 行.
SQL: SHOW COLUMNS FROM `dd_user` [ RunTime:0.0027s ]
SQL: SELECT `match_amount`,`win_amount`,`fun_amount`,`fun_win_amount`,`club_id`,`rank` FROM `dd_user` WHERE `user_id` = 182 LIMIT 1   [ RunTime:0.0020s ]
SQL: SHOW COLUMNS FROM `dd_club_info` [ RunTime:0.0024s ]
SQL: SELECT `club_name` FROM `dd_club_info` WHERE `id` = '3' LIMIT 1   [ RunTime:0.0020s ]
SQL: SHOW COLUMNS FROM `dd_play_log` [ RunTime:0.0025s ]
SQL: SELECT MAX(score) AS tp_max FROM `dd_play_log` WHERE `user_id` = 182 LIMIT 1   [ RunTime:0.0021s ]
INFO: [ app_end ] --START--
INFO: Run Behavior\ShowPageTraceBehavior [ RunTime:0.000484s ]
INFO: [ app_end ] --END-- [ RunTime:0.000543s ]

[ 2019-05-30T18:29:44+08:00 ] 113.87.27.57 /api.php?m=Index&c=index&a=zhScore
INFO: [ app_init ] --START--
INFO: Run Behavior\BuildLiteBehavior [ RunTime:0.000015s ]
INFO: [ app_init ] --END-- [ RunTime:0.000236s ]
INFO: [ app_begin ] --START--
INFO: Run Behavior\ReadHtmlCacheBehavior [ RunTime:0.000312s ]
INFO: [ app_begin ] --END-- [ RunTime:0.000344s ]
SQL: SHOW COLUMNS FROM `dd_config` [ RunTime:0.0022s ]
SQL: SELECT * FROM `dd_config`  [ RunTime:0.0017s ]
NOTIC: [8] Undefined index: rand /phpstudy/www/Gittext/game/Application/Api/Controller/IndexController.class.php 第 19 行.
SQL: SHOW COLUMNS FROM `dd_user` [ RunTime:0.0026s ]
SQL: SELECT `match_amount`,`win_amount`,`fun_amount`,`fun_win_amount`,`club_id`,`rank` FROM `dd_user` WHERE `user_id` = 182 LIMIT 1   [ RunTime:0.0016s ]
SQL: SHOW COLUMNS FROM `dd_club_info` [ RunTime:0.0022s ]
SQL: SELECT `club_name` FROM `dd_club_info` WHERE `id` = '3' LIMIT 1   [ RunTime:0.0016s ]
SQL: SHOW COLUMNS FROM `dd_play_log` [ RunTime:0.0020s ]
SQL: SELECT MAX(score) AS tp_max FROM `dd_play_log` WHERE `user_id` = 182 LIMIT 1   [ RunTime:0.0016s ]
INFO: [ app_end ] --START--
INFO: Run Behavior\ShowPageTraceBehavior [ RunTime:0.000494s ]
INFO: [ app_end ] --END-- [ RunTime:0.000531s ]

[ 2019-05-30T18:29:59+08:00 ] 113.87.27.57 /api.php?m=Index&c=index&a=zhScore
INFO: [ app_init ] --START--
INFO: Run Behavior\BuildLiteBehavior [ RunTime:0.000015s ]
INFO: [ app_init ] --END-- [ RunTime:0.000234s ]
INFO: [ app_begin ] --START--
INFO: Run Behavior\ReadHtmlCacheBehavior [ RunTime:0.000292s ]
INFO: [ app_begin ] --END-- [ RunTime:0.000323s ]
SQL: SHOW COLUMNS FROM `dd_config` [ RunTime:0.0024s ]
SQL: SELECT * FROM `dd_config`  [ RunTime:0.0020s ]
NOTIC: [8] Undefined index: rand /phpstudy/www/Gittext/game/Application/Api/Controller/IndexController.class.php 第 19 行.
SQL: SHOW COLUMNS FROM `dd_user` [ RunTime:0.0026s ]
SQL: SELECT `match_amount`,`win_amount`,`fun_amount`,`fun_win_amount`,`club_id`,`rank` FROM `dd_user` WHERE `user_id` = 182 LIMIT 1   [ RunTime:0.0019s ]
SQL: SHOW COLUMNS FROM `dd_club_info` [ RunTime:0.0024s ]
SQL: SELECT `club_name` FROM `dd_club_info` WHERE `id` = '3' LIMIT 1   [ RunTime:0.0019s ]
SQL: SHOW COLUMNS FROM `dd_play_log` [ RunTime:0.0023s ]
SQL: SELECT MAX(score) AS tp_max FROM `dd_play_log` WHERE `user_id` = 182 LIMIT 1   [ RunTime:0.0019s ]
INFO: [ app_end ] --START--
INFO: Run Behavior\ShowPageTraceBehavior [ RunTime:0.000503s ]
INFO: [ app_end ] --END-- [ RunTime:0.000545s ]

[ 2019-05-30T18:30:17+08:00 ] 113.87.27.57 /api.php?m=Index&c=index&a=zhScore
INFO: [ app_init ] --START--
INFO: Run Behavior\BuildLiteBehavior [ RunTime:0.000014s ]
INFO: [ app_init ] --END-- [ RunTime:0.000241s ]
INFO: [ app_begin ] --START--
INFO: Run Behavior\ReadHtmlCacheBehavior [ RunTime:0.000281s ]
INFO: [ app_begin ] --END-- [ RunTime:0.000310s ]
SQL: SHOW COLUMNS FROM `dd_config` [ RunTime:0.0022s ]
SQL: SELECT * FROM `dd_config`  [ RunTime:0.0018s ]
NOTIC: [8] Undefined index: rand /phpstudy/www/Gittext/game/Application/Api/Controller/IndexController.class.php 第 19 行.
SQL: SHOW COLUMNS FROM `dd_user` [ RunTime:0.0023s ]
SQL: SELECT `match_amount`,`win_amount`,`fun_amount`,`fun_win_amount`,`club_id`,`rank` FROM `dd_user` WHERE `user_id` = 182 LIMIT 1   [ RunTime:0.0017s ]
SQL: SHOW COLUMNS FROM `dd_club_info` [ RunTime:0.0022s ]
SQL: SELECT `club_name` FROM `dd_club_info` WHERE `id` = '3' LIMIT 1   [ RunTime:0.0017s ]
SQL: SHOW COLUMNS FROM `dd_play_log` [ RunTime:0.0021s ]
SQL: SELECT MAX(score) AS tp_max FROM `dd_play_log` WHERE `user_id` = 182 LIMIT 1   [ RunTime:0.0017s ]
INFO: [ app_end ] --START--
INFO: Run Behavior\ShowPageTraceBehavior [ RunTime:0.000531s ]
INFO: [ app_end ] --END-- [ RunTime:0.000572s ]

[ 2019-05-30T18:36:25+08:00 ] 113.87.27.57 /api.php?m=Index&c=index&a=zhScore
INFO: [ app_init ] --START--
INFO: Run Behavior\BuildLiteBehavior [ RunTime:0.000018s ]
INFO: [ app_init ] --END-- [ RunTime:0.000275s ]
INFO: [ app_begin ] --START--
INFO: Run Behavior\ReadHtmlCacheBehavior [ RunTime:0.000330s ]
INFO: [ app_begin ] --END-- [ RunTime:0.000367s ]
SQL: SHOW COLUMNS FROM `dd_config` [ RunTime:0.0021s ]
SQL: SELECT * FROM `dd_config`  [ RunTime:0.0017s ]
NOTIC: [8] Undefined index: rand /phpstudy/www/Gittext/game/Application/Api/Controller/IndexController.class.php 第 19 行.
SQL: SHOW COLUMNS FROM `dd_user` [ RunTime:0.0023s ]
SQL: SELECT `match_amount`,`win_amount`,`fun_amount`,`fun_win_amount`,`club_id`,`rank` FROM `dd_user` WHERE `user_id` = 182 LIMIT 1   [ RunTime:0.0017s ]
SQL: SHOW COLUMNS FROM `dd_club_info` [ RunTime:0.0020s ]
SQL: SELECT `club_name` FROM `dd_club_info` WHERE `id` = '3' LIMIT 1   [ RunTime:0.0016s ]
SQL: SHOW COLUMNS FROM `dd_play_log` [ RunTime:0.0020s ]
SQL: SELECT MAX(score) AS tp_max FROM `dd_play_log` WHERE `user_id` = 182 LIMIT 1   [ RunTime:0.0019s ]
INFO: [ app_end ] --START--
INFO: Run Behavior\ShowPageTraceBehavior [ RunTime:0.000519s ]
INFO: [ app_end ] --END-- [ RunTime:0.000560s ]

[ 2019-05-30T18:37:24+08:00 ] 113.87.27.57 /api.php?m=Index&c=index&a=zhScore
INFO: [ app_init ] --START--
INFO: Run Behavior\BuildLiteBehavior [ RunTime:0.000014s ]
INFO: [ app_init ] --END-- [ RunTime:0.000258s ]
INFO: [ app_begin ] --START--
INFO: Run Behavior\ReadHtmlCacheBehavior [ RunTime:0.000294s ]
INFO: [ app_begin ] --END-- [ RunTime:0.000326s ]
SQL: SHOW COLUMNS FROM `dd_config` [ RunTime:0.0023s ]
SQL: SELECT * FROM `dd_config`  [ RunTime:0.0019s ]
NOTIC: [8] Undefined index: rand /phpstudy/www/Gittext/game/Application/Api/Controller/IndexController.class.php 第 19 行.
SQL: SHOW COLUMNS FROM `dd_user` [ RunTime:0.0024s ]
SQL: SELECT `match_amount`,`win_amount`,`fun_amount`,`fun_win_amount`,`club_id`,`rank` FROM `dd_user` WHERE `user_id` = 182 LIMIT 1   [ RunTime:0.0018s ]
SQL: SHOW COLUMNS FROM `dd_club_info` [ RunTime:0.0022s ]
SQL: SELECT `club_name` FROM `dd_club_info` WHERE `id` = '3' LIMIT 1   [ RunTime:0.0018s ]
SQL: SHOW COLUMNS FROM `dd_play_log` [ RunTime:0.0021s ]
SQL: SELECT MAX(score) AS tp_max FROM `dd_play_log` WHERE `user_id` = 182 LIMIT 1   [ RunTime:0.0018s ]
INFO: [ app_end ] --START--
INFO: Run Behavior\ShowPageTraceBehavior [ RunTime:0.000445s ]
INFO: [ app_end ] --END-- [ RunTime:0.000485s ]

[ 2019-05-30T18:41:51+08:00 ] 113.87.27.57 /api.php?m=Index&c=index&a=zhScore
INFO: [ app_init ] --START--
INFO: Run Behavior\BuildLiteBehavior [ RunTime:0.000013s ]
INFO: [ app_init ] --END-- [ RunTime:0.000226s ]
INFO: [ app_begin ] --START--
INFO: Run Behavior\ReadHtmlCacheBehavior [ RunTime:0.000276s ]
INFO: [ app_begin ] --END-- [ RunTime:0.000306s ]
SQL: SHOW COLUMNS FROM `dd_config` [ RunTime:0.0020s ]
SQL: SELECT * FROM `dd_config`  [ RunTime:0.0017s ]
NOTIC: [8] Undefined index: rand /phpstudy/www/Gittext/game/Application/Api/Controller/IndexController.class.php 第 19 行.
SQL: SHOW COLUMNS FROM `dd_user` [ RunTime:0.0022s ]
SQL: SELECT `match_amount`,`win_amount`,`fun_amount`,`fun_win_amount`,`club_id`,`rank` FROM `dd_user` WHERE `user_id` = 182 LIMIT 1   [ RunTime:0.0016s ]
SQL: SHOW COLUMNS FROM `dd_club_info` [ RunTime:0.0023s ]
SQL: SELECT `club_name` FROM `dd_club_info` WHERE `id` = '3' LIMIT 1   [ RunTime:0.0016s ]
SQL: SHOW COLUMNS FROM `dd_play_log` [ RunTime:0.0020s ]
SQL: SELECT MAX(score) AS tp_max FROM `dd_play_log` WHERE `user_id` = 182 LIMIT 1   [ RunTime:0.0016s ]
INFO: [ app_end ] --START--
INFO: Run Behavior\ShowPageTraceBehavior [ RunTime:0.000460s ]
INFO: [ app_end ] --END-- [ RunTime:0.000497s ]

[ 2019-05-30T18:46:20+08:00 ] 113.87.27.57 /api.php?m=Index&c=index&a=zhScore
INFO: [ app_init ] --START--
INFO: Run Behavior\BuildLiteBehavior [ RunTime:0.000013s ]
INFO: [ app_init ] --END-- [ RunTime:0.000234s ]
INFO: [ app_begin ] --START--
INFO: Run Behavior\ReadHtmlCacheBehavior [ RunTime:0.000306s ]
INFO: [ app_begin ] --END-- [ RunTime:0.000338s ]
SQL: SHOW COLUMNS FROM `dd_config` [ RunTime:0.0023s ]
SQL: SELECT * FROM `dd_config`  [ RunTime:0.0019s ]
NOTIC: [8] Undefined index: rand /phpstudy/www/Gittext/game/Application/Api/Controller/IndexController.class.php 第 19 行.
SQL: SHOW COLUMNS FROM `dd_user` [ RunTime:0.0027s ]
SQL: SELECT `match_amount`,`win_amount`,`fun_amount`,`fun_win_amount`,`club_id`,`rank` FROM `dd_user` WHERE `user_id` = 182 LIMIT 1   [ RunTime:0.0019s ]
SQL: SHOW COLUMNS FROM `dd_club_info` [ RunTime:0.0023s ]
SQL: SELECT `club_name` FROM `dd_club_info` WHERE `id` = '3' LIMIT 1   [ RunTime:0.0021s ]
SQL: SHOW COLUMNS FROM `dd_play_log` [ RunTime:0.0025s ]
SQL: SELECT MAX(score) AS tp_max FROM `dd_play_log` WHERE `user_id` = 182 LIMIT 1   [ RunTime:0.0020s ]
INFO: [ app_end ] --START--
INFO: Run Behavior\ShowPageTraceBehavior [ RunTime:0.000546s ]
INFO: [ app_end ] --END-- [ RunTime:0.000596s ]

