[ 2017-10-25T19:04:00+08:00 ] 58.40.17.70 /kpan.php?m=Admin&c=Admin&a=welcome
INFO: [ app_init ] --START--
INFO: Run Behavior\BuildLiteBehavior [ RunTime:0.000025s ]
INFO: [ app_init ] --END-- [ RunTime:0.000316s ]
INFO: [ app_begin ] --START--
INFO: Run Behavior\ReadHtmlCacheBehavior [ RunTime:0.000404s ]
INFO: [ app_begin ] --END-- [ RunTime:0.000453s ]
INFO: [ view_parse ] --START--
INFO: [ template_filter ] --START--
INFO: Run Behavior\ContentReplaceBehavior [ RunTime:0.000032s ]
INFO: [ template_filter ] --END-- [ RunTime:0.000075s ]
INFO: Run Behavior\ParseTemplateBehavior [ RunTime:0.005268s ]
INFO: [ view_parse ] --END-- [ RunTime:0.005315s ]
INFO: [ view_filter ] --START--
INFO: Run Behavior\WriteHtmlCacheBehavior [ RunTime:0.000129s ]
INFO: [ view_filter ] --END-- [ RunTime:0.000170s ]

[ 2017-10-25T19:04:04+08:00 ] 58.40.17.70 /kpan.php?m=Admin&c=Index&a=login
INFO: [ app_init ] --START--
INFO: Run Behavior\BuildLiteBehavior [ RunTime:0.000012s ]
INFO: [ app_init ] --END-- [ RunTime:0.000285s ]
INFO: [ app_begin ] --START--
INFO: Run Behavior\ReadHtmlCacheBehavior [ RunTime:0.000391s ]
INFO: [ app_begin ] --END-- [ RunTime:0.000438s ]
SQL: SHOW COLUMNS FROM `dd_config` [ RunTime:0.0008s ]
SQL: SELECT * FROM `dd_config`  [ RunTime:0.0004s ]
INFO: [ view_parse ] --START--
INFO: [ template_filter ] --START--
INFO: Run Behavior\ContentReplaceBehavior [ RunTime:0.000040s ]
INFO: [ template_filter ] --END-- [ RunTime:0.000085s ]
INFO: Run Behavior\ParseTemplateBehavior [ RunTime:0.005683s ]
INFO: [ view_parse ] --END-- [ RunTime:0.005734s ]
INFO: [ view_filter ] --START--
INFO: Run Behavior\WriteHtmlCacheBehavior [ RunTime:0.000132s ]
INFO: [ view_filter ] --END-- [ RunTime:0.000173s ]
INFO: [ app_end ] --START--
INFO: Run Behavior\ShowPageTraceBehavior [ RunTime:0.000442s ]
INFO: [ app_end ] --END-- [ RunTime:0.000485s ]

[ 2017-10-25T19:04:06+08:00 ] 58.40.17.70 /kpan.php?m=Admin&c=Index&a=login
INFO: [ app_init ] --START--
INFO: Run Behavior\BuildLiteBehavior [ RunTime:0.000012s ]
INFO: [ app_init ] --END-- [ RunTime:0.000279s ]
INFO: [ app_begin ] --START--
INFO: Run Behavior\ReadHtmlCacheBehavior [ RunTime:0.000386s ]
INFO: [ app_begin ] --END-- [ RunTime:0.000435s ]
SQL: SHOW COLUMNS FROM `dd_config` [ RunTime:0.0007s ]
SQL: SELECT * FROM `dd_config`  [ RunTime:0.0003s ]

[ 2017-10-25T19:04:06+08:00 ] 58.40.17.70 /kpan.php?m=Admin&c=Admin&a=welcome
INFO: [ app_init ] --START--
INFO: Run Behavior\BuildLiteBehavior [ RunTime:0.000012s ]
INFO: [ app_init ] --END-- [ RunTime:0.000275s ]
INFO: [ app_begin ] --START--
INFO: Run Behavior\ReadHtmlCacheBehavior [ RunTime:0.000392s ]
INFO: [ app_begin ] --END-- [ RunTime:0.000441s ]
SQL: SHOW COLUMNS FROM `dd_config` [ RunTime:0.0007s ]
SQL: SELECT * FROM `dd_config`  [ RunTime:0.0004s ]
SQL: SHOW COLUMNS FROM `dd_user` [ RunTime:0.0014s ]
SQL: SELECT COUNT(*) AS tp_count FROM `dd_user` WHERE ( `sub_time` >= 1508860800 AND `sub_time` <= 1508947199  ) LIMIT 1   [ RunTime:0.0003s ]
SQL: SELECT COUNT(*) AS tp_count FROM `dd_user` LIMIT 1   [ RunTime:0.0003s ]
SQL: SHOW COLUMNS FROM `dd_pay_record` [ RunTime:0.0007s ]
SQL: SELECT SUM(total_fee) AS tp_sum FROM `dd_pay_record` WHERE ( `ctime` >= 1508860800 AND `ctime` <= 1508947199  ) LIMIT 1   [ RunTime:0.0003s ]
SQL: SELECT SUM(total_fee) AS tp_sum FROM `dd_pay_record` LIMIT 1   [ RunTime:0.0002s ]
SQL: SHOW COLUMNS FROM `dd_withdraw_log` [ RunTime:0.0008s ]
SQL: SELECT SUM(money) AS tp_sum FROM `dd_withdraw_log` WHERE `status` = 1 AND ( `create_time` >= 1508860800 AND `create_time` <= 1508947199  ) LIMIT 1   [ RunTime:0.0003s ]
SQL: SELECT SUM(money) AS tp_sum FROM `dd_withdraw_log` WHERE `status` = 1 LIMIT 1   [ RunTime:0.0002s ]
NOTIC: [8] Undefined index: out_total_all /phpstudy/www/www.dazhuanpan.com/Application/Admin/Controller/AdminController.class.php 第 90 行.
SQL: SELECT SUM(money) AS tp_sum FROM `dd_user` LIMIT 1   [ RunTime:0.0003s ]
SQL: SHOW COLUMNS FROM `dd_charge_log` [ RunTime:0.0007s ]
SQL: SELECT SUM(money) AS tp_sum FROM `dd_charge_log` WHERE `status` = 1 LIMIT 1   [ RunTime:0.0003s ]
SQL: SELECT SUM(money) AS tp_sum FROM `dd_charge_log` WHERE ( `create_time` >= 1508774400 AND `create_time` <= 1508860799  ) AND `status` = 1 LIMIT 1   [ RunTime:0.0002s ]
SQL: SELECT SUM(money) AS tp_sum FROM `dd_charge_log` WHERE ( `create_time` >= 1508688000 AND `create_time` <= 1508774399  ) AND `status` = 1 LIMIT 1   [ RunTime:0.0003s ]
SQL: SHOW COLUMNS FROM `dd_buylog` [ RunTime:0.0009s ]
SQL: SELECT SUM(yingmoney) AS tp_sum FROM `dd_buylog` WHERE `yingmoney` > 0 AND ( `starttime` >= 1508860800 AND `starttime` <= 1508947199  ) LIMIT 1   [ RunTime:0.0003s ]
SQL: SHOW COLUMNS FROM `dd_expense` [ RunTime:0.0007s ]
SQL: SELECT SUM(money) AS tp_sum FROM `dd_expense` WHERE ( `create_time` >= 1508860800 AND `create_time` <= 1508947199  ) LIMIT 1   [ RunTime:0.0003s ]
SQL: SELECT SUM(money) AS tp_sum FROM `dd_expense` WHERE ( `create_time` >= 1508774400 AND `create_time` <= 1508860799  ) LIMIT 1   [ RunTime:0.0003s ]
SQL: SELECT SUM(money) AS tp_sum FROM `dd_withdraw_log` WHERE `status` = 1 AND ( `create_time` >= 1508860800 AND `create_time` <= 1508947199  ) LIMIT 1   [ RunTime:0.0003s ]
SQL: SELECT SUM(money) AS tp_sum FROM `dd_withdraw_log` WHERE `status` = 1 LIMIT 1   [ RunTime:0.0002s ]
SQL: SELECT SUM(money) AS tp_sum FROM `dd_withdraw_log` WHERE `status` = 1 AND ( `create_time` >= 1508774400 AND `create_time` <= 1508860799  ) LIMIT 1   [ RunTime:0.0003s ]
SQL: SELECT SUM(money) AS tp_sum FROM `dd_withdraw_log` WHERE `status` = 1 AND ( `create_time` >= 1508688000 AND `create_time` <= 1508774399  ) LIMIT 1   [ RunTime:0.0003s ]
SQL: SHOW COLUMNS FROM `dd_zhuan` [ RunTime:0.0007s ]
SQL: SELECT SUM(money) AS tp_sum FROM `dd_zhuan` WHERE ( `addtime` >= 1508860800 AND `addtime` <= 1508947199  ) LIMIT 1   [ RunTime:0.0003s ]
SQL: SELECT SUM(ying) AS tp_sum FROM `dd_zhuan` WHERE ( `addtime` >= 1508860800 AND `addtime` <= 1508947199  ) LIMIT 1   [ RunTime:0.0003s ]
SQL: SELECT SUM(money) AS tp_sum FROM `dd_zhuan` WHERE ( `addtime` >= 1506787200 AND `addtime` <= 1509465599  ) LIMIT 1   [ RunTime:0.0003s ]
SQL: SELECT SUM(ying) AS tp_sum FROM `dd_zhuan` WHERE ( `addtime` >= 1506787200 AND `addtime` <= 1509465599  ) LIMIT 1   [ RunTime:0.0003s ]
SQL: SELECT SUM(money) AS tp_sum FROM `dd_zhuan` WHERE ( `addtime` >= 1508774400 AND `addtime` <= 1508860799  ) LIMIT 1   [ RunTime:0.0003s ]
SQL: SELECT SUM(ying) AS tp_sum FROM `dd_zhuan` WHERE ( `addtime` >= 1508774400 AND `addtime` <= 1508860799  ) LIMIT 1   [ RunTime:0.0003s ]
SQL: SELECT SUM(money) AS tp_sum FROM `dd_zhuan` WHERE ( `addtime` >= 1508774400 AND `addtime` <= 1508774399  ) LIMIT 1   [ RunTime:0.0003s ]
SQL: SELECT SUM(ying) AS tp_sum FROM `dd_zhuan` WHERE ( `addtime` >= 1508774400 AND `addtime` <= 1508774399  ) LIMIT 1   [ RunTime:0.0003s ]
SQL: SELECT SUM(money) AS tp_sum FROM `dd_zhuan` LIMIT 1   [ RunTime:0.0003s ]
SQL: SELECT SUM(ying) AS tp_sum FROM `dd_zhuan` LIMIT 1   [ RunTime:0.0002s ]
SQL: SHOW COLUMNS FROM `dd_wxpay_log` [ RunTime:0.0008s ]
SQL: SELECT SUM(total_fee) AS tp_sum FROM `dd_wxpay_log` WHERE ( `log_time` >= 1506787200 AND `log_time` <= 1509465599  ) LIMIT 1   [ RunTime:0.0003s ]
SQL: SELECT SUM(yingmoney) AS tp_sum FROM `dd_buylog` WHERE `yingmoney` > 0 AND ( `starttime` >= 1506787200 AND `starttime` <= 1509465599  ) LIMIT 1   [ RunTime:0.0003s ]
SQL: SELECT SUM(money) AS tp_sum FROM `dd_expense` WHERE ( `create_time` >= 1506787200 AND `create_time` <= 1509465599  ) LIMIT 1   [ RunTime:0.0003s ]
SQL: SELECT SUM(money) AS tp_sum FROM `dd_withdraw_log` WHERE `status` = 1 AND ( `create_time` >= 1506787200 AND `create_time` <= 1509465599  ) LIMIT 1   [ RunTime:0.0003s ]
SQL: SELECT SUM(total_fee) AS tp_sum FROM `dd_wxpay_log` LIMIT 1   [ RunTime:0.0002s ]
SQL: SELECT SUM(yingmoney) AS tp_sum FROM `dd_buylog` WHERE `yingmoney` > 0 LIMIT 1   [ RunTime:0.0003s ]
SQL: SELECT SUM(money) AS tp_sum FROM `dd_expense` LIMIT 1   [ RunTime:0.0003s ]
SQL: SELECT SUM(money) AS tp_sum FROM `dd_withdraw_log` WHERE `status` = 1 LIMIT 1   [ RunTime:0.0003s ]
INFO: [ view_parse ] --START--
INFO: [ template_filter ] --START--
INFO: Run Behavior\ContentReplaceBehavior [ RunTime:0.000083s ]
INFO: [ template_filter ] --END-- [ RunTime:0.000131s ]
NOTIC: [2] Division by zero /phpstudy/www/www.dazhuanpan.com/Application/Runtime/Cache/Admin/3fa9f2e830eaac62a7df4990979ab90d.php 第 324 行.
NOTIC: [2] Division by zero /phpstudy/www/www.dazhuanpan.com/Application/Runtime/Cache/Admin/3fa9f2e830eaac62a7df4990979ab90d.php 第 359 行.
NOTIC: [8] Undefined variable: qian_win_ext /phpstudy/www/www.dazhuanpan.com/Application/Runtime/Cache/Admin/3fa9f2e830eaac62a7df4990979ab90d.php 第 383 行.
NOTIC: [8] Undefined variable: qian_win_ext /phpstudy/www/www.dazhuanpan.com/Application/Runtime/Cache/Admin/3fa9f2e830eaac62a7df4990979ab90d.php 第 383 行.
NOTIC: [8] Undefined variable: qian_win_ext /phpstudy/www/www.dazhuanpan.com/Application/Runtime/Cache/Admin/3fa9f2e830eaac62a7df4990979ab90d.php 第 390 行.
NOTIC: [8] Undefined variable: qian_win_ext /phpstudy/www/www.dazhuanpan.com/Application/Runtime/Cache/Admin/3fa9f2e830eaac62a7df4990979ab90d.php 第 395 行.
NOTIC: [2] Division by zero /phpstudy/www/www.dazhuanpan.com/Application/Runtime/Cache/Admin/3fa9f2e830eaac62a7df4990979ab90d.php 第 395 行.
NOTIC: [2] Division by zero /phpstudy/www/www.dazhuanpan.com/Application/Runtime/Cache/Admin/3fa9f2e830eaac62a7df4990979ab90d.php 第 433 行.
NOTIC: [2] Division by zero /phpstudy/www/www.dazhuanpan.com/Application/Runtime/Cache/Admin/3fa9f2e830eaac62a7df4990979ab90d.php 第 469 行.
INFO: Run Behavior\ParseTemplateBehavior [ RunTime:0.012305s ]
INFO: [ view_parse ] --END-- [ RunTime:0.012349s ]
INFO: [ view_filter ] --START--
INFO: Run Behavior\WriteHtmlCacheBehavior [ RunTime:0.000127s ]
INFO: [ view_filter ] --END-- [ RunTime:0.000167s ]
INFO: [ app_end ] --START--
INFO: Run Behavior\ShowPageTraceBehavior [ RunTime:0.000422s ]
INFO: [ app_end ] --END-- [ RunTime:0.000471s ]

[ 2017-10-25T19:04:14+08:00 ] 58.40.17.70 /kpan.php?m=Admin&c=Config&a=web_site
INFO: [ app_init ] --START--
INFO: Run Behavior\BuildLiteBehavior [ RunTime:0.000013s ]
INFO: [ app_init ] --END-- [ RunTime:0.000290s ]
INFO: [ app_begin ] --START--
INFO: Run Behavior\ReadHtmlCacheBehavior [ RunTime:0.000392s ]
INFO: [ app_begin ] --END-- [ RunTime:0.000440s ]
SQL: SHOW COLUMNS FROM `dd_config` [ RunTime:0.0007s ]
SQL: SELECT * FROM `dd_config`  [ RunTime:0.0004s ]
INFO: [ view_parse ] --START--
INFO: [ template_filter ] --START--
INFO: Run Behavior\ContentReplaceBehavior [ RunTime:0.000069s ]
INFO: [ template_filter ] --END-- [ RunTime:0.000114s ]
NOTIC: [8] Undefined index: kaijaing /phpstudy/www/www.dazhuanpan.com/Application/Runtime/Cache/Admin/8afb3603cddc1830dd83eeb6cd890006.php 第 271 行.
NOTIC: [8] Undefined index: kaijiang /phpstudy/www/www.dazhuanpan.com/Application/Runtime/Cache/Admin/8afb3603cddc1830dd83eeb6cd890006.php 第 272 行.
NOTIC: [8] Undefined index: subscribe /phpstudy/www/www.dazhuanpan.com/Application/Runtime/Cache/Admin/8afb3603cddc1830dd83eeb6cd890006.php 第 295 行.
INFO: Run Behavior\ParseTemplateBehavior [ RunTime:0.009462s ]
INFO: [ view_parse ] --END-- [ RunTime:0.009507s ]
INFO: [ view_filter ] --START--
INFO: Run Behavior\WriteHtmlCacheBehavior [ RunTime:0.000130s ]
INFO: [ view_filter ] --END-- [ RunTime:0.000171s ]
INFO: [ app_end ] --START--
INFO: Run Behavior\ShowPageTraceBehavior [ RunTime:0.000425s ]
INFO: [ app_end ] --END-- [ RunTime:0.000473s ]

[ 2017-10-25T19:04:16+08:00 ] 58.40.17.70 /kpan.php?m=Admin&c=Config&a=user
INFO: [ app_init ] --START--
INFO: Run Behavior\BuildLiteBehavior [ RunTime:0.000012s ]
INFO: [ app_init ] --END-- [ RunTime:0.000278s ]
INFO: [ app_begin ] --START--
INFO: Run Behavior\ReadHtmlCacheBehavior [ RunTime:0.000387s ]
INFO: [ app_begin ] --END-- [ RunTime:0.000434s ]
SQL: SHOW COLUMNS FROM `dd_config` [ RunTime:0.0007s ]
SQL: SELECT * FROM `dd_config`  [ RunTime:0.0003s ]
INFO: [ view_parse ] --START--
INFO: [ template_filter ] --START--
INFO: Run Behavior\ContentReplaceBehavior [ RunTime:0.000052s ]
INFO: [ template_filter ] --END-- [ RunTime:0.000099s ]
INFO: Run Behavior\ParseTemplateBehavior [ RunTime:0.008271s ]
INFO: [ view_parse ] --END-- [ RunTime:0.008322s ]
INFO: [ view_filter ] --START--
INFO: Run Behavior\WriteHtmlCacheBehavior [ RunTime:0.000124s ]
INFO: [ view_filter ] --END-- [ RunTime:0.000165s ]
INFO: [ app_end ] --START--
INFO: Run Behavior\ShowPageTraceBehavior [ RunTime:0.000421s ]
INFO: [ app_end ] --END-- [ RunTime:0.000470s ]

[ 2017-10-25T19:04:18+08:00 ] 58.40.17.70 /kpan.php?m=Admin&c=Config&a=mp
INFO: [ app_init ] --START--
INFO: Run Behavior\BuildLiteBehavior [ RunTime:0.000013s ]
INFO: [ app_init ] --END-- [ RunTime:0.000286s ]
INFO: [ app_begin ] --START--
INFO: Run Behavior\ReadHtmlCacheBehavior [ RunTime:0.000389s ]
INFO: [ app_begin ] --END-- [ RunTime:0.000436s ]
SQL: SHOW COLUMNS FROM `dd_config` [ RunTime:0.0007s ]
SQL: SELECT * FROM `dd_config`  [ RunTime:0.0004s ]
INFO: [ view_parse ] --START--
INFO: [ template_filter ] --START--
INFO: Run Behavior\ContentReplaceBehavior [ RunTime:0.000064s ]
INFO: [ template_filter ] --END-- [ RunTime:0.000110s ]
INFO: Run Behavior\ParseTemplateBehavior [ RunTime:0.008739s ]
INFO: [ view_parse ] --END-- [ RunTime:0.008790s ]
INFO: [ view_filter ] --START--
INFO: Run Behavior\WriteHtmlCacheBehavior [ RunTime:0.000128s ]
INFO: [ view_filter ] --END-- [ RunTime:0.000167s ]
INFO: [ app_end ] --START--
INFO: Run Behavior\ShowPageTraceBehavior [ RunTime:0.000418s ]
INFO: [ app_end ] --END-- [ RunTime:0.000466s ]

[ 2017-10-25T19:04:38+08:00 ] 58.40.17.70 /kpan.php?m=Admin&c=Config&a=bei_mp
INFO: [ app_init ] --START--
INFO: Run Behavior\BuildLiteBehavior [ RunTime:0.000013s ]
INFO: [ app_init ] --END-- [ RunTime:0.000289s ]
INFO: [ app_begin ] --START--
INFO: Run Behavior\ReadHtmlCacheBehavior [ RunTime:0.000394s ]
INFO: [ app_begin ] --END-- [ RunTime:0.000441s ]
SQL: SHOW COLUMNS FROM `dd_config` [ RunTime:0.0007s ]
SQL: SELECT * FROM `dd_config`  [ RunTime:0.0004s ]
INFO: [ view_parse ] --START--
INFO: [ template_filter ] --START--
INFO: Run Behavior\ContentReplaceBehavior [ RunTime:0.000057s ]
INFO: [ template_filter ] --END-- [ RunTime:0.000102s ]
INFO: Run Behavior\ParseTemplateBehavior [ RunTime:0.008480s ]
INFO: [ view_parse ] --END-- [ RunTime:0.008533s ]
INFO: [ view_filter ] --START--
INFO: Run Behavior\WriteHtmlCacheBehavior [ RunTime:0.000129s ]
INFO: [ view_filter ] --END-- [ RunTime:0.000170s ]
INFO: [ app_end ] --START--
INFO: Run Behavior\ShowPageTraceBehavior [ RunTime:0.000414s ]
INFO: [ app_end ] --END-- [ RunTime:0.000461s ]

