[ 2018-12-14T09:16:31+08:00 ] 127.0.0.1 /
INFO: [ app_init ] --START--
INFO: Run Behavior\BuildLiteBehavior [ RunTime:0.000000s ]
INFO: [ app_init ] --END-- [ RunTime:0.007001s ]
INFO: [ app_begin ] --START--
INFO: Run Behavior\ReadHtmlCacheBehavior [ RunTime:0.021001s ]
INFO: [ app_begin ] --END-- [ RunTime:0.021001s ]
SQL: SHOW COLUMNS FROM `dd_config` [ RunTime:0.0440s ]
SQL: SELECT * FROM `dd_config`  [ RunTime:0.0110s ]

[ 2018-12-14T09:16:31+08:00 ] 127.0.0.1 /index.php?m=Admin&c=Index&a=login
INFO: [ app_init ] --START--
INFO: Run Behavior\BuildLiteBehavior [ RunTime:0.000000s ]
INFO: [ app_init ] --END-- [ RunTime:0.001000s ]
INFO: [ app_begin ] --START--
INFO: Run Behavior\ReadHtmlCacheBehavior [ RunTime:0.001000s ]
INFO: [ app_begin ] --END-- [ RunTime:0.001000s ]
SQL: SHOW COLUMNS FROM `dd_config` [ RunTime:0.0190s ]
SQL: SELECT * FROM `dd_config`  [ RunTime:0.0010s ]
INFO: [ view_parse ] --START--
INFO: [ template_filter ] --START--
INFO: Run Behavior\ContentReplaceBehavior [ RunTime:0.000000s ]
INFO: [ template_filter ] --END-- [ RunTime:0.000000s ]
NOTIC: [8] Undefined index: name F:\project\www.dazhuanpan.com\Application\Runtime\Cache\Admin\041185b974292283d2f6098acc3220ec.php 第 13 行.
NOTIC: [8] Undefined index: name F:\project\www.dazhuanpan.com\Application\Runtime\Cache\Admin\041185b974292283d2f6098acc3220ec.php 第 63 行.
INFO: Run Behavior\ParseTemplateBehavior [ RunTime:0.050003s ]
INFO: [ view_parse ] --END-- [ RunTime:0.051003s ]
INFO: [ view_filter ] --START--
INFO: Run Behavior\WriteHtmlCacheBehavior [ RunTime:0.011000s ]
INFO: [ view_filter ] --END-- [ RunTime:0.011000s ]
INFO: [ app_end ] --START--
INFO: Run Behavior\ShowPageTraceBehavior [ RunTime:0.002001s ]
INFO: [ app_end ] --END-- [ RunTime:0.002001s ]

[ 2018-12-14T09:16:36+08:00 ] 127.0.0.1 /index.php?m=Admin&c=Index&a=login
INFO: [ app_init ] --START--
INFO: Run Behavior\BuildLiteBehavior [ RunTime:0.000000s ]
INFO: [ app_init ] --END-- [ RunTime:0.001000s ]
INFO: [ app_begin ] --START--
INFO: Run Behavior\ReadHtmlCacheBehavior [ RunTime:0.001000s ]
INFO: [ app_begin ] --END-- [ RunTime:0.001000s ]
SQL: SHOW COLUMNS FROM `dd_config` [ RunTime:0.0190s ]
SQL: SELECT * FROM `dd_config`  [ RunTime:0.0010s ]

[ 2018-12-14T09:16:37+08:00 ] 127.0.0.1 /index.php?m=Admin&c=Admin&a=welcome
INFO: [ app_init ] --START--
INFO: Run Behavior\BuildLiteBehavior [ RunTime:0.000000s ]
INFO: [ app_init ] --END-- [ RunTime:0.001000s ]
INFO: [ app_begin ] --START--
INFO: Run Behavior\ReadHtmlCacheBehavior [ RunTime:0.002000s ]
INFO: [ app_begin ] --END-- [ RunTime:0.002000s ]
SQL: SHOW COLUMNS FROM `dd_config` [ RunTime:0.0200s ]
SQL: SELECT * FROM `dd_config`  [ RunTime:0.0010s ]
SQL: SHOW COLUMNS FROM `dd_user` [ RunTime:0.0330s ]
SQL: SELECT COUNT(*) AS tp_count FROM `dd_user` WHERE ( `sub_time` >= 1544716800 AND `sub_time` <= 1544803199  ) LIMIT 1   [ RunTime:0.0010s ]
SQL: SELECT COUNT(*) AS tp_count FROM `dd_user` LIMIT 1   [ RunTime:0.0000s ]
SQL: SHOW COLUMNS FROM `dd_pay_record` [ RunTime:0.0360s ]
SQL: SELECT SUM(total_fee) AS tp_sum FROM `dd_pay_record` WHERE ( `ctime` >= 1544716800 AND `ctime` <= 1544803199  ) LIMIT 1   [ RunTime:0.0000s ]
SQL: SELECT SUM(total_fee) AS tp_sum FROM `dd_pay_record` LIMIT 1   [ RunTime:0.0000s ]
SQL: SHOW COLUMNS FROM `dd_withdraw_log` [ RunTime:0.0290s ]
SQL: SELECT SUM(money) AS tp_sum FROM `dd_withdraw_log` WHERE `status` = 1 AND ( `create_time` >= 1544716800 AND `create_time` <= 1544803199  ) LIMIT 1   [ RunTime:0.0010s ]
SQL: SELECT SUM(money) AS tp_sum FROM `dd_withdraw_log` WHERE `status` = 1 LIMIT 1   [ RunTime:0.0010s ]
NOTIC: [8] Undefined index: out_total_all F:\project\www.dazhuanpan.com\Application\Admin\Controller\AdminController.class.php 第 90 行.
SQL: SELECT SUM(money) AS tp_sum FROM `dd_user` LIMIT 1   [ RunTime:0.0010s ]
SQL: SHOW COLUMNS FROM `dd_charge_log` [ RunTime:0.0290s ]
SQL: SELECT SUM(money) AS tp_sum FROM `dd_charge_log` WHERE `status` = 1 LIMIT 1   [ RunTime:0.0010s ]
SQL: SELECT SUM(money) AS tp_sum FROM `dd_charge_log` WHERE ( `create_time` >= 1544630400 AND `create_time` <= 1544716799  ) AND `status` = 1 LIMIT 1   [ RunTime:0.0000s ]
SQL: SELECT SUM(money) AS tp_sum FROM `dd_charge_log` WHERE ( `create_time` >= 1544544000 AND `create_time` <= 1544630399  ) AND `status` = 1 LIMIT 1   [ RunTime:0.0000s ]
SQL: SHOW COLUMNS FROM `dd_buylog` [ RunTime:0.0400s ]
SQL: SELECT SUM(yingmoney) AS tp_sum FROM `dd_buylog` WHERE `yingmoney` > 0 AND ( `starttime` >= 1544716800 AND `starttime` <= 1544803199  ) LIMIT 1   [ RunTime:0.0010s ]
SQL: SHOW COLUMNS FROM `dd_expense` [ RunTime:0.0310s ]
SQL: SELECT SUM(money) AS tp_sum FROM `dd_expense` WHERE ( `create_time` >= 1544716800 AND `create_time` <= 1544803199  ) LIMIT 1   [ RunTime:0.0020s ]
SQL: SELECT SUM(money) AS tp_sum FROM `dd_expense` WHERE ( `create_time` >= 1544630400 AND `create_time` <= 1544716799  ) LIMIT 1   [ RunTime:0.0010s ]
SQL: SELECT SUM(money) AS tp_sum FROM `dd_withdraw_log` WHERE `status` = 1 AND ( `create_time` >= 1544716800 AND `create_time` <= 1544803199  ) LIMIT 1   [ RunTime:0.0010s ]
SQL: SELECT SUM(money) AS tp_sum FROM `dd_withdraw_log` WHERE `status` = 1 LIMIT 1   [ RunTime:0.0010s ]
SQL: SELECT SUM(money) AS tp_sum FROM `dd_withdraw_log` WHERE `status` = 1 AND ( `create_time` >= 1544630400 AND `create_time` <= 1544716799  ) LIMIT 1   [ RunTime:0.0010s ]
SQL: SELECT SUM(money) AS tp_sum FROM `dd_withdraw_log` WHERE `status` = 1 AND ( `create_time` >= 1544544000 AND `create_time` <= 1544630399  ) LIMIT 1   [ RunTime:0.0010s ]
SQL: SHOW COLUMNS FROM `dd_zhuan` [ RunTime:0.0230s ]
SQL: SELECT SUM(money) AS tp_sum FROM `dd_zhuan` WHERE ( `addtime` >= 1544716800 AND `addtime` <= 1544803199  ) LIMIT 1   [ RunTime:0.0010s ]
SQL: SELECT SUM(ying) AS tp_sum FROM `dd_zhuan` WHERE ( `addtime` >= 1544716800 AND `addtime` <= 1544803199  ) LIMIT 1   [ RunTime:0.0010s ]
SQL: SELECT SUM(money) AS tp_sum FROM `dd_zhuan` WHERE ( `addtime` >= 1543593600 AND `addtime` <= 1546271999  ) LIMIT 1   [ RunTime:0.0000s ]
SQL: SELECT SUM(ying) AS tp_sum FROM `dd_zhuan` WHERE ( `addtime` >= 1543593600 AND `addtime` <= 1546271999  ) LIMIT 1   [ RunTime:0.0000s ]
SQL: SELECT SUM(money) AS tp_sum FROM `dd_zhuan` WHERE ( `addtime` >= 1544630400 AND `addtime` <= 1544716799  ) LIMIT 1   [ RunTime:0.0000s ]
SQL: SELECT SUM(ying) AS tp_sum FROM `dd_zhuan` WHERE ( `addtime` >= 1544630400 AND `addtime` <= 1544716799  ) LIMIT 1   [ RunTime:0.0010s ]
SQL: SELECT SUM(money) AS tp_sum FROM `dd_zhuan` WHERE ( `addtime` >= 1544630400 AND `addtime` <= 1544630399  ) LIMIT 1   [ RunTime:0.0010s ]
SQL: SELECT SUM(ying) AS tp_sum FROM `dd_zhuan` WHERE ( `addtime` >= 1544630400 AND `addtime` <= 1544630399  ) LIMIT 1   [ RunTime:0.0010s ]
SQL: SELECT SUM(money) AS tp_sum FROM `dd_zhuan` LIMIT 1   [ RunTime:0.0010s ]
SQL: SELECT SUM(ying) AS tp_sum FROM `dd_zhuan` LIMIT 1   [ RunTime:0.0010s ]
SQL: SHOW COLUMNS FROM `dd_wxpay_log` [ RunTime:0.0230s ]
SQL: SELECT SUM(total_fee) AS tp_sum FROM `dd_wxpay_log` WHERE ( `log_time` >= 1543593600 AND `log_time` <= 1546271999  ) LIMIT 1   [ RunTime:0.0010s ]
SQL: SELECT SUM(yingmoney) AS tp_sum FROM `dd_buylog` WHERE `yingmoney` > 0 AND ( `starttime` >= 1543593600 AND `starttime` <= 1546271999  ) LIMIT 1   [ RunTime:0.0010s ]
SQL: SELECT SUM(money) AS tp_sum FROM `dd_expense` WHERE ( `create_time` >= 1543593600 AND `create_time` <= 1546271999  ) LIMIT 1   [ RunTime:0.0000s ]
SQL: SELECT SUM(money) AS tp_sum FROM `dd_withdraw_log` WHERE `status` = 1 AND ( `create_time` >= 1543593600 AND `create_time` <= 1546271999  ) LIMIT 1   [ RunTime:0.0000s ]
SQL: SELECT SUM(total_fee) AS tp_sum FROM `dd_wxpay_log` LIMIT 1   [ RunTime:0.0000s ]
SQL: SELECT SUM(yingmoney) AS tp_sum FROM `dd_buylog` WHERE `yingmoney` > 0 LIMIT 1   [ RunTime:0.0010s ]
SQL: SELECT SUM(money) AS tp_sum FROM `dd_expense` LIMIT 1   [ RunTime:0.0010s ]
SQL: SELECT SUM(money) AS tp_sum FROM `dd_withdraw_log` WHERE `status` = 1 LIMIT 1   [ RunTime:0.0010s ]
INFO: [ view_parse ] --START--
INFO: [ template_filter ] --START--
INFO: Run Behavior\ContentReplaceBehavior [ RunTime:0.001000s ]
INFO: [ template_filter ] --END-- [ RunTime:0.001000s ]
NOTIC: [2] Division by zero F:\project\www.dazhuanpan.com\Application\Runtime\Cache\Admin\3fa9f2e830eaac62a7df4990979ab90d.php 第 324 行.
NOTIC: [2] Division by zero F:\project\www.dazhuanpan.com\Application\Runtime\Cache\Admin\3fa9f2e830eaac62a7df4990979ab90d.php 第 359 行.
NOTIC: [8] Undefined variable: qian_win_ext F:\project\www.dazhuanpan.com\Application\Runtime\Cache\Admin\3fa9f2e830eaac62a7df4990979ab90d.php 第 383 行.
NOTIC: [8] Undefined variable: qian_win_ext F:\project\www.dazhuanpan.com\Application\Runtime\Cache\Admin\3fa9f2e830eaac62a7df4990979ab90d.php 第 383 行.
NOTIC: [8] Undefined variable: qian_win_ext F:\project\www.dazhuanpan.com\Application\Runtime\Cache\Admin\3fa9f2e830eaac62a7df4990979ab90d.php 第 390 行.
NOTIC: [8] Undefined variable: qian_win_ext F:\project\www.dazhuanpan.com\Application\Runtime\Cache\Admin\3fa9f2e830eaac62a7df4990979ab90d.php 第 395 行.
NOTIC: [2] Division by zero F:\project\www.dazhuanpan.com\Application\Runtime\Cache\Admin\3fa9f2e830eaac62a7df4990979ab90d.php 第 395 行.
NOTIC: [2] Division by zero F:\project\www.dazhuanpan.com\Application\Runtime\Cache\Admin\3fa9f2e830eaac62a7df4990979ab90d.php 第 433 行.
NOTIC: [2] Division by zero F:\project\www.dazhuanpan.com\Application\Runtime\Cache\Admin\3fa9f2e830eaac62a7df4990979ab90d.php 第 469 行.
INFO: Run Behavior\ParseTemplateBehavior [ RunTime:0.102006s ]
INFO: [ view_parse ] --END-- [ RunTime:0.102006s ]
INFO: [ view_filter ] --START--
INFO: Run Behavior\WriteHtmlCacheBehavior [ RunTime:0.002000s ]
INFO: [ view_filter ] --END-- [ RunTime:0.002000s ]
INFO: [ app_end ] --START--
INFO: Run Behavior\ShowPageTraceBehavior [ RunTime:0.002000s ]
INFO: [ app_end ] --END-- [ RunTime:0.002000s ]

[ 2018-12-14T09:16:44+08:00 ] 127.0.0.1 /kpan.php?m=Admin&c=Finance&a=withdraw
INFO: [ app_init ] --START--
INFO: Run Behavior\BuildLiteBehavior [ RunTime:0.000000s ]
INFO: [ app_init ] --END-- [ RunTime:0.001000s ]
INFO: [ app_begin ] --START--
INFO: Run Behavior\ReadHtmlCacheBehavior [ RunTime:0.001000s ]
INFO: [ app_begin ] --END-- [ RunTime:0.002000s ]
SQL: SHOW COLUMNS FROM `dd_config` [ RunTime:0.0190s ]
SQL: SELECT * FROM `dd_config`  [ RunTime:0.0010s ]
SQL: SHOW COLUMNS FROM `dd_withdraw_log` [ RunTime:0.0190s ]
SQL: SELECT COUNT(*) AS tp_count FROM `dd_withdraw_log` LIMIT 1   [ RunTime:0.0010s ]
SQL: SELECT * FROM `dd_withdraw_log` ORDER BY id desc LIMIT 0,25   [ RunTime:0.0010s ]
INFO: [ view_parse ] --START--
INFO: [ template_filter ] --START--
INFO: Run Behavior\ContentReplaceBehavior [ RunTime:0.001000s ]
INFO: [ template_filter ] --END-- [ RunTime:0.001000s ]
NOTIC: [8] Undefined index: user_id F:\project\www.dazhuanpan.com\Application\Runtime\Cache\Admin\53773979b6959bfb350f93d080281a92.php 第 273 行.
NOTIC: [8] Undefined index: status F:\project\www.dazhuanpan.com\Application\Runtime\Cache\Admin\53773979b6959bfb350f93d080281a92.php 第 277 行.
INFO: Run Behavior\ParseTemplateBehavior [ RunTime:0.032002s ]
INFO: [ view_parse ] --END-- [ RunTime:0.032002s ]
INFO: [ view_filter ] --START--
INFO: Run Behavior\WriteHtmlCacheBehavior [ RunTime:0.001000s ]
INFO: [ view_filter ] --END-- [ RunTime:0.001000s ]
INFO: [ app_end ] --START--
INFO: Run Behavior\ShowPageTraceBehavior [ RunTime:0.001000s ]
INFO: [ app_end ] --END-- [ RunTime:0.002000s ]

[ 2018-12-14T09:16:45+08:00 ] 127.0.0.1 /kpan.php?m=admin&c=product&a=bizhong
INFO: [ app_init ] --START--
INFO: Run Behavior\BuildLiteBehavior [ RunTime:0.000000s ]
INFO: [ app_init ] --END-- [ RunTime:0.001000s ]
INFO: [ app_begin ] --START--
INFO: Run Behavior\ReadHtmlCacheBehavior [ RunTime:0.002000s ]
INFO: [ app_begin ] --END-- [ RunTime:0.002000s ]
SQL: SHOW COLUMNS FROM `dd_config` [ RunTime:0.0190s ]
SQL: SELECT * FROM `dd_config`  [ RunTime:0.0010s ]
SQL: SHOW COLUMNS FROM `dd_wuguili` [ RunTime:0.0220s ]
SQL: SELECT COUNT(*) AS tp_count FROM `dd_wuguili` LIMIT 1   [ RunTime:0.0010s ]
SQL: SELECT * FROM `dd_wuguili` ORDER BY id desc LIMIT 0,25   [ RunTime:0.0010s ]
INFO: [ view_parse ] --START--
INFO: [ template_filter ] --START--
INFO: Run Behavior\ContentReplaceBehavior [ RunTime:0.000000s ]
INFO: [ template_filter ] --END-- [ RunTime:0.000000s ]
INFO: Run Behavior\ParseTemplateBehavior [ RunTime:0.022001s ]
INFO: [ view_parse ] --END-- [ RunTime:0.022001s ]
INFO: [ view_filter ] --START--
INFO: Run Behavior\WriteHtmlCacheBehavior [ RunTime:0.001000s ]
INFO: [ view_filter ] --END-- [ RunTime:0.001000s ]
INFO: [ app_end ] --START--
INFO: Run Behavior\ShowPageTraceBehavior [ RunTime:0.001000s ]
INFO: [ app_end ] --END-- [ RunTime:0.001000s ]

[ 2018-12-14T09:16:47+08:00 ] 127.0.0.1 /kpan.php?m=admin&c=product&a=bizhong
INFO: [ app_init ] --START--
INFO: Run Behavior\BuildLiteBehavior [ RunTime:0.000000s ]
INFO: [ app_init ] --END-- [ RunTime:0.001000s ]
INFO: [ app_begin ] --START--
INFO: Run Behavior\ReadHtmlCacheBehavior [ RunTime:0.002000s ]
INFO: [ app_begin ] --END-- [ RunTime:0.002000s ]
SQL: SHOW COLUMNS FROM `dd_config` [ RunTime:0.0190s ]
SQL: SELECT * FROM `dd_config`  [ RunTime:0.0010s ]
SQL: SHOW COLUMNS FROM `dd_wuguili` [ RunTime:0.0200s ]
SQL: SELECT COUNT(*) AS tp_count FROM `dd_wuguili` LIMIT 1   [ RunTime:0.0010s ]
SQL: SELECT * FROM `dd_wuguili` ORDER BY id desc LIMIT 0,25   [ RunTime:0.0010s ]
INFO: [ view_parse ] --START--
INFO: [ template_filter ] --START--
INFO: Run Behavior\ContentReplaceBehavior [ RunTime:0.001000s ]
INFO: [ template_filter ] --END-- [ RunTime:0.001000s ]
INFO: Run Behavior\ParseTemplateBehavior [ RunTime:0.021001s ]
INFO: [ view_parse ] --END-- [ RunTime:0.021001s ]
INFO: [ view_filter ] --START--
INFO: Run Behavior\WriteHtmlCacheBehavior [ RunTime:0.001000s ]
INFO: [ view_filter ] --END-- [ RunTime:0.001000s ]
INFO: [ app_end ] --START--
INFO: Run Behavior\ShowPageTraceBehavior [ RunTime:0.001000s ]
INFO: [ app_end ] --END-- [ RunTime:0.002000s ]

[ 2018-12-14T09:16:52+08:00 ] 127.0.0.1 /kpan.php?m=Admin&c=User&a=index
INFO: [ app_init ] --START--
INFO: Run Behavior\BuildLiteBehavior [ RunTime:0.000000s ]
INFO: [ app_init ] --END-- [ RunTime:0.000000s ]
INFO: [ app_begin ] --START--
INFO: Run Behavior\ReadHtmlCacheBehavior [ RunTime:0.001000s ]
INFO: [ app_begin ] --END-- [ RunTime:0.001000s ]
SQL: SHOW COLUMNS FROM `dd_config` [ RunTime:0.0180s ]
SQL: SELECT * FROM `dd_config`  [ RunTime:0.0010s ]
SQL: SHOW COLUMNS FROM `dd_user` [ RunTime:0.0220s ]
SQL: SELECT COUNT(*) AS tp_count FROM `dd_user` LIMIT 1   [ RunTime:0.0010s ]
SQL: SELECT * FROM `dd_user` ORDER BY  id desc LIMIT 0,25   [ RunTime:0.0020s ]
INFO: [ view_parse ] --START--
INFO: [ template_filter ] --START--
INFO: Run Behavior\ContentReplaceBehavior [ RunTime:0.000000s ]
INFO: [ template_filter ] --END-- [ RunTime:0.001000s ]
NOTIC: [8] Undefined index: mobile F:\project\www.dazhuanpan.com\Application\Runtime\Cache\Admin\65e605872ed5d34210f5b33beb13f5a3.php 第 255 行.
NOTIC: [8] Undefined index: name F:\project\www.dazhuanpan.com\Application\Runtime\Cache\Admin\65e605872ed5d34210f5b33beb13f5a3.php 第 256 行.
NOTIC: [8] Undefined index: id F:\project\www.dazhuanpan.com\Application\Runtime\Cache\Admin\65e605872ed5d34210f5b33beb13f5a3.php 第 257 行.
NOTIC: [8] Undefined index: openid F:\project\www.dazhuanpan.com\Application\Runtime\Cache\Admin\65e605872ed5d34210f5b33beb13f5a3.php 第 258 行.
NOTIC: [8] Undefined index: money_order F:\project\www.dazhuanpan.com\Application\Runtime\Cache\Admin\65e605872ed5d34210f5b33beb13f5a3.php 第 263 行.
NOTIC: [8] Use of undefined constant asc - assumed 'asc' F:\project\www.dazhuanpan.com\Application\Runtime\Cache\Admin\65e605872ed5d34210f5b33beb13f5a3.php 第 263 行.
NOTIC: [8] Undefined index: money_order F:\project\www.dazhuanpan.com\Application\Runtime\Cache\Admin\65e605872ed5d34210f5b33beb13f5a3.php 第 264 行.
NOTIC: [8] Use of undefined constant desc - assumed 'desc' F:\project\www.dazhuanpan.com\Application\Runtime\Cache\Admin\65e605872ed5d34210f5b33beb13f5a3.php 第 264 行.
NOTIC: [8] Undefined index: yingkui_order F:\project\www.dazhuanpan.com\Application\Runtime\Cache\Admin\65e605872ed5d34210f5b33beb13f5a3.php 第 270 行.
NOTIC: [8] Use of undefined constant asc - assumed 'asc' F:\project\www.dazhuanpan.com\Application\Runtime\Cache\Admin\65e605872ed5d34210f5b33beb13f5a3.php 第 270 行.
NOTIC: [8] Undefined index: yingkui_order F:\project\www.dazhuanpan.com\Application\Runtime\Cache\Admin\65e605872ed5d34210f5b33beb13f5a3.php 第 271 行.
NOTIC: [8] Use of undefined constant desc - assumed 'desc' F:\project\www.dazhuanpan.com\Application\Runtime\Cache\Admin\65e605872ed5d34210f5b33beb13f5a3.php 第 271 行.
NOTIC: [8] Undefined index: num_order F:\project\www.dazhuanpan.com\Application\Runtime\Cache\Admin\65e605872ed5d34210f5b33beb13f5a3.php 第 277 行.
NOTIC: [8] Use of undefined constant asc - assumed 'asc' F:\project\www.dazhuanpan.com\Application\Runtime\Cache\Admin\65e605872ed5d34210f5b33beb13f5a3.php 第 277 行.
NOTIC: [8] Undefined index: num_order F:\project\www.dazhuanpan.com\Application\Runtime\Cache\Admin\65e605872ed5d34210f5b33beb13f5a3.php 第 278 行.
NOTIC: [8] Use of undefined constant desc - assumed 'desc' F:\project\www.dazhuanpan.com\Application\Runtime\Cache\Admin\65e605872ed5d34210f5b33beb13f5a3.php 第 278 行.
NOTIC: [8] Undefined index: withdraw_order F:\project\www.dazhuanpan.com\Application\Runtime\Cache\Admin\65e605872ed5d34210f5b33beb13f5a3.php 第 284 行.
NOTIC: [8] Use of undefined constant asc - assumed 'asc' F:\project\www.dazhuanpan.com\Application\Runtime\Cache\Admin\65e605872ed5d34210f5b33beb13f5a3.php 第 284 行.
NOTIC: [8] Undefined index: withdraw_order F:\project\www.dazhuanpan.com\Application\Runtime\Cache\Admin\65e605872ed5d34210f5b33beb13f5a3.php 第 285 行.
NOTIC: [8] Use of undefined constant desc - assumed 'desc' F:\project\www.dazhuanpan.com\Application\Runtime\Cache\Admin\65e605872ed5d34210f5b33beb13f5a3.php 第 285 行.
NOTIC: [8] Undefined index: count_money_order F:\project\www.dazhuanpan.com\Application\Runtime\Cache\Admin\65e605872ed5d34210f5b33beb13f5a3.php 第 291 行.
NOTIC: [8] Use of undefined constant asc - assumed 'asc' F:\project\www.dazhuanpan.com\Application\Runtime\Cache\Admin\65e605872ed5d34210f5b33beb13f5a3.php 第 291 行.
NOTIC: [8] Undefined index: count_money_order F:\project\www.dazhuanpan.com\Application\Runtime\Cache\Admin\65e605872ed5d34210f5b33beb13f5a3.php 第 292 行.
NOTIC: [8] Use of undefined constant desc - assumed 'desc' F:\project\www.dazhuanpan.com\Application\Runtime\Cache\Admin\65e605872ed5d34210f5b33beb13f5a3.php 第 292 行.
NOTIC: [8] Undefined index: expense_order F:\project\www.dazhuanpan.com\Application\Runtime\Cache\Admin\65e605872ed5d34210f5b33beb13f5a3.php 第 298 行.
NOTIC: [8] Use of undefined constant asc - assumed 'asc' F:\project\www.dazhuanpan.com\Application\Runtime\Cache\Admin\65e605872ed5d34210f5b33beb13f5a3.php 第 298 行.
NOTIC: [8] Undefined index: expense_order F:\project\www.dazhuanpan.com\Application\Runtime\Cache\Admin\65e605872ed5d34210f5b33beb13f5a3.php 第 299 行.
NOTIC: [8] Use of undefined constant desc - assumed 'desc' F:\project\www.dazhuanpan.com\Application\Runtime\Cache\Admin\65e605872ed5d34210f5b33beb13f5a3.php 第 299 行.
INFO: Run Behavior\ParseTemplateBehavior [ RunTime:0.045003s ]
INFO: [ view_parse ] --END-- [ RunTime:0.045003s ]
INFO: [ view_filter ] --START--
INFO: Run Behavior\WriteHtmlCacheBehavior [ RunTime:0.001000s ]
INFO: [ view_filter ] --END-- [ RunTime:0.001000s ]
INFO: [ app_end ] --START--
INFO: Run Behavior\ShowPageTraceBehavior [ RunTime:0.001000s ]
INFO: [ app_end ] --END-- [ RunTime:0.001000s ]

[ 2018-12-14T10:54:14+08:00 ] 127.0.0.1 /kpan.php?m=Admin&c=Config&a=user
INFO: [ app_init ] --START--
INFO: Run Behavior\BuildLiteBehavior [ RunTime:0.000000s ]
INFO: [ app_init ] --END-- [ RunTime:0.001000s ]
INFO: [ app_begin ] --START--
INFO: Run Behavior\ReadHtmlCacheBehavior [ RunTime:0.002000s ]
INFO: [ app_begin ] --END-- [ RunTime:0.002000s ]
SQL: SHOW COLUMNS FROM `dd_config` [ RunTime:0.0220s ]
SQL: SELECT * FROM `dd_config`  [ RunTime:0.0010s ]
INFO: [ view_parse ] --START--
INFO: [ template_filter ] --START--
INFO: Run Behavior\ContentReplaceBehavior [ RunTime:0.000000s ]
INFO: [ template_filter ] --END-- [ RunTime:0.001001s ]
INFO: Run Behavior\ParseTemplateBehavior [ RunTime:0.045003s ]
INFO: [ view_parse ] --END-- [ RunTime:0.045003s ]
INFO: [ view_filter ] --START--
INFO: Run Behavior\WriteHtmlCacheBehavior [ RunTime:0.002000s ]
INFO: [ view_filter ] --END-- [ RunTime:0.002000s ]
INFO: [ app_end ] --START--
INFO: Run Behavior\ShowPageTraceBehavior [ RunTime:0.002000s ]
INFO: [ app_end ] --END-- [ RunTime:0.002000s ]

[ 2018-12-14T10:54:34+08:00 ] 127.0.0.1 /kpan.php?m=Admin&c=Config&a=user
INFO: [ app_init ] --START--
INFO: Run Behavior\BuildLiteBehavior [ RunTime:0.000000s ]
INFO: [ app_init ] --END-- [ RunTime:0.001000s ]
INFO: [ app_begin ] --START--
INFO: Run Behavior\ReadHtmlCacheBehavior [ RunTime:0.002000s ]
INFO: [ app_begin ] --END-- [ RunTime:0.002000s ]
SQL: SHOW COLUMNS FROM `dd_config` [ RunTime:0.0190s ]
SQL: SELECT * FROM `dd_config`  [ RunTime:0.0010s ]
INFO: [ view_parse ] --START--
INFO: [ template_filter ] --START--
INFO: Run Behavior\ContentReplaceBehavior [ RunTime:0.000000s ]
INFO: [ template_filter ] --END-- [ RunTime:0.000000s ]
INFO: Run Behavior\ParseTemplateBehavior [ RunTime:0.015001s ]
INFO: [ view_parse ] --END-- [ RunTime:0.015001s ]
INFO: [ view_filter ] --START--
INFO: Run Behavior\WriteHtmlCacheBehavior [ RunTime:0.001000s ]
INFO: [ view_filter ] --END-- [ RunTime:0.002000s ]

[ 2018-12-14T10:54:37+08:00 ] 127.0.0.1 /kpan.php?m=Admin&c=Config&a=user
INFO: [ app_init ] --START--
INFO: Run Behavior\BuildLiteBehavior [ RunTime:0.000000s ]
INFO: [ app_init ] --END-- [ RunTime:0.001000s ]
INFO: [ app_begin ] --START--
INFO: Run Behavior\ReadHtmlCacheBehavior [ RunTime:0.001000s ]
INFO: [ app_begin ] --END-- [ RunTime:0.001000s ]
SQL: SHOW COLUMNS FROM `dd_config` [ RunTime:0.0300s ]
SQL: SELECT * FROM `dd_config`  [ RunTime:0.0010s ]
INFO: [ view_parse ] --START--
INFO: [ template_filter ] --START--
INFO: Run Behavior\ContentReplaceBehavior [ RunTime:0.000000s ]
INFO: [ template_filter ] --END-- [ RunTime:0.000000s ]
INFO: Run Behavior\ParseTemplateBehavior [ RunTime:0.023001s ]
INFO: [ view_parse ] --END-- [ RunTime:0.024001s ]
INFO: [ view_filter ] --START--
INFO: Run Behavior\WriteHtmlCacheBehavior [ RunTime:0.001000s ]
INFO: [ view_filter ] --END-- [ RunTime:0.001000s ]
INFO: [ app_end ] --START--
INFO: Run Behavior\ShowPageTraceBehavior [ RunTime:0.002000s ]
INFO: [ app_end ] --END-- [ RunTime:0.003000s ]

[ 2018-12-14T10:54:45+08:00 ] 127.0.0.1 /kpan.php?m=Admin&c=Config&a=user
INFO: [ app_init ] --START--
INFO: Run Behavior\BuildLiteBehavior [ RunTime:0.000000s ]
INFO: [ app_init ] --END-- [ RunTime:0.001000s ]
INFO: [ app_begin ] --START--
INFO: Run Behavior\ReadHtmlCacheBehavior [ RunTime:0.002000s ]
INFO: [ app_begin ] --END-- [ RunTime:0.002000s ]
SQL: SHOW COLUMNS FROM `dd_config` [ RunTime:0.0190s ]
SQL: SELECT * FROM `dd_config`  [ RunTime:0.0010s ]
SQL: UPDATE `dd_config` SET `value`='a:2:{s:4:\"name\";s:6:\"wap213\";s:4:\"pass\";s:32:\"97dfe7ed8597422b3d33eac940483002\";}' WHERE `name` = 'user' [ RunTime:0.0020s ]
INFO: [ view_parse ] --START--
INFO: [ template_filter ] --START--
INFO: Run Behavior\ContentReplaceBehavior [ RunTime:0.000000s ]
INFO: [ template_filter ] --END-- [ RunTime:0.000000s ]
INFO: Run Behavior\ParseTemplateBehavior [ RunTime:0.013000s ]
INFO: [ view_parse ] --END-- [ RunTime:0.013000s ]
INFO: [ view_filter ] --START--
INFO: Run Behavior\WriteHtmlCacheBehavior [ RunTime:0.002000s ]
INFO: [ view_filter ] --END-- [ RunTime:0.002000s ]

[ 2018-12-14T10:54:46+08:00 ] 127.0.0.1 /kpan.php?m=Admin&c=Config&a=user
INFO: [ app_init ] --START--
INFO: Run Behavior\BuildLiteBehavior [ RunTime:0.000000s ]
INFO: [ app_init ] --END-- [ RunTime:0.001000s ]
INFO: [ app_begin ] --START--
INFO: Run Behavior\ReadHtmlCacheBehavior [ RunTime:0.002000s ]
INFO: [ app_begin ] --END-- [ RunTime:0.002000s ]
SQL: SHOW COLUMNS FROM `dd_config` [ RunTime:0.0200s ]
SQL: SELECT * FROM `dd_config`  [ RunTime:0.0010s ]
INFO: [ view_parse ] --START--
INFO: [ template_filter ] --START--
INFO: Run Behavior\ContentReplaceBehavior [ RunTime:0.001000s ]
INFO: [ template_filter ] --END-- [ RunTime:0.001000s ]
INFO: Run Behavior\ParseTemplateBehavior [ RunTime:0.018001s ]
INFO: [ view_parse ] --END-- [ RunTime:0.019001s ]
INFO: [ view_filter ] --START--
INFO: Run Behavior\WriteHtmlCacheBehavior [ RunTime:0.001000s ]
INFO: [ view_filter ] --END-- [ RunTime:0.001000s ]
INFO: [ app_end ] --START--
INFO: Run Behavior\ShowPageTraceBehavior [ RunTime:0.002000s ]
INFO: [ app_end ] --END-- [ RunTime:0.002000s ]

[ 2018-12-14T10:54:49+08:00 ] 127.0.0.1 /kpan.php?m=Admin&c=Config&a=user
INFO: [ app_init ] --START--
INFO: Run Behavior\BuildLiteBehavior [ RunTime:0.000000s ]
INFO: [ app_init ] --END-- [ RunTime:0.001000s ]
INFO: [ app_begin ] --START--
INFO: Run Behavior\ReadHtmlCacheBehavior [ RunTime:0.002000s ]
INFO: [ app_begin ] --END-- [ RunTime:0.002000s ]
SQL: SHOW COLUMNS FROM `dd_config` [ RunTime:0.0250s ]
SQL: SELECT * FROM `dd_config`  [ RunTime:0.0010s ]
INFO: [ view_parse ] --START--
INFO: [ template_filter ] --START--
INFO: Run Behavior\ContentReplaceBehavior [ RunTime:0.000000s ]
INFO: [ template_filter ] --END-- [ RunTime:0.000000s ]
INFO: Run Behavior\ParseTemplateBehavior [ RunTime:0.021001s ]
INFO: [ view_parse ] --END-- [ RunTime:0.021001s ]
INFO: [ view_filter ] --START--
INFO: Run Behavior\WriteHtmlCacheBehavior [ RunTime:0.001000s ]
INFO: [ view_filter ] --END-- [ RunTime:0.001000s ]
INFO: [ app_end ] --START--
INFO: Run Behavior\ShowPageTraceBehavior [ RunTime:0.002000s ]
INFO: [ app_end ] --END-- [ RunTime:0.003000s ]

[ 2018-12-14T10:54:51+08:00 ] 127.0.0.1 /kpan.php?m=Admin&c=Config&a=web_site
INFO: [ app_init ] --START--
INFO: Run Behavior\BuildLiteBehavior [ RunTime:0.000000s ]
INFO: [ app_init ] --END-- [ RunTime:0.001000s ]
INFO: [ app_begin ] --START--
INFO: Run Behavior\ReadHtmlCacheBehavior [ RunTime:0.001000s ]
INFO: [ app_begin ] --END-- [ RunTime:0.001000s ]
SQL: SHOW COLUMNS FROM `dd_config` [ RunTime:0.0200s ]
SQL: SELECT * FROM `dd_config`  [ RunTime:0.0010s ]
INFO: [ view_parse ] --START--
INFO: [ template_filter ] --START--
INFO: Run Behavior\ContentReplaceBehavior [ RunTime:0.000000s ]
INFO: [ template_filter ] --END-- [ RunTime:0.001000s ]
NOTIC: [8] Undefined index: kaijaing F:\project\www.dazhuanpan.com\Application\Runtime\Cache\Admin\8afb3603cddc1830dd83eeb6cd890006.php 第 271 行.
NOTIC: [8] Undefined index: subscribe F:\project\www.dazhuanpan.com\Application\Runtime\Cache\Admin\8afb3603cddc1830dd83eeb6cd890006.php 第 295 行.
INFO: Run Behavior\ParseTemplateBehavior [ RunTime:0.021001s ]
INFO: [ view_parse ] --END-- [ RunTime:0.021001s ]
INFO: [ view_filter ] --START--
INFO: Run Behavior\WriteHtmlCacheBehavior [ RunTime:0.002000s ]
INFO: [ view_filter ] --END-- [ RunTime:0.002000s ]
INFO: [ app_end ] --START--
INFO: Run Behavior\ShowPageTraceBehavior [ RunTime:0.002000s ]
INFO: [ app_end ] --END-- [ RunTime:0.002000s ]

[ 2018-12-14T10:54:53+08:00 ] 127.0.0.1 /kpan.php?m=Admin&c=Admin&a=welcome
INFO: [ app_init ] --START--
INFO: Run Behavior\BuildLiteBehavior [ RunTime:0.000000s ]
INFO: [ app_init ] --END-- [ RunTime:0.001000s ]
INFO: [ app_begin ] --START--
INFO: Run Behavior\ReadHtmlCacheBehavior [ RunTime:0.002000s ]
INFO: [ app_begin ] --END-- [ RunTime:0.002000s ]
SQL: SHOW COLUMNS FROM `dd_config` [ RunTime:0.0200s ]
SQL: SELECT * FROM `dd_config`  [ RunTime:0.0010s ]
SQL: SHOW COLUMNS FROM `dd_user` [ RunTime:0.0240s ]
SQL: SELECT COUNT(*) AS tp_count FROM `dd_user` WHERE ( `sub_time` >= 1544716800 AND `sub_time` <= 1544803199  ) LIMIT 1   [ RunTime:0.0020s ]
SQL: SELECT COUNT(*) AS tp_count FROM `dd_user` LIMIT 1   [ RunTime:0.0010s ]
SQL: SHOW COLUMNS FROM `dd_pay_record` [ RunTime:0.0230s ]
SQL: SELECT SUM(total_fee) AS tp_sum FROM `dd_pay_record` WHERE ( `ctime` >= 1544716800 AND `ctime` <= 1544803199  ) LIMIT 1   [ RunTime:0.0010s ]
SQL: SELECT SUM(total_fee) AS tp_sum FROM `dd_pay_record` LIMIT 1   [ RunTime:0.0010s ]
SQL: SHOW COLUMNS FROM `dd_withdraw_log` [ RunTime:0.0280s ]
SQL: SELECT SUM(money) AS tp_sum FROM `dd_withdraw_log` WHERE `status` = 1 AND ( `create_time` >= 1544716800 AND `create_time` <= 1544803199  ) LIMIT 1   [ RunTime:0.0010s ]
SQL: SELECT SUM(money) AS tp_sum FROM `dd_withdraw_log` WHERE `status` = 1 LIMIT 1   [ RunTime:0.0010s ]
NOTIC: [8] Undefined index: out_total_all F:\project\www.dazhuanpan.com\Application\Admin\Controller\AdminController.class.php 第 90 行.
SQL: SELECT SUM(money) AS tp_sum FROM `dd_user` LIMIT 1   [ RunTime:0.0020s ]
SQL: SHOW COLUMNS FROM `dd_charge_log` [ RunTime:0.0240s ]
SQL: SELECT SUM(money) AS tp_sum FROM `dd_charge_log` WHERE `status` = 1 LIMIT 1   [ RunTime:0.0010s ]
SQL: SELECT SUM(money) AS tp_sum FROM `dd_charge_log` WHERE ( `create_time` >= 1544630400 AND `create_time` <= 1544716799  ) AND `status` = 1 LIMIT 1   [ RunTime:0.0000s ]
SQL: SELECT SUM(money) AS tp_sum FROM `dd_charge_log` WHERE ( `create_time` >= 1544544000 AND `create_time` <= 1544630399  ) AND `status` = 1 LIMIT 1   [ RunTime:0.0010s ]
SQL: SHOW COLUMNS FROM `dd_buylog` [ RunTime:0.0260s ]
SQL: SELECT SUM(yingmoney) AS tp_sum FROM `dd_buylog` WHERE `yingmoney` > 0 AND ( `starttime` >= 1544716800 AND `starttime` <= 1544803199  ) LIMIT 1   [ RunTime:0.0010s ]
SQL: SHOW COLUMNS FROM `dd_expense` [ RunTime:0.0240s ]
SQL: SELECT SUM(money) AS tp_sum FROM `dd_expense` WHERE ( `create_time` >= 1544716800 AND `create_time` <= 1544803199  ) LIMIT 1   [ RunTime:0.0010s ]
SQL: SELECT SUM(money) AS tp_sum FROM `dd_expense` WHERE ( `create_time` >= 1544630400 AND `create_time` <= 1544716799  ) LIMIT 1   [ RunTime:0.0010s ]
SQL: SELECT SUM(money) AS tp_sum FROM `dd_withdraw_log` WHERE `status` = 1 AND ( `create_time` >= 1544716800 AND `create_time` <= 1544803199  ) LIMIT 1   [ RunTime:0.0010s ]
SQL: SELECT SUM(money) AS tp_sum FROM `dd_withdraw_log` WHERE `status` = 1 LIMIT 1   [ RunTime:0.0010s ]
SQL: SELECT SUM(money) AS tp_sum FROM `dd_withdraw_log` WHERE `status` = 1 AND ( `create_time` >= 1544630400 AND `create_time` <= 1544716799  ) LIMIT 1   [ RunTime:0.0010s ]
SQL: SELECT SUM(money) AS tp_sum FROM `dd_withdraw_log` WHERE `status` = 1 AND ( `create_time` >= 1544544000 AND `create_time` <= 1544630399  ) LIMIT 1   [ RunTime:0.0000s ]
SQL: SHOW COLUMNS FROM `dd_zhuan` [ RunTime:0.0220s ]
SQL: SELECT SUM(money) AS tp_sum FROM `dd_zhuan` WHERE ( `addtime` >= 1544716800 AND `addtime` <= 1544803199  ) LIMIT 1   [ RunTime:0.0010s ]
SQL: SELECT SUM(ying) AS tp_sum FROM `dd_zhuan` WHERE ( `addtime` >= 1544716800 AND `addtime` <= 1544803199  ) LIMIT 1   [ RunTime:0.0010s ]
SQL: SELECT SUM(money) AS tp_sum FROM `dd_zhuan` WHERE ( `addtime` >= 1543593600 AND `addtime` <= 1546271999  ) LIMIT 1   [ RunTime:0.0010s ]
SQL: SELECT SUM(ying) AS tp_sum FROM `dd_zhuan` WHERE ( `addtime` >= 1543593600 AND `addtime` <= 1546271999  ) LIMIT 1   [ RunTime:0.0010s ]
SQL: SELECT SUM(money) AS tp_sum FROM `dd_zhuan` WHERE ( `addtime` >= 1544630400 AND `addtime` <= 1544716799  ) LIMIT 1   [ RunTime:0.0010s ]
SQL: SELECT SUM(ying) AS tp_sum FROM `dd_zhuan` WHERE ( `addtime` >= 1544630400 AND `addtime` <= 1544716799  ) LIMIT 1   [ RunTime:0.0000s ]
SQL: SELECT SUM(money) AS tp_sum FROM `dd_zhuan` WHERE ( `addtime` >= 1544630400 AND `addtime` <= 1544630399  ) LIMIT 1   [ RunTime:0.0010s ]
SQL: SELECT SUM(ying) AS tp_sum FROM `dd_zhuan` WHERE ( `addtime` >= 1544630400 AND `addtime` <= 1544630399  ) LIMIT 1   [ RunTime:0.0010s ]
SQL: SELECT SUM(money) AS tp_sum FROM `dd_zhuan` LIMIT 1   [ RunTime:0.0010s ]
SQL: SELECT SUM(ying) AS tp_sum FROM `dd_zhuan` LIMIT 1   [ RunTime:0.0010s ]
SQL: SHOW COLUMNS FROM `dd_wxpay_log` [ RunTime:0.0250s ]
SQL: SELECT SUM(total_fee) AS tp_sum FROM `dd_wxpay_log` WHERE ( `log_time` >= 1543593600 AND `log_time` <= 1546271999  ) LIMIT 1   [ RunTime:0.0010s ]
SQL: SELECT SUM(yingmoney) AS tp_sum FROM `dd_buylog` WHERE `yingmoney` > 0 AND ( `starttime` >= 1543593600 AND `starttime` <= 1546271999  ) LIMIT 1   [ RunTime:0.0010s ]
SQL: SELECT SUM(money) AS tp_sum FROM `dd_expense` WHERE ( `create_time` >= 1543593600 AND `create_time` <= 1546271999  ) LIMIT 1   [ RunTime:0.0010s ]
SQL: SELECT SUM(money) AS tp_sum FROM `dd_withdraw_log` WHERE `status` = 1 AND ( `create_time` >= 1543593600 AND `create_time` <= 1546271999  ) LIMIT 1   [ RunTime:0.0010s ]
SQL: SELECT SUM(total_fee) AS tp_sum FROM `dd_wxpay_log` LIMIT 1   [ RunTime:0.0010s ]
SQL: SELECT SUM(yingmoney) AS tp_sum FROM `dd_buylog` WHERE `yingmoney` > 0 LIMIT 1   [ RunTime:0.0010s ]
SQL: SELECT SUM(money) AS tp_sum FROM `dd_expense` LIMIT 1   [ RunTime:0.0010s ]
SQL: SELECT SUM(money) AS tp_sum FROM `dd_withdraw_log` WHERE `status` = 1 LIMIT 1   [ RunTime:0.0010s ]
INFO: [ view_parse ] --START--
INFO: [ template_filter ] --START--
INFO: Run Behavior\ContentReplaceBehavior [ RunTime:0.000000s ]
INFO: [ template_filter ] --END-- [ RunTime:0.000000s ]
NOTIC: [2] Division by zero F:\project\www.dazhuanpan.com\Application\Runtime\Cache\Admin\3fa9f2e830eaac62a7df4990979ab90d.php 第 324 行.
NOTIC: [2] Division by zero F:\project\www.dazhuanpan.com\Application\Runtime\Cache\Admin\3fa9f2e830eaac62a7df4990979ab90d.php 第 359 行.
NOTIC: [8] Undefined variable: qian_win_ext F:\project\www.dazhuanpan.com\Application\Runtime\Cache\Admin\3fa9f2e830eaac62a7df4990979ab90d.php 第 383 行.
NOTIC: [8] Undefined variable: qian_win_ext F:\project\www.dazhuanpan.com\Application\Runtime\Cache\Admin\3fa9f2e830eaac62a7df4990979ab90d.php 第 383 行.
NOTIC: [8] Undefined variable: qian_win_ext F:\project\www.dazhuanpan.com\Application\Runtime\Cache\Admin\3fa9f2e830eaac62a7df4990979ab90d.php 第 390 行.
NOTIC: [8] Undefined variable: qian_win_ext F:\project\www.dazhuanpan.com\Application\Runtime\Cache\Admin\3fa9f2e830eaac62a7df4990979ab90d.php 第 395 行.
NOTIC: [2] Division by zero F:\project\www.dazhuanpan.com\Application\Runtime\Cache\Admin\3fa9f2e830eaac62a7df4990979ab90d.php 第 395 行.
NOTIC: [2] Division by zero F:\project\www.dazhuanpan.com\Application\Runtime\Cache\Admin\3fa9f2e830eaac62a7df4990979ab90d.php 第 433 行.
NOTIC: [2] Division by zero F:\project\www.dazhuanpan.com\Application\Runtime\Cache\Admin\3fa9f2e830eaac62a7df4990979ab90d.php 第 469 行.
INFO: Run Behavior\ParseTemplateBehavior [ RunTime:0.024001s ]
INFO: [ view_parse ] --END-- [ RunTime:0.025001s ]
INFO: [ view_filter ] --START--
INFO: Run Behavior\WriteHtmlCacheBehavior [ RunTime:0.001000s ]
INFO: [ view_filter ] --END-- [ RunTime:0.001000s ]
INFO: [ app_end ] --START--
INFO: Run Behavior\ShowPageTraceBehavior [ RunTime:0.001000s ]
INFO: [ app_end ] --END-- [ RunTime:0.001000s ]

[ 2018-12-14T10:54:56+08:00 ] 127.0.0.1 /kpan.php?m=Admin&c=Admin&a=clear_cache
INFO: [ app_init ] --START--
INFO: Run Behavior\BuildLiteBehavior [ RunTime:0.000000s ]
INFO: [ app_init ] --END-- [ RunTime:0.001000s ]
INFO: [ app_begin ] --START--
INFO: Run Behavior\ReadHtmlCacheBehavior [ RunTime:0.001000s ]
INFO: [ app_begin ] --END-- [ RunTime:0.001000s ]
SQL: SHOW COLUMNS FROM `dd_config` [ RunTime:0.0200s ]
SQL: SELECT * FROM `dd_config`  [ RunTime:0.0010s ]
NOTIC: [2] unlink(./Application/Runtime/Temp/1c793bf2a64a8b97606dd6f352646fcb.php): No such file or directory F:\project\www.dazhuanpan.com\#DFrame\Library\Think\Cache\Driver\File.class.php 第 313 行.
INFO: [ view_parse ] --START--
INFO: [ template_filter ] --START--
INFO: Run Behavior\ContentReplaceBehavior [ RunTime:0.000000s ]
INFO: [ template_filter ] --END-- [ RunTime:0.000000s ]
INFO: Run Behavior\ParseTemplateBehavior [ RunTime:0.016001s ]
INFO: [ view_parse ] --END-- [ RunTime:0.016001s ]
INFO: [ view_filter ] --START--
INFO: Run Behavior\WriteHtmlCacheBehavior [ RunTime:0.001000s ]
INFO: [ view_filter ] --END-- [ RunTime:0.001000s ]
INFO: [ app_end ] --START--
INFO: Run Behavior\ShowPageTraceBehavior [ RunTime:0.003000s ]
INFO: [ app_end ] --END-- [ RunTime:0.003000s ]

[ 2018-12-14T10:54:58+08:00 ] 127.0.0.1 /kpan.php?m=Admin&c=Admin&a=welcome
INFO: [ app_init ] --START--
INFO: Run Behavior\BuildLiteBehavior [ RunTime:0.000000s ]
INFO: [ app_init ] --END-- [ RunTime:0.001000s ]
INFO: [ app_begin ] --START--
INFO: Run Behavior\ReadHtmlCacheBehavior [ RunTime:0.002000s ]
INFO: [ app_begin ] --END-- [ RunTime:0.002000s ]
SQL: SHOW COLUMNS FROM `dd_config` [ RunTime:0.0230s ]
SQL: SELECT * FROM `dd_config`  [ RunTime:0.0010s ]
SQL: SHOW COLUMNS FROM `dd_user` [ RunTime:0.0240s ]
SQL: SELECT COUNT(*) AS tp_count FROM `dd_user` WHERE ( `sub_time` >= 1544716800 AND `sub_time` <= 1544803199  ) LIMIT 1   [ RunTime:0.0010s ]
SQL: SELECT COUNT(*) AS tp_count FROM `dd_user` LIMIT 1   [ RunTime:0.0010s ]
SQL: SHOW COLUMNS FROM `dd_pay_record` [ RunTime:0.0220s ]
SQL: SELECT SUM(total_fee) AS tp_sum FROM `dd_pay_record` WHERE ( `ctime` >= 1544716800 AND `ctime` <= 1544803199  ) LIMIT 1   [ RunTime:0.0010s ]
SQL: SELECT SUM(total_fee) AS tp_sum FROM `dd_pay_record` LIMIT 1   [ RunTime:0.0010s ]
SQL: SHOW COLUMNS FROM `dd_withdraw_log` [ RunTime:0.0220s ]
SQL: SELECT SUM(money) AS tp_sum FROM `dd_withdraw_log` WHERE `status` = 1 AND ( `create_time` >= 1544716800 AND `create_time` <= 1544803199  ) LIMIT 1   [ RunTime:0.0000s ]
SQL: SELECT SUM(money) AS tp_sum FROM `dd_withdraw_log` WHERE `status` = 1 LIMIT 1   [ RunTime:0.0010s ]
NOTIC: [8] Undefined index: out_total_all F:\project\www.dazhuanpan.com\Application\Admin\Controller\AdminController.class.php 第 90 行.
SQL: SELECT SUM(money) AS tp_sum FROM `dd_user` LIMIT 1   [ RunTime:0.0010s ]
SQL: SHOW COLUMNS FROM `dd_charge_log` [ RunTime:0.0210s ]
SQL: SELECT SUM(money) AS tp_sum FROM `dd_charge_log` WHERE `status` = 1 LIMIT 1   [ RunTime:0.0010s ]
SQL: SELECT SUM(money) AS tp_sum FROM `dd_charge_log` WHERE ( `create_time` >= 1544630400 AND `create_time` <= 1544716799  ) AND `status` = 1 LIMIT 1   [ RunTime:0.0010s ]
SQL: SELECT SUM(money) AS tp_sum FROM `dd_charge_log` WHERE ( `create_time` >= 1544544000 AND `create_time` <= 1544630399  ) AND `status` = 1 LIMIT 1   [ RunTime:0.0020s ]
SQL: SHOW COLUMNS FROM `dd_buylog` [ RunTime:0.0230s ]
SQL: SELECT SUM(yingmoney) AS tp_sum FROM `dd_buylog` WHERE `yingmoney` > 0 AND ( `starttime` >= 1544716800 AND `starttime` <= 1544803199  ) LIMIT 1   [ RunTime:0.0010s ]
SQL: SHOW COLUMNS FROM `dd_expense` [ RunTime:0.0210s ]
SQL: SELECT SUM(money) AS tp_sum FROM `dd_expense` WHERE ( `create_time` >= 1544716800 AND `create_time` <= 1544803199  ) LIMIT 1   [ RunTime:0.0010s ]
SQL: SELECT SUM(money) AS tp_sum FROM `dd_expense` WHERE ( `create_time` >= 1544630400 AND `create_time` <= 1544716799  ) LIMIT 1   [ RunTime:0.0010s ]
SQL: SELECT SUM(money) AS tp_sum FROM `dd_withdraw_log` WHERE `status` = 1 AND ( `create_time` >= 1544716800 AND `create_time` <= 1544803199  ) LIMIT 1   [ RunTime:0.0010s ]
SQL: SELECT SUM(money) AS tp_sum FROM `dd_withdraw_log` WHERE `status` = 1 LIMIT 1   [ RunTime:0.0010s ]
SQL: SELECT SUM(money) AS tp_sum FROM `dd_withdraw_log` WHERE `status` = 1 AND ( `create_time` >= 1544630400 AND `create_time` <= 1544716799  ) LIMIT 1   [ RunTime:0.0010s ]
SQL: SELECT SUM(money) AS tp_sum FROM `dd_withdraw_log` WHERE `status` = 1 AND ( `create_time` >= 1544544000 AND `create_time` <= 1544630399  ) LIMIT 1   [ RunTime:0.0010s ]
SQL: SHOW COLUMNS FROM `dd_zhuan` [ RunTime:0.0210s ]
SQL: SELECT SUM(money) AS tp_sum FROM `dd_zhuan` WHERE ( `addtime` >= 1544716800 AND `addtime` <= 1544803199  ) LIMIT 1   [ RunTime:0.0010s ]
SQL: SELECT SUM(ying) AS tp_sum FROM `dd_zhuan` WHERE ( `addtime` >= 1544716800 AND `addtime` <= 1544803199  ) LIMIT 1   [ RunTime:0.0010s ]
SQL: SELECT SUM(money) AS tp_sum FROM `dd_zhuan` WHERE ( `addtime` >= 1543593600 AND `addtime` <= 1546271999  ) LIMIT 1   [ RunTime:0.0010s ]
SQL: SELECT SUM(ying) AS tp_sum FROM `dd_zhuan` WHERE ( `addtime` >= 1543593600 AND `addtime` <= 1546271999  ) LIMIT 1   [ RunTime:0.0000s ]
SQL: SELECT SUM(money) AS tp_sum FROM `dd_zhuan` WHERE ( `addtime` >= 1544630400 AND `addtime` <= 1544716799  ) LIMIT 1   [ RunTime:0.0010s ]
SQL: SELECT SUM(ying) AS tp_sum FROM `dd_zhuan` WHERE ( `addtime` >= 1544630400 AND `addtime` <= 1544716799  ) LIMIT 1   [ RunTime:0.0010s ]
SQL: SELECT SUM(money) AS tp_sum FROM `dd_zhuan` WHERE ( `addtime` >= 1544630400 AND `addtime` <= 1544630399  ) LIMIT 1   [ RunTime:0.0010s ]
SQL: SELECT SUM(ying) AS tp_sum FROM `dd_zhuan` WHERE ( `addtime` >= 1544630400 AND `addtime` <= 1544630399  ) LIMIT 1   [ RunTime:0.0020s ]
SQL: SELECT SUM(money) AS tp_sum FROM `dd_zhuan` LIMIT 1   [ RunTime:0.0010s ]
SQL: SELECT SUM(ying) AS tp_sum FROM `dd_zhuan` LIMIT 1   [ RunTime:0.0000s ]
SQL: SHOW COLUMNS FROM `dd_wxpay_log` [ RunTime:0.0220s ]
SQL: SELECT SUM(total_fee) AS tp_sum FROM `dd_wxpay_log` WHERE ( `log_time` >= 1543593600 AND `log_time` <= 1546271999  ) LIMIT 1   [ RunTime:0.0010s ]
SQL: SELECT SUM(yingmoney) AS tp_sum FROM `dd_buylog` WHERE `yingmoney` > 0 AND ( `starttime` >= 1543593600 AND `starttime` <= 1546271999  ) LIMIT 1   [ RunTime:0.0010s ]
SQL: SELECT SUM(money) AS tp_sum FROM `dd_expense` WHERE ( `create_time` >= 1543593600 AND `create_time` <= 1546271999  ) LIMIT 1   [ RunTime:0.0010s ]
SQL: SELECT SUM(money) AS tp_sum FROM `dd_withdraw_log` WHERE `status` = 1 AND ( `create_time` >= 1543593600 AND `create_time` <= 1546271999  ) LIMIT 1   [ RunTime:0.0000s ]
SQL: SELECT SUM(total_fee) AS tp_sum FROM `dd_wxpay_log` LIMIT 1   [ RunTime:0.0010s ]
SQL: SELECT SUM(yingmoney) AS tp_sum FROM `dd_buylog` WHERE `yingmoney` > 0 LIMIT 1   [ RunTime:0.0010s ]
SQL: SELECT SUM(money) AS tp_sum FROM `dd_expense` LIMIT 1   [ RunTime:0.0010s ]
SQL: SELECT SUM(money) AS tp_sum FROM `dd_withdraw_log` WHERE `status` = 1 LIMIT 1   [ RunTime:0.0010s ]
INFO: [ view_parse ] --START--
INFO: [ template_filter ] --START--
INFO: Run Behavior\ContentReplaceBehavior [ RunTime:0.000000s ]
INFO: [ template_filter ] --END-- [ RunTime:0.000000s ]
NOTIC: [2] Division by zero F:\project\www.dazhuanpan.com\Application\Runtime\Cache\Admin\3fa9f2e830eaac62a7df4990979ab90d.php 第 324 行.
NOTIC: [2] Division by zero F:\project\www.dazhuanpan.com\Application\Runtime\Cache\Admin\3fa9f2e830eaac62a7df4990979ab90d.php 第 359 行.
NOTIC: [8] Undefined variable: qian_win_ext F:\project\www.dazhuanpan.com\Application\Runtime\Cache\Admin\3fa9f2e830eaac62a7df4990979ab90d.php 第 383 行.
NOTIC: [8] Undefined variable: qian_win_ext F:\project\www.dazhuanpan.com\Application\Runtime\Cache\Admin\3fa9f2e830eaac62a7df4990979ab90d.php 第 383 行.
NOTIC: [8] Undefined variable: qian_win_ext F:\project\www.dazhuanpan.com\Application\Runtime\Cache\Admin\3fa9f2e830eaac62a7df4990979ab90d.php 第 390 行.
NOTIC: [8] Undefined variable: qian_win_ext F:\project\www.dazhuanpan.com\Application\Runtime\Cache\Admin\3fa9f2e830eaac62a7df4990979ab90d.php 第 395 行.
NOTIC: [2] Division by zero F:\project\www.dazhuanpan.com\Application\Runtime\Cache\Admin\3fa9f2e830eaac62a7df4990979ab90d.php 第 395 行.
NOTIC: [2] Division by zero F:\project\www.dazhuanpan.com\Application\Runtime\Cache\Admin\3fa9f2e830eaac62a7df4990979ab90d.php 第 433 行.
NOTIC: [2] Division by zero F:\project\www.dazhuanpan.com\Application\Runtime\Cache\Admin\3fa9f2e830eaac62a7df4990979ab90d.php 第 469 行.
INFO: Run Behavior\ParseTemplateBehavior [ RunTime:0.025001s ]
INFO: [ view_parse ] --END-- [ RunTime:0.025001s ]
INFO: [ view_filter ] --START--
INFO: Run Behavior\WriteHtmlCacheBehavior [ RunTime:0.001000s ]
INFO: [ view_filter ] --END-- [ RunTime:0.001000s ]
INFO: [ app_end ] --START--
INFO: Run Behavior\ShowPageTraceBehavior [ RunTime:0.002000s ]
INFO: [ app_end ] --END-- [ RunTime:0.002000s ]

[ 2018-12-14T10:55:01+08:00 ] 127.0.0.1 /kpan.php?m=Admin&c=Index&a=logout
INFO: [ app_init ] --START--
INFO: Run Behavior\BuildLiteBehavior [ RunTime:0.000000s ]
INFO: [ app_init ] --END-- [ RunTime:0.002000s ]
INFO: [ app_begin ] --START--
INFO: Run Behavior\ReadHtmlCacheBehavior [ RunTime:0.002000s ]
INFO: [ app_begin ] --END-- [ RunTime:0.002000s ]
SQL: SHOW COLUMNS FROM `dd_config` [ RunTime:0.0200s ]
SQL: SELECT * FROM `dd_config`  [ RunTime:0.0010s ]

[ 2018-12-14T10:55:01+08:00 ] 127.0.0.1 /kpan.php?m=Admin&c=Index&a=login
INFO: [ app_init ] --START--
INFO: Run Behavior\BuildLiteBehavior [ RunTime:0.000000s ]
INFO: [ app_init ] --END-- [ RunTime:0.001000s ]
INFO: [ app_begin ] --START--
INFO: Run Behavior\ReadHtmlCacheBehavior [ RunTime:0.002001s ]
INFO: [ app_begin ] --END-- [ RunTime:0.002001s ]
SQL: SHOW COLUMNS FROM `dd_config` [ RunTime:0.0230s ]
SQL: SELECT * FROM `dd_config`  [ RunTime:0.0010s ]
INFO: [ view_parse ] --START--
INFO: [ template_filter ] --START--
INFO: Run Behavior\ContentReplaceBehavior [ RunTime:0.000000s ]
INFO: [ template_filter ] --END-- [ RunTime:0.001000s ]
NOTIC: [8] Undefined index: name F:\project\www.dazhuanpan.com\Application\Runtime\Cache\Admin\041185b974292283d2f6098acc3220ec.php 第 13 行.
NOTIC: [8] Undefined index: name F:\project\www.dazhuanpan.com\Application\Runtime\Cache\Admin\041185b974292283d2f6098acc3220ec.php 第 63 行.
INFO: Run Behavior\ParseTemplateBehavior [ RunTime:0.016001s ]
INFO: [ view_parse ] --END-- [ RunTime:0.016001s ]
INFO: [ view_filter ] --START--
INFO: Run Behavior\WriteHtmlCacheBehavior [ RunTime:0.001000s ]
INFO: [ view_filter ] --END-- [ RunTime:0.001000s ]
INFO: [ app_end ] --START--
INFO: Run Behavior\ShowPageTraceBehavior [ RunTime:0.002000s ]
INFO: [ app_end ] --END-- [ RunTime:0.002000s ]

[ 2018-12-14T10:55:02+08:00 ] 127.0.0.1 /kpan.php?m=Admin&c=Index&a=login
INFO: [ app_init ] --START--
INFO: Run Behavior\BuildLiteBehavior [ RunTime:0.000000s ]
INFO: [ app_init ] --END-- [ RunTime:0.001000s ]
INFO: [ app_begin ] --START--
INFO: Run Behavior\ReadHtmlCacheBehavior [ RunTime:0.002000s ]
INFO: [ app_begin ] --END-- [ RunTime:0.002000s ]
SQL: SHOW COLUMNS FROM `dd_config` [ RunTime:0.0200s ]
SQL: SELECT * FROM `dd_config`  [ RunTime:0.0010s ]

[ 2018-12-14T10:55:03+08:00 ] 127.0.0.1 /kpan.php?m=Admin&c=Admin&a=welcome
INFO: [ app_init ] --START--
INFO: Run Behavior\BuildLiteBehavior [ RunTime:0.000000s ]
INFO: [ app_init ] --END-- [ RunTime:0.001000s ]
INFO: [ app_begin ] --START--
INFO: Run Behavior\ReadHtmlCacheBehavior [ RunTime:0.001000s ]
INFO: [ app_begin ] --END-- [ RunTime:0.001000s ]
SQL: SHOW COLUMNS FROM `dd_config` [ RunTime:0.0200s ]
SQL: SELECT * FROM `dd_config`  [ RunTime:0.0010s ]
SQL: SHOW COLUMNS FROM `dd_user` [ RunTime:0.0210s ]
SQL: SELECT COUNT(*) AS tp_count FROM `dd_user` WHERE ( `sub_time` >= 1544716800 AND `sub_time` <= 1544803199  ) LIMIT 1   [ RunTime:0.0010s ]
SQL: SELECT COUNT(*) AS tp_count FROM `dd_user` LIMIT 1   [ RunTime:0.0010s ]
SQL: SHOW COLUMNS FROM `dd_pay_record` [ RunTime:0.0190s ]
SQL: SELECT SUM(total_fee) AS tp_sum FROM `dd_pay_record` WHERE ( `ctime` >= 1544716800 AND `ctime` <= 1544803199  ) LIMIT 1   [ RunTime:0.0010s ]
SQL: SELECT SUM(total_fee) AS tp_sum FROM `dd_pay_record` LIMIT 1   [ RunTime:0.0010s ]
SQL: SHOW COLUMNS FROM `dd_withdraw_log` [ RunTime:0.0200s ]
SQL: SELECT SUM(money) AS tp_sum FROM `dd_withdraw_log` WHERE `status` = 1 AND ( `create_time` >= 1544716800 AND `create_time` <= 1544803199  ) LIMIT 1   [ RunTime:0.0010s ]
SQL: SELECT SUM(money) AS tp_sum FROM `dd_withdraw_log` WHERE `status` = 1 LIMIT 1   [ RunTime:0.0010s ]
NOTIC: [8] Undefined index: out_total_all F:\project\www.dazhuanpan.com\Application\Admin\Controller\AdminController.class.php 第 90 行.
SQL: SELECT SUM(money) AS tp_sum FROM `dd_user` LIMIT 1   [ RunTime:0.0010s ]
SQL: SHOW COLUMNS FROM `dd_charge_log` [ RunTime:0.0210s ]
SQL: SELECT SUM(money) AS tp_sum FROM `dd_charge_log` WHERE `status` = 1 LIMIT 1   [ RunTime:0.0000s ]
SQL: SELECT SUM(money) AS tp_sum FROM `dd_charge_log` WHERE ( `create_time` >= 1544630400 AND `create_time` <= 1544716799  ) AND `status` = 1 LIMIT 1   [ RunTime:0.0000s ]
SQL: SELECT SUM(money) AS tp_sum FROM `dd_charge_log` WHERE ( `create_time` >= 1544544000 AND `create_time` <= 1544630399  ) AND `status` = 1 LIMIT 1   [ RunTime:0.0010s ]
SQL: SHOW COLUMNS FROM `dd_buylog` [ RunTime:0.0200s ]
SQL: SELECT SUM(yingmoney) AS tp_sum FROM `dd_buylog` WHERE `yingmoney` > 0 AND ( `starttime` >= 1544716800 AND `starttime` <= 1544803199  ) LIMIT 1   [ RunTime:0.0010s ]
SQL: SHOW COLUMNS FROM `dd_expense` [ RunTime:0.0190s ]
SQL: SELECT SUM(money) AS tp_sum FROM `dd_expense` WHERE ( `create_time` >= 1544716800 AND `create_time` <= 1544803199  ) LIMIT 1   [ RunTime:0.0010s ]
SQL: SELECT SUM(money) AS tp_sum FROM `dd_expense` WHERE ( `create_time` >= 1544630400 AND `create_time` <= 1544716799  ) LIMIT 1   [ RunTime:0.0010s ]
SQL: SELECT SUM(money) AS tp_sum FROM `dd_withdraw_log` WHERE `status` = 1 AND ( `create_time` >= 1544716800 AND `create_time` <= 1544803199  ) LIMIT 1   [ RunTime:0.0010s ]
SQL: SELECT SUM(money) AS tp_sum FROM `dd_withdraw_log` WHERE `status` = 1 LIMIT 1   [ RunTime:0.0010s ]
SQL: SELECT SUM(money) AS tp_sum FROM `dd_withdraw_log` WHERE `status` = 1 AND ( `create_time` >= 1544630400 AND `create_time` <= 1544716799  ) LIMIT 1   [ RunTime:0.0000s ]
SQL: SELECT SUM(money) AS tp_sum FROM `dd_withdraw_log` WHERE `status` = 1 AND ( `create_time` >= 1544544000 AND `create_time` <= 1544630399  ) LIMIT 1   [ RunTime:0.0000s ]
SQL: SHOW COLUMNS FROM `dd_zhuan` [ RunTime:0.0200s ]
SQL: SELECT SUM(money) AS tp_sum FROM `dd_zhuan` WHERE ( `addtime` >= 1544716800 AND `addtime` <= 1544803199  ) LIMIT 1   [ RunTime:0.0010s ]
SQL: SELECT SUM(ying) AS tp_sum FROM `dd_zhuan` WHERE ( `addtime` >= 1544716800 AND `addtime` <= 1544803199  ) LIMIT 1   [ RunTime:0.0010s ]
SQL: SELECT SUM(money) AS tp_sum FROM `dd_zhuan` WHERE ( `addtime` >= 1543593600 AND `addtime` <= 1546271999  ) LIMIT 1   [ RunTime:0.0010s ]
SQL: SELECT SUM(ying) AS tp_sum FROM `dd_zhuan` WHERE ( `addtime` >= 1543593600 AND `addtime` <= 1546271999  ) LIMIT 1   [ RunTime:0.0010s ]
SQL: SELECT SUM(money) AS tp_sum FROM `dd_zhuan` WHERE ( `addtime` >= 1544630400 AND `addtime` <= 1544716799  ) LIMIT 1   [ RunTime:0.0010s ]
SQL: SELECT SUM(ying) AS tp_sum FROM `dd_zhuan` WHERE ( `addtime` >= 1544630400 AND `addtime` <= 1544716799  ) LIMIT 1   [ RunTime:0.0010s ]
SQL: SELECT SUM(money) AS tp_sum FROM `dd_zhuan` WHERE ( `addtime` >= 1544630400 AND `addtime` <= 1544630399  ) LIMIT 1   [ RunTime:0.0010s ]
SQL: SELECT SUM(ying) AS tp_sum FROM `dd_zhuan` WHERE ( `addtime` >= 1544630400 AND `addtime` <= 1544630399  ) LIMIT 1   [ RunTime:0.0010s ]
SQL: SELECT SUM(money) AS tp_sum FROM `dd_zhuan` LIMIT 1   [ RunTime:0.0010s ]
SQL: SELECT SUM(ying) AS tp_sum FROM `dd_zhuan` LIMIT 1   [ RunTime:0.0010s ]
SQL: SHOW COLUMNS FROM `dd_wxpay_log` [ RunTime:0.0230s ]
SQL: SELECT SUM(total_fee) AS tp_sum FROM `dd_wxpay_log` WHERE ( `log_time` >= 1543593600 AND `log_time` <= 1546271999  ) LIMIT 1   [ RunTime:0.0010s ]
SQL: SELECT SUM(yingmoney) AS tp_sum FROM `dd_buylog` WHERE `yingmoney` > 0 AND ( `starttime` >= 1543593600 AND `starttime` <= 1546271999  ) LIMIT 1   [ RunTime:0.0000s ]
SQL: SELECT SUM(money) AS tp_sum FROM `dd_expense` WHERE ( `create_time` >= 1543593600 AND `create_time` <= 1546271999  ) LIMIT 1   [ RunTime:0.0010s ]
SQL: SELECT SUM(money) AS tp_sum FROM `dd_withdraw_log` WHERE `status` = 1 AND ( `create_time` >= 1543593600 AND `create_time` <= 1546271999  ) LIMIT 1   [ RunTime:0.0010s ]
SQL: SELECT SUM(total_fee) AS tp_sum FROM `dd_wxpay_log` LIMIT 1   [ RunTime:0.0010s ]
SQL: SELECT SUM(yingmoney) AS tp_sum FROM `dd_buylog` WHERE `yingmoney` > 0 LIMIT 1   [ RunTime:0.0010s ]
SQL: SELECT SUM(money) AS tp_sum FROM `dd_expense` LIMIT 1   [ RunTime:0.0010s ]
SQL: SELECT SUM(money) AS tp_sum FROM `dd_withdraw_log` WHERE `status` = 1 LIMIT 1   [ RunTime:0.0010s ]
INFO: [ view_parse ] --START--
INFO: [ template_filter ] --START--
INFO: Run Behavior\ContentReplaceBehavior [ RunTime:0.000000s ]
INFO: [ template_filter ] --END-- [ RunTime:0.000000s ]
NOTIC: [2] Division by zero F:\project\www.dazhuanpan.com\Application\Runtime\Cache\Admin\3fa9f2e830eaac62a7df4990979ab90d.php 第 324 行.
NOTIC: [2] Division by zero F:\project\www.dazhuanpan.com\Application\Runtime\Cache\Admin\3fa9f2e830eaac62a7df4990979ab90d.php 第 359 行.
NOTIC: [8] Undefined variable: qian_win_ext F:\project\www.dazhuanpan.com\Application\Runtime\Cache\Admin\3fa9f2e830eaac62a7df4990979ab90d.php 第 383 行.
NOTIC: [8] Undefined variable: qian_win_ext F:\project\www.dazhuanpan.com\Application\Runtime\Cache\Admin\3fa9f2e830eaac62a7df4990979ab90d.php 第 383 行.
NOTIC: [8] Undefined variable: qian_win_ext F:\project\www.dazhuanpan.com\Application\Runtime\Cache\Admin\3fa9f2e830eaac62a7df4990979ab90d.php 第 390 行.
NOTIC: [8] Undefined variable: qian_win_ext F:\project\www.dazhuanpan.com\Application\Runtime\Cache\Admin\3fa9f2e830eaac62a7df4990979ab90d.php 第 395 行.
NOTIC: [2] Division by zero F:\project\www.dazhuanpan.com\Application\Runtime\Cache\Admin\3fa9f2e830eaac62a7df4990979ab90d.php 第 395 行.
NOTIC: [2] Division by zero F:\project\www.dazhuanpan.com\Application\Runtime\Cache\Admin\3fa9f2e830eaac62a7df4990979ab90d.php 第 433 行.
NOTIC: [2] Division by zero F:\project\www.dazhuanpan.com\Application\Runtime\Cache\Admin\3fa9f2e830eaac62a7df4990979ab90d.php 第 469 行.
INFO: Run Behavior\ParseTemplateBehavior [ RunTime:0.024001s ]
INFO: [ view_parse ] --END-- [ RunTime:0.024001s ]
INFO: [ view_filter ] --START--
INFO: Run Behavior\WriteHtmlCacheBehavior [ RunTime:0.001001s ]
INFO: [ view_filter ] --END-- [ RunTime:0.001001s ]
INFO: [ app_end ] --START--
INFO: Run Behavior\ShowPageTraceBehavior [ RunTime:0.002000s ]
INFO: [ app_end ] --END-- [ RunTime:0.002000s ]

[ 2018-12-14T10:55:05+08:00 ] 127.0.0.1 /kpan.php?m=Admin&c=Config&a=web_site
INFO: [ app_init ] --START--
INFO: Run Behavior\BuildLiteBehavior [ RunTime:0.000000s ]
INFO: [ app_init ] --END-- [ RunTime:0.001000s ]
INFO: [ app_begin ] --START--
INFO: Run Behavior\ReadHtmlCacheBehavior [ RunTime:0.002000s ]
INFO: [ app_begin ] --END-- [ RunTime:0.002000s ]
SQL: SHOW COLUMNS FROM `dd_config` [ RunTime:0.0220s ]
SQL: SELECT * FROM `dd_config`  [ RunTime:0.0020s ]
INFO: [ view_parse ] --START--
INFO: [ template_filter ] --START--
INFO: Run Behavior\ContentReplaceBehavior [ RunTime:0.000000s ]
INFO: [ template_filter ] --END-- [ RunTime:0.000000s ]
NOTIC: [8] Undefined index: kaijaing F:\project\www.dazhuanpan.com\Application\Runtime\Cache\Admin\8afb3603cddc1830dd83eeb6cd890006.php 第 271 行.
NOTIC: [8] Undefined index: subscribe F:\project\www.dazhuanpan.com\Application\Runtime\Cache\Admin\8afb3603cddc1830dd83eeb6cd890006.php 第 295 行.
INFO: Run Behavior\ParseTemplateBehavior [ RunTime:0.026002s ]
INFO: [ view_parse ] --END-- [ RunTime:0.027002s ]
INFO: [ view_filter ] --START--
INFO: Run Behavior\WriteHtmlCacheBehavior [ RunTime:0.001000s ]
INFO: [ view_filter ] --END-- [ RunTime:0.001000s ]
INFO: [ app_end ] --START--
INFO: Run Behavior\ShowPageTraceBehavior [ RunTime:0.003000s ]
INFO: [ app_end ] --END-- [ RunTime:0.003000s ]

[ 2018-12-14T10:55:06+08:00 ] 127.0.0.1 /kpan.php?m=Admin&c=Config&a=user
INFO: [ app_init ] --START--
INFO: Run Behavior\BuildLiteBehavior [ RunTime:0.000000s ]
INFO: [ app_init ] --END-- [ RunTime:0.001000s ]
INFO: [ app_begin ] --START--
INFO: Run Behavior\ReadHtmlCacheBehavior [ RunTime:0.002000s ]
INFO: [ app_begin ] --END-- [ RunTime:0.002000s ]
SQL: SHOW COLUMNS FROM `dd_config` [ RunTime:0.0210s ]
SQL: SELECT * FROM `dd_config`  [ RunTime:0.0010s ]
INFO: [ view_parse ] --START--
INFO: [ template_filter ] --START--
INFO: Run Behavior\ContentReplaceBehavior [ RunTime:0.001000s ]
INFO: [ template_filter ] --END-- [ RunTime:0.001000s ]
INFO: Run Behavior\ParseTemplateBehavior [ RunTime:0.019002s ]
INFO: [ view_parse ] --END-- [ RunTime:0.019002s ]
INFO: [ view_filter ] --START--
INFO: Run Behavior\WriteHtmlCacheBehavior [ RunTime:0.001000s ]
INFO: [ view_filter ] --END-- [ RunTime:0.001000s ]
INFO: [ app_end ] --START--
INFO: Run Behavior\ShowPageTraceBehavior [ RunTime:0.002000s ]
INFO: [ app_end ] --END-- [ RunTime:0.002000s ]

