[ 2019-01-24T13:26:49+08:00 ] 47.52.94.94 /kpan.php
INFO: [ app_init ] --START--
INFO: Run Behavior\BuildLiteBehavior [ RunTime:0.000013s ]
INFO: [ app_init ] --END-- [ RunTime:0.000223s ]
INFO: [ app_begin ] --START--
INFO: Run Behavior\ReadHtmlCacheBehavior [ RunTime:0.000292s ]
INFO: [ app_begin ] --END-- [ RunTime:0.000323s ]
SQL: SHOW COLUMNS FROM `dd_config` [ RunTime:0.0006s ]
SQL: SELECT * FROM `dd_config`  [ RunTime:0.0002s ]

[ 2019-01-24T13:26:49+08:00 ] 47.52.94.94 /kpan.php?m=Admin&c=Index&a=login
INFO: [ app_init ] --START--
INFO: Run Behavior\BuildLiteBehavior [ RunTime:0.000013s ]
INFO: [ app_init ] --END-- [ RunTime:0.000240s ]
INFO: [ app_begin ] --START--
INFO: Run Behavior\ReadHtmlCacheBehavior [ RunTime:0.000284s ]
INFO: [ app_begin ] --END-- [ RunTime:0.000316s ]
SQL: SHOW COLUMNS FROM `dd_config` [ RunTime:0.0005s ]
SQL: SELECT * FROM `dd_config`  [ RunTime:0.0002s ]
INFO: [ view_parse ] --START--
INFO: [ template_filter ] --START--
INFO: Run Behavior\ContentReplaceBehavior [ RunTime:0.000029s ]
INFO: [ template_filter ] --END-- [ RunTime:0.000082s ]
NOTIC: [8] Undefined index: name /phpstudy/www/game/Application/Runtime/Cache/Admin/041185b974292283d2f6098acc3220ec.php 第 13 行.
NOTIC: [8] Undefined index: name /phpstudy/www/game/Application/Runtime/Cache/Admin/041185b974292283d2f6098acc3220ec.php 第 63 行.
INFO: Run Behavior\ParseTemplateBehavior [ RunTime:0.003705s ]
INFO: [ view_parse ] --END-- [ RunTime:0.003734s ]
INFO: [ view_filter ] --START--
INFO: Run Behavior\WriteHtmlCacheBehavior [ RunTime:0.000099s ]
INFO: [ view_filter ] --END-- [ RunTime:0.000124s ]
INFO: [ app_end ] --START--
INFO: Run Behavior\ShowPageTraceBehavior [ RunTime:0.000307s ]
INFO: [ app_end ] --END-- [ RunTime:0.000332s ]

[ 2019-01-24T13:27:33+08:00 ] 47.52.94.94 /kpan.php?m=Admin&c=Index&a=login
INFO: [ app_init ] --START--
INFO: Run Behavior\BuildLiteBehavior [ RunTime:0.000017s ]
INFO: [ app_init ] --END-- [ RunTime:0.000253s ]
INFO: [ app_begin ] --START--
INFO: Run Behavior\ReadHtmlCacheBehavior [ RunTime:0.000336s ]
INFO: [ app_begin ] --END-- [ RunTime:0.000374s ]
SQL: SHOW COLUMNS FROM `dd_config` [ RunTime:0.0006s ]
SQL: SELECT * FROM `dd_config`  [ RunTime:0.0002s ]
INFO: [ view_parse ] --START--
INFO: [ template_filter ] --START--
INFO: Run Behavior\ContentReplaceBehavior [ RunTime:0.000030s ]
INFO: [ template_filter ] --END-- [ RunTime:0.000064s ]
NOTIC: [8] Undefined index: name /phpstudy/www/game/Application/Runtime/Cache/Admin/041185b974292283d2f6098acc3220ec.php 第 13 行.
NOTIC: [8] Undefined index: name /phpstudy/www/game/Application/Runtime/Cache/Admin/041185b974292283d2f6098acc3220ec.php 第 63 行.
INFO: Run Behavior\ParseTemplateBehavior [ RunTime:0.003962s ]
INFO: [ view_parse ] --END-- [ RunTime:0.003993s ]
INFO: [ view_filter ] --START--
INFO: Run Behavior\WriteHtmlCacheBehavior [ RunTime:0.000102s ]
INFO: [ view_filter ] --END-- [ RunTime:0.000125s ]
INFO: [ app_end ] --START--
INFO: Run Behavior\ShowPageTraceBehavior [ RunTime:0.000300s ]
INFO: [ app_end ] --END-- [ RunTime:0.000324s ]

[ 2019-01-24T13:36:28+08:00 ] 47.52.94.94 /kpan.php?m=Admin&c=Index&a=login
INFO: [ app_init ] --START--
INFO: Run Behavior\BuildLiteBehavior [ RunTime:0.000013s ]
INFO: [ app_init ] --END-- [ RunTime:0.000239s ]
INFO: [ app_begin ] --START--
INFO: Run Behavior\ReadHtmlCacheBehavior [ RunTime:0.000295s ]
INFO: [ app_begin ] --END-- [ RunTime:0.000325s ]
SQL: SHOW COLUMNS FROM `dd_config` [ RunTime:0.0006s ]
SQL: SELECT * FROM `dd_config`  [ RunTime:0.0002s ]
INFO: [ view_parse ] --START--
INFO: [ template_filter ] --START--
INFO: Run Behavior\ContentReplaceBehavior [ RunTime:0.000030s ]
INFO: [ template_filter ] --END-- [ RunTime:0.000068s ]
NOTIC: [8] Undefined index: name /phpstudy/www/game/Application/Runtime/Cache/Admin/041185b974292283d2f6098acc3220ec.php 第 13 行.
NOTIC: [8] Undefined index: name /phpstudy/www/game/Application/Runtime/Cache/Admin/041185b974292283d2f6098acc3220ec.php 第 63 行.
INFO: Run Behavior\ParseTemplateBehavior [ RunTime:0.003937s ]
INFO: [ view_parse ] --END-- [ RunTime:0.003966s ]
INFO: [ view_filter ] --START--
INFO: Run Behavior\WriteHtmlCacheBehavior [ RunTime:0.000109s ]
INFO: [ view_filter ] --END-- [ RunTime:0.000133s ]
INFO: [ app_end ] --START--
INFO: Run Behavior\ShowPageTraceBehavior [ RunTime:0.000352s ]
INFO: [ app_end ] --END-- [ RunTime:0.000384s ]

[ 2019-01-24T21:38:42+08:00 ] 106.224.200.161 /kpan.php?m=&c=index&a=daili
INFO: [ app_init ] --START--
INFO: Run Behavior\BuildLiteBehavior [ RunTime:0.000013s ]
INFO: [ app_init ] --END-- [ RunTime:0.000271s ]
INFO: [ app_begin ] --START--
INFO: Run Behavior\ReadHtmlCacheBehavior [ RunTime:0.000321s ]
INFO: [ app_begin ] --END-- [ RunTime:0.000367s ]
SQL: SHOW COLUMNS FROM `dd_config` [ RunTime:0.0005s ]
SQL: SELECT * FROM `dd_config`  [ RunTime:0.0002s ]
ERR: 非法操作:daili

[ 2019-01-24T21:39:42+08:00 ] 61.129.6.159 /kpan.php?m=&c=index&a=daili
INFO: [ app_init ] --START--
INFO: Run Behavior\BuildLiteBehavior [ RunTime:0.000012s ]
INFO: [ app_init ] --END-- [ RunTime:0.000224s ]
INFO: [ app_begin ] --START--
INFO: Run Behavior\ReadHtmlCacheBehavior [ RunTime:0.000303s ]
INFO: [ app_begin ] --END-- [ RunTime:0.000336s ]
SQL: SHOW COLUMNS FROM `dd_config` [ RunTime:0.0005s ]
SQL: SELECT * FROM `dd_config`  [ RunTime:0.0002s ]
ERR: 非法操作:daili

