[ 2019-01-18T10:11:26+08:00 ] 127.0.0.1 /kpan.php
INFO: [ app_init ] --START--
INFO: Run Behavior\BuildLiteBehavior [ RunTime:0.000000s ]
INFO: [ app_init ] --END-- [ RunTime:0.002000s ]
INFO: [ app_begin ] --START--
INFO: Run Behavior\ReadHtmlCacheBehavior [ RunTime:0.002000s ]
INFO: [ app_begin ] --END-- [ RunTime:0.002000s ]
SQL: SHOW COLUMNS FROM `dd_config` [ RunTime:0.0180s ]
SQL: SELECT * FROM `dd_config`  [ RunTime:0.0020s ]

[ 2019-01-18T10:11:26+08:00 ] 127.0.0.1 /kpan.php?m=Admin&c=Index&a=login
INFO: [ app_init ] --START--
INFO: Run Behavior\BuildLiteBehavior [ RunTime:0.000000s ]
INFO: [ app_init ] --END-- [ RunTime:0.001000s ]
INFO: [ app_begin ] --START--
INFO: Run Behavior\ReadHtmlCacheBehavior [ RunTime:0.001000s ]
INFO: [ app_begin ] --END-- [ RunTime:0.001000s ]
SQL: SHOW COLUMNS FROM `dd_config` [ RunTime:0.0130s ]
SQL: SELECT * FROM `dd_config`  [ RunTime:0.0010s ]
INFO: [ view_parse ] --START--
INFO: [ template_filter ] --START--
INFO: Run Behavior\ContentReplaceBehavior [ RunTime:0.000000s ]
INFO: [ template_filter ] --END-- [ RunTime:0.000000s ]
NOTIC: [8] Undefined index: name C:\Users\Administrator\Desktop\123456\game\Application\Runtime\Cache\Admin\041185b974292283d2f6098acc3220ec.php 第 13 行.
NOTIC: [8] Undefined index: name C:\Users\Administrator\Desktop\123456\game\Application\Runtime\Cache\Admin\041185b974292283d2f6098acc3220ec.php 第 63 行.
INFO: Run Behavior\ParseTemplateBehavior [ RunTime:0.019002s ]
INFO: [ view_parse ] --END-- [ RunTime:0.020002s ]
INFO: [ view_filter ] --START--
INFO: Run Behavior\WriteHtmlCacheBehavior [ RunTime:0.002000s ]
INFO: [ view_filter ] --END-- [ RunTime:0.002000s ]
INFO: [ app_end ] --START--
INFO: Run Behavior\ShowPageTraceBehavior [ RunTime:0.002000s ]
INFO: [ app_end ] --END-- [ RunTime:0.003000s ]

[ 2019-01-18T10:11:30+08:00 ] 127.0.0.1 /kpan.php?m=Admin&c=Index&a=login
INFO: [ app_init ] --START--
INFO: Run Behavior\BuildLiteBehavior [ RunTime:0.000000s ]
INFO: [ app_init ] --END-- [ RunTime:0.001000s ]
INFO: [ app_begin ] --START--
INFO: Run Behavior\ReadHtmlCacheBehavior [ RunTime:0.003000s ]
INFO: [ app_begin ] --END-- [ RunTime:0.003000s ]
SQL: SHOW COLUMNS FROM `dd_config` [ RunTime:0.0170s ]
SQL: SELECT * FROM `dd_config`  [ RunTime:0.0010s ]

[ 2019-01-18T10:11:30+08:00 ] 127.0.0.1 /kpan.php?m=Admin&c=Admin&a=welcome
INFO: [ app_init ] --START--
INFO: Run Behavior\BuildLiteBehavior [ RunTime:0.000000s ]
INFO: [ app_init ] --END-- [ RunTime:0.000000s ]
INFO: [ app_begin ] --START--
INFO: Run Behavior\ReadHtmlCacheBehavior [ RunTime:0.002000s ]
INFO: [ app_begin ] --END-- [ RunTime:0.002000s ]
SQL: SHOW COLUMNS FROM `dd_config` [ RunTime:0.0140s ]
SQL: SELECT * FROM `dd_config`  [ RunTime:0.0010s ]
SQL: SHOW COLUMNS FROM `dd_user` [ RunTime:0.0240s ]
SQL: SELECT COUNT(*) AS tp_count FROM `dd_user` WHERE ( `sub_time` >= 1547740800 AND `sub_time` <= 1547827199  ) LIMIT 1   [ RunTime:0.0010s ]
SQL: SELECT COUNT(*) AS tp_count FROM `dd_user` LIMIT 1   [ RunTime:0.0000s ]
SQL: SHOW COLUMNS FROM `dd_pay_record` [ RunTime:0.0160s ]
SQL: SELECT SUM(total_fee) AS tp_sum FROM `dd_pay_record` WHERE ( `ctime` >= 1547740800 AND `ctime` <= 1547827199  ) LIMIT 1   [ RunTime:0.0000s ]
SQL: SELECT SUM(total_fee) AS tp_sum FROM `dd_pay_record` LIMIT 1   [ RunTime:0.0010s ]
SQL: SHOW COLUMNS FROM `dd_withdraw_log` [ RunTime:0.0150s ]
SQL: SELECT SUM(money) AS tp_sum FROM `dd_withdraw_log` WHERE `status` = 1 AND ( `create_time` >= 1547740800 AND `create_time` <= 1547827199  ) LIMIT 1   [ RunTime:0.0010s ]
SQL: SELECT SUM(money) AS tp_sum FROM `dd_withdraw_log` WHERE `status` = 1 LIMIT 1   [ RunTime:0.0000s ]
NOTIC: [8] Undefined index: out_total_all C:\Users\Administrator\Desktop\123456\game\Application\Admin\Controller\AdminController.class.php 第 90 行.
SQL: SELECT SUM(money) AS tp_sum FROM `dd_user` LIMIT 1   [ RunTime:0.0000s ]
SQL: SHOW COLUMNS FROM `dd_charge_log` [ RunTime:0.0140s ]
SQL: SELECT SUM(money) AS tp_sum FROM `dd_charge_log` WHERE `status` = 1 LIMIT 1   [ RunTime:0.0010s ]
SQL: SELECT SUM(money) AS tp_sum FROM `dd_charge_log` WHERE ( `create_time` >= 1547654400 AND `create_time` <= 1547740799  ) AND `status` = 1 LIMIT 1   [ RunTime:0.0010s ]
SQL: SELECT SUM(money) AS tp_sum FROM `dd_charge_log` WHERE ( `create_time` >= 1547568000 AND `create_time` <= 1547654399  ) AND `status` = 1 LIMIT 1   [ RunTime:0.0010s ]
SQL: SHOW COLUMNS FROM `dd_buylog` [ RunTime:0.0190s ]
SQL: SELECT SUM(yingmoney) AS tp_sum FROM `dd_buylog` WHERE `yingmoney` > 0 AND ( `starttime` >= 1547740800 AND `starttime` <= 1547827199  ) LIMIT 1   [ RunTime:0.0010s ]
SQL: SHOW COLUMNS FROM `dd_expense` [ RunTime:0.0160s ]
SQL: SELECT SUM(money) AS tp_sum FROM `dd_expense` WHERE ( `create_time` >= 1547740800 AND `create_time` <= 1547827199  ) LIMIT 1   [ RunTime:0.0010s ]
SQL: SELECT SUM(money) AS tp_sum FROM `dd_expense` WHERE ( `create_time` >= 1547654400 AND `create_time` <= 1547740799  ) LIMIT 1   [ RunTime:0.0010s ]
SQL: SELECT SUM(money) AS tp_sum FROM `dd_withdraw_log` WHERE `status` = 1 AND ( `create_time` >= 1547740800 AND `create_time` <= 1547827199  ) LIMIT 1   [ RunTime:0.0010s ]
SQL: SELECT SUM(money) AS tp_sum FROM `dd_withdraw_log` WHERE `status` = 1 LIMIT 1   [ RunTime:0.0010s ]
SQL: SELECT SUM(money) AS tp_sum FROM `dd_withdraw_log` WHERE `status` = 1 AND ( `create_time` >= 1547654400 AND `create_time` <= 1547740799  ) LIMIT 1   [ RunTime:0.0010s ]
SQL: SELECT SUM(money) AS tp_sum FROM `dd_withdraw_log` WHERE `status` = 1 AND ( `create_time` >= 1547568000 AND `create_time` <= 1547654399  ) LIMIT 1   [ RunTime:0.0010s ]
SQL: SHOW COLUMNS FROM `dd_zhuan` [ RunTime:0.0160s ]
SQL: SELECT SUM(money) AS tp_sum FROM `dd_zhuan` WHERE ( `addtime` >= 1547740800 AND `addtime` <= 1547827199  ) LIMIT 1   [ RunTime:0.0020s ]
SQL: SELECT SUM(ying) AS tp_sum FROM `dd_zhuan` WHERE ( `addtime` >= 1547740800 AND `addtime` <= 1547827199  ) LIMIT 1   [ RunTime:0.0010s ]
SQL: SELECT SUM(money) AS tp_sum FROM `dd_zhuan` WHERE ( `addtime` >= 1546272000 AND `addtime` <= 1548950399  ) LIMIT 1   [ RunTime:0.0010s ]
SQL: SELECT SUM(ying) AS tp_sum FROM `dd_zhuan` WHERE ( `addtime` >= 1546272000 AND `addtime` <= 1548950399  ) LIMIT 1   [ RunTime:0.0010s ]
SQL: SELECT SUM(money) AS tp_sum FROM `dd_zhuan` WHERE ( `addtime` >= 1547654400 AND `addtime` <= 1547740799  ) LIMIT 1   [ RunTime:0.0020s ]
SQL: SELECT SUM(ying) AS tp_sum FROM `dd_zhuan` WHERE ( `addtime` >= 1547654400 AND `addtime` <= 1547740799  ) LIMIT 1   [ RunTime:0.0010s ]
SQL: SELECT SUM(money) AS tp_sum FROM `dd_zhuan` WHERE ( `addtime` >= 1547654400 AND `addtime` <= 1547654399  ) LIMIT 1   [ RunTime:0.0010s ]
SQL: SELECT SUM(ying) AS tp_sum FROM `dd_zhuan` WHERE ( `addtime` >= 1547654400 AND `addtime` <= 1547654399  ) LIMIT 1   [ RunTime:0.0010s ]
SQL: SELECT SUM(money) AS tp_sum FROM `dd_zhuan` LIMIT 1   [ RunTime:0.0000s ]
SQL: SELECT SUM(ying) AS tp_sum FROM `dd_zhuan` LIMIT 1   [ RunTime:0.0010s ]
SQL: SHOW COLUMNS FROM `dd_wxpay_log` [ RunTime:0.0200s ]
SQL: SELECT SUM(total_fee) AS tp_sum FROM `dd_wxpay_log` WHERE ( `log_time` >= 1546272000 AND `log_time` <= 1548950399  ) LIMIT 1   [ RunTime:0.0010s ]
SQL: SELECT SUM(yingmoney) AS tp_sum FROM `dd_buylog` WHERE `yingmoney` > 0 AND ( `starttime` >= 1546272000 AND `starttime` <= 1548950399  ) LIMIT 1   [ RunTime:0.0010s ]
SQL: SELECT SUM(money) AS tp_sum FROM `dd_expense` WHERE ( `create_time` >= 1546272000 AND `create_time` <= 1548950399  ) LIMIT 1   [ RunTime:0.0010s ]
SQL: SELECT SUM(money) AS tp_sum FROM `dd_withdraw_log` WHERE `status` = 1 AND ( `create_time` >= 1546272000 AND `create_time` <= 1548950399  ) LIMIT 1   [ RunTime:0.0020s ]
SQL: SELECT SUM(total_fee) AS tp_sum FROM `dd_wxpay_log` LIMIT 1   [ RunTime:0.0010s ]
SQL: SELECT SUM(yingmoney) AS tp_sum FROM `dd_buylog` WHERE `yingmoney` > 0 LIMIT 1   [ RunTime:0.0000s ]
SQL: SELECT SUM(money) AS tp_sum FROM `dd_expense` LIMIT 1   [ RunTime:0.0000s ]
SQL: SELECT SUM(money) AS tp_sum FROM `dd_withdraw_log` WHERE `status` = 1 LIMIT 1   [ RunTime:0.0010s ]
INFO: [ view_parse ] --START--
INFO: [ template_filter ] --START--
INFO: Run Behavior\ContentReplaceBehavior [ RunTime:0.000000s ]
INFO: [ template_filter ] --END-- [ RunTime:0.000000s ]
NOTIC: [2] Division by zero C:\Users\Administrator\Desktop\123456\game\Application\Runtime\Cache\Admin\3fa9f2e830eaac62a7df4990979ab90d.php 第 339 行.
NOTIC: [2] Division by zero C:\Users\Administrator\Desktop\123456\game\Application\Runtime\Cache\Admin\3fa9f2e830eaac62a7df4990979ab90d.php 第 374 行.
NOTIC: [8] Undefined variable: qian_win_ext C:\Users\Administrator\Desktop\123456\game\Application\Runtime\Cache\Admin\3fa9f2e830eaac62a7df4990979ab90d.php 第 398 行.
NOTIC: [8] Undefined variable: qian_win_ext C:\Users\Administrator\Desktop\123456\game\Application\Runtime\Cache\Admin\3fa9f2e830eaac62a7df4990979ab90d.php 第 398 行.
NOTIC: [8] Undefined variable: qian_win_ext C:\Users\Administrator\Desktop\123456\game\Application\Runtime\Cache\Admin\3fa9f2e830eaac62a7df4990979ab90d.php 第 405 行.
NOTIC: [8] Undefined variable: qian_win_ext C:\Users\Administrator\Desktop\123456\game\Application\Runtime\Cache\Admin\3fa9f2e830eaac62a7df4990979ab90d.php 第 410 行.
NOTIC: [2] Division by zero C:\Users\Administrator\Desktop\123456\game\Application\Runtime\Cache\Admin\3fa9f2e830eaac62a7df4990979ab90d.php 第 410 行.
NOTIC: [2] Division by zero C:\Users\Administrator\Desktop\123456\game\Application\Runtime\Cache\Admin\3fa9f2e830eaac62a7df4990979ab90d.php 第 448 行.
NOTIC: [2] Division by zero C:\Users\Administrator\Desktop\123456\game\Application\Runtime\Cache\Admin\3fa9f2e830eaac62a7df4990979ab90d.php 第 484 行.
INFO: Run Behavior\ParseTemplateBehavior [ RunTime:0.030001s ]
INFO: [ view_parse ] --END-- [ RunTime:0.030001s ]
INFO: [ view_filter ] --START--
INFO: Run Behavior\WriteHtmlCacheBehavior [ RunTime:0.001000s ]
INFO: [ view_filter ] --END-- [ RunTime:0.001000s ]
INFO: [ app_end ] --START--
INFO: Run Behavior\ShowPageTraceBehavior [ RunTime:0.001000s ]
INFO: [ app_end ] --END-- [ RunTime:0.001000s ]

[ 2019-01-18T10:11:34+08:00 ] 127.0.0.1 /kpan.php?m=Admin&c=Activity&a=index
INFO: [ app_init ] --START--
INFO: Run Behavior\BuildLiteBehavior [ RunTime:0.000000s ]
INFO: [ app_init ] --END-- [ RunTime:0.001000s ]
INFO: [ app_begin ] --START--
INFO: Run Behavior\ReadHtmlCacheBehavior [ RunTime:0.002000s ]
INFO: [ app_begin ] --END-- [ RunTime:0.002000s ]
SQL: SHOW COLUMNS FROM `dd_config` [ RunTime:0.0140s ]
SQL: SELECT * FROM `dd_config`  [ RunTime:0.0010s ]
SQL: SHOW COLUMNS FROM `dd_activity_info` [ RunTime:0.0180s ]
SQL: SELECT * FROM `dd_activity_info`  [ RunTime:0.0010s ]
INFO: [ view_parse ] --START--
INFO: [ template_filter ] --START--
INFO: Run Behavior\ContentReplaceBehavior [ RunTime:0.001000s ]
INFO: [ template_filter ] --END-- [ RunTime:0.001000s ]
NOTIC: [8] Undefined index: domain C:\Users\Administrator\Desktop\123456\game\Application\Runtime\Cache\Admin\c8d84a2d51a6dbf36e8ef99e6375e8a9.php 第 273 行.
NOTIC: [8] Undefined index: id C:\Users\Administrator\Desktop\123456\game\Application\Runtime\Cache\Admin\c8d84a2d51a6dbf36e8ef99e6375e8a9.php 第 275 行.
NOTIC: [8] Undefined index: openid C:\Users\Administrator\Desktop\123456\game\Application\Runtime\Cache\Admin\c8d84a2d51a6dbf36e8ef99e6375e8a9.php 第 299 行.
NOTIC: [8] Undefined index: openid C:\Users\Administrator\Desktop\123456\game\Application\Runtime\Cache\Admin\c8d84a2d51a6dbf36e8ef99e6375e8a9.php 第 299 行.
NOTIC: [8] Undefined index: openid C:\Users\Administrator\Desktop\123456\game\Application\Runtime\Cache\Admin\c8d84a2d51a6dbf36e8ef99e6375e8a9.php 第 299 行.
INFO: Run Behavior\ParseTemplateBehavior [ RunTime:0.028002s ]
INFO: [ view_parse ] --END-- [ RunTime:0.028002s ]
INFO: [ view_filter ] --START--
INFO: Run Behavior\WriteHtmlCacheBehavior [ RunTime:0.001000s ]
INFO: [ view_filter ] --END-- [ RunTime:0.001000s ]
INFO: [ app_end ] --START--
INFO: Run Behavior\ShowPageTraceBehavior [ RunTime:0.002000s ]
INFO: [ app_end ] --END-- [ RunTime:0.002000s ]

[ 2019-01-18T10:11:38+08:00 ] 127.0.0.1 /kpan.php?m=Admin&c=Activity&a=del&id=4
INFO: [ app_init ] --START--
INFO: Run Behavior\BuildLiteBehavior [ RunTime:0.000000s ]
INFO: [ app_init ] --END-- [ RunTime:0.001000s ]
INFO: [ app_begin ] --START--
INFO: Run Behavior\ReadHtmlCacheBehavior [ RunTime:0.001000s ]
INFO: [ app_begin ] --END-- [ RunTime:0.001000s ]
SQL: SHOW COLUMNS FROM `dd_config` [ RunTime:0.0140s ]
SQL: SELECT * FROM `dd_config`  [ RunTime:0.0010s ]
SQL: SHOW COLUMNS FROM `dd_activity_info` [ RunTime:0.0150s ]
SQL: DELETE FROM `dd_activity_info` WHERE `id` = '4' [ RunTime:0.0020s ]
INFO: [ view_parse ] --START--
INFO: [ template_filter ] --START--
INFO: Run Behavior\ContentReplaceBehavior [ RunTime:0.000000s ]
INFO: [ template_filter ] --END-- [ RunTime:0.000000s ]
INFO: Run Behavior\ParseTemplateBehavior [ RunTime:0.016001s ]
INFO: [ view_parse ] --END-- [ RunTime:0.017001s ]
INFO: [ view_filter ] --START--
INFO: Run Behavior\WriteHtmlCacheBehavior [ RunTime:0.002000s ]
INFO: [ view_filter ] --END-- [ RunTime:0.002000s ]
INFO: [ app_end ] --START--
INFO: Run Behavior\ShowPageTraceBehavior [ RunTime:0.002000s ]
INFO: [ app_end ] --END-- [ RunTime:0.002000s ]

[ 2019-01-18T10:11:39+08:00 ] 127.0.0.1 /kpan.php?m=Admin&c=Activity&a=index
INFO: [ app_init ] --START--
INFO: Run Behavior\BuildLiteBehavior [ RunTime:0.000000s ]
INFO: [ app_init ] --END-- [ RunTime:0.001000s ]
INFO: [ app_begin ] --START--
INFO: Run Behavior\ReadHtmlCacheBehavior [ RunTime:0.002000s ]
INFO: [ app_begin ] --END-- [ RunTime:0.002000s ]
SQL: SHOW COLUMNS FROM `dd_config` [ RunTime:0.0150s ]
SQL: SELECT * FROM `dd_config`  [ RunTime:0.0010s ]
SQL: SHOW COLUMNS FROM `dd_activity_info` [ RunTime:0.0190s ]
SQL: SELECT * FROM `dd_activity_info`  [ RunTime:0.0010s ]
INFO: [ view_parse ] --START--
INFO: [ template_filter ] --START--
INFO: Run Behavior\ContentReplaceBehavior [ RunTime:0.000000s ]
INFO: [ template_filter ] --END-- [ RunTime:0.000000s ]
NOTIC: [8] Undefined index: domain C:\Users\Administrator\Desktop\123456\game\Application\Runtime\Cache\Admin\c8d84a2d51a6dbf36e8ef99e6375e8a9.php 第 273 行.
NOTIC: [8] Undefined index: id C:\Users\Administrator\Desktop\123456\game\Application\Runtime\Cache\Admin\c8d84a2d51a6dbf36e8ef99e6375e8a9.php 第 275 行.
NOTIC: [8] Undefined index: openid C:\Users\Administrator\Desktop\123456\game\Application\Runtime\Cache\Admin\c8d84a2d51a6dbf36e8ef99e6375e8a9.php 第 299 行.
NOTIC: [8] Undefined index: openid C:\Users\Administrator\Desktop\123456\game\Application\Runtime\Cache\Admin\c8d84a2d51a6dbf36e8ef99e6375e8a9.php 第 299 行.
INFO: Run Behavior\ParseTemplateBehavior [ RunTime:0.030002s ]
INFO: [ view_parse ] --END-- [ RunTime:0.030002s ]
INFO: [ view_filter ] --START--
INFO: Run Behavior\WriteHtmlCacheBehavior [ RunTime:0.001000s ]
INFO: [ view_filter ] --END-- [ RunTime:0.001000s ]
INFO: [ app_end ] --START--
INFO: Run Behavior\ShowPageTraceBehavior [ RunTime:0.007000s ]
INFO: [ app_end ] --END-- [ RunTime:0.008000s ]

[ 2019-01-18T15:31:30+08:00 ] 127.0.0.1 /kpan.php
INFO: [ app_init ] --START--
INFO: Run Behavior\BuildLiteBehavior [ RunTime:0.000000s ]
INFO: [ app_init ] --END-- [ RunTime:0.004000s ]
INFO: [ app_begin ] --START--
INFO: Run Behavior\ReadHtmlCacheBehavior [ RunTime:0.004001s ]
INFO: [ app_begin ] --END-- [ RunTime:0.004001s ]
SQL: SHOW COLUMNS FROM `dd_config` [ RunTime:0.0140s ]
SQL: SELECT * FROM `dd_config`  [ RunTime:0.0010s ]

[ 2019-01-18T15:31:31+08:00 ] 127.0.0.1 /kpan.php?m=Admin&c=Admin&a=welcome
INFO: [ app_init ] --START--
INFO: Run Behavior\BuildLiteBehavior [ RunTime:0.000000s ]
INFO: [ app_init ] --END-- [ RunTime:0.001000s ]
INFO: [ app_begin ] --START--
INFO: Run Behavior\ReadHtmlCacheBehavior [ RunTime:0.005000s ]
INFO: [ app_begin ] --END-- [ RunTime:0.005000s ]
SQL: SHOW COLUMNS FROM `dd_config` [ RunTime:0.0140s ]
SQL: SELECT * FROM `dd_config`  [ RunTime:0.0010s ]
SQL: SHOW COLUMNS FROM `dd_user` [ RunTime:0.0170s ]
SQL: SELECT COUNT(*) AS tp_count FROM `dd_user` WHERE ( `sub_time` >= 1547740800 AND `sub_time` <= 1547827199  ) LIMIT 1   [ RunTime:0.0010s ]
SQL: SELECT COUNT(*) AS tp_count FROM `dd_user` LIMIT 1   [ RunTime:0.0010s ]
SQL: SHOW COLUMNS FROM `dd_pay_record` [ RunTime:0.0360s ]
SQL: SELECT SUM(total_fee) AS tp_sum FROM `dd_pay_record` WHERE ( `ctime` >= 1547740800 AND `ctime` <= 1547827199  ) LIMIT 1   [ RunTime:0.0010s ]
SQL: SELECT SUM(total_fee) AS tp_sum FROM `dd_pay_record` LIMIT 1   [ RunTime:0.0000s ]
SQL: SHOW COLUMNS FROM `dd_withdraw_log` [ RunTime:0.0140s ]
SQL: SELECT SUM(money) AS tp_sum FROM `dd_withdraw_log` WHERE `status` = 1 AND ( `create_time` >= 1547740800 AND `create_time` <= 1547827199  ) LIMIT 1   [ RunTime:0.0010s ]
SQL: SELECT SUM(money) AS tp_sum FROM `dd_withdraw_log` WHERE `status` = 1 LIMIT 1   [ RunTime:0.0010s ]
NOTIC: [8] Undefined index: out_total_all C:\Users\Administrator\Desktop\123456\game\Application\Admin\Controller\AdminController.class.php 第 90 行.
SQL: SELECT SUM(money) AS tp_sum FROM `dd_user` LIMIT 1   [ RunTime:0.0010s ]
SQL: SHOW COLUMNS FROM `dd_charge_log` [ RunTime:0.0240s ]
SQL: SELECT SUM(money) AS tp_sum FROM `dd_charge_log` WHERE `status` = 1 LIMIT 1   [ RunTime:0.0000s ]
SQL: SELECT SUM(money) AS tp_sum FROM `dd_charge_log` WHERE ( `create_time` >= 1547654400 AND `create_time` <= 1547740799  ) AND `status` = 1 LIMIT 1   [ RunTime:0.0000s ]
SQL: SELECT SUM(money) AS tp_sum FROM `dd_charge_log` WHERE ( `create_time` >= 1547568000 AND `create_time` <= 1547654399  ) AND `status` = 1 LIMIT 1   [ RunTime:0.0010s ]
SQL: SHOW COLUMNS FROM `dd_buylog` [ RunTime:0.0190s ]
SQL: SELECT SUM(yingmoney) AS tp_sum FROM `dd_buylog` WHERE `yingmoney` > 0 AND ( `starttime` >= 1547740800 AND `starttime` <= 1547827199  ) LIMIT 1   [ RunTime:0.0000s ]
SQL: SHOW COLUMNS FROM `dd_expense` [ RunTime:0.0180s ]
SQL: SELECT SUM(money) AS tp_sum FROM `dd_expense` WHERE ( `create_time` >= 1547740800 AND `create_time` <= 1547827199  ) LIMIT 1   [ RunTime:0.0070s ]
SQL: SELECT SUM(money) AS tp_sum FROM `dd_expense` WHERE ( `create_time` >= 1547654400 AND `create_time` <= 1547740799  ) LIMIT 1   [ RunTime:0.0010s ]
SQL: SELECT SUM(money) AS tp_sum FROM `dd_withdraw_log` WHERE `status` = 1 AND ( `create_time` >= 1547740800 AND `create_time` <= 1547827199  ) LIMIT 1   [ RunTime:0.0010s ]
SQL: SELECT SUM(money) AS tp_sum FROM `dd_withdraw_log` WHERE `status` = 1 LIMIT 1   [ RunTime:0.0010s ]
SQL: SELECT SUM(money) AS tp_sum FROM `dd_withdraw_log` WHERE `status` = 1 AND ( `create_time` >= 1547654400 AND `create_time` <= 1547740799  ) LIMIT 1   [ RunTime:0.0010s ]
SQL: SELECT SUM(money) AS tp_sum FROM `dd_withdraw_log` WHERE `status` = 1 AND ( `create_time` >= 1547568000 AND `create_time` <= 1547654399  ) LIMIT 1   [ RunTime:0.0010s ]
SQL: SHOW COLUMNS FROM `dd_zhuan` [ RunTime:0.0170s ]
SQL: SELECT SUM(money) AS tp_sum FROM `dd_zhuan` WHERE ( `addtime` >= 1547740800 AND `addtime` <= 1547827199  ) LIMIT 1   [ RunTime:0.0060s ]
SQL: SELECT SUM(ying) AS tp_sum FROM `dd_zhuan` WHERE ( `addtime` >= 1547740800 AND `addtime` <= 1547827199  ) LIMIT 1   [ RunTime:0.0010s ]
SQL: SELECT SUM(money) AS tp_sum FROM `dd_zhuan` WHERE ( `addtime` >= 1546272000 AND `addtime` <= 1548950399  ) LIMIT 1   [ RunTime:0.0010s ]
SQL: SELECT SUM(ying) AS tp_sum FROM `dd_zhuan` WHERE ( `addtime` >= 1546272000 AND `addtime` <= 1548950399  ) LIMIT 1   [ RunTime:0.0000s ]
SQL: SELECT SUM(money) AS tp_sum FROM `dd_zhuan` WHERE ( `addtime` >= 1547654400 AND `addtime` <= 1547740799  ) LIMIT 1   [ RunTime:0.0010s ]
SQL: SELECT SUM(ying) AS tp_sum FROM `dd_zhuan` WHERE ( `addtime` >= 1547654400 AND `addtime` <= 1547740799  ) LIMIT 1   [ RunTime:0.0010s ]
SQL: SELECT SUM(money) AS tp_sum FROM `dd_zhuan` WHERE ( `addtime` >= 1547654400 AND `addtime` <= 1547654399  ) LIMIT 1   [ RunTime:0.0010s ]
SQL: SELECT SUM(ying) AS tp_sum FROM `dd_zhuan` WHERE ( `addtime` >= 1547654400 AND `addtime` <= 1547654399  ) LIMIT 1   [ RunTime:0.0010s ]
SQL: SELECT SUM(money) AS tp_sum FROM `dd_zhuan` LIMIT 1   [ RunTime:0.0000s ]
SQL: SELECT SUM(ying) AS tp_sum FROM `dd_zhuan` LIMIT 1   [ RunTime:0.0000s ]
SQL: SHOW COLUMNS FROM `dd_wxpay_log` [ RunTime:0.0280s ]
SQL: SELECT SUM(total_fee) AS tp_sum FROM `dd_wxpay_log` WHERE ( `log_time` >= 1546272000 AND `log_time` <= 1548950399  ) LIMIT 1   [ RunTime:0.0000s ]
SQL: SELECT SUM(yingmoney) AS tp_sum FROM `dd_buylog` WHERE `yingmoney` > 0 AND ( `starttime` >= 1546272000 AND `starttime` <= 1548950399  ) LIMIT 1   [ RunTime:0.0010s ]
SQL: SELECT SUM(money) AS tp_sum FROM `dd_expense` WHERE ( `create_time` >= 1546272000 AND `create_time` <= 1548950399  ) LIMIT 1   [ RunTime:0.0010s ]
SQL: SELECT SUM(money) AS tp_sum FROM `dd_withdraw_log` WHERE `status` = 1 AND ( `create_time` >= 1546272000 AND `create_time` <= 1548950399  ) LIMIT 1   [ RunTime:0.0010s ]
SQL: SELECT SUM(total_fee) AS tp_sum FROM `dd_wxpay_log` LIMIT 1   [ RunTime:0.0000s ]
SQL: SELECT SUM(yingmoney) AS tp_sum FROM `dd_buylog` WHERE `yingmoney` > 0 LIMIT 1   [ RunTime:0.0000s ]
SQL: SELECT SUM(money) AS tp_sum FROM `dd_expense` LIMIT 1   [ RunTime:0.0000s ]
SQL: SELECT SUM(money) AS tp_sum FROM `dd_withdraw_log` WHERE `status` = 1 LIMIT 1   [ RunTime:0.0000s ]
INFO: [ view_parse ] --START--
INFO: [ template_filter ] --START--
INFO: Run Behavior\ContentReplaceBehavior [ RunTime:0.000000s ]
INFO: [ template_filter ] --END-- [ RunTime:0.000000s ]
NOTIC: [2] Division by zero C:\Users\Administrator\Desktop\123456\game\Application\Runtime\Cache\Admin\3fa9f2e830eaac62a7df4990979ab90d.php 第 339 行.
NOTIC: [2] Division by zero C:\Users\Administrator\Desktop\123456\game\Application\Runtime\Cache\Admin\3fa9f2e830eaac62a7df4990979ab90d.php 第 374 行.
NOTIC: [8] Undefined variable: qian_win_ext C:\Users\Administrator\Desktop\123456\game\Application\Runtime\Cache\Admin\3fa9f2e830eaac62a7df4990979ab90d.php 第 398 行.
NOTIC: [8] Undefined variable: qian_win_ext C:\Users\Administrator\Desktop\123456\game\Application\Runtime\Cache\Admin\3fa9f2e830eaac62a7df4990979ab90d.php 第 398 行.
NOTIC: [8] Undefined variable: qian_win_ext C:\Users\Administrator\Desktop\123456\game\Application\Runtime\Cache\Admin\3fa9f2e830eaac62a7df4990979ab90d.php 第 405 行.
NOTIC: [8] Undefined variable: qian_win_ext C:\Users\Administrator\Desktop\123456\game\Application\Runtime\Cache\Admin\3fa9f2e830eaac62a7df4990979ab90d.php 第 410 行.
NOTIC: [2] Division by zero C:\Users\Administrator\Desktop\123456\game\Application\Runtime\Cache\Admin\3fa9f2e830eaac62a7df4990979ab90d.php 第 410 行.
NOTIC: [2] Division by zero C:\Users\Administrator\Desktop\123456\game\Application\Runtime\Cache\Admin\3fa9f2e830eaac62a7df4990979ab90d.php 第 448 行.
NOTIC: [2] Division by zero C:\Users\Administrator\Desktop\123456\game\Application\Runtime\Cache\Admin\3fa9f2e830eaac62a7df4990979ab90d.php 第 484 行.
INFO: Run Behavior\ParseTemplateBehavior [ RunTime:0.062003s ]
INFO: [ view_parse ] --END-- [ RunTime:0.062003s ]
INFO: [ view_filter ] --START--
INFO: Run Behavior\WriteHtmlCacheBehavior [ RunTime:0.004000s ]
INFO: [ view_filter ] --END-- [ RunTime:0.004000s ]
INFO: [ app_end ] --START--
INFO: Run Behavior\ShowPageTraceBehavior [ RunTime:0.004001s ]
INFO: [ app_end ] --END-- [ RunTime:0.004001s ]

[ 2019-01-18T15:31:34+08:00 ] 127.0.0.1 /kpan.php?m=Admin&c=Activity&a=index
INFO: [ app_init ] --START--
INFO: Run Behavior\BuildLiteBehavior [ RunTime:0.001000s ]
INFO: [ app_init ] --END-- [ RunTime:0.001000s ]
INFO: [ app_begin ] --START--
INFO: Run Behavior\ReadHtmlCacheBehavior [ RunTime:0.004000s ]
INFO: [ app_begin ] --END-- [ RunTime:0.004000s ]
SQL: SHOW COLUMNS FROM `dd_config` [ RunTime:0.0150s ]
SQL: SELECT * FROM `dd_config`  [ RunTime:0.0010s ]
SQL: SHOW COLUMNS FROM `dd_activity_info` [ RunTime:0.0190s ]
SQL: SELECT * FROM `dd_activity_info`  [ RunTime:0.0010s ]
INFO: [ view_parse ] --START--
INFO: [ template_filter ] --START--
INFO: Run Behavior\ContentReplaceBehavior [ RunTime:0.001000s ]
INFO: [ template_filter ] --END-- [ RunTime:0.001000s ]
NOTIC: [8] Undefined index: domain C:\Users\Administrator\Desktop\123456\game\Application\Runtime\Cache\Admin\c8d84a2d51a6dbf36e8ef99e6375e8a9.php 第 273 行.
NOTIC: [8] Undefined index: id C:\Users\Administrator\Desktop\123456\game\Application\Runtime\Cache\Admin\c8d84a2d51a6dbf36e8ef99e6375e8a9.php 第 275 行.
NOTIC: [8] Undefined index: openid C:\Users\Administrator\Desktop\123456\game\Application\Runtime\Cache\Admin\c8d84a2d51a6dbf36e8ef99e6375e8a9.php 第 299 行.
NOTIC: [8] Undefined index: openid C:\Users\Administrator\Desktop\123456\game\Application\Runtime\Cache\Admin\c8d84a2d51a6dbf36e8ef99e6375e8a9.php 第 299 行.
INFO: Run Behavior\ParseTemplateBehavior [ RunTime:0.036002s ]
INFO: [ view_parse ] --END-- [ RunTime:0.036002s ]
INFO: [ view_filter ] --START--
INFO: Run Behavior\WriteHtmlCacheBehavior [ RunTime:0.002000s ]
INFO: [ view_filter ] --END-- [ RunTime:0.002000s ]
INFO: [ app_end ] --START--
INFO: Run Behavior\ShowPageTraceBehavior [ RunTime:0.003001s ]
INFO: [ app_end ] --END-- [ RunTime:0.003001s ]

[ 2019-01-18T15:31:37+08:00 ] 127.0.0.1 /kpan.php?m=Admin&c=Activity&a=edit&id=1
INFO: [ app_init ] --START--
INFO: Run Behavior\BuildLiteBehavior [ RunTime:0.000000s ]
INFO: [ app_init ] --END-- [ RunTime:0.001000s ]
INFO: [ app_begin ] --START--
INFO: Run Behavior\ReadHtmlCacheBehavior [ RunTime:0.003001s ]
INFO: [ app_begin ] --END-- [ RunTime:0.003001s ]
SQL: SHOW COLUMNS FROM `dd_config` [ RunTime:0.0190s ]
SQL: SELECT * FROM `dd_config`  [ RunTime:0.0010s ]
SQL: SHOW COLUMNS FROM `dd_activity_info` [ RunTime:0.0200s ]
SQL: SELECT * FROM `dd_activity_info` WHERE `id` = 1 LIMIT 1   [ RunTime:0.0010s ]
SQL: SELECT * FROM `dd_activity_info` WHERE `id` = 1 LIMIT 1   [ RunTime:0.0010s ]
INFO: [ view_parse ] --START--
INFO: [ template_filter ] --START--
INFO: Run Behavior\ContentReplaceBehavior [ RunTime:0.000000s ]
INFO: [ template_filter ] --END-- [ RunTime:0.000000s ]
INFO: Run Behavior\ParseTemplateBehavior [ RunTime:0.033002s ]
INFO: [ view_parse ] --END-- [ RunTime:0.034002s ]
INFO: [ view_filter ] --START--
INFO: Run Behavior\WriteHtmlCacheBehavior [ RunTime:0.002000s ]
INFO: [ view_filter ] --END-- [ RunTime:0.002000s ]
INFO: [ app_end ] --START--
INFO: Run Behavior\ShowPageTraceBehavior [ RunTime:0.003000s ]
INFO: [ app_end ] --END-- [ RunTime:0.003000s ]

