[ 2019-01-14T09:26:01+08:00 ] 42.236.10.92 /kpan.php?m=Home&c=Index&a=index
INFO: [ app_init ] --START--
INFO: Run Behavior\BuildLiteBehavior [ RunTime:0.000011s ]
INFO: [ app_init ] --END-- [ RunTime:0.000223s ]
INFO: [ app_begin ] --START--
INFO: Run Behavior\ReadHtmlCacheBehavior [ RunTime:0.000296s ]
INFO: [ app_begin ] --END-- [ RunTime:0.000330s ]
SQL: SHOW COLUMNS FROM `dd_config` [ RunTime:0.0004s ]
SQL: SELECT * FROM `dd_config`  [ RunTime:0.0001s ]

[ 2019-01-14T09:26:04+08:00 ] 42.236.10.92 /kpan.php?m=Admin&c=Index&a=login
INFO: [ app_init ] --START--
INFO: Run Behavior\BuildLiteBehavior [ RunTime:0.000009s ]
INFO: [ app_init ] --END-- [ RunTime:0.000205s ]
INFO: [ app_begin ] --START--
INFO: Run Behavior\ReadHtmlCacheBehavior [ RunTime:0.000262s ]
INFO: [ app_begin ] --END-- [ RunTime:0.000290s ]
SQL: SHOW COLUMNS FROM `dd_config` [ RunTime:0.0004s ]
SQL: SELECT * FROM `dd_config`  [ RunTime:0.0001s ]
INFO: [ view_parse ] --START--
INFO: [ template_filter ] --START--
INFO: Run Behavior\ContentReplaceBehavior [ RunTime:0.000027s ]
INFO: [ template_filter ] --END-- [ RunTime:0.000055s ]
NOTIC: [8] Undefined index: name /phpstudy/www/game/Application/Runtime/Cache/Admin/041185b974292283d2f6098acc3220ec.php 第 13 行.
NOTIC: [8] Undefined index: name /phpstudy/www/game/Application/Runtime/Cache/Admin/041185b974292283d2f6098acc3220ec.php 第 63 行.
INFO: Run Behavior\ParseTemplateBehavior [ RunTime:0.003467s ]
INFO: [ view_parse ] --END-- [ RunTime:0.003491s ]
INFO: [ view_filter ] --START--
INFO: Run Behavior\WriteHtmlCacheBehavior [ RunTime:0.000071s ]
INFO: [ view_filter ] --END-- [ RunTime:0.000090s ]
INFO: [ app_end ] --START--
INFO: Run Behavior\ShowPageTraceBehavior [ RunTime:0.000297s ]
INFO: [ app_end ] --END-- [ RunTime:0.000319s ]

[ 2019-01-14T14:04:16+08:00 ] 113.87.26.221 /kpan.php?m=Home&c=Index&a=index
INFO: [ app_init ] --START--
INFO: Run Behavior\BuildLiteBehavior [ RunTime:0.000009s ]
INFO: [ app_init ] --END-- [ RunTime:0.000202s ]
INFO: [ app_begin ] --START--
INFO: Run Behavior\ReadHtmlCacheBehavior [ RunTime:0.000269s ]
INFO: [ app_begin ] --END-- [ RunTime:0.000296s ]
SQL: SHOW COLUMNS FROM `dd_config` [ RunTime:0.0004s ]
SQL: SELECT * FROM `dd_config`  [ RunTime:0.0001s ]

[ 2019-01-14T14:04:16+08:00 ] 113.87.26.221 /kpan.php?m=Admin&c=Index&a=login
INFO: [ app_init ] --START--
INFO: Run Behavior\BuildLiteBehavior [ RunTime:0.000009s ]
INFO: [ app_init ] --END-- [ RunTime:0.000210s ]
INFO: [ app_begin ] --START--
INFO: Run Behavior\ReadHtmlCacheBehavior [ RunTime:0.000279s ]
INFO: [ app_begin ] --END-- [ RunTime:0.000307s ]
SQL: SHOW COLUMNS FROM `dd_config` [ RunTime:0.0003s ]
SQL: SELECT * FROM `dd_config`  [ RunTime:0.0001s ]
INFO: [ view_parse ] --START--
INFO: [ template_filter ] --START--
INFO: Run Behavior\ContentReplaceBehavior [ RunTime:0.000026s ]
INFO: [ template_filter ] --END-- [ RunTime:0.000055s ]
NOTIC: [8] Undefined index: name /phpstudy/www/game/Application/Runtime/Cache/Admin/041185b974292283d2f6098acc3220ec.php 第 13 行.
NOTIC: [8] Undefined index: name /phpstudy/www/game/Application/Runtime/Cache/Admin/041185b974292283d2f6098acc3220ec.php 第 63 行.
INFO: Run Behavior\ParseTemplateBehavior [ RunTime:0.003512s ]
INFO: [ view_parse ] --END-- [ RunTime:0.003537s ]
INFO: [ view_filter ] --START--
INFO: Run Behavior\WriteHtmlCacheBehavior [ RunTime:0.000071s ]
INFO: [ view_filter ] --END-- [ RunTime:0.000090s ]
INFO: [ app_end ] --START--
INFO: Run Behavior\ShowPageTraceBehavior [ RunTime:0.000295s ]
INFO: [ app_end ] --END-- [ RunTime:0.000318s ]

[ 2019-01-14T14:04:34+08:00 ] 113.87.26.221 /kpan.php?m=Admin&c=Index&a=login
INFO: [ app_init ] --START--
INFO: Run Behavior\BuildLiteBehavior [ RunTime:0.000010s ]
INFO: [ app_init ] --END-- [ RunTime:0.000199s ]
INFO: [ app_begin ] --START--
INFO: Run Behavior\ReadHtmlCacheBehavior [ RunTime:0.000257s ]
INFO: [ app_begin ] --END-- [ RunTime:0.000284s ]
SQL: SHOW COLUMNS FROM `dd_config` [ RunTime:0.0004s ]
SQL: SELECT * FROM `dd_config`  [ RunTime:0.0001s ]

[ 2019-01-14T14:04:34+08:00 ] 113.87.26.221 /kpan.php?m=Admin&c=Admin&a=welcome
INFO: [ app_init ] --START--
INFO: Run Behavior\BuildLiteBehavior [ RunTime:0.000009s ]
INFO: [ app_init ] --END-- [ RunTime:0.000208s ]
INFO: [ app_begin ] --START--
INFO: Run Behavior\ReadHtmlCacheBehavior [ RunTime:0.000265s ]
INFO: [ app_begin ] --END-- [ RunTime:0.000293s ]
SQL: SHOW COLUMNS FROM `dd_config` [ RunTime:0.0003s ]
SQL: SELECT * FROM `dd_config`  [ RunTime:0.0001s ]
SQL: SHOW COLUMNS FROM `dd_user` [ RunTime:0.0008s ]
SQL: SELECT COUNT(*) AS tp_count FROM `dd_user` WHERE ( `sub_time` >= 1547395200 AND `sub_time` <= 1547481599  ) LIMIT 1   [ RunTime:0.0308s ]
SQL: SELECT COUNT(*) AS tp_count FROM `dd_user` LIMIT 1   [ RunTime:0.0001s ]
SQL: SHOW COLUMNS FROM `dd_pay_record` [ RunTime:0.0004s ]
SQL: SELECT SUM(total_fee) AS tp_sum FROM `dd_pay_record` WHERE ( `ctime` >= 1547395200 AND `ctime` <= 1547481599  ) LIMIT 1   [ RunTime:0.0005s ]
SQL: SELECT SUM(total_fee) AS tp_sum FROM `dd_pay_record` LIMIT 1   [ RunTime:0.0001s ]
SQL: SHOW COLUMNS FROM `dd_withdraw_log` [ RunTime:0.0004s ]
SQL: SELECT SUM(money) AS tp_sum FROM `dd_withdraw_log` WHERE `status` = 1 AND ( `create_time` >= 1547395200 AND `create_time` <= 1547481599  ) LIMIT 1   [ RunTime:0.0001s ]
SQL: SELECT SUM(money) AS tp_sum FROM `dd_withdraw_log` WHERE `status` = 1 LIMIT 1   [ RunTime:0.0001s ]
NOTIC: [8] Undefined index: out_total_all /phpstudy/www/game/Application/Admin/Controller/AdminController.class.php 第 90 行.
SQL: SELECT SUM(money) AS tp_sum FROM `dd_user` LIMIT 1   [ RunTime:0.0001s ]
SQL: SHOW COLUMNS FROM `dd_charge_log` [ RunTime:0.0003s ]
SQL: SELECT SUM(money) AS tp_sum FROM `dd_charge_log` WHERE `status` = 1 LIMIT 1   [ RunTime:0.0001s ]
SQL: SELECT SUM(money) AS tp_sum FROM `dd_charge_log` WHERE ( `create_time` >= 1547308800 AND `create_time` <= 1547395199  ) AND `status` = 1 LIMIT 1   [ RunTime:0.0001s ]
SQL: SELECT SUM(money) AS tp_sum FROM `dd_charge_log` WHERE ( `create_time` >= 1547222400 AND `create_time` <= 1547308799  ) AND `status` = 1 LIMIT 1   [ RunTime:0.0001s ]
SQL: SHOW COLUMNS FROM `dd_buylog` [ RunTime:0.0004s ]
SQL: SELECT SUM(yingmoney) AS tp_sum FROM `dd_buylog` WHERE `yingmoney` > 0 AND ( `starttime` >= 1547395200 AND `starttime` <= 1547481599  ) LIMIT 1   [ RunTime:0.0001s ]
SQL: SHOW COLUMNS FROM `dd_expense` [ RunTime:0.0003s ]
SQL: SELECT SUM(money) AS tp_sum FROM `dd_expense` WHERE ( `create_time` >= 1547395200 AND `create_time` <= 1547481599  ) LIMIT 1   [ RunTime:0.0008s ]
SQL: SELECT SUM(money) AS tp_sum FROM `dd_expense` WHERE ( `create_time` >= 1547308800 AND `create_time` <= 1547395199  ) LIMIT 1   [ RunTime:0.0001s ]
SQL: SELECT SUM(money) AS tp_sum FROM `dd_withdraw_log` WHERE `status` = 1 AND ( `create_time` >= 1547395200 AND `create_time` <= 1547481599  ) LIMIT 1   [ RunTime:0.0001s ]
SQL: SELECT SUM(money) AS tp_sum FROM `dd_withdraw_log` WHERE `status` = 1 LIMIT 1   [ RunTime:0.0001s ]
SQL: SELECT SUM(money) AS tp_sum FROM `dd_withdraw_log` WHERE `status` = 1 AND ( `create_time` >= 1547308800 AND `create_time` <= 1547395199  ) LIMIT 1   [ RunTime:0.0001s ]
SQL: SELECT SUM(money) AS tp_sum FROM `dd_withdraw_log` WHERE `status` = 1 AND ( `create_time` >= 1547222400 AND `create_time` <= 1547308799  ) LIMIT 1   [ RunTime:0.0001s ]
SQL: SHOW COLUMNS FROM `dd_zhuan` [ RunTime:0.0003s ]
SQL: SELECT SUM(money) AS tp_sum FROM `dd_zhuan` WHERE ( `addtime` >= 1547395200 AND `addtime` <= 1547481599  ) LIMIT 1   [ RunTime:0.0003s ]
SQL: SELECT SUM(ying) AS tp_sum FROM `dd_zhuan` WHERE ( `addtime` >= 1547395200 AND `addtime` <= 1547481599  ) LIMIT 1   [ RunTime:0.0001s ]
SQL: SELECT SUM(money) AS tp_sum FROM `dd_zhuan` WHERE ( `addtime` >= 1546272000 AND `addtime` <= 1548950399  ) LIMIT 1   [ RunTime:0.0001s ]
SQL: SELECT SUM(ying) AS tp_sum FROM `dd_zhuan` WHERE ( `addtime` >= 1546272000 AND `addtime` <= 1548950399  ) LIMIT 1   [ RunTime:0.0001s ]
SQL: SELECT SUM(money) AS tp_sum FROM `dd_zhuan` WHERE ( `addtime` >= 1547308800 AND `addtime` <= 1547395199  ) LIMIT 1   [ RunTime:0.0001s ]
SQL: SELECT SUM(ying) AS tp_sum FROM `dd_zhuan` WHERE ( `addtime` >= 1547308800 AND `addtime` <= 1547395199  ) LIMIT 1   [ RunTime:0.0001s ]
SQL: SELECT SUM(money) AS tp_sum FROM `dd_zhuan` WHERE ( `addtime` >= 1547308800 AND `addtime` <= 1547308799  ) LIMIT 1   [ RunTime:0.0001s ]
SQL: SELECT SUM(ying) AS tp_sum FROM `dd_zhuan` WHERE ( `addtime` >= 1547308800 AND `addtime` <= 1547308799  ) LIMIT 1   [ RunTime:0.0001s ]
SQL: SELECT SUM(money) AS tp_sum FROM `dd_zhuan` LIMIT 1   [ RunTime:0.0001s ]
SQL: SELECT SUM(ying) AS tp_sum FROM `dd_zhuan` LIMIT 1   [ RunTime:0.0001s ]
SQL: SHOW COLUMNS FROM `dd_wxpay_log` [ RunTime:0.0003s ]
SQL: SELECT SUM(total_fee) AS tp_sum FROM `dd_wxpay_log` WHERE ( `log_time` >= 1546272000 AND `log_time` <= 1548950399  ) LIMIT 1   [ RunTime:0.0001s ]
SQL: SELECT SUM(yingmoney) AS tp_sum FROM `dd_buylog` WHERE `yingmoney` > 0 AND ( `starttime` >= 1546272000 AND `starttime` <= 1548950399  ) LIMIT 1   [ RunTime:0.0001s ]
SQL: SELECT SUM(money) AS tp_sum FROM `dd_expense` WHERE ( `create_time` >= 1546272000 AND `create_time` <= 1548950399  ) LIMIT 1   [ RunTime:0.0001s ]
SQL: SELECT SUM(money) AS tp_sum FROM `dd_withdraw_log` WHERE `status` = 1 AND ( `create_time` >= 1546272000 AND `create_time` <= 1548950399  ) LIMIT 1   [ RunTime:0.0001s ]
SQL: SELECT SUM(total_fee) AS tp_sum FROM `dd_wxpay_log` LIMIT 1   [ RunTime:0.0001s ]
SQL: SELECT SUM(yingmoney) AS tp_sum FROM `dd_buylog` WHERE `yingmoney` > 0 LIMIT 1   [ RunTime:0.0001s ]
SQL: SELECT SUM(money) AS tp_sum FROM `dd_expense` LIMIT 1   [ RunTime:0.0001s ]
SQL: SELECT SUM(money) AS tp_sum FROM `dd_withdraw_log` WHERE `status` = 1 LIMIT 1   [ RunTime:0.0001s ]
INFO: [ view_parse ] --START--
INFO: [ template_filter ] --START--
INFO: Run Behavior\ContentReplaceBehavior [ RunTime:0.000049s ]
INFO: [ template_filter ] --END-- [ RunTime:0.000093s ]
NOTIC: [2] Division by zero /phpstudy/www/game/Application/Runtime/Cache/Admin/3fa9f2e830eaac62a7df4990979ab90d.php 第 324 行.
NOTIC: [2] Division by zero /phpstudy/www/game/Application/Runtime/Cache/Admin/3fa9f2e830eaac62a7df4990979ab90d.php 第 359 行.
NOTIC: [8] Undefined variable: qian_win_ext /phpstudy/www/game/Application/Runtime/Cache/Admin/3fa9f2e830eaac62a7df4990979ab90d.php 第 383 行.
NOTIC: [8] Undefined variable: qian_win_ext /phpstudy/www/game/Application/Runtime/Cache/Admin/3fa9f2e830eaac62a7df4990979ab90d.php 第 383 行.
NOTIC: [8] Undefined variable: qian_win_ext /phpstudy/www/game/Application/Runtime/Cache/Admin/3fa9f2e830eaac62a7df4990979ab90d.php 第 390 行.
NOTIC: [8] Undefined variable: qian_win_ext /phpstudy/www/game/Application/Runtime/Cache/Admin/3fa9f2e830eaac62a7df4990979ab90d.php 第 395 行.
NOTIC: [2] Division by zero /phpstudy/www/game/Application/Runtime/Cache/Admin/3fa9f2e830eaac62a7df4990979ab90d.php 第 395 行.
NOTIC: [2] Division by zero /phpstudy/www/game/Application/Runtime/Cache/Admin/3fa9f2e830eaac62a7df4990979ab90d.php 第 433 行.
NOTIC: [2] Division by zero /phpstudy/www/game/Application/Runtime/Cache/Admin/3fa9f2e830eaac62a7df4990979ab90d.php 第 469 行.
INFO: Run Behavior\ParseTemplateBehavior [ RunTime:0.007343s ]
INFO: [ view_parse ] --END-- [ RunTime:0.007368s ]
INFO: [ view_filter ] --START--
INFO: Run Behavior\WriteHtmlCacheBehavior [ RunTime:0.000081s ]
INFO: [ view_filter ] --END-- [ RunTime:0.000099s ]
INFO: [ app_end ] --START--
INFO: Run Behavior\ShowPageTraceBehavior [ RunTime:0.000291s ]
INFO: [ app_end ] --END-- [ RunTime:0.000316s ]

[ 2019-01-14T14:04:40+08:00 ] 113.87.26.221 /kpan.php?m=Admin&c=Admin&a=welcome
INFO: [ app_init ] --START--
INFO: Run Behavior\BuildLiteBehavior [ RunTime:0.000011s ]
INFO: [ app_init ] --END-- [ RunTime:0.000215s ]
INFO: [ app_begin ] --START--
INFO: Run Behavior\ReadHtmlCacheBehavior [ RunTime:0.000277s ]
INFO: [ app_begin ] --END-- [ RunTime:0.000307s ]
SQL: SHOW COLUMNS FROM `dd_config` [ RunTime:0.0004s ]
SQL: SELECT * FROM `dd_config`  [ RunTime:0.0002s ]
SQL: SHOW COLUMNS FROM `dd_user` [ RunTime:0.0008s ]
SQL: SELECT COUNT(*) AS tp_count FROM `dd_user` WHERE ( `sub_time` >= 1547395200 AND `sub_time` <= 1547481599  ) LIMIT 1   [ RunTime:0.0002s ]
SQL: SELECT COUNT(*) AS tp_count FROM `dd_user` LIMIT 1   [ RunTime:0.0001s ]
SQL: SHOW COLUMNS FROM `dd_pay_record` [ RunTime:0.0003s ]
SQL: SELECT SUM(total_fee) AS tp_sum FROM `dd_pay_record` WHERE ( `ctime` >= 1547395200 AND `ctime` <= 1547481599  ) LIMIT 1   [ RunTime:0.0001s ]
SQL: SELECT SUM(total_fee) AS tp_sum FROM `dd_pay_record` LIMIT 1   [ RunTime:0.0001s ]
SQL: SHOW COLUMNS FROM `dd_withdraw_log` [ RunTime:0.0003s ]
SQL: SELECT SUM(money) AS tp_sum FROM `dd_withdraw_log` WHERE `status` = 1 AND ( `create_time` >= 1547395200 AND `create_time` <= 1547481599  ) LIMIT 1   [ RunTime:0.0001s ]
SQL: SELECT SUM(money) AS tp_sum FROM `dd_withdraw_log` WHERE `status` = 1 LIMIT 1   [ RunTime:0.0001s ]
NOTIC: [8] Undefined index: out_total_all /phpstudy/www/game/Application/Admin/Controller/AdminController.class.php 第 90 行.
SQL: SELECT SUM(money) AS tp_sum FROM `dd_user` LIMIT 1   [ RunTime:0.0001s ]
SQL: SHOW COLUMNS FROM `dd_charge_log` [ RunTime:0.0003s ]
SQL: SELECT SUM(money) AS tp_sum FROM `dd_charge_log` WHERE `status` = 1 LIMIT 1   [ RunTime:0.0001s ]
SQL: SELECT SUM(money) AS tp_sum FROM `dd_charge_log` WHERE ( `create_time` >= 1547308800 AND `create_time` <= 1547395199  ) AND `status` = 1 LIMIT 1   [ RunTime:0.0001s ]
SQL: SELECT SUM(money) AS tp_sum FROM `dd_charge_log` WHERE ( `create_time` >= 1547222400 AND `create_time` <= 1547308799  ) AND `status` = 1 LIMIT 1   [ RunTime:0.0001s ]
SQL: SHOW COLUMNS FROM `dd_buylog` [ RunTime:0.0004s ]
SQL: SELECT SUM(yingmoney) AS tp_sum FROM `dd_buylog` WHERE `yingmoney` > 0 AND ( `starttime` >= 1547395200 AND `starttime` <= 1547481599  ) LIMIT 1   [ RunTime:0.0001s ]
SQL: SHOW COLUMNS FROM `dd_expense` [ RunTime:0.0002s ]
SQL: SELECT SUM(money) AS tp_sum FROM `dd_expense` WHERE ( `create_time` >= 1547395200 AND `create_time` <= 1547481599  ) LIMIT 1   [ RunTime:0.0001s ]
SQL: SELECT SUM(money) AS tp_sum FROM `dd_expense` WHERE ( `create_time` >= 1547308800 AND `create_time` <= 1547395199  ) LIMIT 1   [ RunTime:0.0001s ]
SQL: SELECT SUM(money) AS tp_sum FROM `dd_withdraw_log` WHERE `status` = 1 AND ( `create_time` >= 1547395200 AND `create_time` <= 1547481599  ) LIMIT 1   [ RunTime:0.0001s ]
SQL: SELECT SUM(money) AS tp_sum FROM `dd_withdraw_log` WHERE `status` = 1 LIMIT 1   [ RunTime:0.0001s ]
SQL: SELECT SUM(money) AS tp_sum FROM `dd_withdraw_log` WHERE `status` = 1 AND ( `create_time` >= 1547308800 AND `create_time` <= 1547395199  ) LIMIT 1   [ RunTime:0.0001s ]
SQL: SELECT SUM(money) AS tp_sum FROM `dd_withdraw_log` WHERE `status` = 1 AND ( `create_time` >= 1547222400 AND `create_time` <= 1547308799  ) LIMIT 1   [ RunTime:0.0001s ]
SQL: SHOW COLUMNS FROM `dd_zhuan` [ RunTime:0.0003s ]
SQL: SELECT SUM(money) AS tp_sum FROM `dd_zhuan` WHERE ( `addtime` >= 1547395200 AND `addtime` <= 1547481599  ) LIMIT 1   [ RunTime:0.0001s ]
SQL: SELECT SUM(ying) AS tp_sum FROM `dd_zhuan` WHERE ( `addtime` >= 1547395200 AND `addtime` <= 1547481599  ) LIMIT 1   [ RunTime:0.0001s ]
SQL: SELECT SUM(money) AS tp_sum FROM `dd_zhuan` WHERE ( `addtime` >= 1546272000 AND `addtime` <= 1548950399  ) LIMIT 1   [ RunTime:0.0001s ]
SQL: SELECT SUM(ying) AS tp_sum FROM `dd_zhuan` WHERE ( `addtime` >= 1546272000 AND `addtime` <= 1548950399  ) LIMIT 1   [ RunTime:0.0001s ]
SQL: SELECT SUM(money) AS tp_sum FROM `dd_zhuan` WHERE ( `addtime` >= 1547308800 AND `addtime` <= 1547395199  ) LIMIT 1   [ RunTime:0.0001s ]
SQL: SELECT SUM(ying) AS tp_sum FROM `dd_zhuan` WHERE ( `addtime` >= 1547308800 AND `addtime` <= 1547395199  ) LIMIT 1   [ RunTime:0.0001s ]
SQL: SELECT SUM(money) AS tp_sum FROM `dd_zhuan` WHERE ( `addtime` >= 1547308800 AND `addtime` <= 1547308799  ) LIMIT 1   [ RunTime:0.0001s ]
SQL: SELECT SUM(ying) AS tp_sum FROM `dd_zhuan` WHERE ( `addtime` >= 1547308800 AND `addtime` <= 1547308799  ) LIMIT 1   [ RunTime:0.0001s ]
SQL: SELECT SUM(money) AS tp_sum FROM `dd_zhuan` LIMIT 1   [ RunTime:0.0001s ]
SQL: SELECT SUM(ying) AS tp_sum FROM `dd_zhuan` LIMIT 1   [ RunTime:0.0001s ]
SQL: SHOW COLUMNS FROM `dd_wxpay_log` [ RunTime:0.0003s ]
SQL: SELECT SUM(total_fee) AS tp_sum FROM `dd_wxpay_log` WHERE ( `log_time` >= 1546272000 AND `log_time` <= 1548950399  ) LIMIT 1   [ RunTime:0.0001s ]
SQL: SELECT SUM(yingmoney) AS tp_sum FROM `dd_buylog` WHERE `yingmoney` > 0 AND ( `starttime` >= 1546272000 AND `starttime` <= 1548950399  ) LIMIT 1   [ RunTime:0.0001s ]
SQL: SELECT SUM(money) AS tp_sum FROM `dd_expense` WHERE ( `create_time` >= 1546272000 AND `create_time` <= 1548950399  ) LIMIT 1   [ RunTime:0.0001s ]
SQL: SELECT SUM(money) AS tp_sum FROM `dd_withdraw_log` WHERE `status` = 1 AND ( `create_time` >= 1546272000 AND `create_time` <= 1548950399  ) LIMIT 1   [ RunTime:0.0001s ]
SQL: SELECT SUM(total_fee) AS tp_sum FROM `dd_wxpay_log` LIMIT 1   [ RunTime:0.0001s ]
SQL: SELECT SUM(yingmoney) AS tp_sum FROM `dd_buylog` WHERE `yingmoney` > 0 LIMIT 1   [ RunTime:0.0001s ]
SQL: SELECT SUM(money) AS tp_sum FROM `dd_expense` LIMIT 1   [ RunTime:0.0001s ]
SQL: SELECT SUM(money) AS tp_sum FROM `dd_withdraw_log` WHERE `status` = 1 LIMIT 1   [ RunTime:0.0001s ]
INFO: [ view_parse ] --START--
INFO: [ template_filter ] --START--
INFO: Run Behavior\ContentReplaceBehavior [ RunTime:0.000049s ]
INFO: [ template_filter ] --END-- [ RunTime:0.000085s ]
NOTIC: [2] Division by zero /phpstudy/www/game/Application/Runtime/Cache/Admin/3fa9f2e830eaac62a7df4990979ab90d.php 第 324 行.
NOTIC: [2] Division by zero /phpstudy/www/game/Application/Runtime/Cache/Admin/3fa9f2e830eaac62a7df4990979ab90d.php 第 359 行.
NOTIC: [8] Undefined variable: qian_win_ext /phpstudy/www/game/Application/Runtime/Cache/Admin/3fa9f2e830eaac62a7df4990979ab90d.php 第 383 行.
NOTIC: [8] Undefined variable: qian_win_ext /phpstudy/www/game/Application/Runtime/Cache/Admin/3fa9f2e830eaac62a7df4990979ab90d.php 第 383 行.
NOTIC: [8] Undefined variable: qian_win_ext /phpstudy/www/game/Application/Runtime/Cache/Admin/3fa9f2e830eaac62a7df4990979ab90d.php 第 390 行.
NOTIC: [8] Undefined variable: qian_win_ext /phpstudy/www/game/Application/Runtime/Cache/Admin/3fa9f2e830eaac62a7df4990979ab90d.php 第 395 行.
NOTIC: [2] Division by zero /phpstudy/www/game/Application/Runtime/Cache/Admin/3fa9f2e830eaac62a7df4990979ab90d.php 第 395 行.
NOTIC: [2] Division by zero /phpstudy/www/game/Application/Runtime/Cache/Admin/3fa9f2e830eaac62a7df4990979ab90d.php 第 433 行.
NOTIC: [2] Division by zero /phpstudy/www/game/Application/Runtime/Cache/Admin/3fa9f2e830eaac62a7df4990979ab90d.php 第 469 行.
INFO: Run Behavior\ParseTemplateBehavior [ RunTime:0.007432s ]
INFO: [ view_parse ] --END-- [ RunTime:0.007462s ]
INFO: [ view_filter ] --START--
INFO: Run Behavior\WriteHtmlCacheBehavior [ RunTime:0.000077s ]
INFO: [ view_filter ] --END-- [ RunTime:0.000096s ]
INFO: [ app_end ] --START--
INFO: Run Behavior\ShowPageTraceBehavior [ RunTime:0.000282s ]
INFO: [ app_end ] --END-- [ RunTime:0.000306s ]

[ 2019-01-14T14:04:42+08:00 ] 113.87.26.221 /kpan.php?m=Admin&c=Config&a=mp
INFO: [ app_init ] --START--
INFO: Run Behavior\BuildLiteBehavior [ RunTime:0.000011s ]
INFO: [ app_init ] --END-- [ RunTime:0.000216s ]
INFO: [ app_begin ] --START--
INFO: Run Behavior\ReadHtmlCacheBehavior [ RunTime:0.000285s ]
INFO: [ app_begin ] --END-- [ RunTime:0.000313s ]
SQL: SHOW COLUMNS FROM `dd_config` [ RunTime:0.0004s ]
SQL: SELECT * FROM `dd_config`  [ RunTime:0.0001s ]
INFO: [ view_parse ] --START--
INFO: [ template_filter ] --START--
INFO: Run Behavior\ContentReplaceBehavior [ RunTime:0.000036s ]
INFO: [ template_filter ] --END-- [ RunTime:0.000064s ]
INFO: Run Behavior\ParseTemplateBehavior [ RunTime:0.005285s ]
INFO: [ view_parse ] --END-- [ RunTime:0.005315s ]
INFO: [ view_filter ] --START--
INFO: Run Behavior\WriteHtmlCacheBehavior [ RunTime:0.000079s ]
INFO: [ view_filter ] --END-- [ RunTime:0.000099s ]
INFO: [ app_end ] --START--
INFO: Run Behavior\ShowPageTraceBehavior [ RunTime:0.000271s ]
INFO: [ app_end ] --END-- [ RunTime:0.000295s ]

[ 2019-01-14T14:04:46+08:00 ] 113.87.26.221 /kpan.php?m=Admin&c=Config&a=bei_mp
INFO: [ app_init ] --START--
INFO: Run Behavior\BuildLiteBehavior [ RunTime:0.000010s ]
INFO: [ app_init ] --END-- [ RunTime:0.000202s ]
INFO: [ app_begin ] --START--
INFO: Run Behavior\ReadHtmlCacheBehavior [ RunTime:0.000277s ]
INFO: [ app_begin ] --END-- [ RunTime:0.000307s ]
SQL: SHOW COLUMNS FROM `dd_config` [ RunTime:0.0004s ]
SQL: SELECT * FROM `dd_config`  [ RunTime:0.0001s ]
INFO: [ view_parse ] --START--
INFO: [ template_filter ] --START--
INFO: Run Behavior\ContentReplaceBehavior [ RunTime:0.000035s ]
INFO: [ template_filter ] --END-- [ RunTime:0.000063s ]
INFO: Run Behavior\ParseTemplateBehavior [ RunTime:0.005115s ]
INFO: [ view_parse ] --END-- [ RunTime:0.005148s ]
INFO: [ view_filter ] --START--
INFO: Run Behavior\WriteHtmlCacheBehavior [ RunTime:0.000084s ]
INFO: [ view_filter ] --END-- [ RunTime:0.000103s ]
INFO: [ app_end ] --START--
INFO: Run Behavior\ShowPageTraceBehavior [ RunTime:0.000283s ]
INFO: [ app_end ] --END-- [ RunTime:0.000347s ]

[ 2019-01-14T14:04:51+08:00 ] 113.87.26.221 /kpan.php?m=Admin&c=Config&a=withdraw
INFO: [ app_init ] --START--
INFO: Run Behavior\BuildLiteBehavior [ RunTime:0.000011s ]
INFO: [ app_init ] --END-- [ RunTime:0.000214s ]
INFO: [ app_begin ] --START--
INFO: Run Behavior\ReadHtmlCacheBehavior [ RunTime:0.000270s ]
INFO: [ app_begin ] --END-- [ RunTime:0.000298s ]
SQL: SHOW COLUMNS FROM `dd_config` [ RunTime:0.0004s ]
SQL: SELECT * FROM `dd_config`  [ RunTime:0.0001s ]
INFO: [ view_parse ] --START--
INFO: [ template_filter ] --START--
INFO: Run Behavior\ContentReplaceBehavior [ RunTime:0.000034s ]
INFO: [ template_filter ] --END-- [ RunTime:0.000063s ]
INFO: Run Behavior\ParseTemplateBehavior [ RunTime:0.004974s ]
INFO: [ view_parse ] --END-- [ RunTime:0.005002s ]
INFO: [ view_filter ] --START--
INFO: Run Behavior\WriteHtmlCacheBehavior [ RunTime:0.000081s ]
INFO: [ view_filter ] --END-- [ RunTime:0.000101s ]
INFO: [ app_end ] --START--
INFO: Run Behavior\ShowPageTraceBehavior [ RunTime:0.000266s ]
INFO: [ app_end ] --END-- [ RunTime:0.000290s ]

[ 2019-01-14T14:04:52+08:00 ] 113.87.26.221 /kpan.php?m=Admin&c=Config&a=site
INFO: [ app_init ] --START--
INFO: Run Behavior\BuildLiteBehavior [ RunTime:0.000009s ]
INFO: [ app_init ] --END-- [ RunTime:0.000206s ]
INFO: [ app_begin ] --START--
INFO: Run Behavior\ReadHtmlCacheBehavior [ RunTime:0.000273s ]
INFO: [ app_begin ] --END-- [ RunTime:0.000313s ]
SQL: SHOW COLUMNS FROM `dd_config` [ RunTime:0.0003s ]
SQL: SELECT * FROM `dd_config`  [ RunTime:0.0001s ]
SQL: SHOW COLUMNS FROM `dd_zhuan` [ RunTime:0.0003s ]
SQL: SELECT SUM(money) AS tp_sum FROM `dd_zhuan` WHERE `addtime` > 1547395200 LIMIT 1   [ RunTime:0.0001s ]
SQL: SELECT SUM(ying) AS tp_sum FROM `dd_zhuan` WHERE `addtime` > 1547395200 LIMIT 1   [ RunTime:0.0001s ]
NOTIC: [2] Division by zero /phpstudy/www/game/Application/Admin/Controller/ConfigController.class.php 第 54 行.
INFO: [ view_parse ] --START--
INFO: [ template_filter ] --START--
INFO: Run Behavior\ContentReplaceBehavior [ RunTime:0.000048s ]
INFO: [ template_filter ] --END-- [ RunTime:0.000076s ]
NOTIC: [8] Undefined index: tou /phpstudy/www/game/Application/Runtime/Cache/Admin/e089353d3177b37e965d353d9ef4f07c.php 第 348 行.
NOTIC: [8] Undefined index: chou /phpstudy/www/game/Application/Runtime/Cache/Admin/e089353d3177b37e965d353d9ef4f07c.php 第 352 行.
NOTIC: [8] Undefined index: chou_reward /phpstudy/www/game/Application/Runtime/Cache/Admin/e089353d3177b37e965d353d9ef4f07c.php 第 356 行.
NOTIC: [8] Undefined index: chou_expense /phpstudy/www/game/Application/Runtime/Cache/Admin/e089353d3177b37e965d353d9ef4f07c.php 第 360 行.
NOTIC: [8] Undefined index: chou_body /phpstudy/www/game/Application/Runtime/Cache/Admin/e089353d3177b37e965d353d9ef4f07c.php 第 365 行.
INFO: Run Behavior\ParseTemplateBehavior [ RunTime:0.006837s ]
INFO: [ view_parse ] --END-- [ RunTime:0.006862s ]
INFO: [ view_filter ] --START--
INFO: Run Behavior\WriteHtmlCacheBehavior [ RunTime:0.000075s ]
INFO: [ view_filter ] --END-- [ RunTime:0.000093s ]
INFO: [ app_end ] --START--
INFO: Run Behavior\ShowPageTraceBehavior [ RunTime:0.000269s ]
INFO: [ app_end ] --END-- [ RunTime:0.000292s ]

[ 2019-01-14T16:51:20+08:00 ] 113.87.26.221 /kpan.php?m=Admin&c=Config&a=site
INFO: [ app_init ] --START--
INFO: Run Behavior\BuildLiteBehavior [ RunTime:0.000010s ]
INFO: [ app_init ] --END-- [ RunTime:0.000198s ]
INFO: [ app_begin ] --START--
INFO: Run Behavior\ReadHtmlCacheBehavior [ RunTime:0.000281s ]
INFO: [ app_begin ] --END-- [ RunTime:0.000310s ]
SQL: SHOW COLUMNS FROM `dd_config` [ RunTime:0.0004s ]
SQL: SELECT * FROM `dd_config`  [ RunTime:0.0001s ]
SQL: SHOW COLUMNS FROM `dd_zhuan` [ RunTime:0.0003s ]
SQL: SELECT SUM(money) AS tp_sum FROM `dd_zhuan` WHERE `addtime` > 1547395200 LIMIT 1   [ RunTime:0.0001s ]
SQL: SELECT SUM(ying) AS tp_sum FROM `dd_zhuan` WHERE `addtime` > 1547395200 LIMIT 1   [ RunTime:0.0001s ]
NOTIC: [2] Division by zero /phpstudy/www/game/Application/Admin/Controller/ConfigController.class.php 第 54 行.
INFO: [ view_parse ] --START--
INFO: [ template_filter ] --START--
INFO: Run Behavior\ContentReplaceBehavior [ RunTime:0.000046s ]
INFO: [ template_filter ] --END-- [ RunTime:0.000075s ]
NOTIC: [8] Undefined index: tou /phpstudy/www/game/Application/Runtime/Cache/Admin/e089353d3177b37e965d353d9ef4f07c.php 第 348 行.
NOTIC: [8] Undefined index: chou /phpstudy/www/game/Application/Runtime/Cache/Admin/e089353d3177b37e965d353d9ef4f07c.php 第 352 行.
NOTIC: [8] Undefined index: chou_reward /phpstudy/www/game/Application/Runtime/Cache/Admin/e089353d3177b37e965d353d9ef4f07c.php 第 356 行.
NOTIC: [8] Undefined index: chou_expense /phpstudy/www/game/Application/Runtime/Cache/Admin/e089353d3177b37e965d353d9ef4f07c.php 第 360 行.
NOTIC: [8] Undefined index: chou_body /phpstudy/www/game/Application/Runtime/Cache/Admin/e089353d3177b37e965d353d9ef4f07c.php 第 365 行.
INFO: Run Behavior\ParseTemplateBehavior [ RunTime:0.006771s ]
INFO: [ view_parse ] --END-- [ RunTime:0.006796s ]
INFO: [ view_filter ] --START--
INFO: Run Behavior\WriteHtmlCacheBehavior [ RunTime:0.000077s ]
INFO: [ view_filter ] --END-- [ RunTime:0.000095s ]
INFO: [ app_end ] --START--
INFO: Run Behavior\ShowPageTraceBehavior [ RunTime:0.000274s ]
INFO: [ app_end ] --END-- [ RunTime:0.000298s ]

